[0.025s] Invoking command in '/home/theanh/ros2_ws1/build/ethercat_msgs': CMAKE_PREFIX_PATH=${CMAKE_PREFIX_PATH}:/home/theanh/can_example_ws/install/canopen_utils:/home/theanh/mobile_rb_ws/install/nav2_gps_waypoint_follower_demo:/opt/ros/humble /usr/bin/cmake /home/theanh/ros2_ws1/src/ethercat_driver_ros2/ethercat_msgs -DAMENT_CMAKE_SYMLINK_INSTALL=1 -DCMAKE_INSTALL_PREFIX=/home/theanh/ros2_ws1/install/ethercat_msgs
[0.100s] -- The C compiler identification is GNU 11.4.0
[0.172s] -- The CXX compiler identification is GNU 11.4.0
[0.183s] -- Detecting C compiler ABI info
[0.285s] -- Detecting C compiler ABI info - done
[0.294s] -- Check for working C compiler: /usr/bin/cc - skipped
[0.294s] -- Detecting C compile features
[0.294s] -- Detecting C compile features - done
[0.299s] -- Detecting CXX compiler ABI info
[0.413s] -- Detecting CXX compiler ABI info - done
[0.421s] -- Check for working CXX compiler: /usr/bin/c++ - skipped
[0.421s] -- Detecting CXX compile features
[0.422s] -- Detecting CXX compile features - done
[0.429s] -- Found ament_cmake: 1.3.13 (/opt/ros/humble/share/ament_cmake/cmake)
[0.638s] -- Found Python3: /usr/bin/python3 (found version "3.10.12") found components: Interpreter 
[0.721s] -- Override CMake install command with custom implementation using symlinks instead of copying resources
[0.814s] -- Found rosidl_default_generators: 1.2.0 (/opt/ros/humble/share/rosidl_default_generators/cmake)
[0.826s] -- Using all available rosidl_typesupport_c: rosidl_typesupport_fastrtps_c;rosidl_typesupport_introspection_c
[0.845s] -- Found rosidl_adapter: 3.1.8 (/opt/ros/humble/share/rosidl_adapter/cmake)
[0.932s] -- Using all available rosidl_typesupport_cpp: rosidl_typesupport_fastrtps_cpp;rosidl_typesupport_introspection_cpp
[1.302s] -- Found ament_cmake_ros: 0.10.0 (/opt/ros/humble/share/ament_cmake_ros/cmake)
[1.546s] -- Using all available rosidl_typesupport_c: rosidl_typesupport_fastrtps_c;rosidl_typesupport_introspection_c
[1.840s] -- Using all available rosidl_typesupport_cpp: rosidl_typesupport_fastrtps_cpp;rosidl_typesupport_introspection_cpp
[1.870s] -- Found PythonInterp: /usr/bin/python3 (found suitable version "3.10.12", minimum required is "3.6") 
[1.876s] -- Found python_cmake_module: 0.10.0 (/opt/ros/humble/share/python_cmake_module/cmake)
[1.911s] -- Found PythonLibs: /usr/lib/x86_64-linux-gnu/libpython3.10.so (found suitable version "3.10.12", minimum required is "3.5") 
[1.911s] -- Using PYTHON_EXECUTABLE: /usr/bin/python3
[1.912s] -- Using PYTHON_INCLUDE_DIRS: /usr/include/python3.10
[1.912s] -- Using PYTHON_LIBRARIES: /usr/lib/x86_64-linux-gnu/libpython3.10.so
[1.941s] -- Found PythonExtra: .so  
[2.000s] -- Found ament_lint_auto: 0.12.15 (/opt/ros/humble/share/ament_lint_auto/cmake)
[2.013s] -- Configuring done
[2.050s] -- Generating done
[2.061s] -- Build files have been written to: /home/theanh/ros2_ws1/build/ethercat_msgs
[2.073s] Invoked command in '/home/theanh/ros2_ws1/build/ethercat_msgs' returned '0': CMAKE_PREFIX_PATH=${CMAKE_PREFIX_PATH}:/home/theanh/can_example_ws/install/canopen_utils:/home/theanh/mobile_rb_ws/install/nav2_gps_waypoint_follower_demo:/opt/ros/humble /usr/bin/cmake /home/theanh/ros2_ws1/src/ethercat_driver_ros2/ethercat_msgs -DAMENT_CMAKE_SYMLINK_INSTALL=1 -DCMAKE_INSTALL_PREFIX=/home/theanh/ros2_ws1/install/ethercat_msgs
[2.075s] Invoking command in '/home/theanh/ros2_ws1/build/ethercat_msgs': CMAKE_PREFIX_PATH=${CMAKE_PREFIX_PATH}:/home/theanh/can_example_ws/install/canopen_utils:/home/theanh/mobile_rb_ws/install/nav2_gps_waypoint_follower_demo:/opt/ros/humble /usr/bin/cmake --build /home/theanh/ros2_ws1/build/ethercat_msgs -- -j16 -l16
[2.140s] [  2%] [34m[1mGenerating C code for ROS interfaces[0m
[2.169s] [  5%] [34m[1mGenerating C++ code for ROS interfaces[0m
[2.171s] [  5%] Built target ament_cmake_python_symlink_ethercat_msgs
[2.588s] running egg_info
[2.588s] creating ethercat_msgs.egg-info
[2.589s] writing ethercat_msgs.egg-info/PKG-INFO
[2.589s] writing dependency_links to ethercat_msgs.egg-info/dependency_links.txt
[2.589s] writing top-level names to ethercat_msgs.egg-info/top_level.txt
[2.589s] writing manifest file 'ethercat_msgs.egg-info/SOURCES.txt'
[2.592s] reading manifest file 'ethercat_msgs.egg-info/SOURCES.txt'
[2.593s] writing manifest file 'ethercat_msgs.egg-info/SOURCES.txt'
[2.655s] [  5%] Built target ament_cmake_python_build_ethercat_msgs_egg
[2.689s] [ 10%] [32mBuilding C object CMakeFiles/ethercat_msgs__rosidl_generator_c.dir/rosidl_generator_c/ethercat_msgs/srv/detail/get_sdo__functions.c.o[0m
[2.689s] [ 10%] [32mBuilding C object CMakeFiles/ethercat_msgs__rosidl_generator_c.dir/rosidl_generator_c/ethercat_msgs/srv/detail/set_sdo__functions.c.o[0m
[2.801s] [ 12%] [32m[1mLinking C shared library libethercat_msgs__rosidl_generator_c.so[0m
[2.877s] [ 12%] Built target ethercat_msgs__rosidl_generator_c
[2.908s] [ 15%] [34m[1mGenerating C type support dispatch for ROS interfaces[0m
[2.909s] [ 17%] [34m[1mGenerating C introspection for ROS interfaces[0m
[2.909s] [ 20%] [34m[1mGenerating C type support for eProsima Fast-RTPS[0m
[2.934s] [ 20%] Built target ethercat_msgs__cpp
[2.964s] [ 23%] [34m[1mGenerating C++ introspection for ROS interfaces[0m
[2.978s] [ 25%] [34m[1mGenerating C++ type support for eProsima Fast-RTPS[0m
[2.981s] [ 28%] [34m[1mGenerating C++ type support dispatch for ROS interfaces[0m
[3.512s] [ 30%] [32mBuilding CXX object CMakeFiles/ethercat_msgs__rosidl_typesupport_c.dir/rosidl_typesupport_c/ethercat_msgs/srv/get_sdo__type_support.cpp.o[0m
[3.531s] [ 33%] [32mBuilding CXX object CMakeFiles/ethercat_msgs__rosidl_typesupport_c.dir/rosidl_typesupport_c/ethercat_msgs/srv/set_sdo__type_support.cpp.o[0m
[3.646s] [ 35%] [32m[1mLinking CXX shared library libethercat_msgs__rosidl_typesupport_c.so[0m
[3.661s] [ 41%] [32mBuilding C object CMakeFiles/ethercat_msgs__rosidl_typesupport_introspection_c.dir/rosidl_typesupport_introspection_c/ethercat_msgs/srv/detail/get_sdo__type_support.c.o[0m
[3.662s] [ 41%] [32mBuilding C object CMakeFiles/ethercat_msgs__rosidl_typesupport_introspection_c.dir/rosidl_typesupport_introspection_c/ethercat_msgs/srv/detail/set_sdo__type_support.c.o[0m
[3.662s] [ 43%] [32mBuilding CXX object CMakeFiles/ethercat_msgs__rosidl_typesupport_cpp.dir/rosidl_typesupport_cpp/ethercat_msgs/srv/get_sdo__type_support.cpp.o[0m
[3.681s] [ 46%] [32mBuilding CXX object CMakeFiles/ethercat_msgs__rosidl_typesupport_cpp.dir/rosidl_typesupport_cpp/ethercat_msgs/srv/set_sdo__type_support.cpp.o[0m
[3.685s] [ 48%] [32mBuilding CXX object CMakeFiles/ethercat_msgs__rosidl_typesupport_fastrtps_c.dir/rosidl_typesupport_fastrtps_c/ethercat_msgs/srv/detail/set_sdo__type_support_c.cpp.o[0m
[3.697s] [ 51%] [32mBuilding CXX object CMakeFiles/ethercat_msgs__rosidl_typesupport_fastrtps_c.dir/rosidl_typesupport_fastrtps_c/ethercat_msgs/srv/detail/get_sdo__type_support_c.cpp.o[0m
[3.733s] [ 53%] [32mBuilding CXX object CMakeFiles/ethercat_msgs__rosidl_typesupport_introspection_cpp.dir/rosidl_typesupport_introspection_cpp/ethercat_msgs/srv/detail/get_sdo__type_support.cpp.o[0m
[3.736s] [ 56%] [32mBuilding CXX object CMakeFiles/ethercat_msgs__rosidl_typesupport_introspection_cpp.dir/rosidl_typesupport_introspection_cpp/ethercat_msgs/srv/detail/set_sdo__type_support.cpp.o[0m
[3.779s] [ 56%] Built target ethercat_msgs__rosidl_typesupport_c
[3.813s] [ 58%] [32m[1mLinking C shared library libethercat_msgs__rosidl_typesupport_introspection_c.so[0m
[3.906s] [ 58%] Built target ethercat_msgs__rosidl_typesupport_introspection_c
[3.928s] [ 61%] [32mBuilding CXX object CMakeFiles/ethercat_msgs__rosidl_typesupport_fastrtps_cpp.dir/rosidl_typesupport_fastrtps_cpp/ethercat_msgs/srv/detail/dds_fastrtps/get_sdo__type_support.cpp.o[0m
[3.935s] [ 64%] [32mBuilding CXX object CMakeFiles/ethercat_msgs__rosidl_typesupport_fastrtps_cpp.dir/rosidl_typesupport_fastrtps_cpp/ethercat_msgs/srv/detail/dds_fastrtps/set_sdo__type_support.cpp.o[0m
[4.191s] [ 66%] [32m[1mLinking CXX shared library libethercat_msgs__rosidl_typesupport_cpp.so[0m
[4.281s] [ 66%] Built target ethercat_msgs__rosidl_typesupport_cpp
[4.384s] [ 69%] [32m[1mLinking CXX shared library libethercat_msgs__rosidl_typesupport_fastrtps_c.so[0m
[4.486s] [ 71%] [32m[1mLinking CXX shared library libethercat_msgs__rosidl_typesupport_introspection_cpp.so[0m
[4.496s] [ 71%] Built target ethercat_msgs__rosidl_typesupport_fastrtps_c
[4.585s] [ 74%] [32m[1mLinking CXX shared library libethercat_msgs__rosidl_typesupport_fastrtps_cpp.so[0m
[4.599s] [ 74%] Built target ethercat_msgs__rosidl_typesupport_introspection_cpp
[4.697s] [ 74%] Built target ethercat_msgs__rosidl_typesupport_fastrtps_cpp
[4.730s] [ 74%] Built target ethercat_msgs
[4.763s] [ 76%] [34m[1mGenerating Python code for ROS interfaces[0m
[5.348s] [ 76%] Built target ethercat_msgs__py
[5.380s] [ 82%] [32mBuilding C object CMakeFiles/ethercat_msgs__rosidl_generator_py.dir/rosidl_generator_py/ethercat_msgs/srv/_set_sdo_s.c.o[0m
[5.381s] [ 82%] [32mBuilding C object CMakeFiles/ethercat_msgs__rosidl_generator_py.dir/rosidl_generator_py/ethercat_msgs/srv/_get_sdo_s.c.o[0m
[5.504s] [ 84%] [32m[1mLinking C shared library rosidl_generator_py/ethercat_msgs/libethercat_msgs__rosidl_generator_py.so[0m
[5.561s] [ 84%] Built target ethercat_msgs__rosidl_generator_py
[5.594s] [ 89%] [32mBuilding C object CMakeFiles/ethercat_msgs__rosidl_typesupport_introspection_c__pyext.dir/rosidl_generator_py/ethercat_msgs/_ethercat_msgs_s.ep.rosidl_typesupport_introspection_c.c.o[0m
[5.594s] [ 89%] [32mBuilding C object CMakeFiles/ethercat_msgs__rosidl_typesupport_c__pyext.dir/rosidl_generator_py/ethercat_msgs/_ethercat_msgs_s.ep.rosidl_typesupport_c.c.o[0m
[5.601s] [ 92%] [32mBuilding C object CMakeFiles/ethercat_msgs__rosidl_typesupport_fastrtps_c__pyext.dir/rosidl_generator_py/ethercat_msgs/_ethercat_msgs_s.ep.rosidl_typesupport_fastrtps_c.c.o[0m
[5.715s] [ 97%] [32m[1mLinking C shared library rosidl_generator_py/ethercat_msgs/ethercat_msgs_s__rosidl_typesupport_c.cpython-310-x86_64-linux-gnu.so[0m
[5.715s] [ 97%] [32m[1mLinking C shared library rosidl_generator_py/ethercat_msgs/ethercat_msgs_s__rosidl_typesupport_introspection_c.cpython-310-x86_64-linux-gnu.so[0m
[5.764s] [ 97%] Built target ethercat_msgs__rosidl_typesupport_c__pyext
[5.764s] [ 97%] Built target ethercat_msgs__rosidl_typesupport_introspection_c__pyext
[5.785s] [100%] [32m[1mLinking C shared library rosidl_generator_py/ethercat_msgs/ethercat_msgs_s__rosidl_typesupport_fastrtps_c.cpython-310-x86_64-linux-gnu.so[0m
[5.837s] [100%] Built target ethercat_msgs__rosidl_typesupport_fastrtps_c__pyext
[5.856s] Invoked command in '/home/theanh/ros2_ws1/build/ethercat_msgs' returned '0': CMAKE_PREFIX_PATH=${CMAKE_PREFIX_PATH}:/home/theanh/can_example_ws/install/canopen_utils:/home/theanh/mobile_rb_ws/install/nav2_gps_waypoint_follower_demo:/opt/ros/humble /usr/bin/cmake --build /home/theanh/ros2_ws1/build/ethercat_msgs -- -j16 -l16
[5.873s] Invoking command in '/home/theanh/ros2_ws1/build/ethercat_msgs': CMAKE_PREFIX_PATH=${CMAKE_PREFIX_PATH}:/home/theanh/can_example_ws/install/canopen_utils:/home/theanh/mobile_rb_ws/install/nav2_gps_waypoint_follower_demo:/opt/ros/humble /usr/bin/cmake --install /home/theanh/ros2_ws1/build/ethercat_msgs
[5.884s] -- Install configuration: ""
[5.884s] -- Execute custom install script
[5.885s] -- Symlinking: /home/theanh/ros2_ws1/install/ethercat_msgs/share/ament_index/resource_index/rosidl_interfaces/ethercat_msgs
[5.899s] -- Symlinking: /home/theanh/ros2_ws1/install/ethercat_msgs/include/ethercat_msgs/ethercat_msgs/msg/rosidl_generator_c__visibility_control.h
[5.914s] -- Symlinking: /home/theanh/ros2_ws1/install/ethercat_msgs/include/ethercat_msgs/ethercat_msgs/srv/detail/get_sdo__functions.h
[5.928s] -- Symlinking: /home/theanh/ros2_ws1/install/ethercat_msgs/include/ethercat_msgs/ethercat_msgs/srv/detail/get_sdo__struct.h
[5.944s] -- Symlinking: /home/theanh/ros2_ws1/install/ethercat_msgs/include/ethercat_msgs/ethercat_msgs/srv/detail/get_sdo__type_support.h
[5.959s] -- Symlinking: /home/theanh/ros2_ws1/install/ethercat_msgs/include/ethercat_msgs/ethercat_msgs/srv/detail/set_sdo__functions.h
[5.974s] -- Symlinking: /home/theanh/ros2_ws1/install/ethercat_msgs/include/ethercat_msgs/ethercat_msgs/srv/detail/set_sdo__struct.h
[5.991s] -- Symlinking: /home/theanh/ros2_ws1/install/ethercat_msgs/include/ethercat_msgs/ethercat_msgs/srv/detail/set_sdo__type_support.h
[6.007s] -- Symlinking: /home/theanh/ros2_ws1/install/ethercat_msgs/include/ethercat_msgs/ethercat_msgs/srv/get_sdo.h
[6.022s] -- Symlinking: /home/theanh/ros2_ws1/install/ethercat_msgs/include/ethercat_msgs/ethercat_msgs/srv/set_sdo.h
[6.036s] -- Symlinking: /home/theanh/ros2_ws1/install/ethercat_msgs/share/ethercat_msgs/environment/library_path.sh
[6.051s] -- Symlinking: /home/theanh/ros2_ws1/install/ethercat_msgs/share/ethercat_msgs/environment/library_path.dsv
[6.066s] -- Symlinking: /home/theanh/ros2_ws1/install/ethercat_msgs/include/ethercat_msgs/ethercat_msgs/msg/rosidl_typesupport_fastrtps_c__visibility_control.h
[6.081s] -- Symlinking: /home/theanh/ros2_ws1/install/ethercat_msgs/include/ethercat_msgs/ethercat_msgs/srv/detail/get_sdo__rosidl_typesupport_fastrtps_c.h
[6.095s] -- Symlinking: /home/theanh/ros2_ws1/install/ethercat_msgs/include/ethercat_msgs/ethercat_msgs/srv/detail/set_sdo__rosidl_typesupport_fastrtps_c.h
[6.109s] -- Symlinking: /home/theanh/ros2_ws1/install/ethercat_msgs/include/ethercat_msgs/ethercat_msgs/msg/rosidl_typesupport_introspection_c__visibility_control.h
[6.123s] -- Symlinking: /home/theanh/ros2_ws1/install/ethercat_msgs/include/ethercat_msgs/ethercat_msgs/srv/detail/get_sdo__rosidl_typesupport_introspection_c.h
[6.137s] -- Symlinking: /home/theanh/ros2_ws1/install/ethercat_msgs/include/ethercat_msgs/ethercat_msgs/srv/detail/set_sdo__rosidl_typesupport_introspection_c.h
[6.151s] -- Symlinking: /home/theanh/ros2_ws1/install/ethercat_msgs/include/ethercat_msgs/ethercat_msgs/msg/rosidl_generator_cpp__visibility_control.hpp
[6.165s] -- Symlinking: /home/theanh/ros2_ws1/install/ethercat_msgs/include/ethercat_msgs/ethercat_msgs/srv/detail/get_sdo__builder.hpp
[6.179s] -- Symlinking: /home/theanh/ros2_ws1/install/ethercat_msgs/include/ethercat_msgs/ethercat_msgs/srv/detail/get_sdo__struct.hpp
[6.192s] -- Symlinking: /home/theanh/ros2_ws1/install/ethercat_msgs/include/ethercat_msgs/ethercat_msgs/srv/detail/get_sdo__traits.hpp
[6.206s] -- Symlinking: /home/theanh/ros2_ws1/install/ethercat_msgs/include/ethercat_msgs/ethercat_msgs/srv/detail/get_sdo__type_support.hpp
[6.220s] -- Symlinking: /home/theanh/ros2_ws1/install/ethercat_msgs/include/ethercat_msgs/ethercat_msgs/srv/detail/set_sdo__builder.hpp
[6.234s] -- Symlinking: /home/theanh/ros2_ws1/install/ethercat_msgs/include/ethercat_msgs/ethercat_msgs/srv/detail/set_sdo__struct.hpp
[6.248s] -- Symlinking: /home/theanh/ros2_ws1/install/ethercat_msgs/include/ethercat_msgs/ethercat_msgs/srv/detail/set_sdo__traits.hpp
[6.262s] -- Symlinking: /home/theanh/ros2_ws1/install/ethercat_msgs/include/ethercat_msgs/ethercat_msgs/srv/detail/set_sdo__type_support.hpp
[6.276s] -- Symlinking: /home/theanh/ros2_ws1/install/ethercat_msgs/include/ethercat_msgs/ethercat_msgs/srv/get_sdo.hpp
[6.290s] -- Symlinking: /home/theanh/ros2_ws1/install/ethercat_msgs/include/ethercat_msgs/ethercat_msgs/srv/set_sdo.hpp
[6.304s] -- Symlinking: /home/theanh/ros2_ws1/install/ethercat_msgs/include/ethercat_msgs/ethercat_msgs/msg/rosidl_typesupport_fastrtps_cpp__visibility_control.h
[6.318s] -- Symlinking: /home/theanh/ros2_ws1/install/ethercat_msgs/include/ethercat_msgs/ethercat_msgs/srv/detail/get_sdo__rosidl_typesupport_fastrtps_cpp.hpp
[6.332s] -- Symlinking: /home/theanh/ros2_ws1/install/ethercat_msgs/include/ethercat_msgs/ethercat_msgs/srv/detail/set_sdo__rosidl_typesupport_fastrtps_cpp.hpp
[6.347s] -- Symlinking: /home/theanh/ros2_ws1/install/ethercat_msgs/include/ethercat_msgs/ethercat_msgs/srv/detail/get_sdo__rosidl_typesupport_introspection_cpp.hpp
[6.360s] -- Symlinking: /home/theanh/ros2_ws1/install/ethercat_msgs/include/ethercat_msgs/ethercat_msgs/srv/detail/set_sdo__rosidl_typesupport_introspection_cpp.hpp
[6.374s] -- Symlinking: /home/theanh/ros2_ws1/install/ethercat_msgs/share/ethercat_msgs/environment/pythonpath.sh
[6.388s] -- Symlinking: /home/theanh/ros2_ws1/install/ethercat_msgs/share/ethercat_msgs/environment/pythonpath.dsv
[6.402s] -- Symlinking: /home/theanh/ros2_ws1/install/ethercat_msgs/local/lib/python3.10/dist-packages/ethercat_msgs-1.2.0-py3.10.egg-info/PKG-INFO
[6.415s] -- Symlinking: /home/theanh/ros2_ws1/install/ethercat_msgs/local/lib/python3.10/dist-packages/ethercat_msgs-1.2.0-py3.10.egg-info/SOURCES.txt
[6.430s] -- Symlinking: /home/theanh/ros2_ws1/install/ethercat_msgs/local/lib/python3.10/dist-packages/ethercat_msgs-1.2.0-py3.10.egg-info/dependency_links.txt
[6.443s] -- Symlinking: /home/theanh/ros2_ws1/install/ethercat_msgs/local/lib/python3.10/dist-packages/ethercat_msgs-1.2.0-py3.10.egg-info/top_level.txt
[6.458s] -- Symlinking: /home/theanh/ros2_ws1/install/ethercat_msgs/local/lib/python3.10/dist-packages/ethercat_msgs/__init__.py
[6.471s] -- Symlinking: /home/theanh/ros2_ws1/install/ethercat_msgs/local/lib/python3.10/dist-packages/ethercat_msgs/_ethercat_msgs_s.ep.rosidl_typesupport_c.c
[6.485s] -- Symlinking: /home/theanh/ros2_ws1/install/ethercat_msgs/local/lib/python3.10/dist-packages/ethercat_msgs/_ethercat_msgs_s.ep.rosidl_typesupport_fastrtps_c.c
[6.499s] -- Symlinking: /home/theanh/ros2_ws1/install/ethercat_msgs/local/lib/python3.10/dist-packages/ethercat_msgs/_ethercat_msgs_s.ep.rosidl_typesupport_introspection_c.c
[6.513s] -- Symlinking: /home/theanh/ros2_ws1/install/ethercat_msgs/local/lib/python3.10/dist-packages/ethercat_msgs/ethercat_msgs_s__rosidl_typesupport_c.cpython-310-x86_64-linux-gnu.so
[6.526s] -- Symlinking: /home/theanh/ros2_ws1/install/ethercat_msgs/local/lib/python3.10/dist-packages/ethercat_msgs/ethercat_msgs_s__rosidl_typesupport_fastrtps_c.cpython-310-x86_64-linux-gnu.so
[6.540s] -- Symlinking: /home/theanh/ros2_ws1/install/ethercat_msgs/local/lib/python3.10/dist-packages/ethercat_msgs/ethercat_msgs_s__rosidl_typesupport_introspection_c.cpython-310-x86_64-linux-gnu.so
[6.553s] -- Symlinking: /home/theanh/ros2_ws1/install/ethercat_msgs/local/lib/python3.10/dist-packages/ethercat_msgs/libethercat_msgs__rosidl_generator_py.so
[6.567s] -- Symlinking: /home/theanh/ros2_ws1/install/ethercat_msgs/local/lib/python3.10/dist-packages/ethercat_msgs/srv/__init__.py
[6.582s] -- Symlinking: /home/theanh/ros2_ws1/install/ethercat_msgs/local/lib/python3.10/dist-packages/ethercat_msgs/srv/_get_sdo.py
[6.596s] -- Symlinking: /home/theanh/ros2_ws1/install/ethercat_msgs/local/lib/python3.10/dist-packages/ethercat_msgs/srv/_get_sdo_s.c
[6.610s] -- Symlinking: /home/theanh/ros2_ws1/install/ethercat_msgs/local/lib/python3.10/dist-packages/ethercat_msgs/srv/_set_sdo.py
[6.624s] -- Symlinking: /home/theanh/ros2_ws1/install/ethercat_msgs/local/lib/python3.10/dist-packages/ethercat_msgs/srv/_set_sdo_s.c
[6.640s] -- Up-to-date symlink: /home/theanh/ros2_ws1/install/ethercat_msgs/local/lib/python3.10/dist-packages/ethercat_msgs/ethercat_msgs_s__rosidl_typesupport_fastrtps_c.cpython-310-x86_64-linux-gnu.so
[6.640s] -- Up-to-date symlink: /home/theanh/ros2_ws1/install/ethercat_msgs/local/lib/python3.10/dist-packages/ethercat_msgs/ethercat_msgs_s__rosidl_typesupport_introspection_c.cpython-310-x86_64-linux-gnu.so
[6.641s] -- Up-to-date symlink: /home/theanh/ros2_ws1/install/ethercat_msgs/local/lib/python3.10/dist-packages/ethercat_msgs/ethercat_msgs_s__rosidl_typesupport_c.cpython-310-x86_64-linux-gnu.so
[6.641s] -- Symlinking: /home/theanh/ros2_ws1/install/ethercat_msgs/share/ethercat_msgs/srv/SetSdo.idl
[6.655s] -- Symlinking: /home/theanh/ros2_ws1/install/ethercat_msgs/share/ethercat_msgs/srv/GetSdo.idl
[6.669s] -- Symlinking: /home/theanh/ros2_ws1/install/ethercat_msgs/share/ethercat_msgs/srv/SetSdo.srv
[6.685s] -- Symlinking: /home/theanh/ros2_ws1/install/ethercat_msgs/share/ethercat_msgs/srv/SetSdo_Request.msg
[6.702s] -- Symlinking: /home/theanh/ros2_ws1/install/ethercat_msgs/share/ethercat_msgs/srv/SetSdo_Response.msg
[6.718s] -- Symlinking: /home/theanh/ros2_ws1/install/ethercat_msgs/share/ethercat_msgs/srv/GetSdo.srv
[6.733s] -- Symlinking: /home/theanh/ros2_ws1/install/ethercat_msgs/share/ethercat_msgs/srv/GetSdo_Request.msg
[6.749s] -- Symlinking: /home/theanh/ros2_ws1/install/ethercat_msgs/share/ethercat_msgs/srv/GetSdo_Response.msg
[6.764s] -- Symlinking: /home/theanh/ros2_ws1/install/ethercat_msgs/share/ament_index/resource_index/package_run_dependencies/ethercat_msgs
[6.779s] -- Symlinking: /home/theanh/ros2_ws1/install/ethercat_msgs/share/ament_index/resource_index/parent_prefix_path/ethercat_msgs
[6.793s] -- Symlinking: /home/theanh/ros2_ws1/install/ethercat_msgs/share/ethercat_msgs/environment/ament_prefix_path.sh
[6.808s] -- Symlinking: /home/theanh/ros2_ws1/install/ethercat_msgs/share/ethercat_msgs/environment/ament_prefix_path.dsv
[6.823s] -- Symlinking: /home/theanh/ros2_ws1/install/ethercat_msgs/share/ethercat_msgs/environment/path.sh
[6.838s] -- Symlinking: /home/theanh/ros2_ws1/install/ethercat_msgs/share/ethercat_msgs/environment/path.dsv
[6.855s] -- Symlinking: /home/theanh/ros2_ws1/install/ethercat_msgs/share/ethercat_msgs/local_setup.bash
[6.868s] -- Symlinking: /home/theanh/ros2_ws1/install/ethercat_msgs/share/ethercat_msgs/local_setup.sh
[6.883s] -- Symlinking: /home/theanh/ros2_ws1/install/ethercat_msgs/share/ethercat_msgs/local_setup.zsh
[6.898s] -- Symlinking: /home/theanh/ros2_ws1/install/ethercat_msgs/share/ethercat_msgs/local_setup.dsv
[6.913s] -- Symlinking: /home/theanh/ros2_ws1/install/ethercat_msgs/share/ethercat_msgs/package.dsv
[6.928s] -- Symlinking: /home/theanh/ros2_ws1/install/ethercat_msgs/share/ament_index/resource_index/packages/ethercat_msgs
[6.948s] -- Symlinking: /home/theanh/ros2_ws1/install/ethercat_msgs/share/ethercat_msgs/cmake/rosidl_cmake-extras.cmake
[6.969s] -- Symlinking: /home/theanh/ros2_ws1/install/ethercat_msgs/share/ethercat_msgs/cmake/ament_cmake_export_include_directories-extras.cmake
[6.985s] -- Symlinking: /home/theanh/ros2_ws1/install/ethercat_msgs/share/ethercat_msgs/cmake/ament_cmake_export_libraries-extras.cmake
[7.000s] -- Symlinking: /home/theanh/ros2_ws1/install/ethercat_msgs/share/ethercat_msgs/cmake/ament_cmake_export_targets-extras.cmake
[7.015s] -- Symlinking: /home/theanh/ros2_ws1/install/ethercat_msgs/share/ethercat_msgs/cmake/rosidl_cmake_export_typesupport_targets-extras.cmake
[7.029s] -- Symlinking: /home/theanh/ros2_ws1/install/ethercat_msgs/share/ethercat_msgs/cmake/ament_cmake_export_dependencies-extras.cmake
[7.043s] -- Symlinking: /home/theanh/ros2_ws1/install/ethercat_msgs/share/ethercat_msgs/cmake/rosidl_cmake_export_typesupport_libraries-extras.cmake
[7.058s] -- Symlinking: /home/theanh/ros2_ws1/install/ethercat_msgs/share/ethercat_msgs/cmake/ethercat_msgsConfig.cmake
[7.072s] -- Symlinking: /home/theanh/ros2_ws1/install/ethercat_msgs/share/ethercat_msgs/cmake/ethercat_msgsConfig-version.cmake
[7.087s] -- Symlinking: /home/theanh/ros2_ws1/install/ethercat_msgs/share/ethercat_msgs/package.xml
[7.102s] -- Installing: /home/theanh/ros2_ws1/install/ethercat_msgs/lib/libethercat_msgs__rosidl_generator_c.so
[7.103s] -- Set runtime path of "/home/theanh/ros2_ws1/install/ethercat_msgs/lib/libethercat_msgs__rosidl_generator_c.so" to ""
[7.103s] -- Installing: /home/theanh/ros2_ws1/install/ethercat_msgs/lib/libethercat_msgs__rosidl_typesupport_fastrtps_c.so
[7.103s] -- Set runtime path of "/home/theanh/ros2_ws1/install/ethercat_msgs/lib/libethercat_msgs__rosidl_typesupport_fastrtps_c.so" to ""
[7.103s] -- Installing: /home/theanh/ros2_ws1/install/ethercat_msgs/lib/libethercat_msgs__rosidl_typesupport_introspection_c.so
[7.104s] -- Set runtime path of "/home/theanh/ros2_ws1/install/ethercat_msgs/lib/libethercat_msgs__rosidl_typesupport_introspection_c.so" to ""
[7.104s] -- Installing: /home/theanh/ros2_ws1/install/ethercat_msgs/lib/libethercat_msgs__rosidl_typesupport_c.so
[7.105s] -- Set runtime path of "/home/theanh/ros2_ws1/install/ethercat_msgs/lib/libethercat_msgs__rosidl_typesupport_c.so" to ""
[7.105s] -- Installing: /home/theanh/ros2_ws1/install/ethercat_msgs/lib/libethercat_msgs__rosidl_typesupport_fastrtps_cpp.so
[7.105s] -- Set runtime path of "/home/theanh/ros2_ws1/install/ethercat_msgs/lib/libethercat_msgs__rosidl_typesupport_fastrtps_cpp.so" to ""
[7.105s] -- Installing: /home/theanh/ros2_ws1/install/ethercat_msgs/lib/libethercat_msgs__rosidl_typesupport_introspection_cpp.so
[7.106s] -- Set runtime path of "/home/theanh/ros2_ws1/install/ethercat_msgs/lib/libethercat_msgs__rosidl_typesupport_introspection_cpp.so" to ""
[7.106s] -- Installing: /home/theanh/ros2_ws1/install/ethercat_msgs/lib/libethercat_msgs__rosidl_typesupport_cpp.so
[7.106s] -- Set runtime path of "/home/theanh/ros2_ws1/install/ethercat_msgs/lib/libethercat_msgs__rosidl_typesupport_cpp.so" to ""
[7.155s] Listing '/home/theanh/ros2_ws1/install/ethercat_msgs/local/lib/python3.10/dist-packages/ethercat_msgs'...
[7.155s] Compiling '/home/theanh/ros2_ws1/install/ethercat_msgs/local/lib/python3.10/dist-packages/ethercat_msgs/__init__.py'...
[7.155s] Listing '/home/theanh/ros2_ws1/install/ethercat_msgs/local/lib/python3.10/dist-packages/ethercat_msgs/srv'...
[7.155s] Compiling '/home/theanh/ros2_ws1/install/ethercat_msgs/local/lib/python3.10/dist-packages/ethercat_msgs/srv/__init__.py'...
[7.155s] Compiling '/home/theanh/ros2_ws1/install/ethercat_msgs/local/lib/python3.10/dist-packages/ethercat_msgs/srv/_get_sdo.py'...
[7.155s] Compiling '/home/theanh/ros2_ws1/install/ethercat_msgs/local/lib/python3.10/dist-packages/ethercat_msgs/srv/_set_sdo.py'...
[7.161s] -- Installing: /home/theanh/ros2_ws1/install/ethercat_msgs/lib/libethercat_msgs__rosidl_generator_py.so
[7.161s] -- Set runtime path of "/home/theanh/ros2_ws1/install/ethercat_msgs/lib/libethercat_msgs__rosidl_generator_py.so" to ""
[7.162s] -- Installing: /home/theanh/ros2_ws1/install/ethercat_msgs/share/ethercat_msgs/cmake/export_ethercat_msgs__rosidl_generator_cExport.cmake
[7.162s] -- Installing: /home/theanh/ros2_ws1/install/ethercat_msgs/share/ethercat_msgs/cmake/export_ethercat_msgs__rosidl_generator_cExport-noconfig.cmake
[7.162s] -- Installing: /home/theanh/ros2_ws1/install/ethercat_msgs/share/ethercat_msgs/cmake/export_ethercat_msgs__rosidl_typesupport_fastrtps_cExport.cmake
[7.163s] -- Installing: /home/theanh/ros2_ws1/install/ethercat_msgs/share/ethercat_msgs/cmake/export_ethercat_msgs__rosidl_typesupport_fastrtps_cExport-noconfig.cmake
[7.163s] -- Installing: /home/theanh/ros2_ws1/install/ethercat_msgs/share/ethercat_msgs/cmake/ethercat_msgs__rosidl_typesupport_introspection_cExport.cmake
[7.163s] -- Installing: /home/theanh/ros2_ws1/install/ethercat_msgs/share/ethercat_msgs/cmake/ethercat_msgs__rosidl_typesupport_introspection_cExport-noconfig.cmake
[7.164s] -- Installing: /home/theanh/ros2_ws1/install/ethercat_msgs/share/ethercat_msgs/cmake/ethercat_msgs__rosidl_typesupport_cExport.cmake
[7.164s] -- Installing: /home/theanh/ros2_ws1/install/ethercat_msgs/share/ethercat_msgs/cmake/ethercat_msgs__rosidl_typesupport_cExport-noconfig.cmake
[7.164s] -- Installing: /home/theanh/ros2_ws1/install/ethercat_msgs/share/ethercat_msgs/cmake/export_ethercat_msgs__rosidl_generator_cppExport.cmake
[7.165s] -- Installing: /home/theanh/ros2_ws1/install/ethercat_msgs/share/ethercat_msgs/cmake/export_ethercat_msgs__rosidl_typesupport_fastrtps_cppExport.cmake
[7.165s] -- Installing: /home/theanh/ros2_ws1/install/ethercat_msgs/share/ethercat_msgs/cmake/export_ethercat_msgs__rosidl_typesupport_fastrtps_cppExport-noconfig.cmake
[7.165s] -- Installing: /home/theanh/ros2_ws1/install/ethercat_msgs/share/ethercat_msgs/cmake/ethercat_msgs__rosidl_typesupport_introspection_cppExport.cmake
[7.165s] -- Installing: /home/theanh/ros2_ws1/install/ethercat_msgs/share/ethercat_msgs/cmake/ethercat_msgs__rosidl_typesupport_introspection_cppExport-noconfig.cmake
[7.165s] -- Installing: /home/theanh/ros2_ws1/install/ethercat_msgs/share/ethercat_msgs/cmake/ethercat_msgs__rosidl_typesupport_cppExport.cmake
[7.166s] -- Installing: /home/theanh/ros2_ws1/install/ethercat_msgs/share/ethercat_msgs/cmake/ethercat_msgs__rosidl_typesupport_cppExport-noconfig.cmake
[7.166s] -- Installing: /home/theanh/ros2_ws1/install/ethercat_msgs/share/ethercat_msgs/cmake/export_ethercat_msgs__rosidl_generator_pyExport.cmake
[7.166s] -- Installing: /home/theanh/ros2_ws1/install/ethercat_msgs/share/ethercat_msgs/cmake/export_ethercat_msgs__rosidl_generator_pyExport-noconfig.cmake
[7.170s] Invoked command in '/home/theanh/ros2_ws1/build/ethercat_msgs' returned '0': CMAKE_PREFIX_PATH=${CMAKE_PREFIX_PATH}:/home/theanh/can_example_ws/install/canopen_utils:/home/theanh/mobile_rb_ws/install/nav2_gps_waypoint_follower_demo:/opt/ros/humble /usr/bin/cmake --install /home/theanh/ros2_ws1/build/ethercat_msgs
