[0.013s] Invoking command in '/home/theanh/ros2_ws1/build/ros2_qt1_demo': CMAKE_PREFIX_PATH=${CMAKE_PREFIX_PATH}:/home/theanh/can_example_ws/install/canopen_utils:/home/theanh/mobile_rb_ws/install/nav2_gps_waypoint_follower_demo:/opt/ros/humble /usr/bin/cmake /home/theanh/ros2_ws1/src/ros2_qt1_demo -DAMENT_CMAKE_SYMLINK_INSTALL=1 -DCMAKE_INSTALL_PREFIX=/home/theanh/ros2_ws1/install/ros2_qt1_demo
[0.065s] -- The C compiler identification is GNU 11.4.0
[0.114s] -- The CXX compiler identification is GNU 11.4.0
[0.120s] -- Detecting C compiler ABI info
[0.185s] -- Detecting C compiler ABI info - done
[0.190s] -- Check for working C compiler: /usr/bin/cc - skipped
[0.191s] -- Detecting C compile features
[0.191s] -- Detecting C compile features - done
[0.193s] -- Detecting CXX compiler ABI info
[0.268s] -- Detecting CXX compiler ABI info - done
[0.274s] -- Check for working CXX compiler: /usr/bin/c++ - skipped
[0.274s] -- Detecting CXX compile features
[0.274s] -- Detecting CXX compile features - done
[0.279s] -- Found ament_cmake: 1.3.13 (/opt/ros/humble/share/ament_cmake/cmake)
[0.441s] -- Found Python3: /usr/bin/python3 (found version "3.10.12") found components: Interpreter 
[0.495s] -- Override CMake install command with custom implementation using symlinks instead of copying resources
[0.571s] -- Found ament_lint_auto: 0.12.15 (/opt/ros/humble/share/ament_lint_auto/cmake)
[0.656s] -- Added test 'cppcheck' to perform static code analysis on C / C++ code
[0.656s] -- Configured cppcheck include dirs: $<BUILD_INTERFACE:/home/theanh/ros2_ws1/src/ros2_qt1_demo/include>
[0.656s] -- Configured cppcheck exclude dirs and/or files: 
[0.659s] -- Added test 'lint_cmake' to check CMake code style
[0.666s] -- Added test 'uncrustify' to check C / C++ code style
[0.666s] -- Configured uncrustify additional arguments: 
[0.667s] -- Added test 'xmllint' to check XML markup files
[0.669s] -- Configuring done
[0.689s] -- Generating done
[0.690s] -- Build files have been written to: /home/theanh/ros2_ws1/build/ros2_qt1_demo
[0.697s] Invoked command in '/home/theanh/ros2_ws1/build/ros2_qt1_demo' returned '0': CMAKE_PREFIX_PATH=${CMAKE_PREFIX_PATH}:/home/theanh/can_example_ws/install/canopen_utils:/home/theanh/mobile_rb_ws/install/nav2_gps_waypoint_follower_demo:/opt/ros/humble /usr/bin/cmake /home/theanh/ros2_ws1/src/ros2_qt1_demo -DAMENT_CMAKE_SYMLINK_INSTALL=1 -DCMAKE_INSTALL_PREFIX=/home/theanh/ros2_ws1/install/ros2_qt1_demo
[0.698s] Invoking command in '/home/theanh/ros2_ws1/build/ros2_qt1_demo': CMAKE_PREFIX_PATH=${CMAKE_PREFIX_PATH}:/home/theanh/can_example_ws/install/canopen_utils:/home/theanh/mobile_rb_ws/install/nav2_gps_waypoint_follower_demo:/opt/ros/humble /usr/bin/cmake --build /home/theanh/ros2_ws1/build/ros2_qt1_demo -- -j16 -l16
[0.747s] [ 20%] [34m[1mAutomatic MOC and UIC for target ros2_qt1_demo[0m
[0.894s] [ 20%] Built target ros2_qt1_demo_autogen
[0.917s] [ 80%] [32mBuilding CXX object CMakeFiles/ros2_qt1_demo.dir/src/mainwindow.cpp.o[0m
[0.918s] [ 80%] [32mBuilding CXX object CMakeFiles/ros2_qt1_demo.dir/ros2_qt1_demo_autogen/mocs_compilation.cpp.o[0m
[0.918s] [ 80%] [32mBuilding CXX object CMakeFiles/ros2_qt1_demo.dir/src/main.cpp.o[0m
[1.815s] [100%] [32m[1mLinking CXX executable ros2_qt1_demo[0m
[2.259s] [100%] Built target ros2_qt1_demo
[2.289s] Invoked command in '/home/theanh/ros2_ws1/build/ros2_qt1_demo' returned '0': CMAKE_PREFIX_PATH=${CMAKE_PREFIX_PATH}:/home/theanh/can_example_ws/install/canopen_utils:/home/theanh/mobile_rb_ws/install/nav2_gps_waypoint_follower_demo:/opt/ros/humble /usr/bin/cmake --build /home/theanh/ros2_ws1/build/ros2_qt1_demo -- -j16 -l16
[2.291s] Invoking command in '/home/theanh/ros2_ws1/build/ros2_qt1_demo': CMAKE_PREFIX_PATH=${CMAKE_PREFIX_PATH}:/home/theanh/can_example_ws/install/canopen_utils:/home/theanh/mobile_rb_ws/install/nav2_gps_waypoint_follower_demo:/opt/ros/humble /usr/bin/cmake --install /home/theanh/ros2_ws1/build/ros2_qt1_demo
[2.302s] -- Install configuration: ""
[2.303s] -- Execute custom install script
[2.303s] -- Symlinking: /home/theanh/ros2_ws1/install/ros2_qt1_demo/lib/ros2_qt1_demo/ros2_qt1_demo
[2.319s] -- Symlinking: /home/theanh/ros2_ws1/install/ros2_qt1_demo/share/ament_index/resource_index/package_run_dependencies/ros2_qt1_demo
[2.335s] -- Symlinking: /home/theanh/ros2_ws1/install/ros2_qt1_demo/share/ament_index/resource_index/parent_prefix_path/ros2_qt1_demo
[2.350s] -- Symlinking: /home/theanh/ros2_ws1/install/ros2_qt1_demo/share/ros2_qt1_demo/environment/ament_prefix_path.sh
[2.366s] -- Symlinking: /home/theanh/ros2_ws1/install/ros2_qt1_demo/share/ros2_qt1_demo/environment/ament_prefix_path.dsv
[2.381s] -- Symlinking: /home/theanh/ros2_ws1/install/ros2_qt1_demo/share/ros2_qt1_demo/environment/path.sh
[2.397s] -- Symlinking: /home/theanh/ros2_ws1/install/ros2_qt1_demo/share/ros2_qt1_demo/environment/path.dsv
[2.411s] -- Symlinking: /home/theanh/ros2_ws1/install/ros2_qt1_demo/share/ros2_qt1_demo/local_setup.bash
[2.424s] -- Symlinking: /home/theanh/ros2_ws1/install/ros2_qt1_demo/share/ros2_qt1_demo/local_setup.sh
[2.442s] -- Symlinking: /home/theanh/ros2_ws1/install/ros2_qt1_demo/share/ros2_qt1_demo/local_setup.zsh
[2.457s] -- Symlinking: /home/theanh/ros2_ws1/install/ros2_qt1_demo/share/ros2_qt1_demo/local_setup.dsv
[2.474s] -- Symlinking: /home/theanh/ros2_ws1/install/ros2_qt1_demo/share/ros2_qt1_demo/package.dsv
[2.489s] -- Symlinking: /home/theanh/ros2_ws1/install/ros2_qt1_demo/share/ament_index/resource_index/packages/ros2_qt1_demo
[2.507s] -- Symlinking: /home/theanh/ros2_ws1/install/ros2_qt1_demo/share/ros2_qt1_demo/cmake/ros2_qt1_demoConfig.cmake
[2.529s] -- Symlinking: /home/theanh/ros2_ws1/install/ros2_qt1_demo/share/ros2_qt1_demo/cmake/ros2_qt1_demoConfig-version.cmake
[2.545s] -- Symlinking: /home/theanh/ros2_ws1/install/ros2_qt1_demo/share/ros2_qt1_demo/package.xml
[2.569s] Invoked command in '/home/theanh/ros2_ws1/build/ros2_qt1_demo' returned '0': CMAKE_PREFIX_PATH=${CMAKE_PREFIX_PATH}:/home/theanh/can_example_ws/install/canopen_utils:/home/theanh/mobile_rb_ws/install/nav2_gps_waypoint_follower_demo:/opt/ros/humble /usr/bin/cmake --install /home/theanh/ros2_ws1/build/ros2_qt1_demo
