[0.015s] Invoking command in '/home/theanh/ros2_ws1/build/ethercat_generic_cia402_drive': CMAKE_PREFIX_PATH=/home/theanh/ros2_ws1/install/ethercat_generic_slave:/home/theanh/ros2_ws1/install/ethercat_interface:/home/theanh/ros2_ws1/install/ros2_qt1_demo:/home/theanh/ros2_ws1/install/ethercat_manager:/home/theanh/ros2_ws1/install/ethercat_msgs:/home/theanh/ros2_ws1/install/ethercat_generic_cia402_drive:/home/theanh/ros2_ws1/install/ethercat_driver_ros2:/home/theanh/ros2_ws1/install/ethercat_driver:/home/theanh/ros2_ws1/install/control_one_motor_pkg_ex:/home/theanh/ros2_ws1/install/control_one_motor_pkg:/home/theanh/gui_rviz2_qt5/install/gui_agv:/home/theanh/can_example_ws/install/canopen_tests:/home/theanh/can_example_ws/install/canopen_ros2_controllers:/home/theanh/can_example_ws/install/canopen_ros2_control:/home/theanh/can_example_ws/install/canopen:/home/theanh/can_example_ws/install/canopen_402_driver:/home/theanh/can_example_ws/install/canopen_proxy_driver:/home/theanh/can_example_ws/install/canopen_master_driver:/home/theanh/can_example_ws/install/canopen_fake_slaves:/home/theanh/can_example_ws/install/canopen_base_driver:/home/theanh/can_example_ws/install/canopen_core:/home/theanh/can_example_ws/install/lely_core_libraries:/home/theanh/can_example_ws/install/canopen_interfaces:/home/theanh/agv_test_ws/install/sllidar_ros2:/home/theanh/agv_test_ws/install/agv_test_pkg:/home/theanh/mobile_rb_ws/install/sam_bot_description:/home/theanh/mobile_rb_ws/install/nav2_straightline_planner:/home/theanh/mobile_rb_ws/install/nav2_gradient_costmap_plugin:/home/theanh/mobile_rb_ws/install/nav2_costmap_filters_demo:/home/theanh/mobile_rb_ws/install/custom_nav2_costmap_plugin:/home/theanh/mobile_rb_ws/install/articubot_one:/home/theanh/can_example_ws/install/canopen_utils:/home/theanh/mobile_rb_ws/install/nav2_gps_waypoint_follower_demo:/opt/ros/humble LD_LIBRARY_PATH=/home/theanh/ros2_ws1/install/ethercat_generic_slave/lib:/home/theanh/ros2_ws1/install/ethercat_interface/lib:/home/theanh/ros2_ws1/install/ethercat_manager/lib:/home/theanh/ros2_ws1/install/ethercat_msgs/lib:/home/theanh/ros2_ws1/install/ethercat_generic_cia402_drive/lib:/home/theanh/ros2_ws1/install/ethercat_driver/lib:/home/theanh/can_example_ws/install/canopen_ros2_controllers/lib:/home/theanh/can_example_ws/install/canopen_ros2_control/lib:/home/theanh/can_example_ws/install/canopen_402_driver/lib:/home/theanh/can_example_ws/install/canopen_proxy_driver/lib:/home/theanh/can_example_ws/install/canopen_master_driver/lib:/home/theanh/can_example_ws/install/canopen_base_driver/lib:/home/theanh/can_example_ws/install/canopen_core/lib:/home/theanh/can_example_ws/install/lely_core_libraries/lib:/home/theanh/can_example_ws/install/canopen_interfaces/lib:/home/theanh/mobile_rb_ws/install/nav2_straightline_planner/lib:/home/theanh/mobile_rb_ws/install/nav2_gradient_costmap_plugin/lib:/home/theanh/mobile_rb_ws/install/custom_nav2_costmap_plugin/lib:/usr/lib/x86_64-linux-gnu/gazebo-11/plugins:/opt/ros/humble/opt/rviz_ogre_vendor/lib:/opt/ros/humble/lib/x86_64-linux-gnu:/opt/ros/humble/lib /usr/bin/cmake /home/theanh/ros2_ws1/src/ethercat_driver_ros2/ethercat_generic_plugins/ethercat_generic_cia402_drive -DAMENT_CMAKE_SYMLINK_INSTALL=1 -DCMAKE_INSTALL_PREFIX=/home/theanh/ros2_ws1/install/ethercat_generic_cia402_drive
[0.065s] -- The C compiler identification is GNU 11.4.0
[0.113s] -- The CXX compiler identification is GNU 11.4.0
[0.119s] -- Detecting C compiler ABI info
[0.183s] -- Detecting C compiler ABI info - done
[0.188s] -- Check for working C compiler: /usr/bin/cc - skipped
[0.189s] -- Detecting C compile features
[0.189s] -- Detecting C compile features - done
[0.191s] -- Detecting CXX compiler ABI info
[0.264s] -- Detecting CXX compiler ABI info - done
[0.270s] -- Check for working CXX compiler: /usr/bin/c++ - skipped
[0.270s] -- Detecting CXX compile features
[0.270s] -- Detecting CXX compile features - done
[0.275s] -- Found ament_cmake: 1.3.13 (/opt/ros/humble/share/ament_cmake/cmake)
[0.408s] -- Found Python3: /usr/bin/python3 (found version "3.10.12") found components: Interpreter 
[0.458s] -- Override CMake install command with custom implementation using symlinks instead of copying resources
[0.526s] -- Found ament_cmake_ros: 0.10.0 (/opt/ros/humble/share/ament_cmake_ros/cmake)
[0.541s] -- Found ethercat_interface: 1.2.0 (/home/theanh/ros2_ws1/install/ethercat_interface/share/ethercat_interface/cmake)
[0.616s] -- Found rosidl_generator_c: 3.1.8 (/opt/ros/humble/share/rosidl_generator_c/cmake)
[0.626s] -- Found rosidl_adapter: 3.1.8 (/opt/ros/humble/share/rosidl_adapter/cmake)
[0.639s] -- Found rosidl_generator_cpp: 3.1.8 (/opt/ros/humble/share/rosidl_generator_cpp/cmake)
[0.655s] -- Using all available rosidl_typesupport_c: rosidl_typesupport_fastrtps_c;rosidl_typesupport_introspection_c
[0.677s] -- Using all available rosidl_typesupport_cpp: rosidl_typesupport_fastrtps_cpp;rosidl_typesupport_introspection_cpp
[0.742s] -- Found rmw_implementation_cmake: 6.1.2 (/opt/ros/humble/share/rmw_implementation_cmake/cmake)
[0.748s] -- Found rmw_fastrtps_cpp: 6.2.10 (/opt/ros/humble/share/rmw_fastrtps_cpp/cmake)
[0.856s] -- Found OpenSSL: /usr/lib/x86_64-linux-gnu/libcrypto.so (found version "3.0.2")  
[0.886s] -- Found FastRTPS: /opt/ros/humble/include  
[0.933s] -- Using RMW implementation 'rmw_fastrtps_cpp' as default
[0.950s] -- Looking for pthread.h
[1.026s] -- Looking for pthread.h - found
[1.026s] -- Performing Test CMAKE_HAVE_LIBC_PTHREAD
[1.097s] -- Performing Test CMAKE_HAVE_LIBC_PTHREAD - Success
[1.098s] -- Found Threads: TRUE  
[1.147s] -- Found ethercat_generic_slave: 1.2.0 (/home/theanh/ros2_ws1/install/ethercat_generic_slave/share/ethercat_generic_slave/cmake)
[1.153s] -- Found pluginlib: 5.1.3 (/opt/ros/humble/share/pluginlib/cmake)
[1.194s] -- Found yaml_cpp_vendor: 8.0.2 (/opt/ros/humble/share/yaml_cpp_vendor/cmake)
[1.208s] -- Found ament_lint_auto: 0.12.15 (/opt/ros/humble/share/ament_lint_auto/cmake)
[1.301s] -- Found gmock sources under '/opt/ros/humble/src/gmock_vendor': C++ tests using 'Google Mock' will be built
[1.308s] -- Found gtest sources under '/opt/ros/humble/src/gtest_vendor': C++ tests using 'Google Test' will be built
[1.320s] -- Added test 'copyright' to check source files copyright and LICENSE
[1.322s] -- Added test 'cppcheck' to perform static code analysis on C / C++ code
[1.322s] -- Configured cppcheck include dirs: $<BUILD_INTERFACE:/home/theanh/ros2_ws1/src/ethercat_driver_ros2/ethercat_generic_plugins/ethercat_generic_cia402_drive/include>;/home/theanh/ros2_ws1/src/ethercat_driver_ros2/ethercat_generic_plugins/ethercat_generic_cia402_drive/include
[1.322s] -- Configured cppcheck exclude dirs and/or files: 
[1.323s] -- Added test 'cpplint' to check C / C++ code against the Google style
[1.324s] -- Configured cpplint exclude dirs and/or files: 
[1.324s] -- Added test 'lint_cmake' to check CMake code style
[1.326s] -- Added test 'uncrustify' to check C / C++ code style
[1.326s] -- Configured uncrustify additional arguments: 
[1.327s] -- Added test 'xmllint' to check XML markup files
[1.330s] -- Configuring done
[1.363s] -- Generating done
[1.369s] -- Build files have been written to: /home/theanh/ros2_ws1/build/ethercat_generic_cia402_drive
[1.378s] Invoked command in '/home/theanh/ros2_ws1/build/ethercat_generic_cia402_drive' returned '0': CMAKE_PREFIX_PATH=/home/theanh/ros2_ws1/install/ethercat_generic_slave:/home/theanh/ros2_ws1/install/ethercat_interface:/home/theanh/ros2_ws1/install/ros2_qt1_demo:/home/theanh/ros2_ws1/install/ethercat_manager:/home/theanh/ros2_ws1/install/ethercat_msgs:/home/theanh/ros2_ws1/install/ethercat_generic_cia402_drive:/home/theanh/ros2_ws1/install/ethercat_driver_ros2:/home/theanh/ros2_ws1/install/ethercat_driver:/home/theanh/ros2_ws1/install/control_one_motor_pkg_ex:/home/theanh/ros2_ws1/install/control_one_motor_pkg:/home/theanh/gui_rviz2_qt5/install/gui_agv:/home/theanh/can_example_ws/install/canopen_tests:/home/theanh/can_example_ws/install/canopen_ros2_controllers:/home/theanh/can_example_ws/install/canopen_ros2_control:/home/theanh/can_example_ws/install/canopen:/home/theanh/can_example_ws/install/canopen_402_driver:/home/theanh/can_example_ws/install/canopen_proxy_driver:/home/theanh/can_example_ws/install/canopen_master_driver:/home/theanh/can_example_ws/install/canopen_fake_slaves:/home/theanh/can_example_ws/install/canopen_base_driver:/home/theanh/can_example_ws/install/canopen_core:/home/theanh/can_example_ws/install/lely_core_libraries:/home/theanh/can_example_ws/install/canopen_interfaces:/home/theanh/agv_test_ws/install/sllidar_ros2:/home/theanh/agv_test_ws/install/agv_test_pkg:/home/theanh/mobile_rb_ws/install/sam_bot_description:/home/theanh/mobile_rb_ws/install/nav2_straightline_planner:/home/theanh/mobile_rb_ws/install/nav2_gradient_costmap_plugin:/home/theanh/mobile_rb_ws/install/nav2_costmap_filters_demo:/home/theanh/mobile_rb_ws/install/custom_nav2_costmap_plugin:/home/theanh/mobile_rb_ws/install/articubot_one:/home/theanh/can_example_ws/install/canopen_utils:/home/theanh/mobile_rb_ws/install/nav2_gps_waypoint_follower_demo:/opt/ros/humble LD_LIBRARY_PATH=/home/theanh/ros2_ws1/install/ethercat_generic_slave/lib:/home/theanh/ros2_ws1/install/ethercat_interface/lib:/home/theanh/ros2_ws1/install/ethercat_manager/lib:/home/theanh/ros2_ws1/install/ethercat_msgs/lib:/home/theanh/ros2_ws1/install/ethercat_generic_cia402_drive/lib:/home/theanh/ros2_ws1/install/ethercat_driver/lib:/home/theanh/can_example_ws/install/canopen_ros2_controllers/lib:/home/theanh/can_example_ws/install/canopen_ros2_control/lib:/home/theanh/can_example_ws/install/canopen_402_driver/lib:/home/theanh/can_example_ws/install/canopen_proxy_driver/lib:/home/theanh/can_example_ws/install/canopen_master_driver/lib:/home/theanh/can_example_ws/install/canopen_base_driver/lib:/home/theanh/can_example_ws/install/canopen_core/lib:/home/theanh/can_example_ws/install/lely_core_libraries/lib:/home/theanh/can_example_ws/install/canopen_interfaces/lib:/home/theanh/mobile_rb_ws/install/nav2_straightline_planner/lib:/home/theanh/mobile_rb_ws/install/nav2_gradient_costmap_plugin/lib:/home/theanh/mobile_rb_ws/install/custom_nav2_costmap_plugin/lib:/usr/lib/x86_64-linux-gnu/gazebo-11/plugins:/opt/ros/humble/opt/rviz_ogre_vendor/lib:/opt/ros/humble/lib/x86_64-linux-gnu:/opt/ros/humble/lib /usr/bin/cmake /home/theanh/ros2_ws1/src/ethercat_driver_ros2/ethercat_generic_plugins/ethercat_generic_cia402_drive -DAMENT_CMAKE_SYMLINK_INSTALL=1 -DCMAKE_INSTALL_PREFIX=/home/theanh/ros2_ws1/install/ethercat_generic_cia402_drive
[1.379s] Invoking command in '/home/theanh/ros2_ws1/build/ethercat_generic_cia402_drive': CMAKE_PREFIX_PATH=/home/theanh/ros2_ws1/install/ethercat_generic_slave:/home/theanh/ros2_ws1/install/ethercat_interface:/home/theanh/ros2_ws1/install/ros2_qt1_demo:/home/theanh/ros2_ws1/install/ethercat_manager:/home/theanh/ros2_ws1/install/ethercat_msgs:/home/theanh/ros2_ws1/install/ethercat_generic_cia402_drive:/home/theanh/ros2_ws1/install/ethercat_driver_ros2:/home/theanh/ros2_ws1/install/ethercat_driver:/home/theanh/ros2_ws1/install/control_one_motor_pkg_ex:/home/theanh/ros2_ws1/install/control_one_motor_pkg:/home/theanh/gui_rviz2_qt5/install/gui_agv:/home/theanh/can_example_ws/install/canopen_tests:/home/theanh/can_example_ws/install/canopen_ros2_controllers:/home/theanh/can_example_ws/install/canopen_ros2_control:/home/theanh/can_example_ws/install/canopen:/home/theanh/can_example_ws/install/canopen_402_driver:/home/theanh/can_example_ws/install/canopen_proxy_driver:/home/theanh/can_example_ws/install/canopen_master_driver:/home/theanh/can_example_ws/install/canopen_fake_slaves:/home/theanh/can_example_ws/install/canopen_base_driver:/home/theanh/can_example_ws/install/canopen_core:/home/theanh/can_example_ws/install/lely_core_libraries:/home/theanh/can_example_ws/install/canopen_interfaces:/home/theanh/agv_test_ws/install/sllidar_ros2:/home/theanh/agv_test_ws/install/agv_test_pkg:/home/theanh/mobile_rb_ws/install/sam_bot_description:/home/theanh/mobile_rb_ws/install/nav2_straightline_planner:/home/theanh/mobile_rb_ws/install/nav2_gradient_costmap_plugin:/home/theanh/mobile_rb_ws/install/nav2_costmap_filters_demo:/home/theanh/mobile_rb_ws/install/custom_nav2_costmap_plugin:/home/theanh/mobile_rb_ws/install/articubot_one:/home/theanh/can_example_ws/install/canopen_utils:/home/theanh/mobile_rb_ws/install/nav2_gps_waypoint_follower_demo:/opt/ros/humble LD_LIBRARY_PATH=/home/theanh/ros2_ws1/install/ethercat_generic_slave/lib:/home/theanh/ros2_ws1/install/ethercat_interface/lib:/home/theanh/ros2_ws1/install/ethercat_manager/lib:/home/theanh/ros2_ws1/install/ethercat_msgs/lib:/home/theanh/ros2_ws1/install/ethercat_generic_cia402_drive/lib:/home/theanh/ros2_ws1/install/ethercat_driver/lib:/home/theanh/can_example_ws/install/canopen_ros2_controllers/lib:/home/theanh/can_example_ws/install/canopen_ros2_control/lib:/home/theanh/can_example_ws/install/canopen_402_driver/lib:/home/theanh/can_example_ws/install/canopen_proxy_driver/lib:/home/theanh/can_example_ws/install/canopen_master_driver/lib:/home/theanh/can_example_ws/install/canopen_base_driver/lib:/home/theanh/can_example_ws/install/canopen_core/lib:/home/theanh/can_example_ws/install/lely_core_libraries/lib:/home/theanh/can_example_ws/install/canopen_interfaces/lib:/home/theanh/mobile_rb_ws/install/nav2_straightline_planner/lib:/home/theanh/mobile_rb_ws/install/nav2_gradient_costmap_plugin/lib:/home/theanh/mobile_rb_ws/install/custom_nav2_costmap_plugin/lib:/usr/lib/x86_64-linux-gnu/gazebo-11/plugins:/opt/ros/humble/opt/rviz_ogre_vendor/lib:/opt/ros/humble/lib/x86_64-linux-gnu:/opt/ros/humble/lib /usr/bin/cmake --build /home/theanh/ros2_ws1/build/ethercat_generic_cia402_drive -- -j16 -l16
[1.433s] [ 27%] [32mBuilding CXX object gmock/CMakeFiles/gmock.dir/opt/ros/humble/src/gtest_vendor/src/gtest-all.cc.o[0m
[1.433s] [ 27%] [32mBuilding CXX object gmock/CMakeFiles/gmock_main.dir/src/gmock_main.cc.o[0m
[1.433s] [ 27%] [32mBuilding CXX object CMakeFiles/ethercat_generic_cia402_drive.dir/src/generic_ec_cia402_drive.cpp.o[0m
[1.434s] [ 36%] [32mBuilding CXX object gmock/CMakeFiles/gmock.dir/src/gmock-all.cc.o[0m
[2.319s] [ 45%] [32m[1mLinking CXX static library libgmock_main.a[0m
[2.386s] [ 45%] Built target gmock_main
[2.485s] [ 54%] [32m[1mLinking CXX shared library libethercat_generic_cia402_drive.so[0m
[2.588s] [ 54%] Built target ethercat_generic_cia402_drive
[3.729s] [ 63%] [32m[1mLinking CXX static library libgmock.a[0m
[3.824s] [ 63%] Built target gmock
[3.846s] [ 81%] [32mBuilding CXX object CMakeFiles/test_generic_ec_cia402_drive.dir/test/test_generic_ec_cia402_drive.cpp.o[0m
[3.846s] [ 81%] [32mBuilding CXX object CMakeFiles/test_load_generic_plugins.dir/test/test_load_ec_modules.cpp.o[0m
[6.009s] [ 90%] [32m[1mLinking CXX executable test_generic_ec_cia402_drive[0m
[6.189s] [ 90%] Built target test_generic_ec_cia402_drive
[6.618s] [100%] [32m[1mLinking CXX executable test_load_generic_plugins[0m
[6.815s] [100%] Built target test_load_generic_plugins
[6.827s] Invoked command in '/home/theanh/ros2_ws1/build/ethercat_generic_cia402_drive' returned '0': CMAKE_PREFIX_PATH=/home/theanh/ros2_ws1/install/ethercat_generic_slave:/home/theanh/ros2_ws1/install/ethercat_interface:/home/theanh/ros2_ws1/install/ros2_qt1_demo:/home/theanh/ros2_ws1/install/ethercat_manager:/home/theanh/ros2_ws1/install/ethercat_msgs:/home/theanh/ros2_ws1/install/ethercat_generic_cia402_drive:/home/theanh/ros2_ws1/install/ethercat_driver_ros2:/home/theanh/ros2_ws1/install/ethercat_driver:/home/theanh/ros2_ws1/install/control_one_motor_pkg_ex:/home/theanh/ros2_ws1/install/control_one_motor_pkg:/home/theanh/gui_rviz2_qt5/install/gui_agv:/home/theanh/can_example_ws/install/canopen_tests:/home/theanh/can_example_ws/install/canopen_ros2_controllers:/home/theanh/can_example_ws/install/canopen_ros2_control:/home/theanh/can_example_ws/install/canopen:/home/theanh/can_example_ws/install/canopen_402_driver:/home/theanh/can_example_ws/install/canopen_proxy_driver:/home/theanh/can_example_ws/install/canopen_master_driver:/home/theanh/can_example_ws/install/canopen_fake_slaves:/home/theanh/can_example_ws/install/canopen_base_driver:/home/theanh/can_example_ws/install/canopen_core:/home/theanh/can_example_ws/install/lely_core_libraries:/home/theanh/can_example_ws/install/canopen_interfaces:/home/theanh/agv_test_ws/install/sllidar_ros2:/home/theanh/agv_test_ws/install/agv_test_pkg:/home/theanh/mobile_rb_ws/install/sam_bot_description:/home/theanh/mobile_rb_ws/install/nav2_straightline_planner:/home/theanh/mobile_rb_ws/install/nav2_gradient_costmap_plugin:/home/theanh/mobile_rb_ws/install/nav2_costmap_filters_demo:/home/theanh/mobile_rb_ws/install/custom_nav2_costmap_plugin:/home/theanh/mobile_rb_ws/install/articubot_one:/home/theanh/can_example_ws/install/canopen_utils:/home/theanh/mobile_rb_ws/install/nav2_gps_waypoint_follower_demo:/opt/ros/humble LD_LIBRARY_PATH=/home/theanh/ros2_ws1/install/ethercat_generic_slave/lib:/home/theanh/ros2_ws1/install/ethercat_interface/lib:/home/theanh/ros2_ws1/install/ethercat_manager/lib:/home/theanh/ros2_ws1/install/ethercat_msgs/lib:/home/theanh/ros2_ws1/install/ethercat_generic_cia402_drive/lib:/home/theanh/ros2_ws1/install/ethercat_driver/lib:/home/theanh/can_example_ws/install/canopen_ros2_controllers/lib:/home/theanh/can_example_ws/install/canopen_ros2_control/lib:/home/theanh/can_example_ws/install/canopen_402_driver/lib:/home/theanh/can_example_ws/install/canopen_proxy_driver/lib:/home/theanh/can_example_ws/install/canopen_master_driver/lib:/home/theanh/can_example_ws/install/canopen_base_driver/lib:/home/theanh/can_example_ws/install/canopen_core/lib:/home/theanh/can_example_ws/install/lely_core_libraries/lib:/home/theanh/can_example_ws/install/canopen_interfaces/lib:/home/theanh/mobile_rb_ws/install/nav2_straightline_planner/lib:/home/theanh/mobile_rb_ws/install/nav2_gradient_costmap_plugin/lib:/home/theanh/mobile_rb_ws/install/custom_nav2_costmap_plugin/lib:/usr/lib/x86_64-linux-gnu/gazebo-11/plugins:/opt/ros/humble/opt/rviz_ogre_vendor/lib:/opt/ros/humble/lib/x86_64-linux-gnu:/opt/ros/humble/lib /usr/bin/cmake --build /home/theanh/ros2_ws1/build/ethercat_generic_cia402_drive -- -j16 -l16
[6.828s] Invoking command in '/home/theanh/ros2_ws1/build/ethercat_generic_cia402_drive': CMAKE_PREFIX_PATH=/home/theanh/ros2_ws1/install/ethercat_generic_slave:/home/theanh/ros2_ws1/install/ethercat_interface:/home/theanh/ros2_ws1/install/ros2_qt1_demo:/home/theanh/ros2_ws1/install/ethercat_manager:/home/theanh/ros2_ws1/install/ethercat_msgs:/home/theanh/ros2_ws1/install/ethercat_generic_cia402_drive:/home/theanh/ros2_ws1/install/ethercat_driver_ros2:/home/theanh/ros2_ws1/install/ethercat_driver:/home/theanh/ros2_ws1/install/control_one_motor_pkg_ex:/home/theanh/ros2_ws1/install/control_one_motor_pkg:/home/theanh/gui_rviz2_qt5/install/gui_agv:/home/theanh/can_example_ws/install/canopen_tests:/home/theanh/can_example_ws/install/canopen_ros2_controllers:/home/theanh/can_example_ws/install/canopen_ros2_control:/home/theanh/can_example_ws/install/canopen:/home/theanh/can_example_ws/install/canopen_402_driver:/home/theanh/can_example_ws/install/canopen_proxy_driver:/home/theanh/can_example_ws/install/canopen_master_driver:/home/theanh/can_example_ws/install/canopen_fake_slaves:/home/theanh/can_example_ws/install/canopen_base_driver:/home/theanh/can_example_ws/install/canopen_core:/home/theanh/can_example_ws/install/lely_core_libraries:/home/theanh/can_example_ws/install/canopen_interfaces:/home/theanh/agv_test_ws/install/sllidar_ros2:/home/theanh/agv_test_ws/install/agv_test_pkg:/home/theanh/mobile_rb_ws/install/sam_bot_description:/home/theanh/mobile_rb_ws/install/nav2_straightline_planner:/home/theanh/mobile_rb_ws/install/nav2_gradient_costmap_plugin:/home/theanh/mobile_rb_ws/install/nav2_costmap_filters_demo:/home/theanh/mobile_rb_ws/install/custom_nav2_costmap_plugin:/home/theanh/mobile_rb_ws/install/articubot_one:/home/theanh/can_example_ws/install/canopen_utils:/home/theanh/mobile_rb_ws/install/nav2_gps_waypoint_follower_demo:/opt/ros/humble LD_LIBRARY_PATH=/home/theanh/ros2_ws1/install/ethercat_generic_slave/lib:/home/theanh/ros2_ws1/install/ethercat_interface/lib:/home/theanh/ros2_ws1/install/ethercat_manager/lib:/home/theanh/ros2_ws1/install/ethercat_msgs/lib:/home/theanh/ros2_ws1/install/ethercat_generic_cia402_drive/lib:/home/theanh/ros2_ws1/install/ethercat_driver/lib:/home/theanh/can_example_ws/install/canopen_ros2_controllers/lib:/home/theanh/can_example_ws/install/canopen_ros2_control/lib:/home/theanh/can_example_ws/install/canopen_402_driver/lib:/home/theanh/can_example_ws/install/canopen_proxy_driver/lib:/home/theanh/can_example_ws/install/canopen_master_driver/lib:/home/theanh/can_example_ws/install/canopen_base_driver/lib:/home/theanh/can_example_ws/install/canopen_core/lib:/home/theanh/can_example_ws/install/lely_core_libraries/lib:/home/theanh/can_example_ws/install/canopen_interfaces/lib:/home/theanh/mobile_rb_ws/install/nav2_straightline_planner/lib:/home/theanh/mobile_rb_ws/install/nav2_gradient_costmap_plugin/lib:/home/theanh/mobile_rb_ws/install/custom_nav2_costmap_plugin/lib:/usr/lib/x86_64-linux-gnu/gazebo-11/plugins:/opt/ros/humble/opt/rviz_ogre_vendor/lib:/opt/ros/humble/lib/x86_64-linux-gnu:/opt/ros/humble/lib /usr/bin/cmake --install /home/theanh/ros2_ws1/build/ethercat_generic_cia402_drive
[6.836s] -- Install configuration: ""
[6.837s] -- Execute custom install script
[6.837s] -- Symlinking: /home/theanh/ros2_ws1/install/ethercat_generic_cia402_drive/share/ethercat_generic_cia402_drive//ethercat_plugins.xml
[6.847s] -- Symlinking: /home/theanh/ros2_ws1/install/ethercat_generic_cia402_drive/include/ethercat_generic_plugins/cia402_common_defs.hpp
[6.856s] -- Symlinking: /home/theanh/ros2_ws1/install/ethercat_generic_cia402_drive/include/ethercat_generic_plugins/generic_ec_cia402_drive.hpp
[6.865s] -- Symlinking: /home/theanh/ros2_ws1/install/ethercat_generic_cia402_drive/share/ethercat_generic_cia402_drive/environment/library_path.sh
[6.874s] -- Symlinking: /home/theanh/ros2_ws1/install/ethercat_generic_cia402_drive/share/ethercat_generic_cia402_drive/environment/library_path.dsv
[6.883s] -- Symlinking: /home/theanh/ros2_ws1/install/ethercat_generic_cia402_drive/share/ament_index/resource_index/package_run_dependencies/ethercat_generic_cia402_drive
[6.891s] -- Symlinking: /home/theanh/ros2_ws1/install/ethercat_generic_cia402_drive/share/ament_index/resource_index/parent_prefix_path/ethercat_generic_cia402_drive
[6.900s] -- Symlinking: /home/theanh/ros2_ws1/install/ethercat_generic_cia402_drive/share/ethercat_generic_cia402_drive/environment/ament_prefix_path.sh
[6.908s] -- Symlinking: /home/theanh/ros2_ws1/install/ethercat_generic_cia402_drive/share/ethercat_generic_cia402_drive/environment/ament_prefix_path.dsv
[6.916s] -- Symlinking: /home/theanh/ros2_ws1/install/ethercat_generic_cia402_drive/share/ethercat_generic_cia402_drive/environment/path.sh
[6.925s] -- Symlinking: /home/theanh/ros2_ws1/install/ethercat_generic_cia402_drive/share/ethercat_generic_cia402_drive/environment/path.dsv
[6.934s] -- Symlinking: /home/theanh/ros2_ws1/install/ethercat_generic_cia402_drive/share/ethercat_generic_cia402_drive/local_setup.bash
[6.942s] -- Symlinking: /home/theanh/ros2_ws1/install/ethercat_generic_cia402_drive/share/ethercat_generic_cia402_drive/local_setup.sh
[6.950s] -- Symlinking: /home/theanh/ros2_ws1/install/ethercat_generic_cia402_drive/share/ethercat_generic_cia402_drive/local_setup.zsh
[6.959s] -- Symlinking: /home/theanh/ros2_ws1/install/ethercat_generic_cia402_drive/share/ethercat_generic_cia402_drive/local_setup.dsv
[6.967s] -- Symlinking: /home/theanh/ros2_ws1/install/ethercat_generic_cia402_drive/share/ethercat_generic_cia402_drive/package.dsv
[6.976s] -- Symlinking: /home/theanh/ros2_ws1/install/ethercat_generic_cia402_drive/share/ament_index/resource_index/packages/ethercat_generic_cia402_drive
[6.984s] -- Symlinking: /home/theanh/ros2_ws1/install/ethercat_generic_cia402_drive/share/ament_index/resource_index/ethercat_interface__pluginlib__plugin/ethercat_generic_cia402_drive
[6.993s] -- Symlinking: /home/theanh/ros2_ws1/install/ethercat_generic_cia402_drive/share/ethercat_generic_cia402_drive/cmake/ament_cmake_export_include_directories-extras.cmake
[7.002s] -- Symlinking: /home/theanh/ros2_ws1/install/ethercat_generic_cia402_drive/share/ethercat_generic_cia402_drive/cmake/ament_cmake_export_libraries-extras.cmake
[7.011s] -- Symlinking: /home/theanh/ros2_ws1/install/ethercat_generic_cia402_drive/share/ethercat_generic_cia402_drive/cmake/ament_cmake_export_targets-extras.cmake
[7.020s] -- Symlinking: /home/theanh/ros2_ws1/install/ethercat_generic_cia402_drive/share/ethercat_generic_cia402_drive/cmake/ethercat_generic_cia402_driveConfig.cmake
[7.029s] -- Symlinking: /home/theanh/ros2_ws1/install/ethercat_generic_cia402_drive/share/ethercat_generic_cia402_drive/cmake/ethercat_generic_cia402_driveConfig-version.cmake
[7.037s] -- Symlinking: /home/theanh/ros2_ws1/install/ethercat_generic_cia402_drive/share/ethercat_generic_cia402_drive/package.xml
[7.046s] -- Installing: /home/theanh/ros2_ws1/install/ethercat_generic_cia402_drive/lib/libethercat_generic_cia402_drive.so
[7.047s] -- Set runtime path of "/home/theanh/ros2_ws1/install/ethercat_generic_cia402_drive/lib/libethercat_generic_cia402_drive.so" to ""
[7.047s] -- Installing: /home/theanh/ros2_ws1/install/ethercat_generic_cia402_drive/share/ethercat_generic_cia402_drive/cmake/export_ethercat_generic_cia402_driveExport.cmake
[7.047s] -- Installing: /home/theanh/ros2_ws1/install/ethercat_generic_cia402_drive/share/ethercat_generic_cia402_drive/cmake/export_ethercat_generic_cia402_driveExport-noconfig.cmake
[7.049s] Invoked command in '/home/theanh/ros2_ws1/build/ethercat_generic_cia402_drive' returned '0': CMAKE_PREFIX_PATH=/home/theanh/ros2_ws1/install/ethercat_generic_slave:/home/theanh/ros2_ws1/install/ethercat_interface:/home/theanh/ros2_ws1/install/ros2_qt1_demo:/home/theanh/ros2_ws1/install/ethercat_manager:/home/theanh/ros2_ws1/install/ethercat_msgs:/home/theanh/ros2_ws1/install/ethercat_generic_cia402_drive:/home/theanh/ros2_ws1/install/ethercat_driver_ros2:/home/theanh/ros2_ws1/install/ethercat_driver:/home/theanh/ros2_ws1/install/control_one_motor_pkg_ex:/home/theanh/ros2_ws1/install/control_one_motor_pkg:/home/theanh/gui_rviz2_qt5/install/gui_agv:/home/theanh/can_example_ws/install/canopen_tests:/home/theanh/can_example_ws/install/canopen_ros2_controllers:/home/theanh/can_example_ws/install/canopen_ros2_control:/home/theanh/can_example_ws/install/canopen:/home/theanh/can_example_ws/install/canopen_402_driver:/home/theanh/can_example_ws/install/canopen_proxy_driver:/home/theanh/can_example_ws/install/canopen_master_driver:/home/theanh/can_example_ws/install/canopen_fake_slaves:/home/theanh/can_example_ws/install/canopen_base_driver:/home/theanh/can_example_ws/install/canopen_core:/home/theanh/can_example_ws/install/lely_core_libraries:/home/theanh/can_example_ws/install/canopen_interfaces:/home/theanh/agv_test_ws/install/sllidar_ros2:/home/theanh/agv_test_ws/install/agv_test_pkg:/home/theanh/mobile_rb_ws/install/sam_bot_description:/home/theanh/mobile_rb_ws/install/nav2_straightline_planner:/home/theanh/mobile_rb_ws/install/nav2_gradient_costmap_plugin:/home/theanh/mobile_rb_ws/install/nav2_costmap_filters_demo:/home/theanh/mobile_rb_ws/install/custom_nav2_costmap_plugin:/home/theanh/mobile_rb_ws/install/articubot_one:/home/theanh/can_example_ws/install/canopen_utils:/home/theanh/mobile_rb_ws/install/nav2_gps_waypoint_follower_demo:/opt/ros/humble LD_LIBRARY_PATH=/home/theanh/ros2_ws1/install/ethercat_generic_slave/lib:/home/theanh/ros2_ws1/install/ethercat_interface/lib:/home/theanh/ros2_ws1/install/ethercat_manager/lib:/home/theanh/ros2_ws1/install/ethercat_msgs/lib:/home/theanh/ros2_ws1/install/ethercat_generic_cia402_drive/lib:/home/theanh/ros2_ws1/install/ethercat_driver/lib:/home/theanh/can_example_ws/install/canopen_ros2_controllers/lib:/home/theanh/can_example_ws/install/canopen_ros2_control/lib:/home/theanh/can_example_ws/install/canopen_402_driver/lib:/home/theanh/can_example_ws/install/canopen_proxy_driver/lib:/home/theanh/can_example_ws/install/canopen_master_driver/lib:/home/theanh/can_example_ws/install/canopen_base_driver/lib:/home/theanh/can_example_ws/install/canopen_core/lib:/home/theanh/can_example_ws/install/lely_core_libraries/lib:/home/theanh/can_example_ws/install/canopen_interfaces/lib:/home/theanh/mobile_rb_ws/install/nav2_straightline_planner/lib:/home/theanh/mobile_rb_ws/install/nav2_gradient_costmap_plugin/lib:/home/theanh/mobile_rb_ws/install/custom_nav2_costmap_plugin/lib:/usr/lib/x86_64-linux-gnu/gazebo-11/plugins:/opt/ros/humble/opt/rviz_ogre_vendor/lib:/opt/ros/humble/lib/x86_64-linux-gnu:/opt/ros/humble/lib /usr/bin/cmake --install /home/theanh/ros2_ws1/build/ethercat_generic_cia402_drive
