[0.135s] Invoking command in '/home/theanh/ros2_ws1/build/ros2_qt1_demo': CMAKE_PREFIX_PATH=${CMAKE_PREFIX_PATH}:/home/theanh/can_example_ws/install/canopen_utils:/home/theanh/mobile_rb_ws/install/nav2_gps_waypoint_follower_demo:/opt/ros/humble /usr/bin/cmake --build /home/theanh/ros2_ws1/build/ros2_qt1_demo -- -j15 -l15
[0.343s] [ 14%] [34m[1mAutomatic MOC and UIC for target ros2_qt1_demo[0m
[0.679s] [ 14%] Built target ros2_qt1_demo_autogen
[0.785s] [ 42%] [32mBuilding CXX object CMakeFiles/ros2_qt1_demo.dir/src/ros2_worker.cpp.o[0m
[0.785s] [ 42%] [32mBuilding CXX object CMakeFiles/ros2_qt1_demo.dir/src/mainwindow.cpp.o[0m
[6.189s] [ 57%] [32m[1mLinking CXX executable ros2_qt1_demo[0m
[7.676s] [100%] Built target ros2_qt1_demo
[7.688s] Invoked command in '/home/theanh/ros2_ws1/build/ros2_qt1_demo' returned '0': CMAKE_PREFIX_PATH=${CMAKE_PREFIX_PATH}:/home/theanh/can_example_ws/install/canopen_utils:/home/theanh/mobile_rb_ws/install/nav2_gps_waypoint_follower_demo:/opt/ros/humble /usr/bin/cmake --build /home/theanh/ros2_ws1/build/ros2_qt1_demo -- -j15 -l15
[7.689s] Invoking command in '/home/theanh/ros2_ws1/build/ros2_qt1_demo': CMAKE_PREFIX_PATH=${CMAKE_PREFIX_PATH}:/home/theanh/can_example_ws/install/canopen_utils:/home/theanh/mobile_rb_ws/install/nav2_gps_waypoint_follower_demo:/opt/ros/humble /usr/bin/cmake --install /home/theanh/ros2_ws1/build/ros2_qt1_demo
[7.697s] -- Install configuration: ""
[7.741s] -- Execute custom install script
[7.760s] -- Up-to-date symlink: /home/theanh/ros2_ws1/install/ros2_qt1_demo/lib/ros2_qt1_demo/ros2_qt1_demo
[7.760s] -- Up-to-date symlink: /home/theanh/ros2_ws1/install/ros2_qt1_demo/share/ament_index/resource_index/package_run_dependencies/ros2_qt1_demo
[7.760s] -- Up-to-date symlink: /home/theanh/ros2_ws1/install/ros2_qt1_demo/share/ament_index/resource_index/parent_prefix_path/ros2_qt1_demo
[7.761s] -- Up-to-date symlink: /home/theanh/ros2_ws1/install/ros2_qt1_demo/share/ros2_qt1_demo/environment/ament_prefix_path.sh
[7.761s] -- Up-to-date symlink: /home/theanh/ros2_ws1/install/ros2_qt1_demo/share/ros2_qt1_demo/environment/ament_prefix_path.dsv
[7.761s] -- Up-to-date symlink: /home/theanh/ros2_ws1/install/ros2_qt1_demo/share/ros2_qt1_demo/environment/path.sh
[7.761s] -- Up-to-date symlink: /home/theanh/ros2_ws1/install/ros2_qt1_demo/share/ros2_qt1_demo/environment/path.dsv
[7.761s] -- Up-to-date symlink: /home/theanh/ros2_ws1/install/ros2_qt1_demo/share/ros2_qt1_demo/local_setup.bash
[7.761s] -- Up-to-date symlink: /home/theanh/ros2_ws1/install/ros2_qt1_demo/share/ros2_qt1_demo/local_setup.sh
[7.761s] -- Up-to-date symlink: /home/theanh/ros2_ws1/install/ros2_qt1_demo/share/ros2_qt1_demo/local_setup.zsh
[7.762s] -- Up-to-date symlink: /home/theanh/ros2_ws1/install/ros2_qt1_demo/share/ros2_qt1_demo/local_setup.dsv
[7.762s] -- Symlinking: /home/theanh/ros2_ws1/install/ros2_qt1_demo/share/ros2_qt1_demo/package.dsv
[7.771s] -- Up-to-date symlink: /home/theanh/ros2_ws1/install/ros2_qt1_demo/share/ament_index/resource_index/packages/ros2_qt1_demo
[7.771s] -- Up-to-date symlink: /home/theanh/ros2_ws1/install/ros2_qt1_demo/share/ros2_qt1_demo/cmake/ros2_qt1_demoConfig.cmake
[7.771s] -- Up-to-date symlink: /home/theanh/ros2_ws1/install/ros2_qt1_demo/share/ros2_qt1_demo/cmake/ros2_qt1_demoConfig-version.cmake
[7.771s] -- Up-to-date symlink: /home/theanh/ros2_ws1/install/ros2_qt1_demo/share/ros2_qt1_demo/package.xml
[7.774s] Invoked command in '/home/theanh/ros2_ws1/build/ros2_qt1_demo' returned '0': CMAKE_PREFIX_PATH=${CMAKE_PREFIX_PATH}:/home/theanh/can_example_ws/install/canopen_utils:/home/theanh/mobile_rb_ws/install/nav2_gps_waypoint_follower_demo:/opt/ros/humble /usr/bin/cmake --install /home/theanh/ros2_ws1/build/ros2_qt1_demo
