[1.043s] Invoking command in '/home/theanh/ros2_ws1/build/ethercat_generic_slave': AMENT_PREFIX_PATH=/home/theanh/ros2_ws1/install/ethercat_interface:${AMENT_PREFIX_PATH} CMAKE_PREFIX_PATH=/home/theanh/ros2_ws1/install/ethercat_interface:/home/theanh/gui_rviz2_qt5/install/gui_agv:/home/theanh/can_example_ws/install/canopen_tests:/home/theanh/can_example_ws/install/canopen_ros2_controllers:/home/theanh/can_example_ws/install/canopen_ros2_control:/home/theanh/can_example_ws/install/canopen:/home/theanh/can_example_ws/install/canopen_402_driver:/home/theanh/can_example_ws/install/canopen_proxy_driver:/home/theanh/can_example_ws/install/canopen_master_driver:/home/theanh/can_example_ws/install/canopen_fake_slaves:/home/theanh/can_example_ws/install/canopen_base_driver:/home/theanh/can_example_ws/install/canopen_core:/home/theanh/can_example_ws/install/lely_core_libraries:/home/theanh/can_example_ws/install/canopen_interfaces:/home/theanh/agv_test_ws/install/sllidar_ros2:/home/theanh/agv_test_ws/install/agv_test_pkg:/home/theanh/mobile_rb_ws/install/sam_bot_description:/home/theanh/mobile_rb_ws/install/nav2_straightline_planner:/home/theanh/mobile_rb_ws/install/nav2_gradient_costmap_plugin:/home/theanh/mobile_rb_ws/install/nav2_costmap_filters_demo:/home/theanh/mobile_rb_ws/install/custom_nav2_costmap_plugin:/home/theanh/mobile_rb_ws/install/articubot_one:/home/theanh/can_example_ws/install/canopen_utils:/home/theanh/mobile_rb_ws/install/nav2_gps_waypoint_follower_demo:/opt/ros/humble LD_LIBRARY_PATH=/home/theanh/ros2_ws1/install/ethercat_interface/lib:${LD_LIBRARY_PATH} /usr/bin/cmake --build /home/theanh/ros2_ws1/build/ethercat_generic_slave -- -j15 -l15
[1.121s] -- Found ament_cmake: 1.3.13 (/opt/ros/humble/share/ament_cmake/cmake)
[1.274s] -- Override CMake install command with custom implementation using symlinks instead of copying resources
[1.958s] -- Found ament_cmake_ros: 0.10.0 (/opt/ros/humble/share/ament_cmake_ros/cmake)
[1.960s] -- Found ethercat_interface: 1.2.0 (/home/theanh/ros2_ws1/install/ethercat_interface/share/ethercat_interface/cmake)
[1.991s] -- Found rosidl_generator_c: 3.1.8 (/opt/ros/humble/share/rosidl_generator_c/cmake)
[1.994s] -- Found rosidl_adapter: 3.1.8 (/opt/ros/humble/share/rosidl_adapter/cmake)
[1.999s] -- Found rosidl_generator_cpp: 3.1.8 (/opt/ros/humble/share/rosidl_generator_cpp/cmake)
[2.009s] -- Using all available rosidl_typesupport_c: rosidl_typesupport_fastrtps_c;rosidl_typesupport_introspection_c
[2.022s] -- Using all available rosidl_typesupport_cpp: rosidl_typesupport_fastrtps_cpp;rosidl_typesupport_introspection_cpp
[2.053s] -- Found rmw_implementation_cmake: 6.1.2 (/opt/ros/humble/share/rmw_implementation_cmake/cmake)
[2.055s] -- Found rmw_fastrtps_cpp: 6.2.10 (/opt/ros/humble/share/rmw_fastrtps_cpp/cmake)
[2.185s] -- Using RMW implementation 'rmw_fastrtps_cpp' as default
[2.245s] -- Found pluginlib: 5.1.3 (/opt/ros/humble/share/pluginlib/cmake)
[2.469s] -- Found yaml_cpp_vendor: 8.0.2 (/opt/ros/humble/share/yaml_cpp_vendor/cmake)
[2.474s] -- Found ament_lint_auto: 0.12.15 (/opt/ros/humble/share/ament_lint_auto/cmake)
[3.023s] -- Found gmock sources under '/opt/ros/humble/src/gmock_vendor': C++ tests using 'Google Mock' will be built
[3.025s] -- Found gtest sources under '/opt/ros/humble/src/gtest_vendor': C++ tests using 'Google Test' will be built
[3.778s] -- Added test 'copyright' to check source files copyright and LICENSE
[3.779s] -- Added test 'cppcheck' to perform static code analysis on C / C++ code
[3.779s] -- Configured cppcheck include dirs: $<BUILD_INTERFACE:/home/theanh/ros2_ws1/src/ethercat_driver_ros2/ethercat_generic_plugins/ethercat_generic_slave/include>;/home/theanh/ros2_ws1/src/ethercat_driver_ros2/ethercat_generic_plugins/ethercat_generic_slave/include
[3.779s] -- Configured cppcheck exclude dirs and/or files: 
[3.780s] -- Added test 'cpplint' to check C / C++ code against the Google style
[3.780s] -- Configured cpplint exclude dirs and/or files: 
[3.781s] -- Added test 'lint_cmake' to check CMake code style
[3.782s] -- Added test 'uncrustify' to check C / C++ code style
[3.782s] -- Configured uncrustify additional arguments: 
[3.783s] -- Added test 'xmllint' to check XML markup files
[4.030s] -- Configuring done
[8.545s] -- Generating done
[8.553s] -- Build files have been written to: /home/theanh/ros2_ws1/build/ethercat_generic_slave
[8.645s] [35m[1mConsolidate compiler generated dependencies of target ethercat_generic_slave[0m
[8.733s] [ 18%] Built target ethercat_generic_slave
[8.771s] [35m[1mConsolidate compiler generated dependencies of target gmock[0m
[8.815s] [ 45%] Built target gmock
[8.830s] [35m[1mConsolidate compiler generated dependencies of target gmock_main[0m
[8.866s] [ 63%] Built target gmock_main
[8.895s] [35m[1mConsolidate compiler generated dependencies of target test_load_generic_plugins[0m
[9.325s] [ 81%] Built target test_load_generic_plugins
[9.369s] [35m[1mConsolidate compiler generated dependencies of target test_generic_ec_slave[0m
[9.594s] [100%] Built target test_generic_ec_slave
[9.837s] Invoked command in '/home/theanh/ros2_ws1/build/ethercat_generic_slave' returned '0': AMENT_PREFIX_PATH=/home/theanh/ros2_ws1/install/ethercat_interface:${AMENT_PREFIX_PATH} CMAKE_PREFIX_PATH=/home/theanh/ros2_ws1/install/ethercat_interface:/home/theanh/gui_rviz2_qt5/install/gui_agv:/home/theanh/can_example_ws/install/canopen_tests:/home/theanh/can_example_ws/install/canopen_ros2_controllers:/home/theanh/can_example_ws/install/canopen_ros2_control:/home/theanh/can_example_ws/install/canopen:/home/theanh/can_example_ws/install/canopen_402_driver:/home/theanh/can_example_ws/install/canopen_proxy_driver:/home/theanh/can_example_ws/install/canopen_master_driver:/home/theanh/can_example_ws/install/canopen_fake_slaves:/home/theanh/can_example_ws/install/canopen_base_driver:/home/theanh/can_example_ws/install/canopen_core:/home/theanh/can_example_ws/install/lely_core_libraries:/home/theanh/can_example_ws/install/canopen_interfaces:/home/theanh/agv_test_ws/install/sllidar_ros2:/home/theanh/agv_test_ws/install/agv_test_pkg:/home/theanh/mobile_rb_ws/install/sam_bot_description:/home/theanh/mobile_rb_ws/install/nav2_straightline_planner:/home/theanh/mobile_rb_ws/install/nav2_gradient_costmap_plugin:/home/theanh/mobile_rb_ws/install/nav2_costmap_filters_demo:/home/theanh/mobile_rb_ws/install/custom_nav2_costmap_plugin:/home/theanh/mobile_rb_ws/install/articubot_one:/home/theanh/can_example_ws/install/canopen_utils:/home/theanh/mobile_rb_ws/install/nav2_gps_waypoint_follower_demo:/opt/ros/humble LD_LIBRARY_PATH=/home/theanh/ros2_ws1/install/ethercat_interface/lib:${LD_LIBRARY_PATH} /usr/bin/cmake --build /home/theanh/ros2_ws1/build/ethercat_generic_slave -- -j15 -l15
[9.837s] Invoking command in '/home/theanh/ros2_ws1/build/ethercat_generic_slave': AMENT_PREFIX_PATH=/home/theanh/ros2_ws1/install/ethercat_interface:${AMENT_PREFIX_PATH} CMAKE_PREFIX_PATH=/home/theanh/ros2_ws1/install/ethercat_interface:/home/theanh/gui_rviz2_qt5/install/gui_agv:/home/theanh/can_example_ws/install/canopen_tests:/home/theanh/can_example_ws/install/canopen_ros2_controllers:/home/theanh/can_example_ws/install/canopen_ros2_control:/home/theanh/can_example_ws/install/canopen:/home/theanh/can_example_ws/install/canopen_402_driver:/home/theanh/can_example_ws/install/canopen_proxy_driver:/home/theanh/can_example_ws/install/canopen_master_driver:/home/theanh/can_example_ws/install/canopen_fake_slaves:/home/theanh/can_example_ws/install/canopen_base_driver:/home/theanh/can_example_ws/install/canopen_core:/home/theanh/can_example_ws/install/lely_core_libraries:/home/theanh/can_example_ws/install/canopen_interfaces:/home/theanh/agv_test_ws/install/sllidar_ros2:/home/theanh/agv_test_ws/install/agv_test_pkg:/home/theanh/mobile_rb_ws/install/sam_bot_description:/home/theanh/mobile_rb_ws/install/nav2_straightline_planner:/home/theanh/mobile_rb_ws/install/nav2_gradient_costmap_plugin:/home/theanh/mobile_rb_ws/install/nav2_costmap_filters_demo:/home/theanh/mobile_rb_ws/install/custom_nav2_costmap_plugin:/home/theanh/mobile_rb_ws/install/articubot_one:/home/theanh/can_example_ws/install/canopen_utils:/home/theanh/mobile_rb_ws/install/nav2_gps_waypoint_follower_demo:/opt/ros/humble LD_LIBRARY_PATH=/home/theanh/ros2_ws1/install/ethercat_interface/lib:${LD_LIBRARY_PATH} /usr/bin/cmake --install /home/theanh/ros2_ws1/build/ethercat_generic_slave
[9.844s] -- Install configuration: ""
[9.845s] -- Execute custom install script
[9.845s] -- Up-to-date symlink: /home/theanh/ros2_ws1/install/ethercat_generic_slave/share/ethercat_generic_slave//ethercat_plugins.xml
[9.845s] -- Up-to-date symlink: /home/theanh/ros2_ws1/install/ethercat_generic_slave/include/ethercat_generic_plugins/generic_ec_slave.hpp
[9.845s] -- Up-to-date symlink: /home/theanh/ros2_ws1/install/ethercat_generic_slave/share/ethercat_generic_slave/environment/library_path.sh
[9.846s] -- Up-to-date symlink: /home/theanh/ros2_ws1/install/ethercat_generic_slave/share/ethercat_generic_slave/environment/library_path.dsv
[9.846s] -- Up-to-date symlink: /home/theanh/ros2_ws1/install/ethercat_generic_slave/share/ament_index/resource_index/package_run_dependencies/ethercat_generic_slave
[9.846s] -- Up-to-date symlink: /home/theanh/ros2_ws1/install/ethercat_generic_slave/share/ament_index/resource_index/parent_prefix_path/ethercat_generic_slave
[9.846s] -- Up-to-date symlink: /home/theanh/ros2_ws1/install/ethercat_generic_slave/share/ethercat_generic_slave/environment/ament_prefix_path.sh
[9.846s] -- Up-to-date symlink: /home/theanh/ros2_ws1/install/ethercat_generic_slave/share/ethercat_generic_slave/environment/ament_prefix_path.dsv
[9.846s] -- Up-to-date symlink: /home/theanh/ros2_ws1/install/ethercat_generic_slave/share/ethercat_generic_slave/environment/path.sh
[9.847s] -- Up-to-date symlink: /home/theanh/ros2_ws1/install/ethercat_generic_slave/share/ethercat_generic_slave/environment/path.dsv
[9.847s] -- Up-to-date symlink: /home/theanh/ros2_ws1/install/ethercat_generic_slave/share/ethercat_generic_slave/local_setup.bash
[9.847s] -- Up-to-date symlink: /home/theanh/ros2_ws1/install/ethercat_generic_slave/share/ethercat_generic_slave/local_setup.sh
[9.847s] -- Up-to-date symlink: /home/theanh/ros2_ws1/install/ethercat_generic_slave/share/ethercat_generic_slave/local_setup.zsh
[9.847s] -- Up-to-date symlink: /home/theanh/ros2_ws1/install/ethercat_generic_slave/share/ethercat_generic_slave/local_setup.dsv
[9.847s] -- Symlinking: /home/theanh/ros2_ws1/install/ethercat_generic_slave/share/ethercat_generic_slave/package.dsv
[9.857s] -- Up-to-date symlink: /home/theanh/ros2_ws1/install/ethercat_generic_slave/share/ament_index/resource_index/packages/ethercat_generic_slave
[9.858s] -- Up-to-date symlink: /home/theanh/ros2_ws1/install/ethercat_generic_slave/share/ament_index/resource_index/ethercat_interface__pluginlib__plugin/ethercat_generic_slave
[9.858s] -- Up-to-date symlink: /home/theanh/ros2_ws1/install/ethercat_generic_slave/share/ethercat_generic_slave/cmake/ament_cmake_export_include_directories-extras.cmake
[9.858s] -- Up-to-date symlink: /home/theanh/ros2_ws1/install/ethercat_generic_slave/share/ethercat_generic_slave/cmake/ament_cmake_export_libraries-extras.cmake
[9.858s] -- Up-to-date symlink: /home/theanh/ros2_ws1/install/ethercat_generic_slave/share/ethercat_generic_slave/cmake/ament_cmake_export_targets-extras.cmake
[9.858s] -- Up-to-date symlink: /home/theanh/ros2_ws1/install/ethercat_generic_slave/share/ethercat_generic_slave/cmake/ethercat_generic_slaveConfig.cmake
[9.858s] -- Up-to-date symlink: /home/theanh/ros2_ws1/install/ethercat_generic_slave/share/ethercat_generic_slave/cmake/ethercat_generic_slaveConfig-version.cmake
[9.858s] -- Up-to-date symlink: /home/theanh/ros2_ws1/install/ethercat_generic_slave/share/ethercat_generic_slave/package.xml
[9.925s] -- Up-to-date: /home/theanh/ros2_ws1/install/ethercat_generic_slave/lib/libethercat_generic_slave.so
[9.958s] -- Up-to-date: /home/theanh/ros2_ws1/install/ethercat_generic_slave/share/ethercat_generic_slave/cmake/export_ethercat_generic_slaveExport.cmake
[9.958s] -- Up-to-date: /home/theanh/ros2_ws1/install/ethercat_generic_slave/share/ethercat_generic_slave/cmake/export_ethercat_generic_slaveExport-noconfig.cmake
[9.994s] Invoked command in '/home/theanh/ros2_ws1/build/ethercat_generic_slave' returned '0': AMENT_PREFIX_PATH=/home/theanh/ros2_ws1/install/ethercat_interface:${AMENT_PREFIX_PATH} CMAKE_PREFIX_PATH=/home/theanh/ros2_ws1/install/ethercat_interface:/home/theanh/gui_rviz2_qt5/install/gui_agv:/home/theanh/can_example_ws/install/canopen_tests:/home/theanh/can_example_ws/install/canopen_ros2_controllers:/home/theanh/can_example_ws/install/canopen_ros2_control:/home/theanh/can_example_ws/install/canopen:/home/theanh/can_example_ws/install/canopen_402_driver:/home/theanh/can_example_ws/install/canopen_proxy_driver:/home/theanh/can_example_ws/install/canopen_master_driver:/home/theanh/can_example_ws/install/canopen_fake_slaves:/home/theanh/can_example_ws/install/canopen_base_driver:/home/theanh/can_example_ws/install/canopen_core:/home/theanh/can_example_ws/install/lely_core_libraries:/home/theanh/can_example_ws/install/canopen_interfaces:/home/theanh/agv_test_ws/install/sllidar_ros2:/home/theanh/agv_test_ws/install/agv_test_pkg:/home/theanh/mobile_rb_ws/install/sam_bot_description:/home/theanh/mobile_rb_ws/install/nav2_straightline_planner:/home/theanh/mobile_rb_ws/install/nav2_gradient_costmap_plugin:/home/theanh/mobile_rb_ws/install/nav2_costmap_filters_demo:/home/theanh/mobile_rb_ws/install/custom_nav2_costmap_plugin:/home/theanh/mobile_rb_ws/install/articubot_one:/home/theanh/can_example_ws/install/canopen_utils:/home/theanh/mobile_rb_ws/install/nav2_gps_waypoint_follower_demo:/opt/ros/humble LD_LIBRARY_PATH=/home/theanh/ros2_ws1/install/ethercat_interface/lib:${LD_LIBRARY_PATH} /usr/bin/cmake --install /home/theanh/ros2_ws1/build/ethercat_generic_slave
