-- Found ament_cmake: 1.3.14 (/opt/ros/humble/share/ament_cmake/cmake)
-- Override CMake install command with custom implementation using symlinks instead of copying resources
-- Found rclcpp: 16.0.19 (/opt/ros/humble/share/rclcpp/cmake)
-- Found rosidl_generator_c: 3.1.8 (/opt/ros/humble/share/rosidl_generator_c/cmake)
-- Found rosidl_adapter: 3.1.8 (/opt/ros/humble/share/rosidl_adapter/cmake)
-- Found rosidl_generator_cpp: 3.1.8 (/opt/ros/humble/share/rosidl_generator_cpp/cmake)
-- Using all available rosidl_typesupport_c: rosidl_typesupport_fastrtps_c;rosidl_typesupport_introspection_c
-- Using all available rosidl_typesupport_cpp: rosidl_typesupport_fastrtps_cpp;rosidl_typesupport_introspection_cpp
-- Found rmw_implementation_cmake: 6.1.2 (/opt/ros/humble/share/rmw_implementation_cmake/cmake)
-- Found rmw_fastrtps_cpp: 6.2.10 (/opt/ros/humble/share/rmw_fastrtps_cpp/cmake)
-- Using RMW implementation 'rmw_fastrtps_cpp' as default
-- Found ethercat_msgs: 1.2.0 (/home/theanh/ros2_ws1/install/ethercat_msgs/share/ethercat_msgs/cmake)
-- Found ament_lint_auto: 0.12.15 (/opt/ros/humble/share/ament_lint_auto/cmake)
-- Added test 'copyright' to check source files copyright and LICENSE
-- Added test 'cppcheck' to perform static code analysis on C / C++ code
-- Configured cppcheck include dirs: /home/theanh/ros2_ws1/src/ethercat_driver_ros2/ethercat_manager/include
-- Configured cppcheck exclude dirs and/or files: 
-- Added test 'cpplint' to check C / C++ code against the Google style
-- Configured cpplint exclude dirs and/or files: 
-- Added test 'lint_cmake' to check CMake code style
-- Added test 'uncrustify' to check C / C++ code style
-- Configured uncrustify additional arguments: 
-- Added test 'xmllint' to check XML markup files
-- Configuring done
-- Generating done
-- Build files have been written to: /home/theanh/ros2_ws1/build/ethercat_manager
[35m[1mConsolidate compiler generated dependencies of target ethercat_sdo_srv_server[0m
[ 50%] [32mBuilding CXX object CMakeFiles/ethercat_sdo_srv_server.dir/src/ethercat_sdo_srv_server.cpp.o[0m
[100%] [32m[1mLinking CXX executable ethercat_sdo_srv_server[0m
[100%] Built target ethercat_sdo_srv_server
-- Install configuration: ""
-- Execute custom install script
-- Up-to-date symlink: /home/theanh/ros2_ws1/install/ethercat_manager/lib/ethercat_manager/ethercat_sdo_srv_server
-- Up-to-date symlink: /home/theanh/ros2_ws1/install/ethercat_manager/share/ethercat_manager/environment/library_path.sh
-- Up-to-date symlink: /home/theanh/ros2_ws1/install/ethercat_manager/share/ethercat_manager/environment/library_path.dsv
-- Up-to-date symlink: /home/theanh/ros2_ws1/install/ethercat_manager/share/ament_index/resource_index/package_run_dependencies/ethercat_manager
-- Up-to-date symlink: /home/theanh/ros2_ws1/install/ethercat_manager/share/ament_index/resource_index/parent_prefix_path/ethercat_manager
-- Up-to-date symlink: /home/theanh/ros2_ws1/install/ethercat_manager/share/ethercat_manager/environment/ament_prefix_path.sh
-- Up-to-date symlink: /home/theanh/ros2_ws1/install/ethercat_manager/share/ethercat_manager/environment/ament_prefix_path.dsv
-- Up-to-date symlink: /home/theanh/ros2_ws1/install/ethercat_manager/share/ethercat_manager/environment/path.sh
-- Up-to-date symlink: /home/theanh/ros2_ws1/install/ethercat_manager/share/ethercat_manager/environment/path.dsv
-- Up-to-date symlink: /home/theanh/ros2_ws1/install/ethercat_manager/share/ethercat_manager/local_setup.bash
-- Up-to-date symlink: /home/theanh/ros2_ws1/install/ethercat_manager/share/ethercat_manager/local_setup.sh
-- Up-to-date symlink: /home/theanh/ros2_ws1/install/ethercat_manager/share/ethercat_manager/local_setup.zsh
-- Up-to-date symlink: /home/theanh/ros2_ws1/install/ethercat_manager/share/ethercat_manager/local_setup.dsv
-- Symlinking: /home/theanh/ros2_ws1/install/ethercat_manager/share/ethercat_manager/package.dsv
-- Up-to-date symlink: /home/theanh/ros2_ws1/install/ethercat_manager/share/ament_index/resource_index/packages/ethercat_manager
-- Up-to-date symlink: /home/theanh/ros2_ws1/install/ethercat_manager/share/ethercat_manager/cmake/ament_cmake_export_include_directories-extras.cmake
-- Up-to-date symlink: /home/theanh/ros2_ws1/install/ethercat_manager/share/ethercat_manager/cmake/ament_cmake_export_libraries-extras.cmake
-- Up-to-date symlink: /home/theanh/ros2_ws1/install/ethercat_manager/share/ethercat_manager/cmake/ament_cmake_export_dependencies-extras.cmake
-- Up-to-date symlink: /home/theanh/ros2_ws1/install/ethercat_manager/share/ethercat_manager/cmake/ethercat_managerConfig.cmake
-- Up-to-date symlink: /home/theanh/ros2_ws1/install/ethercat_manager/share/ethercat_manager/cmake/ethercat_managerConfig-version.cmake
-- Up-to-date symlink: /home/theanh/ros2_ws1/install/ethercat_manager/share/ethercat_manager/package.xml
