[0.048s] Invoking command in '/home/theanh/ros2_ws1/build/ethercat_manager': AMENT_PREFIX_PATH=/home/theanh/ros2_ws1/install/ethercat_msgs:${AMENT_PREFIX_PATH} CMAKE_PREFIX_PATH=/home/theanh/ros2_ws1/install/ethercat_msgs:/home/theanh/gui_rviz2_qt5/install/gui_agv:/home/theanh/can_example_ws/install/canopen_tests:/home/theanh/can_example_ws/install/canopen_ros2_controllers:/home/theanh/can_example_ws/install/canopen_ros2_control:/home/theanh/can_example_ws/install/canopen:/home/theanh/can_example_ws/install/canopen_402_driver:/home/theanh/can_example_ws/install/canopen_proxy_driver:/home/theanh/can_example_ws/install/canopen_master_driver:/home/theanh/can_example_ws/install/canopen_fake_slaves:/home/theanh/can_example_ws/install/canopen_base_driver:/home/theanh/can_example_ws/install/canopen_core:/home/theanh/can_example_ws/install/lely_core_libraries:/home/theanh/can_example_ws/install/canopen_interfaces:/home/theanh/agv_test_ws/install/sllidar_ros2:/home/theanh/agv_test_ws/install/agv_test_pkg:/home/theanh/mobile_rb_ws/install/sam_bot_description:/home/theanh/mobile_rb_ws/install/nav2_straightline_planner:/home/theanh/mobile_rb_ws/install/nav2_gradient_costmap_plugin:/home/theanh/mobile_rb_ws/install/nav2_costmap_filters_demo:/home/theanh/mobile_rb_ws/install/custom_nav2_costmap_plugin:/home/theanh/mobile_rb_ws/install/articubot_one:/home/theanh/can_example_ws/install/canopen_utils:/home/theanh/mobile_rb_ws/install/nav2_gps_waypoint_follower_demo:/opt/ros/humble LD_LIBRARY_PATH=/home/theanh/ros2_ws1/install/ethercat_msgs/lib:${LD_LIBRARY_PATH} PYTHONPATH=/home/theanh/ros2_ws1/install/ethercat_msgs/local/lib/python3.10/dist-packages:${PYTHONPATH} /usr/bin/cmake --build /home/theanh/ros2_ws1/build/ethercat_manager -- -j15 -l15
[0.200s] -- Found ament_cmake: 1.3.14 (/opt/ros/humble/share/ament_cmake/cmake)
[0.372s] -- Override CMake install command with custom implementation using symlinks instead of copying resources
[0.418s] -- Found rclcpp: 16.0.19 (/opt/ros/humble/share/rclcpp/cmake)
[0.456s] -- Found rosidl_generator_c: 3.1.8 (/opt/ros/humble/share/rosidl_generator_c/cmake)
[0.459s] -- Found rosidl_adapter: 3.1.8 (/opt/ros/humble/share/rosidl_adapter/cmake)
[0.466s] -- Found rosidl_generator_cpp: 3.1.8 (/opt/ros/humble/share/rosidl_generator_cpp/cmake)
[0.477s] -- Using all available rosidl_typesupport_c: rosidl_typesupport_fastrtps_c;rosidl_typesupport_introspection_c
[0.491s] -- Using all available rosidl_typesupport_cpp: rosidl_typesupport_fastrtps_cpp;rosidl_typesupport_introspection_cpp
[0.525s] -- Found rmw_implementation_cmake: 6.1.2 (/opt/ros/humble/share/rmw_implementation_cmake/cmake)
[0.528s] -- Found rmw_fastrtps_cpp: 6.2.10 (/opt/ros/humble/share/rmw_fastrtps_cpp/cmake)
[0.698s] -- Using RMW implementation 'rmw_fastrtps_cpp' as default
[0.756s] -- Found ethercat_msgs: 1.2.0 (/home/theanh/ros2_ws1/install/ethercat_msgs/share/ethercat_msgs/cmake)
[0.843s] -- Found ament_lint_auto: 0.12.15 (/opt/ros/humble/share/ament_lint_auto/cmake)
[0.999s] -- Added test 'copyright' to check source files copyright and LICENSE
[1.000s] -- Added test 'cppcheck' to perform static code analysis on C / C++ code
[1.000s] -- Configured cppcheck include dirs: /home/theanh/ros2_ws1/src/ethercat_driver_ros2/ethercat_manager/include
[1.000s] -- Configured cppcheck exclude dirs and/or files: 
[1.001s] -- Added test 'cpplint' to check C / C++ code against the Google style
[1.001s] -- Configured cpplint exclude dirs and/or files: 
[1.002s] -- Added test 'lint_cmake' to check CMake code style
[1.003s] -- Added test 'uncrustify' to check C / C++ code style
[1.003s] -- Configured uncrustify additional arguments: 
[1.003s] -- Added test 'xmllint' to check XML markup files
[1.043s] -- Configuring done
[1.202s] -- Generating done
[1.210s] -- Build files have been written to: /home/theanh/ros2_ws1/build/ethercat_manager
[1.372s] [35m[1mConsolidate compiler generated dependencies of target ethercat_sdo_srv_server[0m
[1.396s] [ 50%] [32mBuilding CXX object CMakeFiles/ethercat_sdo_srv_server.dir/src/ethercat_sdo_srv_server.cpp.o[0m
[6.894s] [100%] [32m[1mLinking CXX executable ethercat_sdo_srv_server[0m
[7.140s] [100%] Built target ethercat_sdo_srv_server
[7.157s] Invoked command in '/home/theanh/ros2_ws1/build/ethercat_manager' returned '0': AMENT_PREFIX_PATH=/home/theanh/ros2_ws1/install/ethercat_msgs:${AMENT_PREFIX_PATH} CMAKE_PREFIX_PATH=/home/theanh/ros2_ws1/install/ethercat_msgs:/home/theanh/gui_rviz2_qt5/install/gui_agv:/home/theanh/can_example_ws/install/canopen_tests:/home/theanh/can_example_ws/install/canopen_ros2_controllers:/home/theanh/can_example_ws/install/canopen_ros2_control:/home/theanh/can_example_ws/install/canopen:/home/theanh/can_example_ws/install/canopen_402_driver:/home/theanh/can_example_ws/install/canopen_proxy_driver:/home/theanh/can_example_ws/install/canopen_master_driver:/home/theanh/can_example_ws/install/canopen_fake_slaves:/home/theanh/can_example_ws/install/canopen_base_driver:/home/theanh/can_example_ws/install/canopen_core:/home/theanh/can_example_ws/install/lely_core_libraries:/home/theanh/can_example_ws/install/canopen_interfaces:/home/theanh/agv_test_ws/install/sllidar_ros2:/home/theanh/agv_test_ws/install/agv_test_pkg:/home/theanh/mobile_rb_ws/install/sam_bot_description:/home/theanh/mobile_rb_ws/install/nav2_straightline_planner:/home/theanh/mobile_rb_ws/install/nav2_gradient_costmap_plugin:/home/theanh/mobile_rb_ws/install/nav2_costmap_filters_demo:/home/theanh/mobile_rb_ws/install/custom_nav2_costmap_plugin:/home/theanh/mobile_rb_ws/install/articubot_one:/home/theanh/can_example_ws/install/canopen_utils:/home/theanh/mobile_rb_ws/install/nav2_gps_waypoint_follower_demo:/opt/ros/humble LD_LIBRARY_PATH=/home/theanh/ros2_ws1/install/ethercat_msgs/lib:${LD_LIBRARY_PATH} PYTHONPATH=/home/theanh/ros2_ws1/install/ethercat_msgs/local/lib/python3.10/dist-packages:${PYTHONPATH} /usr/bin/cmake --build /home/theanh/ros2_ws1/build/ethercat_manager -- -j15 -l15
[7.193s] Invoking command in '/home/theanh/ros2_ws1/build/ethercat_manager': AMENT_PREFIX_PATH=/home/theanh/ros2_ws1/install/ethercat_msgs:${AMENT_PREFIX_PATH} CMAKE_PREFIX_PATH=/home/theanh/ros2_ws1/install/ethercat_msgs:/home/theanh/gui_rviz2_qt5/install/gui_agv:/home/theanh/can_example_ws/install/canopen_tests:/home/theanh/can_example_ws/install/canopen_ros2_controllers:/home/theanh/can_example_ws/install/canopen_ros2_control:/home/theanh/can_example_ws/install/canopen:/home/theanh/can_example_ws/install/canopen_402_driver:/home/theanh/can_example_ws/install/canopen_proxy_driver:/home/theanh/can_example_ws/install/canopen_master_driver:/home/theanh/can_example_ws/install/canopen_fake_slaves:/home/theanh/can_example_ws/install/canopen_base_driver:/home/theanh/can_example_ws/install/canopen_core:/home/theanh/can_example_ws/install/lely_core_libraries:/home/theanh/can_example_ws/install/canopen_interfaces:/home/theanh/agv_test_ws/install/sllidar_ros2:/home/theanh/agv_test_ws/install/agv_test_pkg:/home/theanh/mobile_rb_ws/install/sam_bot_description:/home/theanh/mobile_rb_ws/install/nav2_straightline_planner:/home/theanh/mobile_rb_ws/install/nav2_gradient_costmap_plugin:/home/theanh/mobile_rb_ws/install/nav2_costmap_filters_demo:/home/theanh/mobile_rb_ws/install/custom_nav2_costmap_plugin:/home/theanh/mobile_rb_ws/install/articubot_one:/home/theanh/can_example_ws/install/canopen_utils:/home/theanh/mobile_rb_ws/install/nav2_gps_waypoint_follower_demo:/opt/ros/humble LD_LIBRARY_PATH=/home/theanh/ros2_ws1/install/ethercat_msgs/lib:${LD_LIBRARY_PATH} PYTHONPATH=/home/theanh/ros2_ws1/install/ethercat_msgs/local/lib/python3.10/dist-packages:${PYTHONPATH} /usr/bin/cmake --install /home/theanh/ros2_ws1/build/ethercat_manager
[7.205s] -- Install configuration: ""
[7.205s] -- Execute custom install script
[7.206s] -- Up-to-date symlink: /home/theanh/ros2_ws1/install/ethercat_manager/lib/ethercat_manager/ethercat_sdo_srv_server
[7.206s] -- Up-to-date symlink: /home/theanh/ros2_ws1/install/ethercat_manager/share/ethercat_manager/environment/library_path.sh
[7.206s] -- Up-to-date symlink: /home/theanh/ros2_ws1/install/ethercat_manager/share/ethercat_manager/environment/library_path.dsv
[7.206s] -- Up-to-date symlink: /home/theanh/ros2_ws1/install/ethercat_manager/share/ament_index/resource_index/package_run_dependencies/ethercat_manager
[7.207s] -- Up-to-date symlink: /home/theanh/ros2_ws1/install/ethercat_manager/share/ament_index/resource_index/parent_prefix_path/ethercat_manager
[7.207s] -- Up-to-date symlink: /home/theanh/ros2_ws1/install/ethercat_manager/share/ethercat_manager/environment/ament_prefix_path.sh
[7.207s] -- Up-to-date symlink: /home/theanh/ros2_ws1/install/ethercat_manager/share/ethercat_manager/environment/ament_prefix_path.dsv
[7.207s] -- Up-to-date symlink: /home/theanh/ros2_ws1/install/ethercat_manager/share/ethercat_manager/environment/path.sh
[7.207s] -- Up-to-date symlink: /home/theanh/ros2_ws1/install/ethercat_manager/share/ethercat_manager/environment/path.dsv
[7.208s] -- Up-to-date symlink: /home/theanh/ros2_ws1/install/ethercat_manager/share/ethercat_manager/local_setup.bash
[7.208s] -- Up-to-date symlink: /home/theanh/ros2_ws1/install/ethercat_manager/share/ethercat_manager/local_setup.sh
[7.208s] -- Up-to-date symlink: /home/theanh/ros2_ws1/install/ethercat_manager/share/ethercat_manager/local_setup.zsh
[7.208s] -- Up-to-date symlink: /home/theanh/ros2_ws1/install/ethercat_manager/share/ethercat_manager/local_setup.dsv
[7.208s] -- Symlinking: /home/theanh/ros2_ws1/install/ethercat_manager/share/ethercat_manager/package.dsv
[7.222s] -- Up-to-date symlink: /home/theanh/ros2_ws1/install/ethercat_manager/share/ament_index/resource_index/packages/ethercat_manager
[7.223s] -- Up-to-date symlink: /home/theanh/ros2_ws1/install/ethercat_manager/share/ethercat_manager/cmake/ament_cmake_export_include_directories-extras.cmake
[7.223s] -- Up-to-date symlink: /home/theanh/ros2_ws1/install/ethercat_manager/share/ethercat_manager/cmake/ament_cmake_export_libraries-extras.cmake
[7.223s] -- Up-to-date symlink: /home/theanh/ros2_ws1/install/ethercat_manager/share/ethercat_manager/cmake/ament_cmake_export_dependencies-extras.cmake
[7.223s] -- Up-to-date symlink: /home/theanh/ros2_ws1/install/ethercat_manager/share/ethercat_manager/cmake/ethercat_managerConfig.cmake
[7.223s] -- Up-to-date symlink: /home/theanh/ros2_ws1/install/ethercat_manager/share/ethercat_manager/cmake/ethercat_managerConfig-version.cmake
[7.223s] -- Up-to-date symlink: /home/theanh/ros2_ws1/install/ethercat_manager/share/ethercat_manager/package.xml
[7.226s] Invoked command in '/home/theanh/ros2_ws1/build/ethercat_manager' returned '0': AMENT_PREFIX_PATH=/home/theanh/ros2_ws1/install/ethercat_msgs:${AMENT_PREFIX_PATH} CMAKE_PREFIX_PATH=/home/theanh/ros2_ws1/install/ethercat_msgs:/home/theanh/gui_rviz2_qt5/install/gui_agv:/home/theanh/can_example_ws/install/canopen_tests:/home/theanh/can_example_ws/install/canopen_ros2_controllers:/home/theanh/can_example_ws/install/canopen_ros2_control:/home/theanh/can_example_ws/install/canopen:/home/theanh/can_example_ws/install/canopen_402_driver:/home/theanh/can_example_ws/install/canopen_proxy_driver:/home/theanh/can_example_ws/install/canopen_master_driver:/home/theanh/can_example_ws/install/canopen_fake_slaves:/home/theanh/can_example_ws/install/canopen_base_driver:/home/theanh/can_example_ws/install/canopen_core:/home/theanh/can_example_ws/install/lely_core_libraries:/home/theanh/can_example_ws/install/canopen_interfaces:/home/theanh/agv_test_ws/install/sllidar_ros2:/home/theanh/agv_test_ws/install/agv_test_pkg:/home/theanh/mobile_rb_ws/install/sam_bot_description:/home/theanh/mobile_rb_ws/install/nav2_straightline_planner:/home/theanh/mobile_rb_ws/install/nav2_gradient_costmap_plugin:/home/theanh/mobile_rb_ws/install/nav2_costmap_filters_demo:/home/theanh/mobile_rb_ws/install/custom_nav2_costmap_plugin:/home/theanh/mobile_rb_ws/install/articubot_one:/home/theanh/can_example_ws/install/canopen_utils:/home/theanh/mobile_rb_ws/install/nav2_gps_waypoint_follower_demo:/opt/ros/humble LD_LIBRARY_PATH=/home/theanh/ros2_ws1/install/ethercat_msgs/lib:${LD_LIBRARY_PATH} PYTHONPATH=/home/theanh/ros2_ws1/install/ethercat_msgs/local/lib/python3.10/dist-packages:${PYTHONPATH} /usr/bin/cmake --install /home/theanh/ros2_ws1/build/ethercat_manager
