[0.014s] Invoking command in '/home/theanh/ros2_ws1/build/ethercat_generic_slave': CMAKE_PREFIX_PATH=/home/theanh/ros2_ws1/install/ethercat_interface:/home/theanh/ros2_ws1/install/ros2_qt1_demo:/home/theanh/ros2_ws1/install/ethercat_manager:/home/theanh/ros2_ws1/install/ethercat_msgs:/home/theanh/ros2_ws1/install/ethercat_generic_cia402_drive:/home/theanh/ros2_ws1/install/ethercat_generic_slave:/home/theanh/ros2_ws1/install/ethercat_driver_ros2:/home/theanh/ros2_ws1/install/ethercat_driver:/home/theanh/ros2_ws1/install/control_one_motor_pkg_ex:/home/theanh/gui_rviz2_qt5/install/gui_agv:/home/theanh/can_example_ws/install/canopen_tests:/home/theanh/can_example_ws/install/canopen_ros2_controllers:/home/theanh/can_example_ws/install/canopen_ros2_control:/home/theanh/can_example_ws/install/canopen:/home/theanh/can_example_ws/install/canopen_402_driver:/home/theanh/can_example_ws/install/canopen_proxy_driver:/home/theanh/can_example_ws/install/canopen_master_driver:/home/theanh/can_example_ws/install/canopen_fake_slaves:/home/theanh/can_example_ws/install/canopen_base_driver:/home/theanh/can_example_ws/install/canopen_core:/home/theanh/can_example_ws/install/lely_core_libraries:/home/theanh/can_example_ws/install/canopen_interfaces:/home/theanh/agv_test_ws/install/sllidar_ros2:/home/theanh/agv_test_ws/install/agv_test_pkg:/home/theanh/mobile_rb_ws/install/sam_bot_description:/home/theanh/mobile_rb_ws/install/nav2_straightline_planner:/home/theanh/mobile_rb_ws/install/nav2_gradient_costmap_plugin:/home/theanh/mobile_rb_ws/install/nav2_costmap_filters_demo:/home/theanh/mobile_rb_ws/install/custom_nav2_costmap_plugin:/home/theanh/mobile_rb_ws/install/articubot_one:/home/theanh/can_example_ws/install/canopen_utils:/home/theanh/mobile_rb_ws/install/nav2_gps_waypoint_follower_demo:/opt/ros/humble LD_LIBRARY_PATH=/home/theanh/ros2_ws1/install/ethercat_interface/lib:/home/theanh/ros2_ws1/install/ethercat_manager/lib:/home/theanh/ros2_ws1/install/ethercat_msgs/lib:/home/theanh/ros2_ws1/install/ethercat_generic_cia402_drive/lib:/home/theanh/ros2_ws1/install/ethercat_generic_slave/lib:/home/theanh/ros2_ws1/install/ethercat_driver/lib:/home/theanh/can_example_ws/install/canopen_ros2_controllers/lib:/home/theanh/can_example_ws/install/canopen_ros2_control/lib:/home/theanh/can_example_ws/install/canopen_402_driver/lib:/home/theanh/can_example_ws/install/canopen_proxy_driver/lib:/home/theanh/can_example_ws/install/canopen_master_driver/lib:/home/theanh/can_example_ws/install/canopen_base_driver/lib:/home/theanh/can_example_ws/install/canopen_core/lib:/home/theanh/can_example_ws/install/lely_core_libraries/lib:/home/theanh/can_example_ws/install/canopen_interfaces/lib:/home/theanh/mobile_rb_ws/install/nav2_straightline_planner/lib:/home/theanh/mobile_rb_ws/install/nav2_gradient_costmap_plugin/lib:/home/theanh/mobile_rb_ws/install/custom_nav2_costmap_plugin/lib:/usr/lib/x86_64-linux-gnu/gazebo-11/plugins:/opt/ros/humble/opt/rviz_ogre_vendor/lib:/opt/ros/humble/lib/x86_64-linux-gnu:/opt/ros/humble/lib /usr/bin/cmake /home/theanh/ros2_ws1/src/ethercat_driver_ros2/ethercat_generic_plugins/ethercat_generic_slave -DAMENT_CMAKE_SYMLINK_INSTALL=1 -DCMAKE_INSTALL_PREFIX=/home/theanh/ros2_ws1/install/ethercat_generic_slave
[0.075s] -- The C compiler identification is GNU 11.4.0
[0.127s] -- The CXX compiler identification is GNU 11.4.0
[0.134s] -- Detecting C compiler ABI info
[0.212s] -- Detecting C compiler ABI info - done
[0.222s] -- Check for working C compiler: /usr/bin/cc - skipped
[0.222s] -- Detecting C compile features
[0.222s] -- Detecting C compile features - done
[0.225s] -- Detecting CXX compiler ABI info
[0.322s] -- Detecting CXX compiler ABI info - done
[0.329s] -- Check for working CXX compiler: /usr/bin/c++ - skipped
[0.329s] -- Detecting CXX compile features
[0.329s] -- Detecting CXX compile features - done
[0.335s] -- Found ament_cmake: 1.3.13 (/opt/ros/humble/share/ament_cmake/cmake)
[0.495s] -- Found Python3: /usr/bin/python3 (found version "3.10.12") found components: Interpreter 
[0.566s] -- Override CMake install command with custom implementation using symlinks instead of copying resources
[0.636s] -- Found ament_cmake_ros: 0.10.0 (/opt/ros/humble/share/ament_cmake_ros/cmake)
[0.651s] -- Found ethercat_interface: 1.2.0 (/home/theanh/ros2_ws1/install/ethercat_interface/share/ethercat_interface/cmake)
[0.734s] -- Found rosidl_generator_c: 3.1.8 (/opt/ros/humble/share/rosidl_generator_c/cmake)
[0.745s] -- Found rosidl_adapter: 3.1.8 (/opt/ros/humble/share/rosidl_adapter/cmake)
[0.759s] -- Found rosidl_generator_cpp: 3.1.8 (/opt/ros/humble/share/rosidl_generator_cpp/cmake)
[0.777s] -- Using all available rosidl_typesupport_c: rosidl_typesupport_fastrtps_c;rosidl_typesupport_introspection_c
[0.803s] -- Using all available rosidl_typesupport_cpp: rosidl_typesupport_fastrtps_cpp;rosidl_typesupport_introspection_cpp
[0.871s] -- Found rmw_implementation_cmake: 6.1.2 (/opt/ros/humble/share/rmw_implementation_cmake/cmake)
[0.877s] -- Found rmw_fastrtps_cpp: 6.2.10 (/opt/ros/humble/share/rmw_fastrtps_cpp/cmake)
[1.003s] -- Found OpenSSL: /usr/lib/x86_64-linux-gnu/libcrypto.so (found version "3.0.2")  
[1.041s] -- Found FastRTPS: /opt/ros/humble/include  
[1.093s] -- Using RMW implementation 'rmw_fastrtps_cpp' as default
[1.110s] -- Looking for pthread.h
[1.192s] -- Looking for pthread.h - found
[1.192s] -- Performing Test CMAKE_HAVE_LIBC_PTHREAD
[1.275s] -- Performing Test CMAKE_HAVE_LIBC_PTHREAD - Success
[1.276s] -- Found Threads: TRUE  
[1.339s] -- Found pluginlib: 5.1.3 (/opt/ros/humble/share/pluginlib/cmake)
[1.385s] -- Found yaml_cpp_vendor: 8.0.2 (/opt/ros/humble/share/yaml_cpp_vendor/cmake)
[1.400s] -- Found ament_lint_auto: 0.12.15 (/opt/ros/humble/share/ament_lint_auto/cmake)
[1.527s] -- Found gmock sources under '/opt/ros/humble/src/gmock_vendor': C++ tests using 'Google Mock' will be built
[1.536s] -- Found gtest sources under '/opt/ros/humble/src/gtest_vendor': C++ tests using 'Google Test' will be built
[1.551s] -- Added test 'copyright' to check source files copyright and LICENSE
[1.552s] -- Added test 'cppcheck' to perform static code analysis on C / C++ code
[1.553s] -- Configured cppcheck include dirs: $<BUILD_INTERFACE:/home/theanh/ros2_ws1/src/ethercat_driver_ros2/ethercat_generic_plugins/ethercat_generic_slave/include>;/home/theanh/ros2_ws1/src/ethercat_driver_ros2/ethercat_generic_plugins/ethercat_generic_slave/include
[1.553s] -- Configured cppcheck exclude dirs and/or files: 
[1.554s] -- Added test 'cpplint' to check C / C++ code against the Google style
[1.554s] -- Configured cpplint exclude dirs and/or files: 
[1.555s] -- Added test 'lint_cmake' to check CMake code style
[1.557s] -- Added test 'uncrustify' to check C / C++ code style
[1.557s] -- Configured uncrustify additional arguments: 
[1.558s] -- Added test 'xmllint' to check XML markup files
[1.563s] -- Configuring done
[1.601s] -- Generating done
[1.608s] -- Build files have been written to: /home/theanh/ros2_ws1/build/ethercat_generic_slave
[1.622s] Invoked command in '/home/theanh/ros2_ws1/build/ethercat_generic_slave' returned '0': CMAKE_PREFIX_PATH=/home/theanh/ros2_ws1/install/ethercat_interface:/home/theanh/ros2_ws1/install/ros2_qt1_demo:/home/theanh/ros2_ws1/install/ethercat_manager:/home/theanh/ros2_ws1/install/ethercat_msgs:/home/theanh/ros2_ws1/install/ethercat_generic_cia402_drive:/home/theanh/ros2_ws1/install/ethercat_generic_slave:/home/theanh/ros2_ws1/install/ethercat_driver_ros2:/home/theanh/ros2_ws1/install/ethercat_driver:/home/theanh/ros2_ws1/install/control_one_motor_pkg_ex:/home/theanh/gui_rviz2_qt5/install/gui_agv:/home/theanh/can_example_ws/install/canopen_tests:/home/theanh/can_example_ws/install/canopen_ros2_controllers:/home/theanh/can_example_ws/install/canopen_ros2_control:/home/theanh/can_example_ws/install/canopen:/home/theanh/can_example_ws/install/canopen_402_driver:/home/theanh/can_example_ws/install/canopen_proxy_driver:/home/theanh/can_example_ws/install/canopen_master_driver:/home/theanh/can_example_ws/install/canopen_fake_slaves:/home/theanh/can_example_ws/install/canopen_base_driver:/home/theanh/can_example_ws/install/canopen_core:/home/theanh/can_example_ws/install/lely_core_libraries:/home/theanh/can_example_ws/install/canopen_interfaces:/home/theanh/agv_test_ws/install/sllidar_ros2:/home/theanh/agv_test_ws/install/agv_test_pkg:/home/theanh/mobile_rb_ws/install/sam_bot_description:/home/theanh/mobile_rb_ws/install/nav2_straightline_planner:/home/theanh/mobile_rb_ws/install/nav2_gradient_costmap_plugin:/home/theanh/mobile_rb_ws/install/nav2_costmap_filters_demo:/home/theanh/mobile_rb_ws/install/custom_nav2_costmap_plugin:/home/theanh/mobile_rb_ws/install/articubot_one:/home/theanh/can_example_ws/install/canopen_utils:/home/theanh/mobile_rb_ws/install/nav2_gps_waypoint_follower_demo:/opt/ros/humble LD_LIBRARY_PATH=/home/theanh/ros2_ws1/install/ethercat_interface/lib:/home/theanh/ros2_ws1/install/ethercat_manager/lib:/home/theanh/ros2_ws1/install/ethercat_msgs/lib:/home/theanh/ros2_ws1/install/ethercat_generic_cia402_drive/lib:/home/theanh/ros2_ws1/install/ethercat_generic_slave/lib:/home/theanh/ros2_ws1/install/ethercat_driver/lib:/home/theanh/can_example_ws/install/canopen_ros2_controllers/lib:/home/theanh/can_example_ws/install/canopen_ros2_control/lib:/home/theanh/can_example_ws/install/canopen_402_driver/lib:/home/theanh/can_example_ws/install/canopen_proxy_driver/lib:/home/theanh/can_example_ws/install/canopen_master_driver/lib:/home/theanh/can_example_ws/install/canopen_base_driver/lib:/home/theanh/can_example_ws/install/canopen_core/lib:/home/theanh/can_example_ws/install/lely_core_libraries/lib:/home/theanh/can_example_ws/install/canopen_interfaces/lib:/home/theanh/mobile_rb_ws/install/nav2_straightline_planner/lib:/home/theanh/mobile_rb_ws/install/nav2_gradient_costmap_plugin/lib:/home/theanh/mobile_rb_ws/install/custom_nav2_costmap_plugin/lib:/usr/lib/x86_64-linux-gnu/gazebo-11/plugins:/opt/ros/humble/opt/rviz_ogre_vendor/lib:/opt/ros/humble/lib/x86_64-linux-gnu:/opt/ros/humble/lib /usr/bin/cmake /home/theanh/ros2_ws1/src/ethercat_driver_ros2/ethercat_generic_plugins/ethercat_generic_slave -DAMENT_CMAKE_SYMLINK_INSTALL=1 -DCMAKE_INSTALL_PREFIX=/home/theanh/ros2_ws1/install/ethercat_generic_slave
[1.624s] Invoking command in '/home/theanh/ros2_ws1/build/ethercat_generic_slave': CMAKE_PREFIX_PATH=/home/theanh/ros2_ws1/install/ethercat_interface:/home/theanh/ros2_ws1/install/ros2_qt1_demo:/home/theanh/ros2_ws1/install/ethercat_manager:/home/theanh/ros2_ws1/install/ethercat_msgs:/home/theanh/ros2_ws1/install/ethercat_generic_cia402_drive:/home/theanh/ros2_ws1/install/ethercat_generic_slave:/home/theanh/ros2_ws1/install/ethercat_driver_ros2:/home/theanh/ros2_ws1/install/ethercat_driver:/home/theanh/ros2_ws1/install/control_one_motor_pkg_ex:/home/theanh/gui_rviz2_qt5/install/gui_agv:/home/theanh/can_example_ws/install/canopen_tests:/home/theanh/can_example_ws/install/canopen_ros2_controllers:/home/theanh/can_example_ws/install/canopen_ros2_control:/home/theanh/can_example_ws/install/canopen:/home/theanh/can_example_ws/install/canopen_402_driver:/home/theanh/can_example_ws/install/canopen_proxy_driver:/home/theanh/can_example_ws/install/canopen_master_driver:/home/theanh/can_example_ws/install/canopen_fake_slaves:/home/theanh/can_example_ws/install/canopen_base_driver:/home/theanh/can_example_ws/install/canopen_core:/home/theanh/can_example_ws/install/lely_core_libraries:/home/theanh/can_example_ws/install/canopen_interfaces:/home/theanh/agv_test_ws/install/sllidar_ros2:/home/theanh/agv_test_ws/install/agv_test_pkg:/home/theanh/mobile_rb_ws/install/sam_bot_description:/home/theanh/mobile_rb_ws/install/nav2_straightline_planner:/home/theanh/mobile_rb_ws/install/nav2_gradient_costmap_plugin:/home/theanh/mobile_rb_ws/install/nav2_costmap_filters_demo:/home/theanh/mobile_rb_ws/install/custom_nav2_costmap_plugin:/home/theanh/mobile_rb_ws/install/articubot_one:/home/theanh/can_example_ws/install/canopen_utils:/home/theanh/mobile_rb_ws/install/nav2_gps_waypoint_follower_demo:/opt/ros/humble LD_LIBRARY_PATH=/home/theanh/ros2_ws1/install/ethercat_interface/lib:/home/theanh/ros2_ws1/install/ethercat_manager/lib:/home/theanh/ros2_ws1/install/ethercat_msgs/lib:/home/theanh/ros2_ws1/install/ethercat_generic_cia402_drive/lib:/home/theanh/ros2_ws1/install/ethercat_generic_slave/lib:/home/theanh/ros2_ws1/install/ethercat_driver/lib:/home/theanh/can_example_ws/install/canopen_ros2_controllers/lib:/home/theanh/can_example_ws/install/canopen_ros2_control/lib:/home/theanh/can_example_ws/install/canopen_402_driver/lib:/home/theanh/can_example_ws/install/canopen_proxy_driver/lib:/home/theanh/can_example_ws/install/canopen_master_driver/lib:/home/theanh/can_example_ws/install/canopen_base_driver/lib:/home/theanh/can_example_ws/install/canopen_core/lib:/home/theanh/can_example_ws/install/lely_core_libraries/lib:/home/theanh/can_example_ws/install/canopen_interfaces/lib:/home/theanh/mobile_rb_ws/install/nav2_straightline_planner/lib:/home/theanh/mobile_rb_ws/install/nav2_gradient_costmap_plugin/lib:/home/theanh/mobile_rb_ws/install/custom_nav2_costmap_plugin/lib:/usr/lib/x86_64-linux-gnu/gazebo-11/plugins:/opt/ros/humble/opt/rviz_ogre_vendor/lib:/opt/ros/humble/lib/x86_64-linux-gnu:/opt/ros/humble/lib /usr/bin/cmake --build /home/theanh/ros2_ws1/build/ethercat_generic_slave -- -j16 -l16
[1.687s] [ 36%] [32mBuilding CXX object gmock/CMakeFiles/gmock_main.dir/src/gmock_main.cc.o[0m
[1.687s] [ 36%] [32mBuilding CXX object CMakeFiles/ethercat_generic_slave.dir/src/generic_ec_slave.cpp.o[0m
[1.687s] [ 36%] [32mBuilding CXX object gmock/CMakeFiles/gmock.dir/opt/ros/humble/src/gtest_vendor/src/gtest-all.cc.o[0m
[1.687s] [ 36%] [32mBuilding CXX object gmock/CMakeFiles/gmock.dir/src/gmock-all.cc.o[0m
[2.828s] [ 45%] [32m[1mLinking CXX static library libgmock_main.a[0m
[2.899s] [ 45%] Built target gmock_main
[3.409s] [ 54%] [32m[1mLinking CXX shared library libethercat_generic_slave.so[0m
[3.532s] [ 54%] Built target ethercat_generic_slave
[4.306s] [ 63%] [32m[1mLinking CXX static library libgmock.a[0m
[4.403s] [ 63%] Built target gmock
[4.427s] [ 81%] [32mBuilding CXX object CMakeFiles/test_load_generic_plugins.dir/test/test_load_ec_modules.cpp.o[0m
[4.427s] [ 81%] [32mBuilding CXX object CMakeFiles/test_generic_ec_slave.dir/test/test_generic_ec_slave.cpp.o[0m
[6.525s] [ 90%] [32m[1mLinking CXX executable test_generic_ec_slave[0m
[6.718s] [ 90%] Built target test_generic_ec_slave
[7.237s] [100%] [32m[1mLinking CXX executable test_load_generic_plugins[0m
[7.441s] [100%] Built target test_load_generic_plugins
[7.452s] Invoked command in '/home/theanh/ros2_ws1/build/ethercat_generic_slave' returned '0': CMAKE_PREFIX_PATH=/home/theanh/ros2_ws1/install/ethercat_interface:/home/theanh/ros2_ws1/install/ros2_qt1_demo:/home/theanh/ros2_ws1/install/ethercat_manager:/home/theanh/ros2_ws1/install/ethercat_msgs:/home/theanh/ros2_ws1/install/ethercat_generic_cia402_drive:/home/theanh/ros2_ws1/install/ethercat_generic_slave:/home/theanh/ros2_ws1/install/ethercat_driver_ros2:/home/theanh/ros2_ws1/install/ethercat_driver:/home/theanh/ros2_ws1/install/control_one_motor_pkg_ex:/home/theanh/gui_rviz2_qt5/install/gui_agv:/home/theanh/can_example_ws/install/canopen_tests:/home/theanh/can_example_ws/install/canopen_ros2_controllers:/home/theanh/can_example_ws/install/canopen_ros2_control:/home/theanh/can_example_ws/install/canopen:/home/theanh/can_example_ws/install/canopen_402_driver:/home/theanh/can_example_ws/install/canopen_proxy_driver:/home/theanh/can_example_ws/install/canopen_master_driver:/home/theanh/can_example_ws/install/canopen_fake_slaves:/home/theanh/can_example_ws/install/canopen_base_driver:/home/theanh/can_example_ws/install/canopen_core:/home/theanh/can_example_ws/install/lely_core_libraries:/home/theanh/can_example_ws/install/canopen_interfaces:/home/theanh/agv_test_ws/install/sllidar_ros2:/home/theanh/agv_test_ws/install/agv_test_pkg:/home/theanh/mobile_rb_ws/install/sam_bot_description:/home/theanh/mobile_rb_ws/install/nav2_straightline_planner:/home/theanh/mobile_rb_ws/install/nav2_gradient_costmap_plugin:/home/theanh/mobile_rb_ws/install/nav2_costmap_filters_demo:/home/theanh/mobile_rb_ws/install/custom_nav2_costmap_plugin:/home/theanh/mobile_rb_ws/install/articubot_one:/home/theanh/can_example_ws/install/canopen_utils:/home/theanh/mobile_rb_ws/install/nav2_gps_waypoint_follower_demo:/opt/ros/humble LD_LIBRARY_PATH=/home/theanh/ros2_ws1/install/ethercat_interface/lib:/home/theanh/ros2_ws1/install/ethercat_manager/lib:/home/theanh/ros2_ws1/install/ethercat_msgs/lib:/home/theanh/ros2_ws1/install/ethercat_generic_cia402_drive/lib:/home/theanh/ros2_ws1/install/ethercat_generic_slave/lib:/home/theanh/ros2_ws1/install/ethercat_driver/lib:/home/theanh/can_example_ws/install/canopen_ros2_controllers/lib:/home/theanh/can_example_ws/install/canopen_ros2_control/lib:/home/theanh/can_example_ws/install/canopen_402_driver/lib:/home/theanh/can_example_ws/install/canopen_proxy_driver/lib:/home/theanh/can_example_ws/install/canopen_master_driver/lib:/home/theanh/can_example_ws/install/canopen_base_driver/lib:/home/theanh/can_example_ws/install/canopen_core/lib:/home/theanh/can_example_ws/install/lely_core_libraries/lib:/home/theanh/can_example_ws/install/canopen_interfaces/lib:/home/theanh/mobile_rb_ws/install/nav2_straightline_planner/lib:/home/theanh/mobile_rb_ws/install/nav2_gradient_costmap_plugin/lib:/home/theanh/mobile_rb_ws/install/custom_nav2_costmap_plugin/lib:/usr/lib/x86_64-linux-gnu/gazebo-11/plugins:/opt/ros/humble/opt/rviz_ogre_vendor/lib:/opt/ros/humble/lib/x86_64-linux-gnu:/opt/ros/humble/lib /usr/bin/cmake --build /home/theanh/ros2_ws1/build/ethercat_generic_slave -- -j16 -l16
[7.454s] Invoking command in '/home/theanh/ros2_ws1/build/ethercat_generic_slave': CMAKE_PREFIX_PATH=/home/theanh/ros2_ws1/install/ethercat_interface:/home/theanh/ros2_ws1/install/ros2_qt1_demo:/home/theanh/ros2_ws1/install/ethercat_manager:/home/theanh/ros2_ws1/install/ethercat_msgs:/home/theanh/ros2_ws1/install/ethercat_generic_cia402_drive:/home/theanh/ros2_ws1/install/ethercat_generic_slave:/home/theanh/ros2_ws1/install/ethercat_driver_ros2:/home/theanh/ros2_ws1/install/ethercat_driver:/home/theanh/ros2_ws1/install/control_one_motor_pkg_ex:/home/theanh/gui_rviz2_qt5/install/gui_agv:/home/theanh/can_example_ws/install/canopen_tests:/home/theanh/can_example_ws/install/canopen_ros2_controllers:/home/theanh/can_example_ws/install/canopen_ros2_control:/home/theanh/can_example_ws/install/canopen:/home/theanh/can_example_ws/install/canopen_402_driver:/home/theanh/can_example_ws/install/canopen_proxy_driver:/home/theanh/can_example_ws/install/canopen_master_driver:/home/theanh/can_example_ws/install/canopen_fake_slaves:/home/theanh/can_example_ws/install/canopen_base_driver:/home/theanh/can_example_ws/install/canopen_core:/home/theanh/can_example_ws/install/lely_core_libraries:/home/theanh/can_example_ws/install/canopen_interfaces:/home/theanh/agv_test_ws/install/sllidar_ros2:/home/theanh/agv_test_ws/install/agv_test_pkg:/home/theanh/mobile_rb_ws/install/sam_bot_description:/home/theanh/mobile_rb_ws/install/nav2_straightline_planner:/home/theanh/mobile_rb_ws/install/nav2_gradient_costmap_plugin:/home/theanh/mobile_rb_ws/install/nav2_costmap_filters_demo:/home/theanh/mobile_rb_ws/install/custom_nav2_costmap_plugin:/home/theanh/mobile_rb_ws/install/articubot_one:/home/theanh/can_example_ws/install/canopen_utils:/home/theanh/mobile_rb_ws/install/nav2_gps_waypoint_follower_demo:/opt/ros/humble LD_LIBRARY_PATH=/home/theanh/ros2_ws1/install/ethercat_interface/lib:/home/theanh/ros2_ws1/install/ethercat_manager/lib:/home/theanh/ros2_ws1/install/ethercat_msgs/lib:/home/theanh/ros2_ws1/install/ethercat_generic_cia402_drive/lib:/home/theanh/ros2_ws1/install/ethercat_generic_slave/lib:/home/theanh/ros2_ws1/install/ethercat_driver/lib:/home/theanh/can_example_ws/install/canopen_ros2_controllers/lib:/home/theanh/can_example_ws/install/canopen_ros2_control/lib:/home/theanh/can_example_ws/install/canopen_402_driver/lib:/home/theanh/can_example_ws/install/canopen_proxy_driver/lib:/home/theanh/can_example_ws/install/canopen_master_driver/lib:/home/theanh/can_example_ws/install/canopen_base_driver/lib:/home/theanh/can_example_ws/install/canopen_core/lib:/home/theanh/can_example_ws/install/lely_core_libraries/lib:/home/theanh/can_example_ws/install/canopen_interfaces/lib:/home/theanh/mobile_rb_ws/install/nav2_straightline_planner/lib:/home/theanh/mobile_rb_ws/install/nav2_gradient_costmap_plugin/lib:/home/theanh/mobile_rb_ws/install/custom_nav2_costmap_plugin/lib:/usr/lib/x86_64-linux-gnu/gazebo-11/plugins:/opt/ros/humble/opt/rviz_ogre_vendor/lib:/opt/ros/humble/lib/x86_64-linux-gnu:/opt/ros/humble/lib /usr/bin/cmake --install /home/theanh/ros2_ws1/build/ethercat_generic_slave
[7.460s] -- Install configuration: ""
[7.461s] -- Execute custom install script
[7.461s] -- Symlinking: /home/theanh/ros2_ws1/install/ethercat_generic_slave/share/ethercat_generic_slave//ethercat_plugins.xml
[7.470s] -- Symlinking: /home/theanh/ros2_ws1/install/ethercat_generic_slave/include/ethercat_generic_plugins/generic_ec_slave.hpp
[7.479s] -- Symlinking: /home/theanh/ros2_ws1/install/ethercat_generic_slave/share/ethercat_generic_slave/environment/library_path.sh
[7.488s] -- Symlinking: /home/theanh/ros2_ws1/install/ethercat_generic_slave/share/ethercat_generic_slave/environment/library_path.dsv
[7.496s] -- Symlinking: /home/theanh/ros2_ws1/install/ethercat_generic_slave/share/ament_index/resource_index/package_run_dependencies/ethercat_generic_slave
[7.505s] -- Symlinking: /home/theanh/ros2_ws1/install/ethercat_generic_slave/share/ament_index/resource_index/parent_prefix_path/ethercat_generic_slave
[7.515s] -- Symlinking: /home/theanh/ros2_ws1/install/ethercat_generic_slave/share/ethercat_generic_slave/environment/ament_prefix_path.sh
[7.525s] -- Symlinking: /home/theanh/ros2_ws1/install/ethercat_generic_slave/share/ethercat_generic_slave/environment/ament_prefix_path.dsv
[7.534s] -- Symlinking: /home/theanh/ros2_ws1/install/ethercat_generic_slave/share/ethercat_generic_slave/environment/path.sh
[7.543s] -- Symlinking: /home/theanh/ros2_ws1/install/ethercat_generic_slave/share/ethercat_generic_slave/environment/path.dsv
[7.552s] -- Symlinking: /home/theanh/ros2_ws1/install/ethercat_generic_slave/share/ethercat_generic_slave/local_setup.bash
[7.562s] -- Symlinking: /home/theanh/ros2_ws1/install/ethercat_generic_slave/share/ethercat_generic_slave/local_setup.sh
[7.571s] -- Symlinking: /home/theanh/ros2_ws1/install/ethercat_generic_slave/share/ethercat_generic_slave/local_setup.zsh
[7.580s] -- Symlinking: /home/theanh/ros2_ws1/install/ethercat_generic_slave/share/ethercat_generic_slave/local_setup.dsv
[7.590s] -- Symlinking: /home/theanh/ros2_ws1/install/ethercat_generic_slave/share/ethercat_generic_slave/package.dsv
[7.600s] -- Symlinking: /home/theanh/ros2_ws1/install/ethercat_generic_slave/share/ament_index/resource_index/packages/ethercat_generic_slave
[7.609s] -- Symlinking: /home/theanh/ros2_ws1/install/ethercat_generic_slave/share/ament_index/resource_index/ethercat_interface__pluginlib__plugin/ethercat_generic_slave
[7.619s] -- Symlinking: /home/theanh/ros2_ws1/install/ethercat_generic_slave/share/ethercat_generic_slave/cmake/ament_cmake_export_include_directories-extras.cmake
[7.628s] -- Symlinking: /home/theanh/ros2_ws1/install/ethercat_generic_slave/share/ethercat_generic_slave/cmake/ament_cmake_export_libraries-extras.cmake
[7.637s] -- Symlinking: /home/theanh/ros2_ws1/install/ethercat_generic_slave/share/ethercat_generic_slave/cmake/ament_cmake_export_targets-extras.cmake
[7.646s] -- Symlinking: /home/theanh/ros2_ws1/install/ethercat_generic_slave/share/ethercat_generic_slave/cmake/ethercat_generic_slaveConfig.cmake
[7.655s] -- Symlinking: /home/theanh/ros2_ws1/install/ethercat_generic_slave/share/ethercat_generic_slave/cmake/ethercat_generic_slaveConfig-version.cmake
[7.665s] -- Symlinking: /home/theanh/ros2_ws1/install/ethercat_generic_slave/share/ethercat_generic_slave/package.xml
[7.673s] -- Installing: /home/theanh/ros2_ws1/install/ethercat_generic_slave/lib/libethercat_generic_slave.so
[7.675s] -- Set runtime path of "/home/theanh/ros2_ws1/install/ethercat_generic_slave/lib/libethercat_generic_slave.so" to ""
[7.675s] -- Installing: /home/theanh/ros2_ws1/install/ethercat_generic_slave/share/ethercat_generic_slave/cmake/export_ethercat_generic_slaveExport.cmake
[7.675s] -- Installing: /home/theanh/ros2_ws1/install/ethercat_generic_slave/share/ethercat_generic_slave/cmake/export_ethercat_generic_slaveExport-noconfig.cmake
[7.678s] Invoked command in '/home/theanh/ros2_ws1/build/ethercat_generic_slave' returned '0': CMAKE_PREFIX_PATH=/home/theanh/ros2_ws1/install/ethercat_interface:/home/theanh/ros2_ws1/install/ros2_qt1_demo:/home/theanh/ros2_ws1/install/ethercat_manager:/home/theanh/ros2_ws1/install/ethercat_msgs:/home/theanh/ros2_ws1/install/ethercat_generic_cia402_drive:/home/theanh/ros2_ws1/install/ethercat_generic_slave:/home/theanh/ros2_ws1/install/ethercat_driver_ros2:/home/theanh/ros2_ws1/install/ethercat_driver:/home/theanh/ros2_ws1/install/control_one_motor_pkg_ex:/home/theanh/gui_rviz2_qt5/install/gui_agv:/home/theanh/can_example_ws/install/canopen_tests:/home/theanh/can_example_ws/install/canopen_ros2_controllers:/home/theanh/can_example_ws/install/canopen_ros2_control:/home/theanh/can_example_ws/install/canopen:/home/theanh/can_example_ws/install/canopen_402_driver:/home/theanh/can_example_ws/install/canopen_proxy_driver:/home/theanh/can_example_ws/install/canopen_master_driver:/home/theanh/can_example_ws/install/canopen_fake_slaves:/home/theanh/can_example_ws/install/canopen_base_driver:/home/theanh/can_example_ws/install/canopen_core:/home/theanh/can_example_ws/install/lely_core_libraries:/home/theanh/can_example_ws/install/canopen_interfaces:/home/theanh/agv_test_ws/install/sllidar_ros2:/home/theanh/agv_test_ws/install/agv_test_pkg:/home/theanh/mobile_rb_ws/install/sam_bot_description:/home/theanh/mobile_rb_ws/install/nav2_straightline_planner:/home/theanh/mobile_rb_ws/install/nav2_gradient_costmap_plugin:/home/theanh/mobile_rb_ws/install/nav2_costmap_filters_demo:/home/theanh/mobile_rb_ws/install/custom_nav2_costmap_plugin:/home/theanh/mobile_rb_ws/install/articubot_one:/home/theanh/can_example_ws/install/canopen_utils:/home/theanh/mobile_rb_ws/install/nav2_gps_waypoint_follower_demo:/opt/ros/humble LD_LIBRARY_PATH=/home/theanh/ros2_ws1/install/ethercat_interface/lib:/home/theanh/ros2_ws1/install/ethercat_manager/lib:/home/theanh/ros2_ws1/install/ethercat_msgs/lib:/home/theanh/ros2_ws1/install/ethercat_generic_cia402_drive/lib:/home/theanh/ros2_ws1/install/ethercat_generic_slave/lib:/home/theanh/ros2_ws1/install/ethercat_driver/lib:/home/theanh/can_example_ws/install/canopen_ros2_controllers/lib:/home/theanh/can_example_ws/install/canopen_ros2_control/lib:/home/theanh/can_example_ws/install/canopen_402_driver/lib:/home/theanh/can_example_ws/install/canopen_proxy_driver/lib:/home/theanh/can_example_ws/install/canopen_master_driver/lib:/home/theanh/can_example_ws/install/canopen_base_driver/lib:/home/theanh/can_example_ws/install/canopen_core/lib:/home/theanh/can_example_ws/install/lely_core_libraries/lib:/home/theanh/can_example_ws/install/canopen_interfaces/lib:/home/theanh/mobile_rb_ws/install/nav2_straightline_planner/lib:/home/theanh/mobile_rb_ws/install/nav2_gradient_costmap_plugin/lib:/home/theanh/mobile_rb_ws/install/custom_nav2_costmap_plugin/lib:/usr/lib/x86_64-linux-gnu/gazebo-11/plugins:/opt/ros/humble/opt/rviz_ogre_vendor/lib:/opt/ros/humble/lib/x86_64-linux-gnu:/opt/ros/humble/lib /usr/bin/cmake --install /home/theanh/ros2_ws1/build/ethercat_generic_slave
