[0.074s] Invoking command in '/home/theanh/ros2_ws1/build/ethercat_driver': AMENT_PREFIX_PATH=/home/theanh/ros2_ws1/install/ethercat_interface:${AMENT_PREFIX_PATH} CMAKE_PREFIX_PATH=/home/theanh/ros2_ws1/install/ethercat_interface:/home/theanh/gui_rviz2_qt5/install/gui_agv:/home/theanh/can_example_ws/install/canopen_tests:/home/theanh/can_example_ws/install/canopen_ros2_controllers:/home/theanh/can_example_ws/install/canopen_ros2_control:/home/theanh/can_example_ws/install/canopen:/home/theanh/can_example_ws/install/canopen_402_driver:/home/theanh/can_example_ws/install/canopen_proxy_driver:/home/theanh/can_example_ws/install/canopen_master_driver:/home/theanh/can_example_ws/install/canopen_fake_slaves:/home/theanh/can_example_ws/install/canopen_base_driver:/home/theanh/can_example_ws/install/canopen_core:/home/theanh/can_example_ws/install/lely_core_libraries:/home/theanh/can_example_ws/install/canopen_interfaces:/home/theanh/agv_test_ws/install/sllidar_ros2:/home/theanh/agv_test_ws/install/agv_test_pkg:/home/theanh/mobile_rb_ws/install/sam_bot_description:/home/theanh/mobile_rb_ws/install/nav2_straightline_planner:/home/theanh/mobile_rb_ws/install/nav2_gradient_costmap_plugin:/home/theanh/mobile_rb_ws/install/nav2_costmap_filters_demo:/home/theanh/mobile_rb_ws/install/custom_nav2_costmap_plugin:/home/theanh/mobile_rb_ws/install/articubot_one:/home/theanh/can_example_ws/install/canopen_utils:/home/theanh/mobile_rb_ws/install/nav2_gps_waypoint_follower_demo:/opt/ros/humble LD_LIBRARY_PATH=/home/theanh/ros2_ws1/install/ethercat_interface/lib:${LD_LIBRARY_PATH} /usr/bin/cmake --build /home/theanh/ros2_ws1/build/ethercat_driver -- -j15 -l15
[0.272s] -- Found ament_cmake: 1.3.14 (/opt/ros/humble/share/ament_cmake/cmake)
[0.414s] -- Override CMake install command with custom implementation using symlinks instead of copying resources
[0.467s] -- Found hardware_interface: 2.53.1 (/opt/ros/humble/share/hardware_interface/cmake)
[0.497s] -- Found rosidl_generator_c: 3.1.8 (/opt/ros/humble/share/rosidl_generator_c/cmake)
[0.500s] -- Found rosidl_adapter: 3.1.8 (/opt/ros/humble/share/rosidl_adapter/cmake)
[0.506s] -- Found rosidl_generator_cpp: 3.1.8 (/opt/ros/humble/share/rosidl_generator_cpp/cmake)
[0.517s] -- Using all available rosidl_typesupport_c: rosidl_typesupport_fastrtps_c;rosidl_typesupport_introspection_c
[0.530s] -- Using all available rosidl_typesupport_cpp: rosidl_typesupport_fastrtps_cpp;rosidl_typesupport_introspection_cpp
[0.766s] -- Found rmw_implementation_cmake: 6.1.2 (/opt/ros/humble/share/rmw_implementation_cmake/cmake)
[0.769s] -- Found rmw_fastrtps_cpp: 6.2.10 (/opt/ros/humble/share/rmw_fastrtps_cpp/cmake)
[0.790s] -- Found TinyXML2 via Config file: TinyXML2_DIR-NOTFOUND
[0.800s] -- Found TinyXML2 via Config file: TinyXML2_DIR-NOTFOUND
[0.820s] -- Found TinyXML2 via Config file: TinyXML2_DIR-NOTFOUND
[0.830s] -- Found TinyXML2 via Config file: TinyXML2_DIR-NOTFOUND
[0.845s] -- Using RMW implementation 'rmw_fastrtps_cpp' as default
[0.891s] -- Found ethercat_interface: 1.2.0 (/home/theanh/ros2_ws1/install/ethercat_interface/share/ethercat_interface/cmake)
[0.898s] -- Found ament_cmake_gtest: 1.3.14 (/opt/ros/humble/share/ament_cmake_gtest/cmake)
[1.116s] -- Configuring done
[1.152s] -- Generating done
[1.159s] -- Build files have been written to: /home/theanh/ros2_ws1/build/ethercat_driver
[1.250s] [35m[1mConsolidate compiler generated dependencies of target ethercat_driver[0m
[1.296s] [ 50%] [32mBuilding CXX object CMakeFiles/ethercat_driver.dir/src/ethercat_driver.cpp.o[0m
[8.871s] [100%] [32m[1mLinking CXX shared library libethercat_driver.so[0m
[9.152s] [100%] Built target ethercat_driver
[9.167s] Invoked command in '/home/theanh/ros2_ws1/build/ethercat_driver' returned '0': AMENT_PREFIX_PATH=/home/theanh/ros2_ws1/install/ethercat_interface:${AMENT_PREFIX_PATH} CMAKE_PREFIX_PATH=/home/theanh/ros2_ws1/install/ethercat_interface:/home/theanh/gui_rviz2_qt5/install/gui_agv:/home/theanh/can_example_ws/install/canopen_tests:/home/theanh/can_example_ws/install/canopen_ros2_controllers:/home/theanh/can_example_ws/install/canopen_ros2_control:/home/theanh/can_example_ws/install/canopen:/home/theanh/can_example_ws/install/canopen_402_driver:/home/theanh/can_example_ws/install/canopen_proxy_driver:/home/theanh/can_example_ws/install/canopen_master_driver:/home/theanh/can_example_ws/install/canopen_fake_slaves:/home/theanh/can_example_ws/install/canopen_base_driver:/home/theanh/can_example_ws/install/canopen_core:/home/theanh/can_example_ws/install/lely_core_libraries:/home/theanh/can_example_ws/install/canopen_interfaces:/home/theanh/agv_test_ws/install/sllidar_ros2:/home/theanh/agv_test_ws/install/agv_test_pkg:/home/theanh/mobile_rb_ws/install/sam_bot_description:/home/theanh/mobile_rb_ws/install/nav2_straightline_planner:/home/theanh/mobile_rb_ws/install/nav2_gradient_costmap_plugin:/home/theanh/mobile_rb_ws/install/nav2_costmap_filters_demo:/home/theanh/mobile_rb_ws/install/custom_nav2_costmap_plugin:/home/theanh/mobile_rb_ws/install/articubot_one:/home/theanh/can_example_ws/install/canopen_utils:/home/theanh/mobile_rb_ws/install/nav2_gps_waypoint_follower_demo:/opt/ros/humble LD_LIBRARY_PATH=/home/theanh/ros2_ws1/install/ethercat_interface/lib:${LD_LIBRARY_PATH} /usr/bin/cmake --build /home/theanh/ros2_ws1/build/ethercat_driver -- -j15 -l15
[9.197s] Invoking command in '/home/theanh/ros2_ws1/build/ethercat_driver': AMENT_PREFIX_PATH=/home/theanh/ros2_ws1/install/ethercat_interface:${AMENT_PREFIX_PATH} CMAKE_PREFIX_PATH=/home/theanh/ros2_ws1/install/ethercat_interface:/home/theanh/gui_rviz2_qt5/install/gui_agv:/home/theanh/can_example_ws/install/canopen_tests:/home/theanh/can_example_ws/install/canopen_ros2_controllers:/home/theanh/can_example_ws/install/canopen_ros2_control:/home/theanh/can_example_ws/install/canopen:/home/theanh/can_example_ws/install/canopen_402_driver:/home/theanh/can_example_ws/install/canopen_proxy_driver:/home/theanh/can_example_ws/install/canopen_master_driver:/home/theanh/can_example_ws/install/canopen_fake_slaves:/home/theanh/can_example_ws/install/canopen_base_driver:/home/theanh/can_example_ws/install/canopen_core:/home/theanh/can_example_ws/install/lely_core_libraries:/home/theanh/can_example_ws/install/canopen_interfaces:/home/theanh/agv_test_ws/install/sllidar_ros2:/home/theanh/agv_test_ws/install/agv_test_pkg:/home/theanh/mobile_rb_ws/install/sam_bot_description:/home/theanh/mobile_rb_ws/install/nav2_straightline_planner:/home/theanh/mobile_rb_ws/install/nav2_gradient_costmap_plugin:/home/theanh/mobile_rb_ws/install/nav2_costmap_filters_demo:/home/theanh/mobile_rb_ws/install/custom_nav2_costmap_plugin:/home/theanh/mobile_rb_ws/install/articubot_one:/home/theanh/can_example_ws/install/canopen_utils:/home/theanh/mobile_rb_ws/install/nav2_gps_waypoint_follower_demo:/opt/ros/humble LD_LIBRARY_PATH=/home/theanh/ros2_ws1/install/ethercat_interface/lib:${LD_LIBRARY_PATH} /usr/bin/cmake --install /home/theanh/ros2_ws1/build/ethercat_driver
[9.208s] -- Install configuration: ""
[9.208s] -- Execute custom install script
[9.209s] -- Up-to-date symlink: /home/theanh/ros2_ws1/install/ethercat_driver/share/ethercat_driver//ethercat_driver_plugin.xml
[9.209s] -- Up-to-date symlink: /home/theanh/ros2_ws1/install/ethercat_driver/lib/libethercat_driver.so
[9.209s] -- Up-to-date symlink: /home/theanh/ros2_ws1/install/ethercat_driver/include/ethercat_driver/ethercat_driver.hpp
[9.210s] -- Up-to-date symlink: /home/theanh/ros2_ws1/install/ethercat_driver/include/ethercat_driver/visibility_control.h
[9.210s] -- Up-to-date symlink: /home/theanh/ros2_ws1/install/ethercat_driver/share/ethercat_driver/environment/library_path.sh
[9.210s] -- Up-to-date symlink: /home/theanh/ros2_ws1/install/ethercat_driver/share/ethercat_driver/environment/library_path.dsv
[9.210s] -- Up-to-date symlink: /home/theanh/ros2_ws1/install/ethercat_driver/share/ament_index/resource_index/package_run_dependencies/ethercat_driver
[9.210s] -- Up-to-date symlink: /home/theanh/ros2_ws1/install/ethercat_driver/share/ament_index/resource_index/parent_prefix_path/ethercat_driver
[9.211s] -- Up-to-date symlink: /home/theanh/ros2_ws1/install/ethercat_driver/share/ethercat_driver/environment/ament_prefix_path.sh
[9.211s] -- Up-to-date symlink: /home/theanh/ros2_ws1/install/ethercat_driver/share/ethercat_driver/environment/ament_prefix_path.dsv
[9.211s] -- Up-to-date symlink: /home/theanh/ros2_ws1/install/ethercat_driver/share/ethercat_driver/environment/path.sh
[9.211s] -- Up-to-date symlink: /home/theanh/ros2_ws1/install/ethercat_driver/share/ethercat_driver/environment/path.dsv
[9.211s] -- Up-to-date symlink: /home/theanh/ros2_ws1/install/ethercat_driver/share/ethercat_driver/local_setup.bash
[9.211s] -- Up-to-date symlink: /home/theanh/ros2_ws1/install/ethercat_driver/share/ethercat_driver/local_setup.sh
[9.212s] -- Up-to-date symlink: /home/theanh/ros2_ws1/install/ethercat_driver/share/ethercat_driver/local_setup.zsh
[9.212s] -- Up-to-date symlink: /home/theanh/ros2_ws1/install/ethercat_driver/share/ethercat_driver/local_setup.dsv
[9.212s] -- Symlinking: /home/theanh/ros2_ws1/install/ethercat_driver/share/ethercat_driver/package.dsv
[9.225s] -- Up-to-date symlink: /home/theanh/ros2_ws1/install/ethercat_driver/share/ament_index/resource_index/packages/ethercat_driver
[9.225s] -- Up-to-date symlink: /home/theanh/ros2_ws1/install/ethercat_driver/share/ament_index/resource_index/hardware_interface__pluginlib__plugin/ethercat_driver
[9.225s] -- Up-to-date symlink: /home/theanh/ros2_ws1/install/ethercat_driver/share/ethercat_driver/cmake/ament_cmake_export_include_directories-extras.cmake
[9.225s] -- Up-to-date symlink: /home/theanh/ros2_ws1/install/ethercat_driver/share/ethercat_driver/cmake/ament_cmake_export_libraries-extras.cmake
[9.225s] -- Up-to-date symlink: /home/theanh/ros2_ws1/install/ethercat_driver/share/ethercat_driver/cmake/ament_cmake_export_dependencies-extras.cmake
[9.225s] -- Up-to-date symlink: /home/theanh/ros2_ws1/install/ethercat_driver/share/ethercat_driver/cmake/ethercat_driverConfig.cmake
[9.226s] -- Up-to-date symlink: /home/theanh/ros2_ws1/install/ethercat_driver/share/ethercat_driver/cmake/ethercat_driverConfig-version.cmake
[9.226s] -- Up-to-date symlink: /home/theanh/ros2_ws1/install/ethercat_driver/share/ethercat_driver/package.xml
[9.228s] Invoked command in '/home/theanh/ros2_ws1/build/ethercat_driver' returned '0': AMENT_PREFIX_PATH=/home/theanh/ros2_ws1/install/ethercat_interface:${AMENT_PREFIX_PATH} CMAKE_PREFIX_PATH=/home/theanh/ros2_ws1/install/ethercat_interface:/home/theanh/gui_rviz2_qt5/install/gui_agv:/home/theanh/can_example_ws/install/canopen_tests:/home/theanh/can_example_ws/install/canopen_ros2_controllers:/home/theanh/can_example_ws/install/canopen_ros2_control:/home/theanh/can_example_ws/install/canopen:/home/theanh/can_example_ws/install/canopen_402_driver:/home/theanh/can_example_ws/install/canopen_proxy_driver:/home/theanh/can_example_ws/install/canopen_master_driver:/home/theanh/can_example_ws/install/canopen_fake_slaves:/home/theanh/can_example_ws/install/canopen_base_driver:/home/theanh/can_example_ws/install/canopen_core:/home/theanh/can_example_ws/install/lely_core_libraries:/home/theanh/can_example_ws/install/canopen_interfaces:/home/theanh/agv_test_ws/install/sllidar_ros2:/home/theanh/agv_test_ws/install/agv_test_pkg:/home/theanh/mobile_rb_ws/install/sam_bot_description:/home/theanh/mobile_rb_ws/install/nav2_straightline_planner:/home/theanh/mobile_rb_ws/install/nav2_gradient_costmap_plugin:/home/theanh/mobile_rb_ws/install/nav2_costmap_filters_demo:/home/theanh/mobile_rb_ws/install/custom_nav2_costmap_plugin:/home/theanh/mobile_rb_ws/install/articubot_one:/home/theanh/can_example_ws/install/canopen_utils:/home/theanh/mobile_rb_ws/install/nav2_gps_waypoint_follower_demo:/opt/ros/humble LD_LIBRARY_PATH=/home/theanh/ros2_ws1/install/ethercat_interface/lib:${LD_LIBRARY_PATH} /usr/bin/cmake --install /home/theanh/ros2_ws1/build/ethercat_driver
