[0.016s] Invoking command in '/home/theanh/ros2_ws1/build/control_one_motor_pkg_ex': CMAKE_PREFIX_PATH=${CMAKE_PREFIX_PATH}:/home/theanh/can_example_ws/install/canopen_utils:/home/theanh/mobile_rb_ws/install/nav2_gps_waypoint_follower_demo:/opt/ros/humble /usr/bin/cmake /home/theanh/ros2_ws1/src/control_one_motor_pkg_ex -DAMENT_CMAKE_SYMLINK_INSTALL=1 -DCMAKE_INSTALL_PREFIX=/home/theanh/ros2_ws1/install/control_one_motor_pkg_ex
[1.135s] -- The C compiler identification is GNU 11.4.0
[1.934s] -- The CXX compiler identification is GNU 11.4.0
[1.942s] -- Detecting C compiler ABI info
[2.082s] -- Detecting C compiler ABI info - done
[2.088s] -- Check for working C compiler: /usr/bin/cc - skipped
[2.090s] -- Detecting C compile features
[2.114s] -- Detecting C compile features - done
[2.132s] -- Detecting CXX compiler ABI info
[2.253s] -- Detecting CXX compiler ABI info - done
[2.260s] -- Check for working CXX compiler: /usr/bin/c++ - skipped
[2.260s] -- Detecting CXX compile features
[2.261s] -- Detecting CXX compile features - done
[2.360s] -- Found ament_cmake: 1.3.13 (/opt/ros/humble/share/ament_cmake/cmake)
[2.614s] -- Found Python3: /usr/bin/python3 (found version "3.10.12") found components: Interpreter 
[2.735s] -- Override CMake install command with custom implementation using symlinks instead of copying resources
[2.983s] -- Found ament_lint_auto: 0.12.15 (/opt/ros/humble/share/ament_lint_auto/cmake)
[3.351s] -- Added test 'flake8' to check Python code syntax and style conventions
[3.352s] -- Added test 'lint_cmake' to check CMake code style
[3.353s] -- Added test 'pep257' to check Python code against some of the docstring style conventions in PEP 257
[3.355s] -- Added test 'xmllint' to check XML markup files
[3.362s] -- Configuring done
[3.365s] -- Generating done
[3.366s] -- Build files have been written to: /home/theanh/ros2_ws1/build/control_one_motor_pkg_ex
[3.370s] Invoked command in '/home/theanh/ros2_ws1/build/control_one_motor_pkg_ex' returned '0': CMAKE_PREFIX_PATH=${CMAKE_PREFIX_PATH}:/home/theanh/can_example_ws/install/canopen_utils:/home/theanh/mobile_rb_ws/install/nav2_gps_waypoint_follower_demo:/opt/ros/humble /usr/bin/cmake /home/theanh/ros2_ws1/src/control_one_motor_pkg_ex -DAMENT_CMAKE_SYMLINK_INSTALL=1 -DCMAKE_INSTALL_PREFIX=/home/theanh/ros2_ws1/install/control_one_motor_pkg_ex
[3.372s] Invoking command in '/home/theanh/ros2_ws1/build/control_one_motor_pkg_ex': CMAKE_PREFIX_PATH=${CMAKE_PREFIX_PATH}:/home/theanh/can_example_ws/install/canopen_utils:/home/theanh/mobile_rb_ws/install/nav2_gps_waypoint_follower_demo:/opt/ros/humble /usr/bin/cmake --build /home/theanh/ros2_ws1/build/control_one_motor_pkg_ex -- -j16 -l16
[3.409s] Invoked command in '/home/theanh/ros2_ws1/build/control_one_motor_pkg_ex' returned '0': CMAKE_PREFIX_PATH=${CMAKE_PREFIX_PATH}:/home/theanh/can_example_ws/install/canopen_utils:/home/theanh/mobile_rb_ws/install/nav2_gps_waypoint_follower_demo:/opt/ros/humble /usr/bin/cmake --build /home/theanh/ros2_ws1/build/control_one_motor_pkg_ex -- -j16 -l16
[3.419s] Invoking command in '/home/theanh/ros2_ws1/build/control_one_motor_pkg_ex': CMAKE_PREFIX_PATH=${CMAKE_PREFIX_PATH}:/home/theanh/can_example_ws/install/canopen_utils:/home/theanh/mobile_rb_ws/install/nav2_gps_waypoint_follower_demo:/opt/ros/humble /usr/bin/cmake --install /home/theanh/ros2_ws1/build/control_one_motor_pkg_ex
[3.426s] -- Install configuration: ""
[3.427s] -- Execute custom install script
[3.427s] -- Symlinking: /home/theanh/ros2_ws1/install/control_one_motor_pkg_ex/share/control_one_motor_pkg_ex/launch/robot_control.launch.py
[3.436s] -- Symlinking: /home/theanh/ros2_ws1/install/control_one_motor_pkg_ex/share/control_one_motor_pkg_ex/config/hexapod_controller.yaml
[3.445s] -- Symlinking: /home/theanh/ros2_ws1/install/control_one_motor_pkg_ex/share/control_one_motor_pkg_ex/config/motor_config.yaml
[3.454s] -- Symlinking: /home/theanh/ros2_ws1/install/control_one_motor_pkg_ex/share/control_one_motor_pkg_ex/description/urdf/motor_drive.ros2_control.xacro
[3.462s] -- Symlinking: /home/theanh/ros2_ws1/install/control_one_motor_pkg_ex/share/control_one_motor_pkg_ex/description/urdf/robot.urdf.xacro
[3.471s] -- Symlinking: /home/theanh/ros2_ws1/install/control_one_motor_pkg_ex/share/control_one_motor_pkg_ex/description/urdf/robot_core.xacro
[3.479s] -- Symlinking: /home/theanh/ros2_ws1/install/control_one_motor_pkg_ex/share/ament_index/resource_index/package_run_dependencies/control_one_motor_pkg_ex
[3.488s] -- Symlinking: /home/theanh/ros2_ws1/install/control_one_motor_pkg_ex/share/ament_index/resource_index/parent_prefix_path/control_one_motor_pkg_ex
[3.497s] -- Symlinking: /home/theanh/ros2_ws1/install/control_one_motor_pkg_ex/share/control_one_motor_pkg_ex/environment/ament_prefix_path.sh
[3.505s] -- Symlinking: /home/theanh/ros2_ws1/install/control_one_motor_pkg_ex/share/control_one_motor_pkg_ex/environment/ament_prefix_path.dsv
[3.514s] -- Symlinking: /home/theanh/ros2_ws1/install/control_one_motor_pkg_ex/share/control_one_motor_pkg_ex/environment/path.sh
[3.523s] -- Symlinking: /home/theanh/ros2_ws1/install/control_one_motor_pkg_ex/share/control_one_motor_pkg_ex/environment/path.dsv
[3.532s] -- Symlinking: /home/theanh/ros2_ws1/install/control_one_motor_pkg_ex/share/control_one_motor_pkg_ex/local_setup.bash
[3.541s] -- Symlinking: /home/theanh/ros2_ws1/install/control_one_motor_pkg_ex/share/control_one_motor_pkg_ex/local_setup.sh
[3.550s] -- Symlinking: /home/theanh/ros2_ws1/install/control_one_motor_pkg_ex/share/control_one_motor_pkg_ex/local_setup.zsh
[3.560s] -- Symlinking: /home/theanh/ros2_ws1/install/control_one_motor_pkg_ex/share/control_one_motor_pkg_ex/local_setup.dsv
[3.568s] -- Symlinking: /home/theanh/ros2_ws1/install/control_one_motor_pkg_ex/share/control_one_motor_pkg_ex/package.dsv
[3.578s] -- Symlinking: /home/theanh/ros2_ws1/install/control_one_motor_pkg_ex/share/ament_index/resource_index/packages/control_one_motor_pkg_ex
[3.588s] -- Symlinking: /home/theanh/ros2_ws1/install/control_one_motor_pkg_ex/share/control_one_motor_pkg_ex/cmake/control_one_motor_pkg_exConfig.cmake
[3.598s] -- Symlinking: /home/theanh/ros2_ws1/install/control_one_motor_pkg_ex/share/control_one_motor_pkg_ex/cmake/control_one_motor_pkg_exConfig-version.cmake
[3.607s] -- Symlinking: /home/theanh/ros2_ws1/install/control_one_motor_pkg_ex/share/control_one_motor_pkg_ex/package.xml
[3.618s] Invoked command in '/home/theanh/ros2_ws1/build/control_one_motor_pkg_ex' returned '0': CMAKE_PREFIX_PATH=${CMAKE_PREFIX_PATH}:/home/theanh/can_example_ws/install/canopen_utils:/home/theanh/mobile_rb_ws/install/nav2_gps_waypoint_follower_demo:/opt/ros/humble /usr/bin/cmake --install /home/theanh/ros2_ws1/build/control_one_motor_pkg_ex
