[0.011s] Invoking command in '/home/theanh/ros2_ws1/build/ethercat_generic_slave': CMAKE_PREFIX_PATH=/home/theanh/ros2_ws1/install/ethercat_interface:/home/theanh/ros2_ws1/install/ros2_qt1_demo:/home/theanh/ros2_ws1/install/ethercat_manager:/home/theanh/ros2_ws1/install/ethercat_msgs:/home/theanh/ros2_ws1/install/ethercat_generic_cia402_drive:/home/theanh/ros2_ws1/install/ethercat_generic_slave:/home/theanh/ros2_ws1/install/ethercat_driver_ros2:/home/theanh/ros2_ws1/install/ethercat_driver:/home/theanh/ros2_ws1/install/control_one_motor_pkg_ex:/home/theanh/ros2_ws1/install/control_one_motor_pkg:/home/theanh/gui_rviz2_qt5/install/gui_agv:/home/theanh/can_example_ws/install/canopen_tests:/home/theanh/can_example_ws/install/canopen_ros2_controllers:/home/theanh/can_example_ws/install/canopen_ros2_control:/home/theanh/can_example_ws/install/canopen:/home/theanh/can_example_ws/install/canopen_402_driver:/home/theanh/can_example_ws/install/canopen_proxy_driver:/home/theanh/can_example_ws/install/canopen_master_driver:/home/theanh/can_example_ws/install/canopen_fake_slaves:/home/theanh/can_example_ws/install/canopen_base_driver:/home/theanh/can_example_ws/install/canopen_core:/home/theanh/can_example_ws/install/lely_core_libraries:/home/theanh/can_example_ws/install/canopen_interfaces:/home/theanh/agv_test_ws/install/sllidar_ros2:/home/theanh/agv_test_ws/install/agv_test_pkg:/home/theanh/mobile_rb_ws/install/sam_bot_description:/home/theanh/mobile_rb_ws/install/nav2_straightline_planner:/home/theanh/mobile_rb_ws/install/nav2_gradient_costmap_plugin:/home/theanh/mobile_rb_ws/install/nav2_costmap_filters_demo:/home/theanh/mobile_rb_ws/install/custom_nav2_costmap_plugin:/home/theanh/mobile_rb_ws/install/articubot_one:/home/theanh/can_example_ws/install/canopen_utils:/home/theanh/mobile_rb_ws/install/nav2_gps_waypoint_follower_demo:/opt/ros/humble LD_LIBRARY_PATH=/home/theanh/ros2_ws1/install/ethercat_interface/lib:/home/theanh/ros2_ws1/install/ethercat_manager/lib:/home/theanh/ros2_ws1/install/ethercat_msgs/lib:/home/theanh/ros2_ws1/install/ethercat_generic_cia402_drive/lib:/home/theanh/ros2_ws1/install/ethercat_generic_slave/lib:/home/theanh/ros2_ws1/install/ethercat_driver/lib:/home/theanh/can_example_ws/install/canopen_ros2_controllers/lib:/home/theanh/can_example_ws/install/canopen_ros2_control/lib:/home/theanh/can_example_ws/install/canopen_402_driver/lib:/home/theanh/can_example_ws/install/canopen_proxy_driver/lib:/home/theanh/can_example_ws/install/canopen_master_driver/lib:/home/theanh/can_example_ws/install/canopen_base_driver/lib:/home/theanh/can_example_ws/install/canopen_core/lib:/home/theanh/can_example_ws/install/lely_core_libraries/lib:/home/theanh/can_example_ws/install/canopen_interfaces/lib:/home/theanh/mobile_rb_ws/install/nav2_straightline_planner/lib:/home/theanh/mobile_rb_ws/install/nav2_gradient_costmap_plugin/lib:/home/theanh/mobile_rb_ws/install/custom_nav2_costmap_plugin/lib:/usr/lib/x86_64-linux-gnu/gazebo-11/plugins:/opt/ros/humble/opt/rviz_ogre_vendor/lib:/opt/ros/humble/lib/x86_64-linux-gnu:/opt/ros/humble/lib /usr/bin/cmake /home/theanh/ros2_ws1/src/ethercat_driver_ros2/ethercat_generic_plugins/ethercat_generic_slave -DAMENT_CMAKE_SYMLINK_INSTALL=1 -DCMAKE_INSTALL_PREFIX=/home/theanh/ros2_ws1/install/ethercat_generic_slave
[0.059s] -- The C compiler identification is GNU 11.4.0
[0.103s] -- The CXX compiler identification is GNU 11.4.0
[0.109s] -- Detecting C compiler ABI info
[0.173s] -- Detecting C compiler ABI info - done
[0.178s] -- Check for working C compiler: /usr/bin/cc - skipped
[0.179s] -- Detecting C compile features
[0.179s] -- Detecting C compile features - done
[0.181s] -- Detecting CXX compiler ABI info
[0.254s] -- Detecting CXX compiler ABI info - done
[0.259s] -- Check for working CXX compiler: /usr/bin/c++ - skipped
[0.259s] -- Detecting CXX compile features
[0.259s] -- Detecting CXX compile features - done
[0.264s] -- Found ament_cmake: 1.3.13 (/opt/ros/humble/share/ament_cmake/cmake)
[0.400s] -- Found Python3: /usr/bin/python3 (found version "3.10.12") found components: Interpreter 
[0.454s] -- Override CMake install command with custom implementation using symlinks instead of copying resources
[0.517s] -- Found ament_cmake_ros: 0.10.0 (/opt/ros/humble/share/ament_cmake_ros/cmake)
[0.531s] -- Found ethercat_interface: 1.2.0 (/home/theanh/ros2_ws1/install/ethercat_interface/share/ethercat_interface/cmake)
[0.602s] -- Found rosidl_generator_c: 3.1.8 (/opt/ros/humble/share/rosidl_generator_c/cmake)
[0.611s] -- Found rosidl_adapter: 3.1.8 (/opt/ros/humble/share/rosidl_adapter/cmake)
[0.624s] -- Found rosidl_generator_cpp: 3.1.8 (/opt/ros/humble/share/rosidl_generator_cpp/cmake)
[0.639s] -- Using all available rosidl_typesupport_c: rosidl_typesupport_fastrtps_c;rosidl_typesupport_introspection_c
[0.661s] -- Using all available rosidl_typesupport_cpp: rosidl_typesupport_fastrtps_cpp;rosidl_typesupport_introspection_cpp
[0.723s] -- Found rmw_implementation_cmake: 6.1.2 (/opt/ros/humble/share/rmw_implementation_cmake/cmake)
[0.729s] -- Found rmw_fastrtps_cpp: 6.2.10 (/opt/ros/humble/share/rmw_fastrtps_cpp/cmake)
[0.837s] -- Found OpenSSL: /usr/lib/x86_64-linux-gnu/libcrypto.so (found version "3.0.2")  
[0.867s] -- Found FastRTPS: /opt/ros/humble/include  
[0.923s] -- Using RMW implementation 'rmw_fastrtps_cpp' as default
[0.944s] -- Looking for pthread.h
[1.019s] -- Looking for pthread.h - found
[1.019s] -- Performing Test CMAKE_HAVE_LIBC_PTHREAD
[1.153s] -- Performing Test CMAKE_HAVE_LIBC_PTHREAD - Success
[1.153s] -- Found Threads: TRUE  
[1.207s] -- Found pluginlib: 5.1.3 (/opt/ros/humble/share/pluginlib/cmake)
[1.247s] -- Found yaml_cpp_vendor: 8.0.2 (/opt/ros/humble/share/yaml_cpp_vendor/cmake)
[1.260s] -- Found ament_lint_auto: 0.12.15 (/opt/ros/humble/share/ament_lint_auto/cmake)
[1.355s] -- Found gmock sources under '/opt/ros/humble/src/gmock_vendor': C++ tests using 'Google Mock' will be built
[1.361s] -- Found gtest sources under '/opt/ros/humble/src/gtest_vendor': C++ tests using 'Google Test' will be built
[1.373s] -- Added test 'copyright' to check source files copyright and LICENSE
[1.374s] -- Added test 'cppcheck' to perform static code analysis on C / C++ code
[1.375s] -- Configured cppcheck include dirs: $<BUILD_INTERFACE:/home/theanh/ros2_ws1/src/ethercat_driver_ros2/ethercat_generic_plugins/ethercat_generic_slave/include>;/home/theanh/ros2_ws1/src/ethercat_driver_ros2/ethercat_generic_plugins/ethercat_generic_slave/include
[1.375s] -- Configured cppcheck exclude dirs and/or files: 
[1.376s] -- Added test 'cpplint' to check C / C++ code against the Google style
[1.376s] -- Configured cpplint exclude dirs and/or files: 
[1.377s] -- Added test 'lint_cmake' to check CMake code style
[1.378s] -- Added test 'uncrustify' to check C / C++ code style
[1.378s] -- Configured uncrustify additional arguments: 
[1.379s] -- Added test 'xmllint' to check XML markup files
[1.383s] -- Configuring done
[1.419s] -- Generating done
[1.425s] -- Build files have been written to: /home/theanh/ros2_ws1/build/ethercat_generic_slave
[1.436s] Invoked command in '/home/theanh/ros2_ws1/build/ethercat_generic_slave' returned '0': CMAKE_PREFIX_PATH=/home/theanh/ros2_ws1/install/ethercat_interface:/home/theanh/ros2_ws1/install/ros2_qt1_demo:/home/theanh/ros2_ws1/install/ethercat_manager:/home/theanh/ros2_ws1/install/ethercat_msgs:/home/theanh/ros2_ws1/install/ethercat_generic_cia402_drive:/home/theanh/ros2_ws1/install/ethercat_generic_slave:/home/theanh/ros2_ws1/install/ethercat_driver_ros2:/home/theanh/ros2_ws1/install/ethercat_driver:/home/theanh/ros2_ws1/install/control_one_motor_pkg_ex:/home/theanh/ros2_ws1/install/control_one_motor_pkg:/home/theanh/gui_rviz2_qt5/install/gui_agv:/home/theanh/can_example_ws/install/canopen_tests:/home/theanh/can_example_ws/install/canopen_ros2_controllers:/home/theanh/can_example_ws/install/canopen_ros2_control:/home/theanh/can_example_ws/install/canopen:/home/theanh/can_example_ws/install/canopen_402_driver:/home/theanh/can_example_ws/install/canopen_proxy_driver:/home/theanh/can_example_ws/install/canopen_master_driver:/home/theanh/can_example_ws/install/canopen_fake_slaves:/home/theanh/can_example_ws/install/canopen_base_driver:/home/theanh/can_example_ws/install/canopen_core:/home/theanh/can_example_ws/install/lely_core_libraries:/home/theanh/can_example_ws/install/canopen_interfaces:/home/theanh/agv_test_ws/install/sllidar_ros2:/home/theanh/agv_test_ws/install/agv_test_pkg:/home/theanh/mobile_rb_ws/install/sam_bot_description:/home/theanh/mobile_rb_ws/install/nav2_straightline_planner:/home/theanh/mobile_rb_ws/install/nav2_gradient_costmap_plugin:/home/theanh/mobile_rb_ws/install/nav2_costmap_filters_demo:/home/theanh/mobile_rb_ws/install/custom_nav2_costmap_plugin:/home/theanh/mobile_rb_ws/install/articubot_one:/home/theanh/can_example_ws/install/canopen_utils:/home/theanh/mobile_rb_ws/install/nav2_gps_waypoint_follower_demo:/opt/ros/humble LD_LIBRARY_PATH=/home/theanh/ros2_ws1/install/ethercat_interface/lib:/home/theanh/ros2_ws1/install/ethercat_manager/lib:/home/theanh/ros2_ws1/install/ethercat_msgs/lib:/home/theanh/ros2_ws1/install/ethercat_generic_cia402_drive/lib:/home/theanh/ros2_ws1/install/ethercat_generic_slave/lib:/home/theanh/ros2_ws1/install/ethercat_driver/lib:/home/theanh/can_example_ws/install/canopen_ros2_controllers/lib:/home/theanh/can_example_ws/install/canopen_ros2_control/lib:/home/theanh/can_example_ws/install/canopen_402_driver/lib:/home/theanh/can_example_ws/install/canopen_proxy_driver/lib:/home/theanh/can_example_ws/install/canopen_master_driver/lib:/home/theanh/can_example_ws/install/canopen_base_driver/lib:/home/theanh/can_example_ws/install/canopen_core/lib:/home/theanh/can_example_ws/install/lely_core_libraries/lib:/home/theanh/can_example_ws/install/canopen_interfaces/lib:/home/theanh/mobile_rb_ws/install/nav2_straightline_planner/lib:/home/theanh/mobile_rb_ws/install/nav2_gradient_costmap_plugin/lib:/home/theanh/mobile_rb_ws/install/custom_nav2_costmap_plugin/lib:/usr/lib/x86_64-linux-gnu/gazebo-11/plugins:/opt/ros/humble/opt/rviz_ogre_vendor/lib:/opt/ros/humble/lib/x86_64-linux-gnu:/opt/ros/humble/lib /usr/bin/cmake /home/theanh/ros2_ws1/src/ethercat_driver_ros2/ethercat_generic_plugins/ethercat_generic_slave -DAMENT_CMAKE_SYMLINK_INSTALL=1 -DCMAKE_INSTALL_PREFIX=/home/theanh/ros2_ws1/install/ethercat_generic_slave
[1.437s] Invoking command in '/home/theanh/ros2_ws1/build/ethercat_generic_slave': CMAKE_PREFIX_PATH=/home/theanh/ros2_ws1/install/ethercat_interface:/home/theanh/ros2_ws1/install/ros2_qt1_demo:/home/theanh/ros2_ws1/install/ethercat_manager:/home/theanh/ros2_ws1/install/ethercat_msgs:/home/theanh/ros2_ws1/install/ethercat_generic_cia402_drive:/home/theanh/ros2_ws1/install/ethercat_generic_slave:/home/theanh/ros2_ws1/install/ethercat_driver_ros2:/home/theanh/ros2_ws1/install/ethercat_driver:/home/theanh/ros2_ws1/install/control_one_motor_pkg_ex:/home/theanh/ros2_ws1/install/control_one_motor_pkg:/home/theanh/gui_rviz2_qt5/install/gui_agv:/home/theanh/can_example_ws/install/canopen_tests:/home/theanh/can_example_ws/install/canopen_ros2_controllers:/home/theanh/can_example_ws/install/canopen_ros2_control:/home/theanh/can_example_ws/install/canopen:/home/theanh/can_example_ws/install/canopen_402_driver:/home/theanh/can_example_ws/install/canopen_proxy_driver:/home/theanh/can_example_ws/install/canopen_master_driver:/home/theanh/can_example_ws/install/canopen_fake_slaves:/home/theanh/can_example_ws/install/canopen_base_driver:/home/theanh/can_example_ws/install/canopen_core:/home/theanh/can_example_ws/install/lely_core_libraries:/home/theanh/can_example_ws/install/canopen_interfaces:/home/theanh/agv_test_ws/install/sllidar_ros2:/home/theanh/agv_test_ws/install/agv_test_pkg:/home/theanh/mobile_rb_ws/install/sam_bot_description:/home/theanh/mobile_rb_ws/install/nav2_straightline_planner:/home/theanh/mobile_rb_ws/install/nav2_gradient_costmap_plugin:/home/theanh/mobile_rb_ws/install/nav2_costmap_filters_demo:/home/theanh/mobile_rb_ws/install/custom_nav2_costmap_plugin:/home/theanh/mobile_rb_ws/install/articubot_one:/home/theanh/can_example_ws/install/canopen_utils:/home/theanh/mobile_rb_ws/install/nav2_gps_waypoint_follower_demo:/opt/ros/humble LD_LIBRARY_PATH=/home/theanh/ros2_ws1/install/ethercat_interface/lib:/home/theanh/ros2_ws1/install/ethercat_manager/lib:/home/theanh/ros2_ws1/install/ethercat_msgs/lib:/home/theanh/ros2_ws1/install/ethercat_generic_cia402_drive/lib:/home/theanh/ros2_ws1/install/ethercat_generic_slave/lib:/home/theanh/ros2_ws1/install/ethercat_driver/lib:/home/theanh/can_example_ws/install/canopen_ros2_controllers/lib:/home/theanh/can_example_ws/install/canopen_ros2_control/lib:/home/theanh/can_example_ws/install/canopen_402_driver/lib:/home/theanh/can_example_ws/install/canopen_proxy_driver/lib:/home/theanh/can_example_ws/install/canopen_master_driver/lib:/home/theanh/can_example_ws/install/canopen_base_driver/lib:/home/theanh/can_example_ws/install/canopen_core/lib:/home/theanh/can_example_ws/install/lely_core_libraries/lib:/home/theanh/can_example_ws/install/canopen_interfaces/lib:/home/theanh/mobile_rb_ws/install/nav2_straightline_planner/lib:/home/theanh/mobile_rb_ws/install/nav2_gradient_costmap_plugin/lib:/home/theanh/mobile_rb_ws/install/custom_nav2_costmap_plugin/lib:/usr/lib/x86_64-linux-gnu/gazebo-11/plugins:/opt/ros/humble/opt/rviz_ogre_vendor/lib:/opt/ros/humble/lib/x86_64-linux-gnu:/opt/ros/humble/lib /usr/bin/cmake --build /home/theanh/ros2_ws1/build/ethercat_generic_slave -- -j16 -l16
[1.491s] [ 36%] [32mBuilding CXX object gmock/CMakeFiles/gmock_main.dir/src/gmock_main.cc.o[0m
[1.491s] [ 36%] [32mBuilding CXX object gmock/CMakeFiles/gmock.dir/opt/ros/humble/src/gtest_vendor/src/gtest-all.cc.o[0m
[1.491s] [ 36%] [32mBuilding CXX object gmock/CMakeFiles/gmock.dir/src/gmock-all.cc.o[0m
[1.491s] [ 36%] [32mBuilding CXX object CMakeFiles/ethercat_generic_slave.dir/src/generic_ec_slave.cpp.o[0m
[2.464s] [ 45%] [32m[1mLinking CXX static library libgmock_main.a[0m
[2.537s] [ 45%] Built target gmock_main
[2.975s] [ 54%] [32m[1mLinking CXX shared library libethercat_generic_slave.so[0m
[3.104s] [ 54%] Built target ethercat_generic_slave
[3.935s] [ 63%] [32m[1mLinking CXX static library libgmock.a[0m
[4.034s] [ 63%] Built target gmock
[4.057s] [ 81%] [32mBuilding CXX object CMakeFiles/test_generic_ec_slave.dir/test/test_generic_ec_slave.cpp.o[0m
[4.057s] [ 81%] [32mBuilding CXX object CMakeFiles/test_load_generic_plugins.dir/test/test_load_ec_modules.cpp.o[0m
[6.142s] [ 90%] [32m[1mLinking CXX executable test_generic_ec_slave[0m
[6.324s] [ 90%] Built target test_generic_ec_slave
[6.856s] [100%] [32m[1mLinking CXX executable test_load_generic_plugins[0m
[7.058s] [100%] Built target test_load_generic_plugins
[7.086s] Invoked command in '/home/theanh/ros2_ws1/build/ethercat_generic_slave' returned '0': CMAKE_PREFIX_PATH=/home/theanh/ros2_ws1/install/ethercat_interface:/home/theanh/ros2_ws1/install/ros2_qt1_demo:/home/theanh/ros2_ws1/install/ethercat_manager:/home/theanh/ros2_ws1/install/ethercat_msgs:/home/theanh/ros2_ws1/install/ethercat_generic_cia402_drive:/home/theanh/ros2_ws1/install/ethercat_generic_slave:/home/theanh/ros2_ws1/install/ethercat_driver_ros2:/home/theanh/ros2_ws1/install/ethercat_driver:/home/theanh/ros2_ws1/install/control_one_motor_pkg_ex:/home/theanh/ros2_ws1/install/control_one_motor_pkg:/home/theanh/gui_rviz2_qt5/install/gui_agv:/home/theanh/can_example_ws/install/canopen_tests:/home/theanh/can_example_ws/install/canopen_ros2_controllers:/home/theanh/can_example_ws/install/canopen_ros2_control:/home/theanh/can_example_ws/install/canopen:/home/theanh/can_example_ws/install/canopen_402_driver:/home/theanh/can_example_ws/install/canopen_proxy_driver:/home/theanh/can_example_ws/install/canopen_master_driver:/home/theanh/can_example_ws/install/canopen_fake_slaves:/home/theanh/can_example_ws/install/canopen_base_driver:/home/theanh/can_example_ws/install/canopen_core:/home/theanh/can_example_ws/install/lely_core_libraries:/home/theanh/can_example_ws/install/canopen_interfaces:/home/theanh/agv_test_ws/install/sllidar_ros2:/home/theanh/agv_test_ws/install/agv_test_pkg:/home/theanh/mobile_rb_ws/install/sam_bot_description:/home/theanh/mobile_rb_ws/install/nav2_straightline_planner:/home/theanh/mobile_rb_ws/install/nav2_gradient_costmap_plugin:/home/theanh/mobile_rb_ws/install/nav2_costmap_filters_demo:/home/theanh/mobile_rb_ws/install/custom_nav2_costmap_plugin:/home/theanh/mobile_rb_ws/install/articubot_one:/home/theanh/can_example_ws/install/canopen_utils:/home/theanh/mobile_rb_ws/install/nav2_gps_waypoint_follower_demo:/opt/ros/humble LD_LIBRARY_PATH=/home/theanh/ros2_ws1/install/ethercat_interface/lib:/home/theanh/ros2_ws1/install/ethercat_manager/lib:/home/theanh/ros2_ws1/install/ethercat_msgs/lib:/home/theanh/ros2_ws1/install/ethercat_generic_cia402_drive/lib:/home/theanh/ros2_ws1/install/ethercat_generic_slave/lib:/home/theanh/ros2_ws1/install/ethercat_driver/lib:/home/theanh/can_example_ws/install/canopen_ros2_controllers/lib:/home/theanh/can_example_ws/install/canopen_ros2_control/lib:/home/theanh/can_example_ws/install/canopen_402_driver/lib:/home/theanh/can_example_ws/install/canopen_proxy_driver/lib:/home/theanh/can_example_ws/install/canopen_master_driver/lib:/home/theanh/can_example_ws/install/canopen_base_driver/lib:/home/theanh/can_example_ws/install/canopen_core/lib:/home/theanh/can_example_ws/install/lely_core_libraries/lib:/home/theanh/can_example_ws/install/canopen_interfaces/lib:/home/theanh/mobile_rb_ws/install/nav2_straightline_planner/lib:/home/theanh/mobile_rb_ws/install/nav2_gradient_costmap_plugin/lib:/home/theanh/mobile_rb_ws/install/custom_nav2_costmap_plugin/lib:/usr/lib/x86_64-linux-gnu/gazebo-11/plugins:/opt/ros/humble/opt/rviz_ogre_vendor/lib:/opt/ros/humble/lib/x86_64-linux-gnu:/opt/ros/humble/lib /usr/bin/cmake --build /home/theanh/ros2_ws1/build/ethercat_generic_slave -- -j16 -l16
[7.087s] Invoking command in '/home/theanh/ros2_ws1/build/ethercat_generic_slave': CMAKE_PREFIX_PATH=/home/theanh/ros2_ws1/install/ethercat_interface:/home/theanh/ros2_ws1/install/ros2_qt1_demo:/home/theanh/ros2_ws1/install/ethercat_manager:/home/theanh/ros2_ws1/install/ethercat_msgs:/home/theanh/ros2_ws1/install/ethercat_generic_cia402_drive:/home/theanh/ros2_ws1/install/ethercat_generic_slave:/home/theanh/ros2_ws1/install/ethercat_driver_ros2:/home/theanh/ros2_ws1/install/ethercat_driver:/home/theanh/ros2_ws1/install/control_one_motor_pkg_ex:/home/theanh/ros2_ws1/install/control_one_motor_pkg:/home/theanh/gui_rviz2_qt5/install/gui_agv:/home/theanh/can_example_ws/install/canopen_tests:/home/theanh/can_example_ws/install/canopen_ros2_controllers:/home/theanh/can_example_ws/install/canopen_ros2_control:/home/theanh/can_example_ws/install/canopen:/home/theanh/can_example_ws/install/canopen_402_driver:/home/theanh/can_example_ws/install/canopen_proxy_driver:/home/theanh/can_example_ws/install/canopen_master_driver:/home/theanh/can_example_ws/install/canopen_fake_slaves:/home/theanh/can_example_ws/install/canopen_base_driver:/home/theanh/can_example_ws/install/canopen_core:/home/theanh/can_example_ws/install/lely_core_libraries:/home/theanh/can_example_ws/install/canopen_interfaces:/home/theanh/agv_test_ws/install/sllidar_ros2:/home/theanh/agv_test_ws/install/agv_test_pkg:/home/theanh/mobile_rb_ws/install/sam_bot_description:/home/theanh/mobile_rb_ws/install/nav2_straightline_planner:/home/theanh/mobile_rb_ws/install/nav2_gradient_costmap_plugin:/home/theanh/mobile_rb_ws/install/nav2_costmap_filters_demo:/home/theanh/mobile_rb_ws/install/custom_nav2_costmap_plugin:/home/theanh/mobile_rb_ws/install/articubot_one:/home/theanh/can_example_ws/install/canopen_utils:/home/theanh/mobile_rb_ws/install/nav2_gps_waypoint_follower_demo:/opt/ros/humble LD_LIBRARY_PATH=/home/theanh/ros2_ws1/install/ethercat_interface/lib:/home/theanh/ros2_ws1/install/ethercat_manager/lib:/home/theanh/ros2_ws1/install/ethercat_msgs/lib:/home/theanh/ros2_ws1/install/ethercat_generic_cia402_drive/lib:/home/theanh/ros2_ws1/install/ethercat_generic_slave/lib:/home/theanh/ros2_ws1/install/ethercat_driver/lib:/home/theanh/can_example_ws/install/canopen_ros2_controllers/lib:/home/theanh/can_example_ws/install/canopen_ros2_control/lib:/home/theanh/can_example_ws/install/canopen_402_driver/lib:/home/theanh/can_example_ws/install/canopen_proxy_driver/lib:/home/theanh/can_example_ws/install/canopen_master_driver/lib:/home/theanh/can_example_ws/install/canopen_base_driver/lib:/home/theanh/can_example_ws/install/canopen_core/lib:/home/theanh/can_example_ws/install/lely_core_libraries/lib:/home/theanh/can_example_ws/install/canopen_interfaces/lib:/home/theanh/mobile_rb_ws/install/nav2_straightline_planner/lib:/home/theanh/mobile_rb_ws/install/nav2_gradient_costmap_plugin/lib:/home/theanh/mobile_rb_ws/install/custom_nav2_costmap_plugin/lib:/usr/lib/x86_64-linux-gnu/gazebo-11/plugins:/opt/ros/humble/opt/rviz_ogre_vendor/lib:/opt/ros/humble/lib/x86_64-linux-gnu:/opt/ros/humble/lib /usr/bin/cmake --install /home/theanh/ros2_ws1/build/ethercat_generic_slave
[7.095s] -- Install configuration: ""
[7.095s] -- Execute custom install script
[7.096s] -- Symlinking: /home/theanh/ros2_ws1/install/ethercat_generic_slave/share/ethercat_generic_slave//ethercat_plugins.xml
[7.104s] -- Symlinking: /home/theanh/ros2_ws1/install/ethercat_generic_slave/include/ethercat_generic_plugins/generic_ec_slave.hpp
[7.114s] -- Symlinking: /home/theanh/ros2_ws1/install/ethercat_generic_slave/share/ethercat_generic_slave/environment/library_path.sh
[7.123s] -- Symlinking: /home/theanh/ros2_ws1/install/ethercat_generic_slave/share/ethercat_generic_slave/environment/library_path.dsv
[7.132s] -- Symlinking: /home/theanh/ros2_ws1/install/ethercat_generic_slave/share/ament_index/resource_index/package_run_dependencies/ethercat_generic_slave
[7.142s] -- Symlinking: /home/theanh/ros2_ws1/install/ethercat_generic_slave/share/ament_index/resource_index/parent_prefix_path/ethercat_generic_slave
[7.151s] -- Symlinking: /home/theanh/ros2_ws1/install/ethercat_generic_slave/share/ethercat_generic_slave/environment/ament_prefix_path.sh
[7.160s] -- Symlinking: /home/theanh/ros2_ws1/install/ethercat_generic_slave/share/ethercat_generic_slave/environment/ament_prefix_path.dsv
[7.169s] -- Symlinking: /home/theanh/ros2_ws1/install/ethercat_generic_slave/share/ethercat_generic_slave/environment/path.sh
[7.178s] -- Symlinking: /home/theanh/ros2_ws1/install/ethercat_generic_slave/share/ethercat_generic_slave/environment/path.dsv
[7.187s] -- Symlinking: /home/theanh/ros2_ws1/install/ethercat_generic_slave/share/ethercat_generic_slave/local_setup.bash
[7.196s] -- Symlinking: /home/theanh/ros2_ws1/install/ethercat_generic_slave/share/ethercat_generic_slave/local_setup.sh
[7.205s] -- Symlinking: /home/theanh/ros2_ws1/install/ethercat_generic_slave/share/ethercat_generic_slave/local_setup.zsh
[7.214s] -- Symlinking: /home/theanh/ros2_ws1/install/ethercat_generic_slave/share/ethercat_generic_slave/local_setup.dsv
[7.224s] -- Symlinking: /home/theanh/ros2_ws1/install/ethercat_generic_slave/share/ethercat_generic_slave/package.dsv
[7.234s] -- Symlinking: /home/theanh/ros2_ws1/install/ethercat_generic_slave/share/ament_index/resource_index/packages/ethercat_generic_slave
[7.244s] -- Symlinking: /home/theanh/ros2_ws1/install/ethercat_generic_slave/share/ament_index/resource_index/ethercat_interface__pluginlib__plugin/ethercat_generic_slave
[7.253s] -- Symlinking: /home/theanh/ros2_ws1/install/ethercat_generic_slave/share/ethercat_generic_slave/cmake/ament_cmake_export_include_directories-extras.cmake
[7.263s] -- Symlinking: /home/theanh/ros2_ws1/install/ethercat_generic_slave/share/ethercat_generic_slave/cmake/ament_cmake_export_libraries-extras.cmake
[7.272s] -- Symlinking: /home/theanh/ros2_ws1/install/ethercat_generic_slave/share/ethercat_generic_slave/cmake/ament_cmake_export_targets-extras.cmake
[7.281s] -- Symlinking: /home/theanh/ros2_ws1/install/ethercat_generic_slave/share/ethercat_generic_slave/cmake/ethercat_generic_slaveConfig.cmake
[7.290s] -- Symlinking: /home/theanh/ros2_ws1/install/ethercat_generic_slave/share/ethercat_generic_slave/cmake/ethercat_generic_slaveConfig-version.cmake
[7.299s] -- Symlinking: /home/theanh/ros2_ws1/install/ethercat_generic_slave/share/ethercat_generic_slave/package.xml
[7.309s] -- Installing: /home/theanh/ros2_ws1/install/ethercat_generic_slave/lib/libethercat_generic_slave.so
[7.310s] -- Set runtime path of "/home/theanh/ros2_ws1/install/ethercat_generic_slave/lib/libethercat_generic_slave.so" to ""
[7.310s] -- Installing: /home/theanh/ros2_ws1/install/ethercat_generic_slave/share/ethercat_generic_slave/cmake/export_ethercat_generic_slaveExport.cmake
[7.310s] -- Installing: /home/theanh/ros2_ws1/install/ethercat_generic_slave/share/ethercat_generic_slave/cmake/export_ethercat_generic_slaveExport-noconfig.cmake
[7.313s] Invoked command in '/home/theanh/ros2_ws1/build/ethercat_generic_slave' returned '0': CMAKE_PREFIX_PATH=/home/theanh/ros2_ws1/install/ethercat_interface:/home/theanh/ros2_ws1/install/ros2_qt1_demo:/home/theanh/ros2_ws1/install/ethercat_manager:/home/theanh/ros2_ws1/install/ethercat_msgs:/home/theanh/ros2_ws1/install/ethercat_generic_cia402_drive:/home/theanh/ros2_ws1/install/ethercat_generic_slave:/home/theanh/ros2_ws1/install/ethercat_driver_ros2:/home/theanh/ros2_ws1/install/ethercat_driver:/home/theanh/ros2_ws1/install/control_one_motor_pkg_ex:/home/theanh/ros2_ws1/install/control_one_motor_pkg:/home/theanh/gui_rviz2_qt5/install/gui_agv:/home/theanh/can_example_ws/install/canopen_tests:/home/theanh/can_example_ws/install/canopen_ros2_controllers:/home/theanh/can_example_ws/install/canopen_ros2_control:/home/theanh/can_example_ws/install/canopen:/home/theanh/can_example_ws/install/canopen_402_driver:/home/theanh/can_example_ws/install/canopen_proxy_driver:/home/theanh/can_example_ws/install/canopen_master_driver:/home/theanh/can_example_ws/install/canopen_fake_slaves:/home/theanh/can_example_ws/install/canopen_base_driver:/home/theanh/can_example_ws/install/canopen_core:/home/theanh/can_example_ws/install/lely_core_libraries:/home/theanh/can_example_ws/install/canopen_interfaces:/home/theanh/agv_test_ws/install/sllidar_ros2:/home/theanh/agv_test_ws/install/agv_test_pkg:/home/theanh/mobile_rb_ws/install/sam_bot_description:/home/theanh/mobile_rb_ws/install/nav2_straightline_planner:/home/theanh/mobile_rb_ws/install/nav2_gradient_costmap_plugin:/home/theanh/mobile_rb_ws/install/nav2_costmap_filters_demo:/home/theanh/mobile_rb_ws/install/custom_nav2_costmap_plugin:/home/theanh/mobile_rb_ws/install/articubot_one:/home/theanh/can_example_ws/install/canopen_utils:/home/theanh/mobile_rb_ws/install/nav2_gps_waypoint_follower_demo:/opt/ros/humble LD_LIBRARY_PATH=/home/theanh/ros2_ws1/install/ethercat_interface/lib:/home/theanh/ros2_ws1/install/ethercat_manager/lib:/home/theanh/ros2_ws1/install/ethercat_msgs/lib:/home/theanh/ros2_ws1/install/ethercat_generic_cia402_drive/lib:/home/theanh/ros2_ws1/install/ethercat_generic_slave/lib:/home/theanh/ros2_ws1/install/ethercat_driver/lib:/home/theanh/can_example_ws/install/canopen_ros2_controllers/lib:/home/theanh/can_example_ws/install/canopen_ros2_control/lib:/home/theanh/can_example_ws/install/canopen_402_driver/lib:/home/theanh/can_example_ws/install/canopen_proxy_driver/lib:/home/theanh/can_example_ws/install/canopen_master_driver/lib:/home/theanh/can_example_ws/install/canopen_base_driver/lib:/home/theanh/can_example_ws/install/canopen_core/lib:/home/theanh/can_example_ws/install/lely_core_libraries/lib:/home/theanh/can_example_ws/install/canopen_interfaces/lib:/home/theanh/mobile_rb_ws/install/nav2_straightline_planner/lib:/home/theanh/mobile_rb_ws/install/nav2_gradient_costmap_plugin/lib:/home/theanh/mobile_rb_ws/install/custom_nav2_costmap_plugin/lib:/usr/lib/x86_64-linux-gnu/gazebo-11/plugins:/opt/ros/humble/opt/rviz_ogre_vendor/lib:/opt/ros/humble/lib/x86_64-linux-gnu:/opt/ros/humble/lib /usr/bin/cmake --install /home/theanh/ros2_ws1/build/ethercat_generic_slave
