-- Found ament_cmake: 1.3.14 (/opt/ros/humble/share/ament_cmake/cmake)
-- Override CMake install command with custom implementation using symlinks instead of copying resources
-- Found ethercat_msgs: 1.2.0 (/home/theanh/ros2_ws1/install/ethercat_msgs/share/ethercat_msgs/cmake)
-- Found rosidl_generator_c: 3.1.8 (/opt/ros/humble/share/rosidl_generator_c/cmake)
-- Found rosidl_adapter: 3.1.8 (/opt/ros/humble/share/rosidl_adapter/cmake)
-- Found rosidl_generator_cpp: 3.1.8 (/opt/ros/humble/share/rosidl_generator_cpp/cmake)
-- Using all available rosidl_typesupport_c: rosidl_typesupport_fastrtps_c;rosidl_typesupport_introspection_c
-- Using all available rosidl_typesupport_cpp: rosidl_typesupport_fastrtps_cpp;rosidl_typesupport_introspection_cpp
-- Found ament_lint_auto: 0.12.15 (/opt/ros/humble/share/ament_lint_auto/cmake)
-- Added test 'flake8' to check Python code syntax and style conventions
-- Added test 'lint_cmake' to check CMake code style
-- Added test 'pep257' to check Python code against some of the docstring style conventions in PEP 257
-- Added test 'xmllint' to check XML markup files
-- Configuring done
-- Generating done
-- Build files have been written to: /home/theanh/ros2_ws1/build/control_one_motor_pkg_ex
-- Install configuration: ""
-- Execute custom install script
-- Up-to-date symlink: /home/theanh/ros2_ws1/install/control_one_motor_pkg_ex/share/control_one_motor_pkg_ex/launch/robot_control.launch.py
-- Up-to-date symlink: /home/theanh/ros2_ws1/install/control_one_motor_pkg_ex/share/control_one_motor_pkg_ex/config/hexapod_controller.yaml
-- Up-to-date symlink: /home/theanh/ros2_ws1/install/control_one_motor_pkg_ex/share/control_one_motor_pkg_ex/config/motor_config.yaml
-- Up-to-date symlink: /home/theanh/ros2_ws1/install/control_one_motor_pkg_ex/share/control_one_motor_pkg_ex/description/urdf/motor_drive.ros2_control.xacro
-- Up-to-date symlink: /home/theanh/ros2_ws1/install/control_one_motor_pkg_ex/share/control_one_motor_pkg_ex/description/urdf/robot.urdf.xacro
-- Up-to-date symlink: /home/theanh/ros2_ws1/install/control_one_motor_pkg_ex/share/control_one_motor_pkg_ex/description/urdf/robot_core.xacro
-- Up-to-date symlink: /home/theanh/ros2_ws1/install/control_one_motor_pkg_ex/lib/control_one_motor_pkg_ex/inverse_kinematic.py
-- Symlinking: /home/theanh/ros2_ws1/install/control_one_motor_pkg_ex/lib/control_one_motor_pkg_ex/display_chart.py
-- Symlinking: /home/theanh/ros2_ws1/install/control_one_motor_pkg_ex/lib/control_one_motor_pkg_ex/status_motor.py
-- Up-to-date symlink: /home/theanh/ros2_ws1/install/control_one_motor_pkg_ex/share/ament_index/resource_index/package_run_dependencies/control_one_motor_pkg_ex
-- Up-to-date symlink: /home/theanh/ros2_ws1/install/control_one_motor_pkg_ex/share/ament_index/resource_index/parent_prefix_path/control_one_motor_pkg_ex
-- Up-to-date symlink: /home/theanh/ros2_ws1/install/control_one_motor_pkg_ex/share/control_one_motor_pkg_ex/environment/ament_prefix_path.sh
-- Up-to-date symlink: /home/theanh/ros2_ws1/install/control_one_motor_pkg_ex/share/control_one_motor_pkg_ex/environment/ament_prefix_path.dsv
-- Up-to-date symlink: /home/theanh/ros2_ws1/install/control_one_motor_pkg_ex/share/control_one_motor_pkg_ex/environment/path.sh
-- Up-to-date symlink: /home/theanh/ros2_ws1/install/control_one_motor_pkg_ex/share/control_one_motor_pkg_ex/environment/path.dsv
-- Up-to-date symlink: /home/theanh/ros2_ws1/install/control_one_motor_pkg_ex/share/control_one_motor_pkg_ex/local_setup.bash
-- Up-to-date symlink: /home/theanh/ros2_ws1/install/control_one_motor_pkg_ex/share/control_one_motor_pkg_ex/local_setup.sh
-- Up-to-date symlink: /home/theanh/ros2_ws1/install/control_one_motor_pkg_ex/share/control_one_motor_pkg_ex/local_setup.zsh
-- Up-to-date symlink: /home/theanh/ros2_ws1/install/control_one_motor_pkg_ex/share/control_one_motor_pkg_ex/local_setup.dsv
-- Symlinking: /home/theanh/ros2_ws1/install/control_one_motor_pkg_ex/share/control_one_motor_pkg_ex/package.dsv
-- Up-to-date symlink: /home/theanh/ros2_ws1/install/control_one_motor_pkg_ex/share/ament_index/resource_index/packages/control_one_motor_pkg_ex
-- Up-to-date symlink: /home/theanh/ros2_ws1/install/control_one_motor_pkg_ex/share/control_one_motor_pkg_ex/cmake/control_one_motor_pkg_exConfig.cmake
-- Up-to-date symlink: /home/theanh/ros2_ws1/install/control_one_motor_pkg_ex/share/control_one_motor_pkg_ex/cmake/control_one_motor_pkg_exConfig-version.cmake
-- Up-to-date symlink: /home/theanh/ros2_ws1/install/control_one_motor_pkg_ex/share/control_one_motor_pkg_ex/package.xml
