[0.030s] Invoking command in '/home/theanh/ros2_ws1/build/ethercat_interface': CMAKE_PREFIX_PATH=${CMAKE_PREFIX_PATH}:/home/theanh/can_example_ws/install/canopen_utils:/home/theanh/mobile_rb_ws/install/nav2_gps_waypoint_follower_demo:/opt/ros/humble /usr/bin/cmake /home/theanh/ros2_ws1/src/ethercat_driver_ros2/ethercat_interface -DAMENT_CMAKE_SYMLINK_INSTALL=1 -DCMAKE_INSTALL_PREFIX=/home/theanh/ros2_ws1/install/ethercat_interface
[0.110s] -- The C compiler identification is GNU 11.4.0
[0.182s] -- The CXX compiler identification is GNU 11.4.0
[0.193s] -- Detecting C compiler ABI info
[0.296s] -- Detecting C compiler ABI info - done
[0.304s] -- Check for working C compiler: /usr/bin/cc - skipped
[0.304s] -- Detecting C compile features
[0.304s] -- Detecting C compile features - done
[0.308s] -- Detecting CXX compiler ABI info
[0.424s] -- Detecting CXX compiler ABI info - done
[0.432s] -- Check for working CXX compiler: /usr/bin/c++ - skipped
[0.432s] -- Detecting CXX compile features
[0.432s] -- Detecting CXX compile features - done
[0.440s] -- Found ament_cmake: 1.3.13 (/opt/ros/humble/share/ament_cmake/cmake)
[0.649s] -- Found Python3: /usr/bin/python3 (found version "3.10.12") found components: Interpreter 
[0.732s] -- Override CMake install command with custom implementation using symlinks instead of copying resources
[0.826s] -- Found ament_cmake_ros: 0.10.0 (/opt/ros/humble/share/ament_cmake_ros/cmake)
[0.850s] -- Found rclcpp: 16.0.18 (/opt/ros/humble/share/rclcpp/cmake)
[0.950s] -- Found rosidl_generator_c: 3.1.8 (/opt/ros/humble/share/rosidl_generator_c/cmake)
[0.963s] -- Found rosidl_adapter: 3.1.8 (/opt/ros/humble/share/rosidl_adapter/cmake)
[0.981s] -- Found rosidl_generator_cpp: 3.1.8 (/opt/ros/humble/share/rosidl_generator_cpp/cmake)
[1.003s] -- Using all available rosidl_typesupport_c: rosidl_typesupport_fastrtps_c;rosidl_typesupport_introspection_c
[1.034s] -- Using all available rosidl_typesupport_cpp: rosidl_typesupport_fastrtps_cpp;rosidl_typesupport_introspection_cpp
[1.122s] -- Found rmw_implementation_cmake: 6.1.2 (/opt/ros/humble/share/rmw_implementation_cmake/cmake)
[1.130s] -- Found rmw_fastrtps_cpp: 6.2.10 (/opt/ros/humble/share/rmw_fastrtps_cpp/cmake)
[1.291s] -- Found OpenSSL: /usr/lib/x86_64-linux-gnu/libcrypto.so (found version "3.0.2")  
[1.338s] -- Found FastRTPS: /opt/ros/humble/include  
[1.408s] -- Using RMW implementation 'rmw_fastrtps_cpp' as default
[1.429s] -- Looking for pthread.h
[1.533s] -- Looking for pthread.h - found
[1.533s] -- Performing Test CMAKE_HAVE_LIBC_PTHREAD
[1.638s] -- Performing Test CMAKE_HAVE_LIBC_PTHREAD - Success
[1.640s] -- Found Threads: TRUE  
[1.717s] -- Found ament_lint_auto: 0.12.15 (/opt/ros/humble/share/ament_lint_auto/cmake)
[1.723s] -- Found yaml_cpp_vendor: 8.0.2 (/opt/ros/humble/share/yaml_cpp_vendor/cmake)
[1.868s] -- Found gmock sources under '/opt/ros/humble/src/gmock_vendor': C++ tests using 'Google Mock' will be built
[1.877s] -- Found gtest sources under '/opt/ros/humble/src/gtest_vendor': C++ tests using 'Google Test' will be built
[1.886s] -- Added test 'copyright' to check source files copyright and LICENSE
[1.889s] -- Added test 'cppcheck' to perform static code analysis on C / C++ code
[1.889s] -- Configured cppcheck include dirs: /home/theanh/ros2_ws1/src/ethercat_driver_ros2/ethercat_interface/include
[1.889s] -- Configured cppcheck exclude dirs and/or files: 
[1.891s] -- Added test 'cpplint' to check C / C++ code against the Google style
[1.891s] -- Configured cpplint exclude dirs and/or files: 
[1.892s] -- Added test 'lint_cmake' to check CMake code style
[1.894s] -- Added test 'uncrustify' to check C / C++ code style
[1.894s] -- Configured uncrustify additional arguments: 
[1.896s] -- Added test 'xmllint' to check XML markup files
[1.901s] -- Configuring done
[1.921s] -- Generating done
[1.927s] -- Build files have been written to: /home/theanh/ros2_ws1/build/ethercat_interface
[1.940s] Invoked command in '/home/theanh/ros2_ws1/build/ethercat_interface' returned '0': CMAKE_PREFIX_PATH=${CMAKE_PREFIX_PATH}:/home/theanh/can_example_ws/install/canopen_utils:/home/theanh/mobile_rb_ws/install/nav2_gps_waypoint_follower_demo:/opt/ros/humble /usr/bin/cmake /home/theanh/ros2_ws1/src/ethercat_driver_ros2/ethercat_interface -DAMENT_CMAKE_SYMLINK_INSTALL=1 -DCMAKE_INSTALL_PREFIX=/home/theanh/ros2_ws1/install/ethercat_interface
[1.942s] Invoking command in '/home/theanh/ros2_ws1/build/ethercat_interface': CMAKE_PREFIX_PATH=${CMAKE_PREFIX_PATH}:/home/theanh/can_example_ws/install/canopen_utils:/home/theanh/mobile_rb_ws/install/nav2_gps_waypoint_follower_demo:/opt/ros/humble /usr/bin/cmake --build /home/theanh/ros2_ws1/build/ethercat_interface -- -j16 -l16
[2.019s] [ 33%] [32mBuilding CXX object gmock/CMakeFiles/gmock.dir/src/gmock-all.cc.o[0m
[2.020s] [ 33%] [32mBuilding CXX object gmock/CMakeFiles/gmock.dir/opt/ros/humble/src/gtest_vendor/src/gtest-all.cc.o[0m
[2.020s] [ 33%] [32mBuilding CXX object CMakeFiles/ethercat_interface.dir/src/ec_master.cpp.o[0m
[2.020s] [ 44%] [32mBuilding CXX object gmock/CMakeFiles/gmock_main.dir/src/gmock_main.cc.o[0m
[3.964s] [ 55%] [32m[1mLinking CXX shared library libethercat_interface.so[0m
[4.050s] [ 66%] [32m[1mLinking CXX static library libgmock_main.a[0m
[4.250s] [ 66%] Built target ethercat_interface
[4.262s] [ 66%] Built target gmock_main
[6.666s] [ 77%] [32m[1mLinking CXX static library libgmock.a[0m
[6.823s] [ 77%] Built target gmock
[6.863s] [ 88%] [32mBuilding CXX object CMakeFiles/test_ec_pdo_channel_manager.dir/test/test_ec_pdo_channel_manager.cpp.o[0m
[8.669s] [100%] [32m[1mLinking CXX executable test_ec_pdo_channel_manager[0m
[8.842s] [100%] Built target test_ec_pdo_channel_manager
[8.855s] Invoked command in '/home/theanh/ros2_ws1/build/ethercat_interface' returned '0': CMAKE_PREFIX_PATH=${CMAKE_PREFIX_PATH}:/home/theanh/can_example_ws/install/canopen_utils:/home/theanh/mobile_rb_ws/install/nav2_gps_waypoint_follower_demo:/opt/ros/humble /usr/bin/cmake --build /home/theanh/ros2_ws1/build/ethercat_interface -- -j16 -l16
[8.857s] Invoking command in '/home/theanh/ros2_ws1/build/ethercat_interface': CMAKE_PREFIX_PATH=${CMAKE_PREFIX_PATH}:/home/theanh/can_example_ws/install/canopen_utils:/home/theanh/mobile_rb_ws/install/nav2_gps_waypoint_follower_demo:/opt/ros/humble /usr/bin/cmake --install /home/theanh/ros2_ws1/build/ethercat_interface
[8.865s] -- Install configuration: ""
[8.865s] -- Execute custom install script
[8.866s] -- Symlinking: /home/theanh/ros2_ws1/install/ethercat_interface/lib/libethercat_interface.so
[8.878s] -- Symlinking: /home/theanh/ros2_ws1/install/ethercat_interface/include/ethercat_interface/ec_master.hpp
[8.888s] -- Symlinking: /home/theanh/ros2_ws1/install/ethercat_interface/include/ethercat_interface/ec_pdo_channel_manager.hpp
[8.898s] -- Symlinking: /home/theanh/ros2_ws1/install/ethercat_interface/include/ethercat_interface/ec_sdo_manager.hpp
[8.908s] -- Symlinking: /home/theanh/ros2_ws1/install/ethercat_interface/include/ethercat_interface/ec_slave.hpp
[8.918s] -- Symlinking: /home/theanh/ros2_ws1/install/ethercat_interface/include/ethercat_interface/ec_sync_manager.hpp
[8.929s] -- Symlinking: /home/theanh/ros2_ws1/install/ethercat_interface/share/ethercat_interface/environment/library_path.sh
[8.940s] -- Symlinking: /home/theanh/ros2_ws1/install/ethercat_interface/share/ethercat_interface/environment/library_path.dsv
[8.951s] -- Symlinking: /home/theanh/ros2_ws1/install/ethercat_interface/share/ament_index/resource_index/package_run_dependencies/ethercat_interface
[8.962s] -- Symlinking: /home/theanh/ros2_ws1/install/ethercat_interface/share/ament_index/resource_index/parent_prefix_path/ethercat_interface
[8.972s] -- Symlinking: /home/theanh/ros2_ws1/install/ethercat_interface/share/ethercat_interface/environment/ament_prefix_path.sh
[8.982s] -- Symlinking: /home/theanh/ros2_ws1/install/ethercat_interface/share/ethercat_interface/environment/ament_prefix_path.dsv
[8.991s] -- Symlinking: /home/theanh/ros2_ws1/install/ethercat_interface/share/ethercat_interface/environment/path.sh
[9.002s] -- Symlinking: /home/theanh/ros2_ws1/install/ethercat_interface/share/ethercat_interface/environment/path.dsv
[9.012s] -- Symlinking: /home/theanh/ros2_ws1/install/ethercat_interface/share/ethercat_interface/local_setup.bash
[9.026s] -- Symlinking: /home/theanh/ros2_ws1/install/ethercat_interface/share/ethercat_interface/local_setup.sh
[9.037s] -- Symlinking: /home/theanh/ros2_ws1/install/ethercat_interface/share/ethercat_interface/local_setup.zsh
[9.048s] -- Symlinking: /home/theanh/ros2_ws1/install/ethercat_interface/share/ethercat_interface/local_setup.dsv
[9.061s] -- Symlinking: /home/theanh/ros2_ws1/install/ethercat_interface/share/ethercat_interface/package.dsv
[9.072s] -- Symlinking: /home/theanh/ros2_ws1/install/ethercat_interface/share/ament_index/resource_index/packages/ethercat_interface
[9.083s] -- Symlinking: /home/theanh/ros2_ws1/install/ethercat_interface/share/ethercat_interface/cmake/ament_cmake_export_include_directories-extras.cmake
[9.094s] -- Symlinking: /home/theanh/ros2_ws1/install/ethercat_interface/share/ethercat_interface/cmake/ament_cmake_export_libraries-extras.cmake
[9.105s] -- Symlinking: /home/theanh/ros2_ws1/install/ethercat_interface/share/ethercat_interface/cmake/ament_cmake_export_dependencies-extras.cmake
[9.115s] -- Symlinking: /home/theanh/ros2_ws1/install/ethercat_interface/share/ethercat_interface/cmake/ethercat_interfaceConfig.cmake
[9.127s] -- Symlinking: /home/theanh/ros2_ws1/install/ethercat_interface/share/ethercat_interface/cmake/ethercat_interfaceConfig-version.cmake
[9.138s] -- Symlinking: /home/theanh/ros2_ws1/install/ethercat_interface/share/ethercat_interface/package.xml
[9.151s] Invoked command in '/home/theanh/ros2_ws1/build/ethercat_interface' returned '0': CMAKE_PREFIX_PATH=${CMAKE_PREFIX_PATH}:/home/theanh/can_example_ws/install/canopen_utils:/home/theanh/mobile_rb_ws/install/nav2_gps_waypoint_follower_demo:/opt/ros/humble /usr/bin/cmake --install /home/theanh/ros2_ws1/build/ethercat_interface
