[ 36%] Built target ethercat_generic_slave
[ 36%] Built target gmock_main
[ 63%] Built target gmock
[100%] Built target test_generic_ec_slave
[100%] Built target test_load_generic_plugins
-- Install configuration: ""
-- Execute custom install script
-- Up-to-date symlink: /home/theanh/ros2_ws1/install/ethercat_generic_slave/share/ethercat_generic_slave//ethercat_plugins.xml
-- Up-to-date symlink: /home/theanh/ros2_ws1/install/ethercat_generic_slave/include/ethercat_generic_plugins/generic_ec_slave.hpp
-- Up-to-date symlink: /home/theanh/ros2_ws1/install/ethercat_generic_slave/share/ethercat_generic_slave/environment/library_path.sh
-- Up-to-date symlink: /home/theanh/ros2_ws1/install/ethercat_generic_slave/share/ethercat_generic_slave/environment/library_path.dsv
-- Up-to-date symlink: /home/theanh/ros2_ws1/install/ethercat_generic_slave/share/ament_index/resource_index/package_run_dependencies/ethercat_generic_slave
-- Up-to-date symlink: /home/theanh/ros2_ws1/install/ethercat_generic_slave/share/ament_index/resource_index/parent_prefix_path/ethercat_generic_slave
-- Up-to-date symlink: /home/theanh/ros2_ws1/install/ethercat_generic_slave/share/ethercat_generic_slave/environment/ament_prefix_path.sh
-- Up-to-date symlink: /home/theanh/ros2_ws1/install/ethercat_generic_slave/share/ethercat_generic_slave/environment/ament_prefix_path.dsv
-- Up-to-date symlink: /home/theanh/ros2_ws1/install/ethercat_generic_slave/share/ethercat_generic_slave/environment/path.sh
-- Up-to-date symlink: /home/theanh/ros2_ws1/install/ethercat_generic_slave/share/ethercat_generic_slave/environment/path.dsv
-- Up-to-date symlink: /home/theanh/ros2_ws1/install/ethercat_generic_slave/share/ethercat_generic_slave/local_setup.bash
-- Up-to-date symlink: /home/theanh/ros2_ws1/install/ethercat_generic_slave/share/ethercat_generic_slave/local_setup.sh
-- Up-to-date symlink: /home/theanh/ros2_ws1/install/ethercat_generic_slave/share/ethercat_generic_slave/local_setup.zsh
-- Up-to-date symlink: /home/theanh/ros2_ws1/install/ethercat_generic_slave/share/ethercat_generic_slave/local_setup.dsv
-- Symlinking: /home/theanh/ros2_ws1/install/ethercat_generic_slave/share/ethercat_generic_slave/package.dsv
-- Up-to-date symlink: /home/theanh/ros2_ws1/install/ethercat_generic_slave/share/ament_index/resource_index/packages/ethercat_generic_slave
-- Up-to-date symlink: /home/theanh/ros2_ws1/install/ethercat_generic_slave/share/ament_index/resource_index/ethercat_interface__pluginlib__plugin/ethercat_generic_slave
-- Up-to-date symlink: /home/theanh/ros2_ws1/install/ethercat_generic_slave/share/ethercat_generic_slave/cmake/ament_cmake_export_include_directories-extras.cmake
-- Up-to-date symlink: /home/theanh/ros2_ws1/install/ethercat_generic_slave/share/ethercat_generic_slave/cmake/ament_cmake_export_libraries-extras.cmake
-- Up-to-date symlink: /home/theanh/ros2_ws1/install/ethercat_generic_slave/share/ethercat_generic_slave/cmake/ament_cmake_export_targets-extras.cmake
-- Up-to-date symlink: /home/theanh/ros2_ws1/install/ethercat_generic_slave/share/ethercat_generic_slave/cmake/ethercat_generic_slaveConfig.cmake
-- Up-to-date symlink: /home/theanh/ros2_ws1/install/ethercat_generic_slave/share/ethercat_generic_slave/cmake/ethercat_generic_slaveConfig-version.cmake
-- Up-to-date symlink: /home/theanh/ros2_ws1/install/ethercat_generic_slave/share/ethercat_generic_slave/package.xml
-- Up-to-date: /home/theanh/ros2_ws1/install/ethercat_generic_slave/lib/libethercat_generic_slave.so
-- Up-to-date: /home/theanh/ros2_ws1/install/ethercat_generic_slave/share/ethercat_generic_slave/cmake/export_ethercat_generic_slaveExport.cmake
-- Up-to-date: /home/theanh/ros2_ws1/install/ethercat_generic_slave/share/ethercat_generic_slave/cmake/export_ethercat_generic_slaveExport-noconfig.cmake
