[0.978s] Invoking command in '/home/theanh/ros2_ws1/build/ethercat_manager': AMENT_PREFIX_PATH=/home/theanh/ros2_ws1/install/ethercat_msgs:${AMENT_PREFIX_PATH} CMAKE_PREFIX_PATH=/home/theanh/ros2_ws1/install/ethercat_msgs:/home/theanh/gui_rviz2_qt5/install/gui_agv:/home/theanh/can_example_ws/install/canopen_tests:/home/theanh/can_example_ws/install/canopen_ros2_controllers:/home/theanh/can_example_ws/install/canopen_ros2_control:/home/theanh/can_example_ws/install/canopen:/home/theanh/can_example_ws/install/canopen_402_driver:/home/theanh/can_example_ws/install/canopen_proxy_driver:/home/theanh/can_example_ws/install/canopen_master_driver:/home/theanh/can_example_ws/install/canopen_fake_slaves:/home/theanh/can_example_ws/install/canopen_base_driver:/home/theanh/can_example_ws/install/canopen_core:/home/theanh/can_example_ws/install/lely_core_libraries:/home/theanh/can_example_ws/install/canopen_interfaces:/home/theanh/agv_test_ws/install/sllidar_ros2:/home/theanh/agv_test_ws/install/agv_test_pkg:/home/theanh/mobile_rb_ws/install/sam_bot_description:/home/theanh/mobile_rb_ws/install/nav2_straightline_planner:/home/theanh/mobile_rb_ws/install/nav2_gradient_costmap_plugin:/home/theanh/mobile_rb_ws/install/nav2_costmap_filters_demo:/home/theanh/mobile_rb_ws/install/custom_nav2_costmap_plugin:/home/theanh/mobile_rb_ws/install/articubot_one:/home/theanh/can_example_ws/install/canopen_utils:/home/theanh/mobile_rb_ws/install/nav2_gps_waypoint_follower_demo:/opt/ros/humble LD_LIBRARY_PATH=/home/theanh/ros2_ws1/install/ethercat_msgs/lib:${LD_LIBRARY_PATH} PYTHONPATH=/home/theanh/ros2_ws1/install/ethercat_msgs/local/lib/python3.10/dist-packages:${PYTHONPATH} /usr/bin/cmake --build /home/theanh/ros2_ws1/build/ethercat_manager -- -j15 -l15
[1.215s] -- Found ament_cmake: 1.3.13 (/opt/ros/humble/share/ament_cmake/cmake)
[1.480s] -- Override CMake install command with custom implementation using symlinks instead of copying resources
[1.606s] -- Found rclcpp: 16.0.18 (/opt/ros/humble/share/rclcpp/cmake)
[1.636s] -- Found rosidl_generator_c: 3.1.8 (/opt/ros/humble/share/rosidl_generator_c/cmake)
[1.638s] -- Found rosidl_adapter: 3.1.8 (/opt/ros/humble/share/rosidl_adapter/cmake)
[1.644s] -- Found rosidl_generator_cpp: 3.1.8 (/opt/ros/humble/share/rosidl_generator_cpp/cmake)
[1.655s] -- Using all available rosidl_typesupport_c: rosidl_typesupport_fastrtps_c;rosidl_typesupport_introspection_c
[1.668s] -- Using all available rosidl_typesupport_cpp: rosidl_typesupport_fastrtps_cpp;rosidl_typesupport_introspection_cpp
[1.699s] -- Found rmw_implementation_cmake: 6.1.2 (/opt/ros/humble/share/rmw_implementation_cmake/cmake)
[1.701s] -- Found rmw_fastrtps_cpp: 6.2.10 (/opt/ros/humble/share/rmw_fastrtps_cpp/cmake)
[1.828s] -- Using RMW implementation 'rmw_fastrtps_cpp' as default
[1.874s] -- Found ethercat_msgs: 1.2.0 (/home/theanh/ros2_ws1/install/ethercat_msgs/share/ethercat_msgs/cmake)
[1.884s] -- Found ament_lint_auto: 0.12.15 (/opt/ros/humble/share/ament_lint_auto/cmake)
[3.147s] -- Added test 'copyright' to check source files copyright and LICENSE
[3.148s] -- Added test 'cppcheck' to perform static code analysis on C / C++ code
[3.148s] -- Configured cppcheck include dirs: /home/theanh/ros2_ws1/src/ethercat_driver_ros2/ethercat_manager/include
[3.148s] -- Configured cppcheck exclude dirs and/or files: 
[3.149s] -- Added test 'cpplint' to check C / C++ code against the Google style
[3.149s] -- Configured cpplint exclude dirs and/or files: 
[3.149s] -- Added test 'lint_cmake' to check CMake code style
[3.150s] -- Added test 'uncrustify' to check C / C++ code style
[3.151s] -- Configured uncrustify additional arguments: 
[3.151s] -- Added test 'xmllint' to check XML markup files
[3.351s] -- Configuring done
[4.974s] -- Generating done
[5.092s] -- Build files have been written to: /home/theanh/ros2_ws1/build/ethercat_manager
[5.159s] [35m[1mConsolidate compiler generated dependencies of target ethercat_sdo_srv_server[0m
[5.358s] [100%] Built target ethercat_sdo_srv_server
[5.370s] Invoked command in '/home/theanh/ros2_ws1/build/ethercat_manager' returned '0': AMENT_PREFIX_PATH=/home/theanh/ros2_ws1/install/ethercat_msgs:${AMENT_PREFIX_PATH} CMAKE_PREFIX_PATH=/home/theanh/ros2_ws1/install/ethercat_msgs:/home/theanh/gui_rviz2_qt5/install/gui_agv:/home/theanh/can_example_ws/install/canopen_tests:/home/theanh/can_example_ws/install/canopen_ros2_controllers:/home/theanh/can_example_ws/install/canopen_ros2_control:/home/theanh/can_example_ws/install/canopen:/home/theanh/can_example_ws/install/canopen_402_driver:/home/theanh/can_example_ws/install/canopen_proxy_driver:/home/theanh/can_example_ws/install/canopen_master_driver:/home/theanh/can_example_ws/install/canopen_fake_slaves:/home/theanh/can_example_ws/install/canopen_base_driver:/home/theanh/can_example_ws/install/canopen_core:/home/theanh/can_example_ws/install/lely_core_libraries:/home/theanh/can_example_ws/install/canopen_interfaces:/home/theanh/agv_test_ws/install/sllidar_ros2:/home/theanh/agv_test_ws/install/agv_test_pkg:/home/theanh/mobile_rb_ws/install/sam_bot_description:/home/theanh/mobile_rb_ws/install/nav2_straightline_planner:/home/theanh/mobile_rb_ws/install/nav2_gradient_costmap_plugin:/home/theanh/mobile_rb_ws/install/nav2_costmap_filters_demo:/home/theanh/mobile_rb_ws/install/custom_nav2_costmap_plugin:/home/theanh/mobile_rb_ws/install/articubot_one:/home/theanh/can_example_ws/install/canopen_utils:/home/theanh/mobile_rb_ws/install/nav2_gps_waypoint_follower_demo:/opt/ros/humble LD_LIBRARY_PATH=/home/theanh/ros2_ws1/install/ethercat_msgs/lib:${LD_LIBRARY_PATH} PYTHONPATH=/home/theanh/ros2_ws1/install/ethercat_msgs/local/lib/python3.10/dist-packages:${PYTHONPATH} /usr/bin/cmake --build /home/theanh/ros2_ws1/build/ethercat_manager -- -j15 -l15
[5.383s] Invoking command in '/home/theanh/ros2_ws1/build/ethercat_manager': AMENT_PREFIX_PATH=/home/theanh/ros2_ws1/install/ethercat_msgs:${AMENT_PREFIX_PATH} CMAKE_PREFIX_PATH=/home/theanh/ros2_ws1/install/ethercat_msgs:/home/theanh/gui_rviz2_qt5/install/gui_agv:/home/theanh/can_example_ws/install/canopen_tests:/home/theanh/can_example_ws/install/canopen_ros2_controllers:/home/theanh/can_example_ws/install/canopen_ros2_control:/home/theanh/can_example_ws/install/canopen:/home/theanh/can_example_ws/install/canopen_402_driver:/home/theanh/can_example_ws/install/canopen_proxy_driver:/home/theanh/can_example_ws/install/canopen_master_driver:/home/theanh/can_example_ws/install/canopen_fake_slaves:/home/theanh/can_example_ws/install/canopen_base_driver:/home/theanh/can_example_ws/install/canopen_core:/home/theanh/can_example_ws/install/lely_core_libraries:/home/theanh/can_example_ws/install/canopen_interfaces:/home/theanh/agv_test_ws/install/sllidar_ros2:/home/theanh/agv_test_ws/install/agv_test_pkg:/home/theanh/mobile_rb_ws/install/sam_bot_description:/home/theanh/mobile_rb_ws/install/nav2_straightline_planner:/home/theanh/mobile_rb_ws/install/nav2_gradient_costmap_plugin:/home/theanh/mobile_rb_ws/install/nav2_costmap_filters_demo:/home/theanh/mobile_rb_ws/install/custom_nav2_costmap_plugin:/home/theanh/mobile_rb_ws/install/articubot_one:/home/theanh/can_example_ws/install/canopen_utils:/home/theanh/mobile_rb_ws/install/nav2_gps_waypoint_follower_demo:/opt/ros/humble LD_LIBRARY_PATH=/home/theanh/ros2_ws1/install/ethercat_msgs/lib:${LD_LIBRARY_PATH} PYTHONPATH=/home/theanh/ros2_ws1/install/ethercat_msgs/local/lib/python3.10/dist-packages:${PYTHONPATH} /usr/bin/cmake --install /home/theanh/ros2_ws1/build/ethercat_manager
[5.392s] -- Install configuration: ""
[5.392s] -- Execute custom install script
[5.393s] -- Up-to-date symlink: /home/theanh/ros2_ws1/install/ethercat_manager/lib/ethercat_manager/ethercat_sdo_srv_server
[5.393s] -- Up-to-date symlink: /home/theanh/ros2_ws1/install/ethercat_manager/share/ethercat_manager/environment/library_path.sh
[5.393s] -- Up-to-date symlink: /home/theanh/ros2_ws1/install/ethercat_manager/share/ethercat_manager/environment/library_path.dsv
[5.393s] -- Up-to-date symlink: /home/theanh/ros2_ws1/install/ethercat_manager/share/ament_index/resource_index/package_run_dependencies/ethercat_manager
[5.393s] -- Up-to-date symlink: /home/theanh/ros2_ws1/install/ethercat_manager/share/ament_index/resource_index/parent_prefix_path/ethercat_manager
[5.393s] -- Up-to-date symlink: /home/theanh/ros2_ws1/install/ethercat_manager/share/ethercat_manager/environment/ament_prefix_path.sh
[5.393s] -- Up-to-date symlink: /home/theanh/ros2_ws1/install/ethercat_manager/share/ethercat_manager/environment/ament_prefix_path.dsv
[5.394s] -- Up-to-date symlink: /home/theanh/ros2_ws1/install/ethercat_manager/share/ethercat_manager/environment/path.sh
[5.394s] -- Up-to-date symlink: /home/theanh/ros2_ws1/install/ethercat_manager/share/ethercat_manager/environment/path.dsv
[5.394s] -- Up-to-date symlink: /home/theanh/ros2_ws1/install/ethercat_manager/share/ethercat_manager/local_setup.bash
[5.394s] -- Up-to-date symlink: /home/theanh/ros2_ws1/install/ethercat_manager/share/ethercat_manager/local_setup.sh
[5.394s] -- Up-to-date symlink: /home/theanh/ros2_ws1/install/ethercat_manager/share/ethercat_manager/local_setup.zsh
[5.394s] -- Up-to-date symlink: /home/theanh/ros2_ws1/install/ethercat_manager/share/ethercat_manager/local_setup.dsv
[5.394s] -- Symlinking: /home/theanh/ros2_ws1/install/ethercat_manager/share/ethercat_manager/package.dsv
[5.404s] -- Up-to-date symlink: /home/theanh/ros2_ws1/install/ethercat_manager/share/ament_index/resource_index/packages/ethercat_manager
[5.405s] -- Up-to-date symlink: /home/theanh/ros2_ws1/install/ethercat_manager/share/ethercat_manager/cmake/ament_cmake_export_include_directories-extras.cmake
[5.405s] -- Up-to-date symlink: /home/theanh/ros2_ws1/install/ethercat_manager/share/ethercat_manager/cmake/ament_cmake_export_libraries-extras.cmake
[5.405s] -- Up-to-date symlink: /home/theanh/ros2_ws1/install/ethercat_manager/share/ethercat_manager/cmake/ament_cmake_export_dependencies-extras.cmake
[5.405s] -- Up-to-date symlink: /home/theanh/ros2_ws1/install/ethercat_manager/share/ethercat_manager/cmake/ethercat_managerConfig.cmake
[5.405s] -- Up-to-date symlink: /home/theanh/ros2_ws1/install/ethercat_manager/share/ethercat_manager/cmake/ethercat_managerConfig-version.cmake
[5.405s] -- Up-to-date symlink: /home/theanh/ros2_ws1/install/ethercat_manager/share/ethercat_manager/package.xml
[6.365s] Invoked command in '/home/theanh/ros2_ws1/build/ethercat_manager' returned '0': AMENT_PREFIX_PATH=/home/theanh/ros2_ws1/install/ethercat_msgs:${AMENT_PREFIX_PATH} CMAKE_PREFIX_PATH=/home/theanh/ros2_ws1/install/ethercat_msgs:/home/theanh/gui_rviz2_qt5/install/gui_agv:/home/theanh/can_example_ws/install/canopen_tests:/home/theanh/can_example_ws/install/canopen_ros2_controllers:/home/theanh/can_example_ws/install/canopen_ros2_control:/home/theanh/can_example_ws/install/canopen:/home/theanh/can_example_ws/install/canopen_402_driver:/home/theanh/can_example_ws/install/canopen_proxy_driver:/home/theanh/can_example_ws/install/canopen_master_driver:/home/theanh/can_example_ws/install/canopen_fake_slaves:/home/theanh/can_example_ws/install/canopen_base_driver:/home/theanh/can_example_ws/install/canopen_core:/home/theanh/can_example_ws/install/lely_core_libraries:/home/theanh/can_example_ws/install/canopen_interfaces:/home/theanh/agv_test_ws/install/sllidar_ros2:/home/theanh/agv_test_ws/install/agv_test_pkg:/home/theanh/mobile_rb_ws/install/sam_bot_description:/home/theanh/mobile_rb_ws/install/nav2_straightline_planner:/home/theanh/mobile_rb_ws/install/nav2_gradient_costmap_plugin:/home/theanh/mobile_rb_ws/install/nav2_costmap_filters_demo:/home/theanh/mobile_rb_ws/install/custom_nav2_costmap_plugin:/home/theanh/mobile_rb_ws/install/articubot_one:/home/theanh/can_example_ws/install/canopen_utils:/home/theanh/mobile_rb_ws/install/nav2_gps_waypoint_follower_demo:/opt/ros/humble LD_LIBRARY_PATH=/home/theanh/ros2_ws1/install/ethercat_msgs/lib:${LD_LIBRARY_PATH} PYTHONPATH=/home/theanh/ros2_ws1/install/ethercat_msgs/local/lib/python3.10/dist-packages:${PYTHONPATH} /usr/bin/cmake --install /home/theanh/ros2_ws1/build/ethercat_manager
