[0.019s] Invoking command in '/home/theanh/ros2_ws1/build/control_one_motor_pkg_ex': CMAKE_PREFIX_PATH=${CMAKE_PREFIX_PATH}:/home/theanh/can_example_ws/install/canopen_utils:/home/theanh/mobile_rb_ws/install/nav2_gps_waypoint_follower_demo:/opt/ros/humble /usr/bin/cmake --build /home/theanh/ros2_ws1/build/control_one_motor_pkg_ex -- -j16 -l16
[0.039s] -- Found ament_cmake: 1.3.13 (/opt/ros/humble/share/ament_cmake/cmake)
[0.245s] -- Override CMake install command with custom implementation using symlinks instead of copying resources
[0.251s] -- Found ethercat_msgs: 1.2.0 (/home/theanh/ros2_ws1/install/ethercat_msgs/share/ethercat_msgs/cmake)
[0.407s] -- Found rosidl_generator_c: 3.1.8 (/opt/ros/humble/share/rosidl_generator_c/cmake)
[0.421s] -- Found rosidl_adapter: 3.1.8 (/opt/ros/humble/share/rosidl_adapter/cmake)
[0.436s] -- Found rosidl_generator_cpp: 3.1.8 (/opt/ros/humble/share/rosidl_generator_cpp/cmake)
[0.455s] -- Using all available rosidl_typesupport_c: rosidl_typesupport_fastrtps_c;rosidl_typesupport_introspection_c
[0.480s] -- Using all available rosidl_typesupport_cpp: rosidl_typesupport_fastrtps_cpp;rosidl_typesupport_introspection_cpp
[0.492s] -- Found ament_lint_auto: 0.12.15 (/opt/ros/humble/share/ament_lint_auto/cmake)
[0.550s] -- Added test 'flake8' to check Python code syntax and style conventions
[0.551s] -- Added test 'lint_cmake' to check CMake code style
[0.551s] -- Added test 'pep257' to check Python code against some of the docstring style conventions in PEP 257
[0.553s] -- Added test 'xmllint' to check XML markup files
[0.553s] -- Configuring done
[0.557s] -- Generating done
[0.562s] -- Build files have been written to: /home/theanh/ros2_ws1/build/control_one_motor_pkg_ex
[0.589s] Invoked command in '/home/theanh/ros2_ws1/build/control_one_motor_pkg_ex' returned '0': CMAKE_PREFIX_PATH=${CMAKE_PREFIX_PATH}:/home/theanh/can_example_ws/install/canopen_utils:/home/theanh/mobile_rb_ws/install/nav2_gps_waypoint_follower_demo:/opt/ros/humble /usr/bin/cmake --build /home/theanh/ros2_ws1/build/control_one_motor_pkg_ex -- -j16 -l16
[0.590s] Invoking command in '/home/theanh/ros2_ws1/build/control_one_motor_pkg_ex': CMAKE_PREFIX_PATH=${CMAKE_PREFIX_PATH}:/home/theanh/can_example_ws/install/canopen_utils:/home/theanh/mobile_rb_ws/install/nav2_gps_waypoint_follower_demo:/opt/ros/humble /usr/bin/cmake --install /home/theanh/ros2_ws1/build/control_one_motor_pkg_ex
[0.598s] -- Install configuration: ""
[0.599s] -- Execute custom install script
[0.600s] -- Up-to-date symlink: /home/theanh/ros2_ws1/install/control_one_motor_pkg_ex/share/control_one_motor_pkg_ex/launch/robot_control.launch.py
[0.600s] -- Up-to-date symlink: /home/theanh/ros2_ws1/install/control_one_motor_pkg_ex/share/control_one_motor_pkg_ex/config/hexapod_controller.yaml
[0.600s] -- Up-to-date symlink: /home/theanh/ros2_ws1/install/control_one_motor_pkg_ex/share/control_one_motor_pkg_ex/config/motor_config.yaml
[0.600s] -- Up-to-date symlink: /home/theanh/ros2_ws1/install/control_one_motor_pkg_ex/share/control_one_motor_pkg_ex/description/urdf/motor_drive.ros2_control.xacro
[0.600s] -- Up-to-date symlink: /home/theanh/ros2_ws1/install/control_one_motor_pkg_ex/share/control_one_motor_pkg_ex/description/urdf/robot.urdf.xacro
[0.600s] -- Up-to-date symlink: /home/theanh/ros2_ws1/install/control_one_motor_pkg_ex/share/control_one_motor_pkg_ex/description/urdf/robot_core.xacro
[0.600s] -- Up-to-date symlink: /home/theanh/ros2_ws1/install/control_one_motor_pkg_ex/share/ament_index/resource_index/package_run_dependencies/control_one_motor_pkg_ex
[0.600s] -- Up-to-date symlink: /home/theanh/ros2_ws1/install/control_one_motor_pkg_ex/share/ament_index/resource_index/parent_prefix_path/control_one_motor_pkg_ex
[0.600s] -- Up-to-date symlink: /home/theanh/ros2_ws1/install/control_one_motor_pkg_ex/share/control_one_motor_pkg_ex/environment/ament_prefix_path.sh
[0.601s] -- Up-to-date symlink: /home/theanh/ros2_ws1/install/control_one_motor_pkg_ex/share/control_one_motor_pkg_ex/environment/ament_prefix_path.dsv
[0.601s] -- Up-to-date symlink: /home/theanh/ros2_ws1/install/control_one_motor_pkg_ex/share/control_one_motor_pkg_ex/environment/path.sh
[0.601s] -- Up-to-date symlink: /home/theanh/ros2_ws1/install/control_one_motor_pkg_ex/share/control_one_motor_pkg_ex/environment/path.dsv
[0.601s] -- Up-to-date symlink: /home/theanh/ros2_ws1/install/control_one_motor_pkg_ex/share/control_one_motor_pkg_ex/local_setup.bash
[0.601s] -- Up-to-date symlink: /home/theanh/ros2_ws1/install/control_one_motor_pkg_ex/share/control_one_motor_pkg_ex/local_setup.sh
[0.601s] -- Up-to-date symlink: /home/theanh/ros2_ws1/install/control_one_motor_pkg_ex/share/control_one_motor_pkg_ex/local_setup.zsh
[0.601s] -- Up-to-date symlink: /home/theanh/ros2_ws1/install/control_one_motor_pkg_ex/share/control_one_motor_pkg_ex/local_setup.dsv
[0.601s] -- Symlinking: /home/theanh/ros2_ws1/install/control_one_motor_pkg_ex/share/control_one_motor_pkg_ex/package.dsv
[0.612s] -- Up-to-date symlink: /home/theanh/ros2_ws1/install/control_one_motor_pkg_ex/share/ament_index/resource_index/packages/control_one_motor_pkg_ex
[0.612s] -- Up-to-date symlink: /home/theanh/ros2_ws1/install/control_one_motor_pkg_ex/share/control_one_motor_pkg_ex/cmake/control_one_motor_pkg_exConfig.cmake
[0.612s] -- Up-to-date symlink: /home/theanh/ros2_ws1/install/control_one_motor_pkg_ex/share/control_one_motor_pkg_ex/cmake/control_one_motor_pkg_exConfig-version.cmake
[0.613s] -- Up-to-date symlink: /home/theanh/ros2_ws1/install/control_one_motor_pkg_ex/share/control_one_motor_pkg_ex/package.xml
[0.614s] Invoked command in '/home/theanh/ros2_ws1/build/control_one_motor_pkg_ex' returned '0': CMAKE_PREFIX_PATH=${CMAKE_PREFIX_PATH}:/home/theanh/can_example_ws/install/canopen_utils:/home/theanh/mobile_rb_ws/install/nav2_gps_waypoint_follower_demo:/opt/ros/humble /usr/bin/cmake --install /home/theanh/ros2_ws1/build/control_one_motor_pkg_ex
