[0.208s] Invoking command in '/home/theanh/ros2_ws1/build/ethercat_msgs': CMAKE_PREFIX_PATH=${CMAKE_PREFIX_PATH}:/home/theanh/can_example_ws/install/canopen_utils:/home/theanh/mobile_rb_ws/install/nav2_gps_waypoint_follower_demo:/opt/ros/humble /usr/bin/cmake --build /home/theanh/ros2_ws1/build/ethercat_msgs -- -j15 -l15
[0.732s] [  2%] Built target ethercat_msgs__cpp
[0.742s] [  2%] Built target ament_cmake_python_symlink_ethercat_msgs
[1.263s] running egg_info
[1.264s] writing ethercat_msgs.egg-info/PKG-INFO
[1.271s] writing dependency_links to ethercat_msgs.egg-info/dependency_links.txt
[1.271s] writing top-level names to ethercat_msgs.egg-info/top_level.txt
[1.367s] reading manifest file 'ethercat_msgs.egg-info/SOURCES.txt'
[1.368s] [ 12%] Built target ethercat_msgs__rosidl_generator_c
[1.389s] writing manifest file 'ethercat_msgs.egg-info/SOURCES.txt'
[1.445s] [ 33%] Built target ethercat_msgs__rosidl_typesupport_cpp
[1.445s] [ 33%] Built target ethercat_msgs__rosidl_typesupport_introspection_cpp
[1.466s] [ 43%] Built target ethercat_msgs__rosidl_typesupport_fastrtps_cpp
[1.468s] [ 53%] Built target ethercat_msgs__rosidl_typesupport_introspection_c
[1.468s] [ 53%] Built target ament_cmake_python_build_ethercat_msgs_egg
[1.468s] [ 64%] Built target ethercat_msgs__rosidl_typesupport_c
[1.473s] [ 74%] Built target ethercat_msgs__rosidl_typesupport_fastrtps_c
[1.551s] [ 74%] Built target ethercat_msgs
[1.696s] [ 76%] Built target ethercat_msgs__py
[1.916s] [ 84%] Built target ethercat_msgs__rosidl_generator_py
[2.059s] [100%] Built target ethercat_msgs__rosidl_typesupport_fastrtps_c__pyext
[2.059s] [100%] Built target ethercat_msgs__rosidl_typesupport_introspection_c__pyext
[2.060s] [100%] Built target ethercat_msgs__rosidl_typesupport_c__pyext
[2.181s] Invoked command in '/home/theanh/ros2_ws1/build/ethercat_msgs' returned '0': CMAKE_PREFIX_PATH=${CMAKE_PREFIX_PATH}:/home/theanh/can_example_ws/install/canopen_utils:/home/theanh/mobile_rb_ws/install/nav2_gps_waypoint_follower_demo:/opt/ros/humble /usr/bin/cmake --build /home/theanh/ros2_ws1/build/ethercat_msgs -- -j15 -l15
[2.182s] Invoking command in '/home/theanh/ros2_ws1/build/ethercat_msgs': CMAKE_PREFIX_PATH=${CMAKE_PREFIX_PATH}:/home/theanh/can_example_ws/install/canopen_utils:/home/theanh/mobile_rb_ws/install/nav2_gps_waypoint_follower_demo:/opt/ros/humble /usr/bin/cmake --install /home/theanh/ros2_ws1/build/ethercat_msgs
[2.182s] -- Install configuration: ""
[2.220s] -- Execute custom install script
[2.220s] -- Up-to-date symlink: /home/theanh/ros2_ws1/install/ethercat_msgs/share/ament_index/resource_index/rosidl_interfaces/ethercat_msgs
[2.221s] -- Up-to-date symlink: /home/theanh/ros2_ws1/install/ethercat_msgs/include/ethercat_msgs/ethercat_msgs/msg/rosidl_generator_c__visibility_control.h
[2.221s] -- Up-to-date symlink: /home/theanh/ros2_ws1/install/ethercat_msgs/include/ethercat_msgs/ethercat_msgs/srv/detail/get_sdo__functions.h
[2.221s] -- Up-to-date symlink: /home/theanh/ros2_ws1/install/ethercat_msgs/include/ethercat_msgs/ethercat_msgs/srv/detail/get_sdo__struct.h
[2.222s] -- Up-to-date symlink: /home/theanh/ros2_ws1/install/ethercat_msgs/include/ethercat_msgs/ethercat_msgs/srv/detail/get_sdo__type_support.h
[2.222s] -- Up-to-date symlink: /home/theanh/ros2_ws1/install/ethercat_msgs/include/ethercat_msgs/ethercat_msgs/srv/detail/set_sdo__functions.h
[2.222s] -- Up-to-date symlink: /home/theanh/ros2_ws1/install/ethercat_msgs/include/ethercat_msgs/ethercat_msgs/srv/detail/set_sdo__struct.h
[2.222s] -- Up-to-date symlink: /home/theanh/ros2_ws1/install/ethercat_msgs/include/ethercat_msgs/ethercat_msgs/srv/detail/set_sdo__type_support.h
[2.222s] -- Up-to-date symlink: /home/theanh/ros2_ws1/install/ethercat_msgs/include/ethercat_msgs/ethercat_msgs/srv/get_sdo.h
[2.222s] -- Up-to-date symlink: /home/theanh/ros2_ws1/install/ethercat_msgs/include/ethercat_msgs/ethercat_msgs/srv/set_sdo.h
[2.222s] -- Up-to-date symlink: /home/theanh/ros2_ws1/install/ethercat_msgs/share/ethercat_msgs/environment/library_path.sh
[2.222s] -- Up-to-date symlink: /home/theanh/ros2_ws1/install/ethercat_msgs/share/ethercat_msgs/environment/library_path.dsv
[2.223s] -- Up-to-date symlink: /home/theanh/ros2_ws1/install/ethercat_msgs/include/ethercat_msgs/ethercat_msgs/msg/rosidl_typesupport_fastrtps_c__visibility_control.h
[2.223s] -- Up-to-date symlink: /home/theanh/ros2_ws1/install/ethercat_msgs/include/ethercat_msgs/ethercat_msgs/srv/detail/get_sdo__rosidl_typesupport_fastrtps_c.h
[2.223s] -- Up-to-date symlink: /home/theanh/ros2_ws1/install/ethercat_msgs/include/ethercat_msgs/ethercat_msgs/srv/detail/set_sdo__rosidl_typesupport_fastrtps_c.h
[2.223s] -- Up-to-date symlink: /home/theanh/ros2_ws1/install/ethercat_msgs/include/ethercat_msgs/ethercat_msgs/msg/rosidl_typesupport_introspection_c__visibility_control.h
[2.223s] -- Up-to-date symlink: /home/theanh/ros2_ws1/install/ethercat_msgs/include/ethercat_msgs/ethercat_msgs/srv/detail/get_sdo__rosidl_typesupport_introspection_c.h
[2.223s] -- Up-to-date symlink: /home/theanh/ros2_ws1/install/ethercat_msgs/include/ethercat_msgs/ethercat_msgs/srv/detail/set_sdo__rosidl_typesupport_introspection_c.h
[2.224s] -- Up-to-date symlink: /home/theanh/ros2_ws1/install/ethercat_msgs/include/ethercat_msgs/ethercat_msgs/msg/rosidl_generator_cpp__visibility_control.hpp
[2.224s] -- Up-to-date symlink: /home/theanh/ros2_ws1/install/ethercat_msgs/include/ethercat_msgs/ethercat_msgs/srv/detail/get_sdo__builder.hpp
[2.224s] -- Up-to-date symlink: /home/theanh/ros2_ws1/install/ethercat_msgs/include/ethercat_msgs/ethercat_msgs/srv/detail/get_sdo__struct.hpp
[2.224s] -- Up-to-date symlink: /home/theanh/ros2_ws1/install/ethercat_msgs/include/ethercat_msgs/ethercat_msgs/srv/detail/get_sdo__traits.hpp
[2.224s] -- Up-to-date symlink: /home/theanh/ros2_ws1/install/ethercat_msgs/include/ethercat_msgs/ethercat_msgs/srv/detail/get_sdo__type_support.hpp
[2.224s] -- Up-to-date symlink: /home/theanh/ros2_ws1/install/ethercat_msgs/include/ethercat_msgs/ethercat_msgs/srv/detail/set_sdo__builder.hpp
[2.224s] -- Up-to-date symlink: /home/theanh/ros2_ws1/install/ethercat_msgs/include/ethercat_msgs/ethercat_msgs/srv/detail/set_sdo__struct.hpp
[2.225s] -- Up-to-date symlink: /home/theanh/ros2_ws1/install/ethercat_msgs/include/ethercat_msgs/ethercat_msgs/srv/detail/set_sdo__traits.hpp
[2.225s] -- Up-to-date symlink: /home/theanh/ros2_ws1/install/ethercat_msgs/include/ethercat_msgs/ethercat_msgs/srv/detail/set_sdo__type_support.hpp
[2.225s] -- Up-to-date symlink: /home/theanh/ros2_ws1/install/ethercat_msgs/include/ethercat_msgs/ethercat_msgs/srv/get_sdo.hpp
[2.225s] -- Up-to-date symlink: /home/theanh/ros2_ws1/install/ethercat_msgs/include/ethercat_msgs/ethercat_msgs/srv/set_sdo.hpp
[2.225s] -- Up-to-date symlink: /home/theanh/ros2_ws1/install/ethercat_msgs/include/ethercat_msgs/ethercat_msgs/msg/rosidl_typesupport_fastrtps_cpp__visibility_control.h
[2.225s] -- Up-to-date symlink: /home/theanh/ros2_ws1/install/ethercat_msgs/include/ethercat_msgs/ethercat_msgs/srv/detail/get_sdo__rosidl_typesupport_fastrtps_cpp.hpp
[2.226s] -- Up-to-date symlink: /home/theanh/ros2_ws1/install/ethercat_msgs/include/ethercat_msgs/ethercat_msgs/srv/detail/set_sdo__rosidl_typesupport_fastrtps_cpp.hpp
[2.226s] -- Up-to-date symlink: /home/theanh/ros2_ws1/install/ethercat_msgs/include/ethercat_msgs/ethercat_msgs/srv/detail/get_sdo__rosidl_typesupport_introspection_cpp.hpp
[2.226s] -- Up-to-date symlink: /home/theanh/ros2_ws1/install/ethercat_msgs/include/ethercat_msgs/ethercat_msgs/srv/detail/set_sdo__rosidl_typesupport_introspection_cpp.hpp
[2.226s] -- Up-to-date symlink: /home/theanh/ros2_ws1/install/ethercat_msgs/share/ethercat_msgs/environment/pythonpath.sh
[2.226s] -- Up-to-date symlink: /home/theanh/ros2_ws1/install/ethercat_msgs/share/ethercat_msgs/environment/pythonpath.dsv
[2.227s] -- Up-to-date symlink: /home/theanh/ros2_ws1/install/ethercat_msgs/local/lib/python3.10/dist-packages/ethercat_msgs-1.2.0-py3.10.egg-info/PKG-INFO
[2.227s] -- Up-to-date symlink: /home/theanh/ros2_ws1/install/ethercat_msgs/local/lib/python3.10/dist-packages/ethercat_msgs-1.2.0-py3.10.egg-info/SOURCES.txt
[2.227s] -- Up-to-date symlink: /home/theanh/ros2_ws1/install/ethercat_msgs/local/lib/python3.10/dist-packages/ethercat_msgs-1.2.0-py3.10.egg-info/dependency_links.txt
[2.227s] -- Up-to-date symlink: /home/theanh/ros2_ws1/install/ethercat_msgs/local/lib/python3.10/dist-packages/ethercat_msgs-1.2.0-py3.10.egg-info/top_level.txt
[2.228s] -- Up-to-date symlink: /home/theanh/ros2_ws1/install/ethercat_msgs/local/lib/python3.10/dist-packages/ethercat_msgs/__init__.py
[2.228s] -- Up-to-date symlink: /home/theanh/ros2_ws1/install/ethercat_msgs/local/lib/python3.10/dist-packages/ethercat_msgs/_ethercat_msgs_s.ep.rosidl_typesupport_c.c
[2.228s] -- Up-to-date symlink: /home/theanh/ros2_ws1/install/ethercat_msgs/local/lib/python3.10/dist-packages/ethercat_msgs/_ethercat_msgs_s.ep.rosidl_typesupport_fastrtps_c.c
[2.228s] -- Up-to-date symlink: /home/theanh/ros2_ws1/install/ethercat_msgs/local/lib/python3.10/dist-packages/ethercat_msgs/_ethercat_msgs_s.ep.rosidl_typesupport_introspection_c.c
[2.228s] -- Up-to-date symlink: /home/theanh/ros2_ws1/install/ethercat_msgs/local/lib/python3.10/dist-packages/ethercat_msgs/ethercat_msgs_s__rosidl_typesupport_c.cpython-310-x86_64-linux-gnu.so
[2.228s] -- Up-to-date symlink: /home/theanh/ros2_ws1/install/ethercat_msgs/local/lib/python3.10/dist-packages/ethercat_msgs/ethercat_msgs_s__rosidl_typesupport_fastrtps_c.cpython-310-x86_64-linux-gnu.so
[2.228s] -- Up-to-date symlink: /home/theanh/ros2_ws1/install/ethercat_msgs/local/lib/python3.10/dist-packages/ethercat_msgs/ethercat_msgs_s__rosidl_typesupport_introspection_c.cpython-310-x86_64-linux-gnu.so
[2.228s] -- Up-to-date symlink: /home/theanh/ros2_ws1/install/ethercat_msgs/local/lib/python3.10/dist-packages/ethercat_msgs/libethercat_msgs__rosidl_generator_py.so
[2.228s] -- Up-to-date symlink: /home/theanh/ros2_ws1/install/ethercat_msgs/local/lib/python3.10/dist-packages/ethercat_msgs/srv/__init__.py
[2.229s] -- Up-to-date symlink: /home/theanh/ros2_ws1/install/ethercat_msgs/local/lib/python3.10/dist-packages/ethercat_msgs/srv/_get_sdo.py
[2.229s] -- Up-to-date symlink: /home/theanh/ros2_ws1/install/ethercat_msgs/local/lib/python3.10/dist-packages/ethercat_msgs/srv/_get_sdo_s.c
[2.229s] -- Up-to-date symlink: /home/theanh/ros2_ws1/install/ethercat_msgs/local/lib/python3.10/dist-packages/ethercat_msgs/srv/_set_sdo.py
[2.229s] -- Up-to-date symlink: /home/theanh/ros2_ws1/install/ethercat_msgs/local/lib/python3.10/dist-packages/ethercat_msgs/srv/_set_sdo_s.c
[2.249s] -- Up-to-date symlink: /home/theanh/ros2_ws1/install/ethercat_msgs/local/lib/python3.10/dist-packages/ethercat_msgs/ethercat_msgs_s__rosidl_typesupport_fastrtps_c.cpython-310-x86_64-linux-gnu.so
[2.250s] -- Up-to-date symlink: /home/theanh/ros2_ws1/install/ethercat_msgs/local/lib/python3.10/dist-packages/ethercat_msgs/ethercat_msgs_s__rosidl_typesupport_introspection_c.cpython-310-x86_64-linux-gnu.so
[2.251s] -- Up-to-date symlink: /home/theanh/ros2_ws1/install/ethercat_msgs/local/lib/python3.10/dist-packages/ethercat_msgs/ethercat_msgs_s__rosidl_typesupport_c.cpython-310-x86_64-linux-gnu.so
[2.251s] -- Up-to-date symlink: /home/theanh/ros2_ws1/install/ethercat_msgs/share/ethercat_msgs/srv/SetSdo.idl
[2.251s] -- Up-to-date symlink: /home/theanh/ros2_ws1/install/ethercat_msgs/share/ethercat_msgs/srv/GetSdo.idl
[2.251s] -- Up-to-date symlink: /home/theanh/ros2_ws1/install/ethercat_msgs/share/ethercat_msgs/srv/SetSdo.srv
[2.251s] -- Up-to-date symlink: /home/theanh/ros2_ws1/install/ethercat_msgs/share/ethercat_msgs/srv/SetSdo_Request.msg
[2.252s] -- Up-to-date symlink: /home/theanh/ros2_ws1/install/ethercat_msgs/share/ethercat_msgs/srv/SetSdo_Response.msg
[2.252s] -- Up-to-date symlink: /home/theanh/ros2_ws1/install/ethercat_msgs/share/ethercat_msgs/srv/GetSdo.srv
[2.252s] -- Up-to-date symlink: /home/theanh/ros2_ws1/install/ethercat_msgs/share/ethercat_msgs/srv/GetSdo_Request.msg
[2.252s] -- Up-to-date symlink: /home/theanh/ros2_ws1/install/ethercat_msgs/share/ethercat_msgs/srv/GetSdo_Response.msg
[2.252s] -- Up-to-date symlink: /home/theanh/ros2_ws1/install/ethercat_msgs/share/ament_index/resource_index/package_run_dependencies/ethercat_msgs
[2.252s] -- Up-to-date symlink: /home/theanh/ros2_ws1/install/ethercat_msgs/share/ament_index/resource_index/parent_prefix_path/ethercat_msgs
[2.252s] -- Up-to-date symlink: /home/theanh/ros2_ws1/install/ethercat_msgs/share/ethercat_msgs/environment/ament_prefix_path.sh
[2.253s] -- Up-to-date symlink: /home/theanh/ros2_ws1/install/ethercat_msgs/share/ethercat_msgs/environment/ament_prefix_path.dsv
[2.253s] -- Up-to-date symlink: /home/theanh/ros2_ws1/install/ethercat_msgs/share/ethercat_msgs/environment/path.sh
[2.253s] -- Up-to-date symlink: /home/theanh/ros2_ws1/install/ethercat_msgs/share/ethercat_msgs/environment/path.dsv
[2.253s] -- Up-to-date symlink: /home/theanh/ros2_ws1/install/ethercat_msgs/share/ethercat_msgs/local_setup.bash
[2.253s] -- Up-to-date symlink: /home/theanh/ros2_ws1/install/ethercat_msgs/share/ethercat_msgs/local_setup.sh
[2.253s] -- Up-to-date symlink: /home/theanh/ros2_ws1/install/ethercat_msgs/share/ethercat_msgs/local_setup.zsh
[2.253s] -- Up-to-date symlink: /home/theanh/ros2_ws1/install/ethercat_msgs/share/ethercat_msgs/local_setup.dsv
[2.253s] -- Symlinking: /home/theanh/ros2_ws1/install/ethercat_msgs/share/ethercat_msgs/package.dsv
[2.264s] -- Up-to-date symlink: /home/theanh/ros2_ws1/install/ethercat_msgs/share/ament_index/resource_index/packages/ethercat_msgs
[2.264s] -- Up-to-date symlink: /home/theanh/ros2_ws1/install/ethercat_msgs/share/ethercat_msgs/cmake/rosidl_cmake-extras.cmake
[2.264s] -- Up-to-date symlink: /home/theanh/ros2_ws1/install/ethercat_msgs/share/ethercat_msgs/cmake/ament_cmake_export_include_directories-extras.cmake
[2.265s] -- Up-to-date symlink: /home/theanh/ros2_ws1/install/ethercat_msgs/share/ethercat_msgs/cmake/ament_cmake_export_libraries-extras.cmake
[2.265s] -- Up-to-date symlink: /home/theanh/ros2_ws1/install/ethercat_msgs/share/ethercat_msgs/cmake/ament_cmake_export_targets-extras.cmake
[2.265s] -- Up-to-date symlink: /home/theanh/ros2_ws1/install/ethercat_msgs/share/ethercat_msgs/cmake/rosidl_cmake_export_typesupport_targets-extras.cmake
[2.265s] -- Up-to-date symlink: /home/theanh/ros2_ws1/install/ethercat_msgs/share/ethercat_msgs/cmake/ament_cmake_export_dependencies-extras.cmake
[2.265s] -- Up-to-date symlink: /home/theanh/ros2_ws1/install/ethercat_msgs/share/ethercat_msgs/cmake/rosidl_cmake_export_typesupport_libraries-extras.cmake
[2.265s] -- Up-to-date symlink: /home/theanh/ros2_ws1/install/ethercat_msgs/share/ethercat_msgs/cmake/ethercat_msgsConfig.cmake
[2.265s] -- Up-to-date symlink: /home/theanh/ros2_ws1/install/ethercat_msgs/share/ethercat_msgs/cmake/ethercat_msgsConfig-version.cmake
[2.266s] -- Up-to-date symlink: /home/theanh/ros2_ws1/install/ethercat_msgs/share/ethercat_msgs/package.xml
[2.309s] -- Up-to-date: /home/theanh/ros2_ws1/install/ethercat_msgs/lib/libethercat_msgs__rosidl_generator_c.so
[2.329s] -- Up-to-date: /home/theanh/ros2_ws1/install/ethercat_msgs/lib/libethercat_msgs__rosidl_typesupport_fastrtps_c.so
[2.357s] -- Up-to-date: /home/theanh/ros2_ws1/install/ethercat_msgs/lib/libethercat_msgs__rosidl_typesupport_introspection_c.so
[2.407s] -- Up-to-date: /home/theanh/ros2_ws1/install/ethercat_msgs/lib/libethercat_msgs__rosidl_typesupport_c.so
[2.445s] -- Up-to-date: /home/theanh/ros2_ws1/install/ethercat_msgs/lib/libethercat_msgs__rosidl_typesupport_fastrtps_cpp.so
[2.460s] -- Up-to-date: /home/theanh/ros2_ws1/install/ethercat_msgs/lib/libethercat_msgs__rosidl_typesupport_introspection_cpp.so
[2.467s] -- Up-to-date: /home/theanh/ros2_ws1/install/ethercat_msgs/lib/libethercat_msgs__rosidl_typesupport_cpp.so
[2.716s] Listing '/home/theanh/ros2_ws1/install/ethercat_msgs/local/lib/python3.10/dist-packages/ethercat_msgs'...
[2.716s] Listing '/home/theanh/ros2_ws1/install/ethercat_msgs/local/lib/python3.10/dist-packages/ethercat_msgs/srv'...
[2.792s] -- Up-to-date: /home/theanh/ros2_ws1/install/ethercat_msgs/lib/libethercat_msgs__rosidl_generator_py.so
[2.815s] -- Up-to-date: /home/theanh/ros2_ws1/install/ethercat_msgs/share/ethercat_msgs/cmake/export_ethercat_msgs__rosidl_generator_cExport.cmake
[2.815s] -- Up-to-date: /home/theanh/ros2_ws1/install/ethercat_msgs/share/ethercat_msgs/cmake/export_ethercat_msgs__rosidl_generator_cExport-noconfig.cmake
[2.850s] -- Up-to-date: /home/theanh/ros2_ws1/install/ethercat_msgs/share/ethercat_msgs/cmake/export_ethercat_msgs__rosidl_typesupport_fastrtps_cExport.cmake
[2.850s] -- Up-to-date: /home/theanh/ros2_ws1/install/ethercat_msgs/share/ethercat_msgs/cmake/export_ethercat_msgs__rosidl_typesupport_fastrtps_cExport-noconfig.cmake
[2.853s] -- Up-to-date: /home/theanh/ros2_ws1/install/ethercat_msgs/share/ethercat_msgs/cmake/ethercat_msgs__rosidl_typesupport_introspection_cExport.cmake
[2.853s] -- Up-to-date: /home/theanh/ros2_ws1/install/ethercat_msgs/share/ethercat_msgs/cmake/ethercat_msgs__rosidl_typesupport_introspection_cExport-noconfig.cmake
[2.895s] -- Up-to-date: /home/theanh/ros2_ws1/install/ethercat_msgs/share/ethercat_msgs/cmake/ethercat_msgs__rosidl_typesupport_cExport.cmake
[2.895s] -- Up-to-date: /home/theanh/ros2_ws1/install/ethercat_msgs/share/ethercat_msgs/cmake/ethercat_msgs__rosidl_typesupport_cExport-noconfig.cmake
[2.918s] -- Up-to-date: /home/theanh/ros2_ws1/install/ethercat_msgs/share/ethercat_msgs/cmake/export_ethercat_msgs__rosidl_generator_cppExport.cmake
[2.937s] -- Up-to-date: /home/theanh/ros2_ws1/install/ethercat_msgs/share/ethercat_msgs/cmake/export_ethercat_msgs__rosidl_typesupport_fastrtps_cppExport.cmake
[2.937s] -- Up-to-date: /home/theanh/ros2_ws1/install/ethercat_msgs/share/ethercat_msgs/cmake/export_ethercat_msgs__rosidl_typesupport_fastrtps_cppExport-noconfig.cmake
[2.938s] -- Up-to-date: /home/theanh/ros2_ws1/install/ethercat_msgs/share/ethercat_msgs/cmake/ethercat_msgs__rosidl_typesupport_introspection_cppExport.cmake
[2.938s] -- Up-to-date: /home/theanh/ros2_ws1/install/ethercat_msgs/share/ethercat_msgs/cmake/ethercat_msgs__rosidl_typesupport_introspection_cppExport-noconfig.cmake
[2.940s] -- Up-to-date: /home/theanh/ros2_ws1/install/ethercat_msgs/share/ethercat_msgs/cmake/ethercat_msgs__rosidl_typesupport_cppExport.cmake
[2.940s] -- Up-to-date: /home/theanh/ros2_ws1/install/ethercat_msgs/share/ethercat_msgs/cmake/ethercat_msgs__rosidl_typesupport_cppExport-noconfig.cmake
[2.944s] -- Up-to-date: /home/theanh/ros2_ws1/install/ethercat_msgs/share/ethercat_msgs/cmake/export_ethercat_msgs__rosidl_generator_pyExport.cmake
[2.945s] -- Up-to-date: /home/theanh/ros2_ws1/install/ethercat_msgs/share/ethercat_msgs/cmake/export_ethercat_msgs__rosidl_generator_pyExport-noconfig.cmake
[3.053s] Invoked command in '/home/theanh/ros2_ws1/build/ethercat_msgs' returned '0': CMAKE_PREFIX_PATH=${CMAKE_PREFIX_PATH}:/home/theanh/can_example_ws/install/canopen_utils:/home/theanh/mobile_rb_ws/install/nav2_gps_waypoint_follower_demo:/opt/ros/humble /usr/bin/cmake --install /home/theanh/ros2_ws1/build/ethercat_msgs
