[0.018s] Invoking command in '/home/theanh/ros2_ws1/build/ethercat_generic_cia402_drive': CMAKE_PREFIX_PATH=/home/theanh/ros2_ws1/install/ethercat_generic_slave:/home/theanh/ros2_ws1/install/ethercat_interface:/home/theanh/ros2_ws1/install/ros2_qt1_demo:/home/theanh/ros2_ws1/install/ethercat_manager:/home/theanh/ros2_ws1/install/ethercat_msgs:/home/theanh/ros2_ws1/install/ethercat_generic_cia402_drive:/home/theanh/ros2_ws1/install/ethercat_driver_ros2:/home/theanh/ros2_ws1/install/ethercat_driver:/home/theanh/ros2_ws1/install/control_one_motor_pkg_ex:/home/theanh/gui_rviz2_qt5/install/gui_agv:/home/theanh/can_example_ws/install/canopen_tests:/home/theanh/can_example_ws/install/canopen_ros2_controllers:/home/theanh/can_example_ws/install/canopen_ros2_control:/home/theanh/can_example_ws/install/canopen:/home/theanh/can_example_ws/install/canopen_402_driver:/home/theanh/can_example_ws/install/canopen_proxy_driver:/home/theanh/can_example_ws/install/canopen_master_driver:/home/theanh/can_example_ws/install/canopen_fake_slaves:/home/theanh/can_example_ws/install/canopen_base_driver:/home/theanh/can_example_ws/install/canopen_core:/home/theanh/can_example_ws/install/lely_core_libraries:/home/theanh/can_example_ws/install/canopen_interfaces:/home/theanh/agv_test_ws/install/sllidar_ros2:/home/theanh/agv_test_ws/install/agv_test_pkg:/home/theanh/mobile_rb_ws/install/sam_bot_description:/home/theanh/mobile_rb_ws/install/nav2_straightline_planner:/home/theanh/mobile_rb_ws/install/nav2_gradient_costmap_plugin:/home/theanh/mobile_rb_ws/install/nav2_costmap_filters_demo:/home/theanh/mobile_rb_ws/install/custom_nav2_costmap_plugin:/home/theanh/mobile_rb_ws/install/articubot_one:/home/theanh/can_example_ws/install/canopen_utils:/home/theanh/mobile_rb_ws/install/nav2_gps_waypoint_follower_demo:/opt/ros/humble LD_LIBRARY_PATH=/home/theanh/ros2_ws1/install/ethercat_generic_slave/lib:/home/theanh/ros2_ws1/install/ethercat_interface/lib:/home/theanh/ros2_ws1/install/ethercat_manager/lib:/home/theanh/ros2_ws1/install/ethercat_msgs/lib:/home/theanh/ros2_ws1/install/ethercat_generic_cia402_drive/lib:/home/theanh/ros2_ws1/install/ethercat_driver/lib:/home/theanh/can_example_ws/install/canopen_ros2_controllers/lib:/home/theanh/can_example_ws/install/canopen_ros2_control/lib:/home/theanh/can_example_ws/install/canopen_402_driver/lib:/home/theanh/can_example_ws/install/canopen_proxy_driver/lib:/home/theanh/can_example_ws/install/canopen_master_driver/lib:/home/theanh/can_example_ws/install/canopen_base_driver/lib:/home/theanh/can_example_ws/install/canopen_core/lib:/home/theanh/can_example_ws/install/lely_core_libraries/lib:/home/theanh/can_example_ws/install/canopen_interfaces/lib:/home/theanh/mobile_rb_ws/install/nav2_straightline_planner/lib:/home/theanh/mobile_rb_ws/install/nav2_gradient_costmap_plugin/lib:/home/theanh/mobile_rb_ws/install/custom_nav2_costmap_plugin/lib:/usr/lib/x86_64-linux-gnu/gazebo-11/plugins:/opt/ros/humble/opt/rviz_ogre_vendor/lib:/opt/ros/humble/lib/x86_64-linux-gnu:/opt/ros/humble/lib /usr/bin/cmake /home/theanh/ros2_ws1/src/ethercat_driver_ros2/ethercat_generic_plugins/ethercat_generic_cia402_drive -DAMENT_CMAKE_SYMLINK_INSTALL=1 -DCMAKE_INSTALL_PREFIX=/home/theanh/ros2_ws1/install/ethercat_generic_cia402_drive
[0.110s] -- The C compiler identification is GNU 11.4.0
[0.156s] -- The CXX compiler identification is GNU 11.4.0
[0.163s] -- Detecting C compiler ABI info
[0.233s] -- Detecting C compiler ABI info - done
[0.238s] -- Check for working C compiler: /usr/bin/cc - skipped
[0.238s] -- Detecting C compile features
[0.239s] -- Detecting C compile features - done
[0.241s] -- Detecting CXX compiler ABI info
[0.316s] -- Detecting CXX compiler ABI info - done
[0.321s] -- Check for working CXX compiler: /usr/bin/c++ - skipped
[0.322s] -- Detecting CXX compile features
[0.322s] -- Detecting CXX compile features - done
[0.327s] -- Found ament_cmake: 1.3.13 (/opt/ros/humble/share/ament_cmake/cmake)
[0.458s] -- Found Python3: /usr/bin/python3 (found version "3.10.12") found components: Interpreter 
[0.506s] -- Override CMake install command with custom implementation using symlinks instead of copying resources
[0.570s] -- Found ament_cmake_ros: 0.10.0 (/opt/ros/humble/share/ament_cmake_ros/cmake)
[0.584s] -- Found ethercat_interface: 1.2.0 (/home/theanh/ros2_ws1/install/ethercat_interface/share/ethercat_interface/cmake)
[0.657s] -- Found rosidl_generator_c: 3.1.8 (/opt/ros/humble/share/rosidl_generator_c/cmake)
[0.667s] -- Found rosidl_adapter: 3.1.8 (/opt/ros/humble/share/rosidl_adapter/cmake)
[0.679s] -- Found rosidl_generator_cpp: 3.1.8 (/opt/ros/humble/share/rosidl_generator_cpp/cmake)
[0.695s] -- Using all available rosidl_typesupport_c: rosidl_typesupport_fastrtps_c;rosidl_typesupport_introspection_c
[0.716s] -- Using all available rosidl_typesupport_cpp: rosidl_typesupport_fastrtps_cpp;rosidl_typesupport_introspection_cpp
[0.779s] -- Found rmw_implementation_cmake: 6.1.2 (/opt/ros/humble/share/rmw_implementation_cmake/cmake)
[0.785s] -- Found rmw_fastrtps_cpp: 6.2.10 (/opt/ros/humble/share/rmw_fastrtps_cpp/cmake)
[0.892s] -- Found OpenSSL: /usr/lib/x86_64-linux-gnu/libcrypto.so (found version "3.0.2")  
[0.922s] -- Found FastRTPS: /opt/ros/humble/include  
[0.969s] -- Using RMW implementation 'rmw_fastrtps_cpp' as default
[0.985s] -- Looking for pthread.h
[1.055s] -- Looking for pthread.h - found
[1.055s] -- Performing Test CMAKE_HAVE_LIBC_PTHREAD
[1.127s] -- Performing Test CMAKE_HAVE_LIBC_PTHREAD - Success
[1.128s] -- Found Threads: TRUE  
[1.178s] -- Found ethercat_generic_slave: 1.2.0 (/home/theanh/ros2_ws1/install/ethercat_generic_slave/share/ethercat_generic_slave/cmake)
[1.183s] -- Found pluginlib: 5.1.3 (/opt/ros/humble/share/pluginlib/cmake)
[1.224s] -- Found yaml_cpp_vendor: 8.0.2 (/opt/ros/humble/share/yaml_cpp_vendor/cmake)
[1.239s] -- Found ament_lint_auto: 0.12.15 (/opt/ros/humble/share/ament_lint_auto/cmake)
[1.333s] -- Found gmock sources under '/opt/ros/humble/src/gmock_vendor': C++ tests using 'Google Mock' will be built
[1.340s] -- Found gtest sources under '/opt/ros/humble/src/gtest_vendor': C++ tests using 'Google Test' will be built
[1.352s] -- Added test 'copyright' to check source files copyright and LICENSE
[1.353s] -- Added test 'cppcheck' to perform static code analysis on C / C++ code
[1.354s] -- Configured cppcheck include dirs: $<BUILD_INTERFACE:/home/theanh/ros2_ws1/src/ethercat_driver_ros2/ethercat_generic_plugins/ethercat_generic_cia402_drive/include>;/home/theanh/ros2_ws1/src/ethercat_driver_ros2/ethercat_generic_plugins/ethercat_generic_cia402_drive/include
[1.354s] -- Configured cppcheck exclude dirs and/or files: 
[1.355s] -- Added test 'cpplint' to check C / C++ code against the Google style
[1.355s] -- Configured cpplint exclude dirs and/or files: 
[1.356s] -- Added test 'lint_cmake' to check CMake code style
[1.357s] -- Added test 'uncrustify' to check C / C++ code style
[1.357s] -- Configured uncrustify additional arguments: 
[1.358s] -- Added test 'xmllint' to check XML markup files
[1.362s] -- Configuring done
[1.395s] -- Generating done
[1.401s] -- Build files have been written to: /home/theanh/ros2_ws1/build/ethercat_generic_cia402_drive
[1.410s] Invoked command in '/home/theanh/ros2_ws1/build/ethercat_generic_cia402_drive' returned '0': CMAKE_PREFIX_PATH=/home/theanh/ros2_ws1/install/ethercat_generic_slave:/home/theanh/ros2_ws1/install/ethercat_interface:/home/theanh/ros2_ws1/install/ros2_qt1_demo:/home/theanh/ros2_ws1/install/ethercat_manager:/home/theanh/ros2_ws1/install/ethercat_msgs:/home/theanh/ros2_ws1/install/ethercat_generic_cia402_drive:/home/theanh/ros2_ws1/install/ethercat_driver_ros2:/home/theanh/ros2_ws1/install/ethercat_driver:/home/theanh/ros2_ws1/install/control_one_motor_pkg_ex:/home/theanh/gui_rviz2_qt5/install/gui_agv:/home/theanh/can_example_ws/install/canopen_tests:/home/theanh/can_example_ws/install/canopen_ros2_controllers:/home/theanh/can_example_ws/install/canopen_ros2_control:/home/theanh/can_example_ws/install/canopen:/home/theanh/can_example_ws/install/canopen_402_driver:/home/theanh/can_example_ws/install/canopen_proxy_driver:/home/theanh/can_example_ws/install/canopen_master_driver:/home/theanh/can_example_ws/install/canopen_fake_slaves:/home/theanh/can_example_ws/install/canopen_base_driver:/home/theanh/can_example_ws/install/canopen_core:/home/theanh/can_example_ws/install/lely_core_libraries:/home/theanh/can_example_ws/install/canopen_interfaces:/home/theanh/agv_test_ws/install/sllidar_ros2:/home/theanh/agv_test_ws/install/agv_test_pkg:/home/theanh/mobile_rb_ws/install/sam_bot_description:/home/theanh/mobile_rb_ws/install/nav2_straightline_planner:/home/theanh/mobile_rb_ws/install/nav2_gradient_costmap_plugin:/home/theanh/mobile_rb_ws/install/nav2_costmap_filters_demo:/home/theanh/mobile_rb_ws/install/custom_nav2_costmap_plugin:/home/theanh/mobile_rb_ws/install/articubot_one:/home/theanh/can_example_ws/install/canopen_utils:/home/theanh/mobile_rb_ws/install/nav2_gps_waypoint_follower_demo:/opt/ros/humble LD_LIBRARY_PATH=/home/theanh/ros2_ws1/install/ethercat_generic_slave/lib:/home/theanh/ros2_ws1/install/ethercat_interface/lib:/home/theanh/ros2_ws1/install/ethercat_manager/lib:/home/theanh/ros2_ws1/install/ethercat_msgs/lib:/home/theanh/ros2_ws1/install/ethercat_generic_cia402_drive/lib:/home/theanh/ros2_ws1/install/ethercat_driver/lib:/home/theanh/can_example_ws/install/canopen_ros2_controllers/lib:/home/theanh/can_example_ws/install/canopen_ros2_control/lib:/home/theanh/can_example_ws/install/canopen_402_driver/lib:/home/theanh/can_example_ws/install/canopen_proxy_driver/lib:/home/theanh/can_example_ws/install/canopen_master_driver/lib:/home/theanh/can_example_ws/install/canopen_base_driver/lib:/home/theanh/can_example_ws/install/canopen_core/lib:/home/theanh/can_example_ws/install/lely_core_libraries/lib:/home/theanh/can_example_ws/install/canopen_interfaces/lib:/home/theanh/mobile_rb_ws/install/nav2_straightline_planner/lib:/home/theanh/mobile_rb_ws/install/nav2_gradient_costmap_plugin/lib:/home/theanh/mobile_rb_ws/install/custom_nav2_costmap_plugin/lib:/usr/lib/x86_64-linux-gnu/gazebo-11/plugins:/opt/ros/humble/opt/rviz_ogre_vendor/lib:/opt/ros/humble/lib/x86_64-linux-gnu:/opt/ros/humble/lib /usr/bin/cmake /home/theanh/ros2_ws1/src/ethercat_driver_ros2/ethercat_generic_plugins/ethercat_generic_cia402_drive -DAMENT_CMAKE_SYMLINK_INSTALL=1 -DCMAKE_INSTALL_PREFIX=/home/theanh/ros2_ws1/install/ethercat_generic_cia402_drive
[1.411s] Invoking command in '/home/theanh/ros2_ws1/build/ethercat_generic_cia402_drive': CMAKE_PREFIX_PATH=/home/theanh/ros2_ws1/install/ethercat_generic_slave:/home/theanh/ros2_ws1/install/ethercat_interface:/home/theanh/ros2_ws1/install/ros2_qt1_demo:/home/theanh/ros2_ws1/install/ethercat_manager:/home/theanh/ros2_ws1/install/ethercat_msgs:/home/theanh/ros2_ws1/install/ethercat_generic_cia402_drive:/home/theanh/ros2_ws1/install/ethercat_driver_ros2:/home/theanh/ros2_ws1/install/ethercat_driver:/home/theanh/ros2_ws1/install/control_one_motor_pkg_ex:/home/theanh/gui_rviz2_qt5/install/gui_agv:/home/theanh/can_example_ws/install/canopen_tests:/home/theanh/can_example_ws/install/canopen_ros2_controllers:/home/theanh/can_example_ws/install/canopen_ros2_control:/home/theanh/can_example_ws/install/canopen:/home/theanh/can_example_ws/install/canopen_402_driver:/home/theanh/can_example_ws/install/canopen_proxy_driver:/home/theanh/can_example_ws/install/canopen_master_driver:/home/theanh/can_example_ws/install/canopen_fake_slaves:/home/theanh/can_example_ws/install/canopen_base_driver:/home/theanh/can_example_ws/install/canopen_core:/home/theanh/can_example_ws/install/lely_core_libraries:/home/theanh/can_example_ws/install/canopen_interfaces:/home/theanh/agv_test_ws/install/sllidar_ros2:/home/theanh/agv_test_ws/install/agv_test_pkg:/home/theanh/mobile_rb_ws/install/sam_bot_description:/home/theanh/mobile_rb_ws/install/nav2_straightline_planner:/home/theanh/mobile_rb_ws/install/nav2_gradient_costmap_plugin:/home/theanh/mobile_rb_ws/install/nav2_costmap_filters_demo:/home/theanh/mobile_rb_ws/install/custom_nav2_costmap_plugin:/home/theanh/mobile_rb_ws/install/articubot_one:/home/theanh/can_example_ws/install/canopen_utils:/home/theanh/mobile_rb_ws/install/nav2_gps_waypoint_follower_demo:/opt/ros/humble LD_LIBRARY_PATH=/home/theanh/ros2_ws1/install/ethercat_generic_slave/lib:/home/theanh/ros2_ws1/install/ethercat_interface/lib:/home/theanh/ros2_ws1/install/ethercat_manager/lib:/home/theanh/ros2_ws1/install/ethercat_msgs/lib:/home/theanh/ros2_ws1/install/ethercat_generic_cia402_drive/lib:/home/theanh/ros2_ws1/install/ethercat_driver/lib:/home/theanh/can_example_ws/install/canopen_ros2_controllers/lib:/home/theanh/can_example_ws/install/canopen_ros2_control/lib:/home/theanh/can_example_ws/install/canopen_402_driver/lib:/home/theanh/can_example_ws/install/canopen_proxy_driver/lib:/home/theanh/can_example_ws/install/canopen_master_driver/lib:/home/theanh/can_example_ws/install/canopen_base_driver/lib:/home/theanh/can_example_ws/install/canopen_core/lib:/home/theanh/can_example_ws/install/lely_core_libraries/lib:/home/theanh/can_example_ws/install/canopen_interfaces/lib:/home/theanh/mobile_rb_ws/install/nav2_straightline_planner/lib:/home/theanh/mobile_rb_ws/install/nav2_gradient_costmap_plugin/lib:/home/theanh/mobile_rb_ws/install/custom_nav2_costmap_plugin/lib:/usr/lib/x86_64-linux-gnu/gazebo-11/plugins:/opt/ros/humble/opt/rviz_ogre_vendor/lib:/opt/ros/humble/lib/x86_64-linux-gnu:/opt/ros/humble/lib /usr/bin/cmake --build /home/theanh/ros2_ws1/build/ethercat_generic_cia402_drive -- -j16 -l16
[1.462s] [ 36%] [32mBuilding CXX object gmock/CMakeFiles/gmock.dir/opt/ros/humble/src/gtest_vendor/src/gtest-all.cc.o[0m
[1.462s] [ 36%] [32mBuilding CXX object CMakeFiles/ethercat_generic_cia402_drive.dir/src/generic_ec_cia402_drive.cpp.o[0m
[1.462s] [ 36%] [32mBuilding CXX object gmock/CMakeFiles/gmock_main.dir/src/gmock_main.cc.o[0m
[1.462s] [ 36%] [32mBuilding CXX object gmock/CMakeFiles/gmock.dir/src/gmock-all.cc.o[0m
[2.385s] [ 45%] [32m[1mLinking CXX static library libgmock_main.a[0m
[2.457s] [ 45%] Built target gmock_main
[2.680s] [ 54%] [32m[1mLinking CXX shared library libethercat_generic_cia402_drive.so[0m
[2.783s] [ 54%] Built target ethercat_generic_cia402_drive
[3.763s] [ 63%] [32m[1mLinking CXX static library libgmock.a[0m
[3.862s] [ 63%] Built target gmock
[3.884s] [ 72%] [32mBuilding CXX object CMakeFiles/test_generic_ec_cia402_drive.dir/test/test_generic_ec_cia402_drive.cpp.o[0m
[3.884s] [ 81%] [32mBuilding CXX object CMakeFiles/test_load_generic_plugins.dir/test/test_load_ec_modules.cpp.o[0m
[6.027s] [ 90%] [32m[1mLinking CXX executable test_generic_ec_cia402_drive[0m
[6.208s] [ 90%] Built target test_generic_ec_cia402_drive
[6.753s] [100%] [32m[1mLinking CXX executable test_load_generic_plugins[0m
[6.953s] [100%] Built target test_load_generic_plugins
[6.964s] Invoked command in '/home/theanh/ros2_ws1/build/ethercat_generic_cia402_drive' returned '0': CMAKE_PREFIX_PATH=/home/theanh/ros2_ws1/install/ethercat_generic_slave:/home/theanh/ros2_ws1/install/ethercat_interface:/home/theanh/ros2_ws1/install/ros2_qt1_demo:/home/theanh/ros2_ws1/install/ethercat_manager:/home/theanh/ros2_ws1/install/ethercat_msgs:/home/theanh/ros2_ws1/install/ethercat_generic_cia402_drive:/home/theanh/ros2_ws1/install/ethercat_driver_ros2:/home/theanh/ros2_ws1/install/ethercat_driver:/home/theanh/ros2_ws1/install/control_one_motor_pkg_ex:/home/theanh/gui_rviz2_qt5/install/gui_agv:/home/theanh/can_example_ws/install/canopen_tests:/home/theanh/can_example_ws/install/canopen_ros2_controllers:/home/theanh/can_example_ws/install/canopen_ros2_control:/home/theanh/can_example_ws/install/canopen:/home/theanh/can_example_ws/install/canopen_402_driver:/home/theanh/can_example_ws/install/canopen_proxy_driver:/home/theanh/can_example_ws/install/canopen_master_driver:/home/theanh/can_example_ws/install/canopen_fake_slaves:/home/theanh/can_example_ws/install/canopen_base_driver:/home/theanh/can_example_ws/install/canopen_core:/home/theanh/can_example_ws/install/lely_core_libraries:/home/theanh/can_example_ws/install/canopen_interfaces:/home/theanh/agv_test_ws/install/sllidar_ros2:/home/theanh/agv_test_ws/install/agv_test_pkg:/home/theanh/mobile_rb_ws/install/sam_bot_description:/home/theanh/mobile_rb_ws/install/nav2_straightline_planner:/home/theanh/mobile_rb_ws/install/nav2_gradient_costmap_plugin:/home/theanh/mobile_rb_ws/install/nav2_costmap_filters_demo:/home/theanh/mobile_rb_ws/install/custom_nav2_costmap_plugin:/home/theanh/mobile_rb_ws/install/articubot_one:/home/theanh/can_example_ws/install/canopen_utils:/home/theanh/mobile_rb_ws/install/nav2_gps_waypoint_follower_demo:/opt/ros/humble LD_LIBRARY_PATH=/home/theanh/ros2_ws1/install/ethercat_generic_slave/lib:/home/theanh/ros2_ws1/install/ethercat_interface/lib:/home/theanh/ros2_ws1/install/ethercat_manager/lib:/home/theanh/ros2_ws1/install/ethercat_msgs/lib:/home/theanh/ros2_ws1/install/ethercat_generic_cia402_drive/lib:/home/theanh/ros2_ws1/install/ethercat_driver/lib:/home/theanh/can_example_ws/install/canopen_ros2_controllers/lib:/home/theanh/can_example_ws/install/canopen_ros2_control/lib:/home/theanh/can_example_ws/install/canopen_402_driver/lib:/home/theanh/can_example_ws/install/canopen_proxy_driver/lib:/home/theanh/can_example_ws/install/canopen_master_driver/lib:/home/theanh/can_example_ws/install/canopen_base_driver/lib:/home/theanh/can_example_ws/install/canopen_core/lib:/home/theanh/can_example_ws/install/lely_core_libraries/lib:/home/theanh/can_example_ws/install/canopen_interfaces/lib:/home/theanh/mobile_rb_ws/install/nav2_straightline_planner/lib:/home/theanh/mobile_rb_ws/install/nav2_gradient_costmap_plugin/lib:/home/theanh/mobile_rb_ws/install/custom_nav2_costmap_plugin/lib:/usr/lib/x86_64-linux-gnu/gazebo-11/plugins:/opt/ros/humble/opt/rviz_ogre_vendor/lib:/opt/ros/humble/lib/x86_64-linux-gnu:/opt/ros/humble/lib /usr/bin/cmake --build /home/theanh/ros2_ws1/build/ethercat_generic_cia402_drive -- -j16 -l16
[6.965s] Invoking command in '/home/theanh/ros2_ws1/build/ethercat_generic_cia402_drive': CMAKE_PREFIX_PATH=/home/theanh/ros2_ws1/install/ethercat_generic_slave:/home/theanh/ros2_ws1/install/ethercat_interface:/home/theanh/ros2_ws1/install/ros2_qt1_demo:/home/theanh/ros2_ws1/install/ethercat_manager:/home/theanh/ros2_ws1/install/ethercat_msgs:/home/theanh/ros2_ws1/install/ethercat_generic_cia402_drive:/home/theanh/ros2_ws1/install/ethercat_driver_ros2:/home/theanh/ros2_ws1/install/ethercat_driver:/home/theanh/ros2_ws1/install/control_one_motor_pkg_ex:/home/theanh/gui_rviz2_qt5/install/gui_agv:/home/theanh/can_example_ws/install/canopen_tests:/home/theanh/can_example_ws/install/canopen_ros2_controllers:/home/theanh/can_example_ws/install/canopen_ros2_control:/home/theanh/can_example_ws/install/canopen:/home/theanh/can_example_ws/install/canopen_402_driver:/home/theanh/can_example_ws/install/canopen_proxy_driver:/home/theanh/can_example_ws/install/canopen_master_driver:/home/theanh/can_example_ws/install/canopen_fake_slaves:/home/theanh/can_example_ws/install/canopen_base_driver:/home/theanh/can_example_ws/install/canopen_core:/home/theanh/can_example_ws/install/lely_core_libraries:/home/theanh/can_example_ws/install/canopen_interfaces:/home/theanh/agv_test_ws/install/sllidar_ros2:/home/theanh/agv_test_ws/install/agv_test_pkg:/home/theanh/mobile_rb_ws/install/sam_bot_description:/home/theanh/mobile_rb_ws/install/nav2_straightline_planner:/home/theanh/mobile_rb_ws/install/nav2_gradient_costmap_plugin:/home/theanh/mobile_rb_ws/install/nav2_costmap_filters_demo:/home/theanh/mobile_rb_ws/install/custom_nav2_costmap_plugin:/home/theanh/mobile_rb_ws/install/articubot_one:/home/theanh/can_example_ws/install/canopen_utils:/home/theanh/mobile_rb_ws/install/nav2_gps_waypoint_follower_demo:/opt/ros/humble LD_LIBRARY_PATH=/home/theanh/ros2_ws1/install/ethercat_generic_slave/lib:/home/theanh/ros2_ws1/install/ethercat_interface/lib:/home/theanh/ros2_ws1/install/ethercat_manager/lib:/home/theanh/ros2_ws1/install/ethercat_msgs/lib:/home/theanh/ros2_ws1/install/ethercat_generic_cia402_drive/lib:/home/theanh/ros2_ws1/install/ethercat_driver/lib:/home/theanh/can_example_ws/install/canopen_ros2_controllers/lib:/home/theanh/can_example_ws/install/canopen_ros2_control/lib:/home/theanh/can_example_ws/install/canopen_402_driver/lib:/home/theanh/can_example_ws/install/canopen_proxy_driver/lib:/home/theanh/can_example_ws/install/canopen_master_driver/lib:/home/theanh/can_example_ws/install/canopen_base_driver/lib:/home/theanh/can_example_ws/install/canopen_core/lib:/home/theanh/can_example_ws/install/lely_core_libraries/lib:/home/theanh/can_example_ws/install/canopen_interfaces/lib:/home/theanh/mobile_rb_ws/install/nav2_straightline_planner/lib:/home/theanh/mobile_rb_ws/install/nav2_gradient_costmap_plugin/lib:/home/theanh/mobile_rb_ws/install/custom_nav2_costmap_plugin/lib:/usr/lib/x86_64-linux-gnu/gazebo-11/plugins:/opt/ros/humble/opt/rviz_ogre_vendor/lib:/opt/ros/humble/lib/x86_64-linux-gnu:/opt/ros/humble/lib /usr/bin/cmake --install /home/theanh/ros2_ws1/build/ethercat_generic_cia402_drive
[6.973s] -- Install configuration: ""
[6.974s] -- Execute custom install script
[6.974s] -- Symlinking: /home/theanh/ros2_ws1/install/ethercat_generic_cia402_drive/share/ethercat_generic_cia402_drive//ethercat_plugins.xml
[6.983s] -- Symlinking: /home/theanh/ros2_ws1/install/ethercat_generic_cia402_drive/include/ethercat_generic_plugins/cia402_common_defs.hpp
[6.992s] -- Symlinking: /home/theanh/ros2_ws1/install/ethercat_generic_cia402_drive/include/ethercat_generic_plugins/generic_ec_cia402_drive.hpp
[7.000s] -- Symlinking: /home/theanh/ros2_ws1/install/ethercat_generic_cia402_drive/share/ethercat_generic_cia402_drive/environment/library_path.sh
[7.009s] -- Symlinking: /home/theanh/ros2_ws1/install/ethercat_generic_cia402_drive/share/ethercat_generic_cia402_drive/environment/library_path.dsv
[7.017s] -- Symlinking: /home/theanh/ros2_ws1/install/ethercat_generic_cia402_drive/share/ament_index/resource_index/package_run_dependencies/ethercat_generic_cia402_drive
[7.026s] -- Symlinking: /home/theanh/ros2_ws1/install/ethercat_generic_cia402_drive/share/ament_index/resource_index/parent_prefix_path/ethercat_generic_cia402_drive
[7.034s] -- Symlinking: /home/theanh/ros2_ws1/install/ethercat_generic_cia402_drive/share/ethercat_generic_cia402_drive/environment/ament_prefix_path.sh
[7.043s] -- Symlinking: /home/theanh/ros2_ws1/install/ethercat_generic_cia402_drive/share/ethercat_generic_cia402_drive/environment/ament_prefix_path.dsv
[7.051s] -- Symlinking: /home/theanh/ros2_ws1/install/ethercat_generic_cia402_drive/share/ethercat_generic_cia402_drive/environment/path.sh
[7.060s] -- Symlinking: /home/theanh/ros2_ws1/install/ethercat_generic_cia402_drive/share/ethercat_generic_cia402_drive/environment/path.dsv
[7.069s] -- Symlinking: /home/theanh/ros2_ws1/install/ethercat_generic_cia402_drive/share/ethercat_generic_cia402_drive/local_setup.bash
[7.078s] -- Symlinking: /home/theanh/ros2_ws1/install/ethercat_generic_cia402_drive/share/ethercat_generic_cia402_drive/local_setup.sh
[7.087s] -- Symlinking: /home/theanh/ros2_ws1/install/ethercat_generic_cia402_drive/share/ethercat_generic_cia402_drive/local_setup.zsh
[7.096s] -- Symlinking: /home/theanh/ros2_ws1/install/ethercat_generic_cia402_drive/share/ethercat_generic_cia402_drive/local_setup.dsv
[7.105s] -- Symlinking: /home/theanh/ros2_ws1/install/ethercat_generic_cia402_drive/share/ethercat_generic_cia402_drive/package.dsv
[7.114s] -- Symlinking: /home/theanh/ros2_ws1/install/ethercat_generic_cia402_drive/share/ament_index/resource_index/packages/ethercat_generic_cia402_drive
[7.123s] -- Symlinking: /home/theanh/ros2_ws1/install/ethercat_generic_cia402_drive/share/ament_index/resource_index/ethercat_interface__pluginlib__plugin/ethercat_generic_cia402_drive
[7.132s] -- Symlinking: /home/theanh/ros2_ws1/install/ethercat_generic_cia402_drive/share/ethercat_generic_cia402_drive/cmake/ament_cmake_export_include_directories-extras.cmake
[7.140s] -- Symlinking: /home/theanh/ros2_ws1/install/ethercat_generic_cia402_drive/share/ethercat_generic_cia402_drive/cmake/ament_cmake_export_libraries-extras.cmake
[7.149s] -- Symlinking: /home/theanh/ros2_ws1/install/ethercat_generic_cia402_drive/share/ethercat_generic_cia402_drive/cmake/ament_cmake_export_targets-extras.cmake
[7.157s] -- Symlinking: /home/theanh/ros2_ws1/install/ethercat_generic_cia402_drive/share/ethercat_generic_cia402_drive/cmake/ethercat_generic_cia402_driveConfig.cmake
[7.166s] -- Symlinking: /home/theanh/ros2_ws1/install/ethercat_generic_cia402_drive/share/ethercat_generic_cia402_drive/cmake/ethercat_generic_cia402_driveConfig-version.cmake
[7.175s] -- Symlinking: /home/theanh/ros2_ws1/install/ethercat_generic_cia402_drive/share/ethercat_generic_cia402_drive/package.xml
[7.184s] -- Installing: /home/theanh/ros2_ws1/install/ethercat_generic_cia402_drive/lib/libethercat_generic_cia402_drive.so
[7.185s] -- Set runtime path of "/home/theanh/ros2_ws1/install/ethercat_generic_cia402_drive/lib/libethercat_generic_cia402_drive.so" to ""
[7.185s] -- Installing: /home/theanh/ros2_ws1/install/ethercat_generic_cia402_drive/share/ethercat_generic_cia402_drive/cmake/export_ethercat_generic_cia402_driveExport.cmake
[7.185s] -- Installing: /home/theanh/ros2_ws1/install/ethercat_generic_cia402_drive/share/ethercat_generic_cia402_drive/cmake/export_ethercat_generic_cia402_driveExport-noconfig.cmake
[7.188s] Invoked command in '/home/theanh/ros2_ws1/build/ethercat_generic_cia402_drive' returned '0': CMAKE_PREFIX_PATH=/home/theanh/ros2_ws1/install/ethercat_generic_slave:/home/theanh/ros2_ws1/install/ethercat_interface:/home/theanh/ros2_ws1/install/ros2_qt1_demo:/home/theanh/ros2_ws1/install/ethercat_manager:/home/theanh/ros2_ws1/install/ethercat_msgs:/home/theanh/ros2_ws1/install/ethercat_generic_cia402_drive:/home/theanh/ros2_ws1/install/ethercat_driver_ros2:/home/theanh/ros2_ws1/install/ethercat_driver:/home/theanh/ros2_ws1/install/control_one_motor_pkg_ex:/home/theanh/gui_rviz2_qt5/install/gui_agv:/home/theanh/can_example_ws/install/canopen_tests:/home/theanh/can_example_ws/install/canopen_ros2_controllers:/home/theanh/can_example_ws/install/canopen_ros2_control:/home/theanh/can_example_ws/install/canopen:/home/theanh/can_example_ws/install/canopen_402_driver:/home/theanh/can_example_ws/install/canopen_proxy_driver:/home/theanh/can_example_ws/install/canopen_master_driver:/home/theanh/can_example_ws/install/canopen_fake_slaves:/home/theanh/can_example_ws/install/canopen_base_driver:/home/theanh/can_example_ws/install/canopen_core:/home/theanh/can_example_ws/install/lely_core_libraries:/home/theanh/can_example_ws/install/canopen_interfaces:/home/theanh/agv_test_ws/install/sllidar_ros2:/home/theanh/agv_test_ws/install/agv_test_pkg:/home/theanh/mobile_rb_ws/install/sam_bot_description:/home/theanh/mobile_rb_ws/install/nav2_straightline_planner:/home/theanh/mobile_rb_ws/install/nav2_gradient_costmap_plugin:/home/theanh/mobile_rb_ws/install/nav2_costmap_filters_demo:/home/theanh/mobile_rb_ws/install/custom_nav2_costmap_plugin:/home/theanh/mobile_rb_ws/install/articubot_one:/home/theanh/can_example_ws/install/canopen_utils:/home/theanh/mobile_rb_ws/install/nav2_gps_waypoint_follower_demo:/opt/ros/humble LD_LIBRARY_PATH=/home/theanh/ros2_ws1/install/ethercat_generic_slave/lib:/home/theanh/ros2_ws1/install/ethercat_interface/lib:/home/theanh/ros2_ws1/install/ethercat_manager/lib:/home/theanh/ros2_ws1/install/ethercat_msgs/lib:/home/theanh/ros2_ws1/install/ethercat_generic_cia402_drive/lib:/home/theanh/ros2_ws1/install/ethercat_driver/lib:/home/theanh/can_example_ws/install/canopen_ros2_controllers/lib:/home/theanh/can_example_ws/install/canopen_ros2_control/lib:/home/theanh/can_example_ws/install/canopen_402_driver/lib:/home/theanh/can_example_ws/install/canopen_proxy_driver/lib:/home/theanh/can_example_ws/install/canopen_master_driver/lib:/home/theanh/can_example_ws/install/canopen_base_driver/lib:/home/theanh/can_example_ws/install/canopen_core/lib:/home/theanh/can_example_ws/install/lely_core_libraries/lib:/home/theanh/can_example_ws/install/canopen_interfaces/lib:/home/theanh/mobile_rb_ws/install/nav2_straightline_planner/lib:/home/theanh/mobile_rb_ws/install/nav2_gradient_costmap_plugin/lib:/home/theanh/mobile_rb_ws/install/custom_nav2_costmap_plugin/lib:/usr/lib/x86_64-linux-gnu/gazebo-11/plugins:/opt/ros/humble/opt/rviz_ogre_vendor/lib:/opt/ros/humble/lib/x86_64-linux-gnu:/opt/ros/humble/lib /usr/bin/cmake --install /home/theanh/ros2_ws1/build/ethercat_generic_cia402_drive
