[0.016s] Invoking command in '/home/theanh/ros2_ws1/build/ros2_qt1_demo': CMAKE_PREFIX_PATH=${CMAKE_PREFIX_PATH}:/home/theanh/can_example_ws/install/canopen_utils:/home/theanh/mobile_rb_ws/install/nav2_gps_waypoint_follower_demo:/opt/ros/humble /usr/bin/cmake --build /home/theanh/ros2_ws1/build/ros2_qt1_demo -- -j16 -l16
[0.036s] -- Found ament_cmake: 1.3.13 (/opt/ros/humble/share/ament_cmake/cmake)
[0.146s] -- Override CMake install command with custom implementation using symlinks instead of copying resources
[0.208s] -- Found rclcpp: 16.0.18 (/opt/ros/humble/share/rclcpp/cmake)
[0.277s] -- Found rosidl_generator_c: 3.1.8 (/opt/ros/humble/share/rosidl_generator_c/cmake)
[0.289s] -- Found rosidl_adapter: 3.1.8 (/opt/ros/humble/share/rosidl_adapter/cmake)
[0.303s] -- Found rosidl_generator_cpp: 3.1.8 (/opt/ros/humble/share/rosidl_generator_cpp/cmake)
[0.322s] -- Using all available rosidl_typesupport_c: rosidl_typesupport_fastrtps_c;rosidl_typesupport_introspection_c
[0.348s] -- Using all available rosidl_typesupport_cpp: rosidl_typesupport_fastrtps_cpp;rosidl_typesupport_introspection_cpp
[0.427s] -- Found rmw_implementation_cmake: 6.1.2 (/opt/ros/humble/share/rmw_implementation_cmake/cmake)
[0.433s] -- Found rmw_fastrtps_cpp: 6.2.10 (/opt/ros/humble/share/rmw_fastrtps_cpp/cmake)
[0.568s] -- Found OpenSSL: /usr/lib/x86_64-linux-gnu/libcrypto.so (found version "3.0.2")  
[0.600s] -- Found FastRTPS: /opt/ros/humble/include  
[0.648s] -- Using RMW implementation 'rmw_fastrtps_cpp' as default
[0.665s] -- Looking for pthread.h
[0.738s] -- Looking for pthread.h - found
[0.738s] -- Performing Test CMAKE_HAVE_LIBC_PTHREAD
[0.811s] -- Performing Test CMAKE_HAVE_LIBC_PTHREAD - Success
[0.812s] -- Found Threads: TRUE  
[0.868s] -- Found geometry_msgs: 4.9.1 (/opt/ros/humble/share/geometry_msgs/cmake)
[0.879s] -- Found ament_lint_auto: 0.12.15 (/opt/ros/humble/share/ament_lint_auto/cmake)
[0.952s] -- Added test 'cppcheck' to perform static code analysis on C / C++ code
[0.952s] -- Configured cppcheck include dirs: $<BUILD_INTERFACE:/home/theanh/ros2_ws1/src/ros2_qt1_demo/include>
[0.952s] -- Configured cppcheck exclude dirs and/or files: 
[0.955s] -- Added test 'lint_cmake' to check CMake code style
[0.962s] -- Added test 'uncrustify' to check C / C++ code style
[0.962s] -- Configured uncrustify additional arguments: 
[0.963s] -- Added test 'xmllint' to check XML markup files
[0.964s] -- Configuring done
[0.991s] -- Generating done
[0.994s] -- Build files have been written to: /home/theanh/ros2_ws1/build/ros2_qt1_demo
[1.039s] [ 20%] [34m[1mAutomatic MOC and UIC for target ros2_qt1_demo[0m
[1.302s] [ 20%] Built target ros2_qt1_demo_autogen
[1.315s] [35m[1mConsolidate compiler generated dependencies of target ros2_qt1_demo[0m
[1.332s] [ 80%] [32mBuilding CXX object CMakeFiles/ros2_qt1_demo.dir/ros2_qt1_demo_autogen/mocs_compilation.cpp.o[0m
[1.332s] [ 80%] [32mBuilding CXX object CMakeFiles/ros2_qt1_demo.dir/src/mainwindow.cpp.o[0m
[1.333s] [ 80%] [32mBuilding CXX object CMakeFiles/ros2_qt1_demo.dir/src/main.cpp.o[0m
[4.342s] [100%] [32m[1mLinking CXX executable ros2_qt1_demo[0m
[4.697s] [100%] Built target ros2_qt1_demo
[4.709s] Invoked command in '/home/theanh/ros2_ws1/build/ros2_qt1_demo' returned '0': CMAKE_PREFIX_PATH=${CMAKE_PREFIX_PATH}:/home/theanh/can_example_ws/install/canopen_utils:/home/theanh/mobile_rb_ws/install/nav2_gps_waypoint_follower_demo:/opt/ros/humble /usr/bin/cmake --build /home/theanh/ros2_ws1/build/ros2_qt1_demo -- -j16 -l16
[4.710s] Invoking command in '/home/theanh/ros2_ws1/build/ros2_qt1_demo': CMAKE_PREFIX_PATH=${CMAKE_PREFIX_PATH}:/home/theanh/can_example_ws/install/canopen_utils:/home/theanh/mobile_rb_ws/install/nav2_gps_waypoint_follower_demo:/opt/ros/humble /usr/bin/cmake --install /home/theanh/ros2_ws1/build/ros2_qt1_demo
[4.717s] -- Install configuration: ""
[4.718s] -- Execute custom install script
[4.718s] -- Up-to-date symlink: /home/theanh/ros2_ws1/install/ros2_qt1_demo/lib/ros2_qt1_demo/ros2_qt1_demo
[4.718s] -- Up-to-date symlink: /home/theanh/ros2_ws1/install/ros2_qt1_demo/share/ament_index/resource_index/package_run_dependencies/ros2_qt1_demo
[4.718s] -- Up-to-date symlink: /home/theanh/ros2_ws1/install/ros2_qt1_demo/share/ament_index/resource_index/parent_prefix_path/ros2_qt1_demo
[4.718s] -- Up-to-date symlink: /home/theanh/ros2_ws1/install/ros2_qt1_demo/share/ros2_qt1_demo/environment/ament_prefix_path.sh
[4.719s] -- Up-to-date symlink: /home/theanh/ros2_ws1/install/ros2_qt1_demo/share/ros2_qt1_demo/environment/ament_prefix_path.dsv
[4.719s] -- Up-to-date symlink: /home/theanh/ros2_ws1/install/ros2_qt1_demo/share/ros2_qt1_demo/environment/path.sh
[4.719s] -- Up-to-date symlink: /home/theanh/ros2_ws1/install/ros2_qt1_demo/share/ros2_qt1_demo/environment/path.dsv
[4.719s] -- Up-to-date symlink: /home/theanh/ros2_ws1/install/ros2_qt1_demo/share/ros2_qt1_demo/local_setup.bash
[4.719s] -- Up-to-date symlink: /home/theanh/ros2_ws1/install/ros2_qt1_demo/share/ros2_qt1_demo/local_setup.sh
[4.719s] -- Up-to-date symlink: /home/theanh/ros2_ws1/install/ros2_qt1_demo/share/ros2_qt1_demo/local_setup.zsh
[4.719s] -- Up-to-date symlink: /home/theanh/ros2_ws1/install/ros2_qt1_demo/share/ros2_qt1_demo/local_setup.dsv
[4.719s] -- Symlinking: /home/theanh/ros2_ws1/install/ros2_qt1_demo/share/ros2_qt1_demo/package.dsv
[4.729s] -- Up-to-date symlink: /home/theanh/ros2_ws1/install/ros2_qt1_demo/share/ament_index/resource_index/packages/ros2_qt1_demo
[4.729s] -- Up-to-date symlink: /home/theanh/ros2_ws1/install/ros2_qt1_demo/share/ros2_qt1_demo/cmake/ros2_qt1_demoConfig.cmake
[4.729s] -- Up-to-date symlink: /home/theanh/ros2_ws1/install/ros2_qt1_demo/share/ros2_qt1_demo/cmake/ros2_qt1_demoConfig-version.cmake
[4.729s] -- Up-to-date symlink: /home/theanh/ros2_ws1/install/ros2_qt1_demo/share/ros2_qt1_demo/package.xml
[4.731s] Invoked command in '/home/theanh/ros2_ws1/build/ros2_qt1_demo' returned '0': CMAKE_PREFIX_PATH=${CMAKE_PREFIX_PATH}:/home/theanh/can_example_ws/install/canopen_utils:/home/theanh/mobile_rb_ws/install/nav2_gps_waypoint_follower_demo:/opt/ros/humble /usr/bin/cmake --install /home/theanh/ros2_ws1/build/ros2_qt1_demo
