[0.594s] Invoking command in '/home/theanh/ros2_ws1/build/control_one_motor_pkg_ex': AMENT_PREFIX_PATH=/home/theanh/ros2_ws1/install/ethercat_msgs:${AMENT_PREFIX_PATH} CMAKE_PREFIX_PATH=/home/theanh/ros2_ws1/install/ethercat_msgs:/home/theanh/gui_rviz2_qt5/install/gui_agv:/home/theanh/can_example_ws/install/canopen_tests:/home/theanh/can_example_ws/install/canopen_ros2_controllers:/home/theanh/can_example_ws/install/canopen_ros2_control:/home/theanh/can_example_ws/install/canopen:/home/theanh/can_example_ws/install/canopen_402_driver:/home/theanh/can_example_ws/install/canopen_proxy_driver:/home/theanh/can_example_ws/install/canopen_master_driver:/home/theanh/can_example_ws/install/canopen_fake_slaves:/home/theanh/can_example_ws/install/canopen_base_driver:/home/theanh/can_example_ws/install/canopen_core:/home/theanh/can_example_ws/install/lely_core_libraries:/home/theanh/can_example_ws/install/canopen_interfaces:/home/theanh/agv_test_ws/install/sllidar_ros2:/home/theanh/agv_test_ws/install/agv_test_pkg:/home/theanh/mobile_rb_ws/install/sam_bot_description:/home/theanh/mobile_rb_ws/install/nav2_straightline_planner:/home/theanh/mobile_rb_ws/install/nav2_gradient_costmap_plugin:/home/theanh/mobile_rb_ws/install/nav2_costmap_filters_demo:/home/theanh/mobile_rb_ws/install/custom_nav2_costmap_plugin:/home/theanh/mobile_rb_ws/install/articubot_one:/home/theanh/can_example_ws/install/canopen_utils:/home/theanh/mobile_rb_ws/install/nav2_gps_waypoint_follower_demo:/opt/ros/humble LD_LIBRARY_PATH=/home/theanh/ros2_ws1/install/ethercat_msgs/lib:${LD_LIBRARY_PATH} PYTHONPATH=/home/theanh/ros2_ws1/install/ethercat_msgs/local/lib/python3.10/dist-packages:${PYTHONPATH} /usr/bin/cmake --build /home/theanh/ros2_ws1/build/control_one_motor_pkg_ex -- -j15 -l15
[0.965s] -- Found ament_cmake: 1.3.13 (/opt/ros/humble/share/ament_cmake/cmake)
[1.245s] -- Override CMake install command with custom implementation using symlinks instead of copying resources
[1.312s] -- Found ethercat_msgs: 1.2.0 (/home/theanh/ros2_ws1/install/ethercat_msgs/share/ethercat_msgs/cmake)
[1.503s] -- Found rosidl_generator_c: 3.1.8 (/opt/ros/humble/share/rosidl_generator_c/cmake)
[1.505s] -- Found rosidl_adapter: 3.1.8 (/opt/ros/humble/share/rosidl_adapter/cmake)
[1.511s] -- Found rosidl_generator_cpp: 3.1.8 (/opt/ros/humble/share/rosidl_generator_cpp/cmake)
[1.520s] -- Using all available rosidl_typesupport_c: rosidl_typesupport_fastrtps_c;rosidl_typesupport_introspection_c
[1.533s] -- Using all available rosidl_typesupport_cpp: rosidl_typesupport_fastrtps_cpp;rosidl_typesupport_introspection_cpp
[1.541s] -- Found ament_lint_auto: 0.12.15 (/opt/ros/humble/share/ament_lint_auto/cmake)
[2.036s] -- Added test 'flake8' to check Python code syntax and style conventions
[2.036s] -- Added test 'lint_cmake' to check CMake code style
[2.037s] -- Added test 'pep257' to check Python code against some of the docstring style conventions in PEP 257
[2.039s] -- Added test 'xmllint' to check XML markup files
[2.062s] -- Configuring done
[3.725s] -- Generating done
[4.023s] -- Build files have been written to: /home/theanh/ros2_ws1/build/control_one_motor_pkg_ex
[4.051s] Invoked command in '/home/theanh/ros2_ws1/build/control_one_motor_pkg_ex' returned '0': AMENT_PREFIX_PATH=/home/theanh/ros2_ws1/install/ethercat_msgs:${AMENT_PREFIX_PATH} CMAKE_PREFIX_PATH=/home/theanh/ros2_ws1/install/ethercat_msgs:/home/theanh/gui_rviz2_qt5/install/gui_agv:/home/theanh/can_example_ws/install/canopen_tests:/home/theanh/can_example_ws/install/canopen_ros2_controllers:/home/theanh/can_example_ws/install/canopen_ros2_control:/home/theanh/can_example_ws/install/canopen:/home/theanh/can_example_ws/install/canopen_402_driver:/home/theanh/can_example_ws/install/canopen_proxy_driver:/home/theanh/can_example_ws/install/canopen_master_driver:/home/theanh/can_example_ws/install/canopen_fake_slaves:/home/theanh/can_example_ws/install/canopen_base_driver:/home/theanh/can_example_ws/install/canopen_core:/home/theanh/can_example_ws/install/lely_core_libraries:/home/theanh/can_example_ws/install/canopen_interfaces:/home/theanh/agv_test_ws/install/sllidar_ros2:/home/theanh/agv_test_ws/install/agv_test_pkg:/home/theanh/mobile_rb_ws/install/sam_bot_description:/home/theanh/mobile_rb_ws/install/nav2_straightline_planner:/home/theanh/mobile_rb_ws/install/nav2_gradient_costmap_plugin:/home/theanh/mobile_rb_ws/install/nav2_costmap_filters_demo:/home/theanh/mobile_rb_ws/install/custom_nav2_costmap_plugin:/home/theanh/mobile_rb_ws/install/articubot_one:/home/theanh/can_example_ws/install/canopen_utils:/home/theanh/mobile_rb_ws/install/nav2_gps_waypoint_follower_demo:/opt/ros/humble LD_LIBRARY_PATH=/home/theanh/ros2_ws1/install/ethercat_msgs/lib:${LD_LIBRARY_PATH} PYTHONPATH=/home/theanh/ros2_ws1/install/ethercat_msgs/local/lib/python3.10/dist-packages:${PYTHONPATH} /usr/bin/cmake --build /home/theanh/ros2_ws1/build/control_one_motor_pkg_ex -- -j15 -l15
[4.433s] Invoking command in '/home/theanh/ros2_ws1/build/control_one_motor_pkg_ex': AMENT_PREFIX_PATH=/home/theanh/ros2_ws1/install/ethercat_msgs:${AMENT_PREFIX_PATH} CMAKE_PREFIX_PATH=/home/theanh/ros2_ws1/install/ethercat_msgs:/home/theanh/gui_rviz2_qt5/install/gui_agv:/home/theanh/can_example_ws/install/canopen_tests:/home/theanh/can_example_ws/install/canopen_ros2_controllers:/home/theanh/can_example_ws/install/canopen_ros2_control:/home/theanh/can_example_ws/install/canopen:/home/theanh/can_example_ws/install/canopen_402_driver:/home/theanh/can_example_ws/install/canopen_proxy_driver:/home/theanh/can_example_ws/install/canopen_master_driver:/home/theanh/can_example_ws/install/canopen_fake_slaves:/home/theanh/can_example_ws/install/canopen_base_driver:/home/theanh/can_example_ws/install/canopen_core:/home/theanh/can_example_ws/install/lely_core_libraries:/home/theanh/can_example_ws/install/canopen_interfaces:/home/theanh/agv_test_ws/install/sllidar_ros2:/home/theanh/agv_test_ws/install/agv_test_pkg:/home/theanh/mobile_rb_ws/install/sam_bot_description:/home/theanh/mobile_rb_ws/install/nav2_straightline_planner:/home/theanh/mobile_rb_ws/install/nav2_gradient_costmap_plugin:/home/theanh/mobile_rb_ws/install/nav2_costmap_filters_demo:/home/theanh/mobile_rb_ws/install/custom_nav2_costmap_plugin:/home/theanh/mobile_rb_ws/install/articubot_one:/home/theanh/can_example_ws/install/canopen_utils:/home/theanh/mobile_rb_ws/install/nav2_gps_waypoint_follower_demo:/opt/ros/humble LD_LIBRARY_PATH=/home/theanh/ros2_ws1/install/ethercat_msgs/lib:${LD_LIBRARY_PATH} PYTHONPATH=/home/theanh/ros2_ws1/install/ethercat_msgs/local/lib/python3.10/dist-packages:${PYTHONPATH} /usr/bin/cmake --install /home/theanh/ros2_ws1/build/control_one_motor_pkg_ex
[4.440s] -- Install configuration: ""
[4.440s] -- Execute custom install script
[4.441s] -- Up-to-date symlink: /home/theanh/ros2_ws1/install/control_one_motor_pkg_ex/share/control_one_motor_pkg_ex/launch/robot_control.launch.py
[4.441s] -- Up-to-date symlink: /home/theanh/ros2_ws1/install/control_one_motor_pkg_ex/share/control_one_motor_pkg_ex/config/hexapod_controller.yaml
[4.441s] -- Up-to-date symlink: /home/theanh/ros2_ws1/install/control_one_motor_pkg_ex/share/control_one_motor_pkg_ex/config/motor_config.yaml
[4.441s] -- Up-to-date symlink: /home/theanh/ros2_ws1/install/control_one_motor_pkg_ex/share/control_one_motor_pkg_ex/description/urdf/motor_drive.ros2_control.xacro
[4.441s] -- Up-to-date symlink: /home/theanh/ros2_ws1/install/control_one_motor_pkg_ex/share/control_one_motor_pkg_ex/description/urdf/robot.urdf.xacro
[4.441s] -- Up-to-date symlink: /home/theanh/ros2_ws1/install/control_one_motor_pkg_ex/share/control_one_motor_pkg_ex/description/urdf/robot_core.xacro
[4.442s] -- Up-to-date symlink: /home/theanh/ros2_ws1/install/control_one_motor_pkg_ex/share/ament_index/resource_index/package_run_dependencies/control_one_motor_pkg_ex
[4.442s] -- Up-to-date symlink: /home/theanh/ros2_ws1/install/control_one_motor_pkg_ex/share/ament_index/resource_index/parent_prefix_path/control_one_motor_pkg_ex
[4.442s] -- Up-to-date symlink: /home/theanh/ros2_ws1/install/control_one_motor_pkg_ex/share/control_one_motor_pkg_ex/environment/ament_prefix_path.sh
[4.442s] -- Up-to-date symlink: /home/theanh/ros2_ws1/install/control_one_motor_pkg_ex/share/control_one_motor_pkg_ex/environment/ament_prefix_path.dsv
[4.442s] -- Up-to-date symlink: /home/theanh/ros2_ws1/install/control_one_motor_pkg_ex/share/control_one_motor_pkg_ex/environment/path.sh
[4.442s] -- Up-to-date symlink: /home/theanh/ros2_ws1/install/control_one_motor_pkg_ex/share/control_one_motor_pkg_ex/environment/path.dsv
[4.443s] -- Up-to-date symlink: /home/theanh/ros2_ws1/install/control_one_motor_pkg_ex/share/control_one_motor_pkg_ex/local_setup.bash
[4.443s] -- Up-to-date symlink: /home/theanh/ros2_ws1/install/control_one_motor_pkg_ex/share/control_one_motor_pkg_ex/local_setup.sh
[4.443s] -- Up-to-date symlink: /home/theanh/ros2_ws1/install/control_one_motor_pkg_ex/share/control_one_motor_pkg_ex/local_setup.zsh
[4.443s] -- Up-to-date symlink: /home/theanh/ros2_ws1/install/control_one_motor_pkg_ex/share/control_one_motor_pkg_ex/local_setup.dsv
[4.443s] -- Symlinking: /home/theanh/ros2_ws1/install/control_one_motor_pkg_ex/share/control_one_motor_pkg_ex/package.dsv
[4.454s] -- Up-to-date symlink: /home/theanh/ros2_ws1/install/control_one_motor_pkg_ex/share/ament_index/resource_index/packages/control_one_motor_pkg_ex
[4.454s] -- Up-to-date symlink: /home/theanh/ros2_ws1/install/control_one_motor_pkg_ex/share/control_one_motor_pkg_ex/cmake/control_one_motor_pkg_exConfig.cmake
[4.454s] -- Up-to-date symlink: /home/theanh/ros2_ws1/install/control_one_motor_pkg_ex/share/control_one_motor_pkg_ex/cmake/control_one_motor_pkg_exConfig-version.cmake
[4.454s] -- Up-to-date symlink: /home/theanh/ros2_ws1/install/control_one_motor_pkg_ex/share/control_one_motor_pkg_ex/package.xml
[4.456s] Invoked command in '/home/theanh/ros2_ws1/build/control_one_motor_pkg_ex' returned '0': AMENT_PREFIX_PATH=/home/theanh/ros2_ws1/install/ethercat_msgs:${AMENT_PREFIX_PATH} CMAKE_PREFIX_PATH=/home/theanh/ros2_ws1/install/ethercat_msgs:/home/theanh/gui_rviz2_qt5/install/gui_agv:/home/theanh/can_example_ws/install/canopen_tests:/home/theanh/can_example_ws/install/canopen_ros2_controllers:/home/theanh/can_example_ws/install/canopen_ros2_control:/home/theanh/can_example_ws/install/canopen:/home/theanh/can_example_ws/install/canopen_402_driver:/home/theanh/can_example_ws/install/canopen_proxy_driver:/home/theanh/can_example_ws/install/canopen_master_driver:/home/theanh/can_example_ws/install/canopen_fake_slaves:/home/theanh/can_example_ws/install/canopen_base_driver:/home/theanh/can_example_ws/install/canopen_core:/home/theanh/can_example_ws/install/lely_core_libraries:/home/theanh/can_example_ws/install/canopen_interfaces:/home/theanh/agv_test_ws/install/sllidar_ros2:/home/theanh/agv_test_ws/install/agv_test_pkg:/home/theanh/mobile_rb_ws/install/sam_bot_description:/home/theanh/mobile_rb_ws/install/nav2_straightline_planner:/home/theanh/mobile_rb_ws/install/nav2_gradient_costmap_plugin:/home/theanh/mobile_rb_ws/install/nav2_costmap_filters_demo:/home/theanh/mobile_rb_ws/install/custom_nav2_costmap_plugin:/home/theanh/mobile_rb_ws/install/articubot_one:/home/theanh/can_example_ws/install/canopen_utils:/home/theanh/mobile_rb_ws/install/nav2_gps_waypoint_follower_demo:/opt/ros/humble LD_LIBRARY_PATH=/home/theanh/ros2_ws1/install/ethercat_msgs/lib:${LD_LIBRARY_PATH} PYTHONPATH=/home/theanh/ros2_ws1/install/ethercat_msgs/local/lib/python3.10/dist-packages:${PYTHONPATH} /usr/bin/cmake --install /home/theanh/ros2_ws1/build/control_one_motor_pkg_ex
