[0.114s] Invoking command in '/home/theanh/ros2_ws1/build/ethercat_msgs': CMAKE_PREFIX_PATH=${CMAKE_PREFIX_PATH}:/home/theanh/can_example_ws/install/canopen_utils:/home/theanh/mobile_rb_ws/install/nav2_gps_waypoint_follower_demo:/opt/ros/humble /usr/bin/cmake --build /home/theanh/ros2_ws1/build/ethercat_msgs -- -j16 -l16
[0.538s] [  2%] Built target ament_cmake_python_symlink_ethercat_msgs
[0.538s] [  2%] Built target ethercat_msgs__cpp
[0.697s] [ 12%] Built target ethercat_msgs__rosidl_generator_c
[0.721s] [ 33%] Built target ethercat_msgs__rosidl_typesupport_cpp
[0.721s] [ 33%] Built target ethercat_msgs__rosidl_typesupport_introspection_cpp
[0.782s] [ 43%] Built target ethercat_msgs__rosidl_typesupport_c
[0.794s] [ 53%] Built target ethercat_msgs__rosidl_typesupport_fastrtps_cpp
[0.808s] [ 64%] Built target ethercat_msgs__rosidl_typesupport_introspection_c
[0.810s] [ 74%] Built target ethercat_msgs__rosidl_typesupport_fastrtps_c
[0.830s] [ 74%] Built target ethercat_msgs
[0.850s] [ 76%] Built target ethercat_msgs__py
[0.896s] [ 84%] Built target ethercat_msgs__rosidl_generator_py
[1.231s] running egg_info
[1.232s] writing ethercat_msgs.egg-info/PKG-INFO
[1.232s] writing dependency_links to ethercat_msgs.egg-info/dependency_links.txt
[1.232s] writing top-level names to ethercat_msgs.egg-info/top_level.txt
[1.252s] [ 94%] Built target ethercat_msgs__rosidl_typesupport_fastrtps_c__pyext
[1.252s] [ 94%] Built target ethercat_msgs__rosidl_typesupport_introspection_c__pyext
[1.263s] [100%] Built target ethercat_msgs__rosidl_typesupport_c__pyext
[1.288s] reading manifest file 'ethercat_msgs.egg-info/SOURCES.txt'
[1.289s] writing manifest file 'ethercat_msgs.egg-info/SOURCES.txt'
[1.313s] [100%] Built target ament_cmake_python_build_ethercat_msgs_egg
[1.325s] Invoked command in '/home/theanh/ros2_ws1/build/ethercat_msgs' returned '0': CMAKE_PREFIX_PATH=${CMAKE_PREFIX_PATH}:/home/theanh/can_example_ws/install/canopen_utils:/home/theanh/mobile_rb_ws/install/nav2_gps_waypoint_follower_demo:/opt/ros/humble /usr/bin/cmake --build /home/theanh/ros2_ws1/build/ethercat_msgs -- -j16 -l16
[1.365s] Invoking command in '/home/theanh/ros2_ws1/build/ethercat_msgs': CMAKE_PREFIX_PATH=${CMAKE_PREFIX_PATH}:/home/theanh/can_example_ws/install/canopen_utils:/home/theanh/mobile_rb_ws/install/nav2_gps_waypoint_follower_demo:/opt/ros/humble /usr/bin/cmake --install /home/theanh/ros2_ws1/build/ethercat_msgs
[1.376s] -- Install configuration: ""
[1.390s] -- Execute custom install script
[1.390s] -- Up-to-date symlink: /home/theanh/ros2_ws1/install/ethercat_msgs/share/ament_index/resource_index/rosidl_interfaces/ethercat_msgs
[1.390s] -- Up-to-date symlink: /home/theanh/ros2_ws1/install/ethercat_msgs/include/ethercat_msgs/ethercat_msgs/msg/rosidl_generator_c__visibility_control.h
[1.390s] -- Up-to-date symlink: /home/theanh/ros2_ws1/install/ethercat_msgs/include/ethercat_msgs/ethercat_msgs/srv/detail/get_sdo__functions.h
[1.390s] -- Up-to-date symlink: /home/theanh/ros2_ws1/install/ethercat_msgs/include/ethercat_msgs/ethercat_msgs/srv/detail/get_sdo__struct.h
[1.390s] -- Up-to-date symlink: /home/theanh/ros2_ws1/install/ethercat_msgs/include/ethercat_msgs/ethercat_msgs/srv/detail/get_sdo__type_support.h
[1.390s] -- Up-to-date symlink: /home/theanh/ros2_ws1/install/ethercat_msgs/include/ethercat_msgs/ethercat_msgs/srv/detail/set_sdo__functions.h
[1.391s] -- Up-to-date symlink: /home/theanh/ros2_ws1/install/ethercat_msgs/include/ethercat_msgs/ethercat_msgs/srv/detail/set_sdo__struct.h
[1.391s] -- Up-to-date symlink: /home/theanh/ros2_ws1/install/ethercat_msgs/include/ethercat_msgs/ethercat_msgs/srv/detail/set_sdo__type_support.h
[1.391s] -- Up-to-date symlink: /home/theanh/ros2_ws1/install/ethercat_msgs/include/ethercat_msgs/ethercat_msgs/srv/get_sdo.h
[1.391s] -- Up-to-date symlink: /home/theanh/ros2_ws1/install/ethercat_msgs/include/ethercat_msgs/ethercat_msgs/srv/set_sdo.h
[1.391s] -- Up-to-date symlink: /home/theanh/ros2_ws1/install/ethercat_msgs/share/ethercat_msgs/environment/library_path.sh
[1.391s] -- Up-to-date symlink: /home/theanh/ros2_ws1/install/ethercat_msgs/share/ethercat_msgs/environment/library_path.dsv
[1.391s] -- Up-to-date symlink: /home/theanh/ros2_ws1/install/ethercat_msgs/include/ethercat_msgs/ethercat_msgs/msg/rosidl_typesupport_fastrtps_c__visibility_control.h
[1.391s] -- Up-to-date symlink: /home/theanh/ros2_ws1/install/ethercat_msgs/include/ethercat_msgs/ethercat_msgs/srv/detail/get_sdo__rosidl_typesupport_fastrtps_c.h
[1.392s] -- Up-to-date symlink: /home/theanh/ros2_ws1/install/ethercat_msgs/include/ethercat_msgs/ethercat_msgs/srv/detail/set_sdo__rosidl_typesupport_fastrtps_c.h
[1.392s] -- Up-to-date symlink: /home/theanh/ros2_ws1/install/ethercat_msgs/include/ethercat_msgs/ethercat_msgs/msg/rosidl_typesupport_introspection_c__visibility_control.h
[1.392s] -- Up-to-date symlink: /home/theanh/ros2_ws1/install/ethercat_msgs/include/ethercat_msgs/ethercat_msgs/srv/detail/get_sdo__rosidl_typesupport_introspection_c.h
[1.392s] -- Up-to-date symlink: /home/theanh/ros2_ws1/install/ethercat_msgs/include/ethercat_msgs/ethercat_msgs/srv/detail/set_sdo__rosidl_typesupport_introspection_c.h
[1.392s] -- Up-to-date symlink: /home/theanh/ros2_ws1/install/ethercat_msgs/include/ethercat_msgs/ethercat_msgs/msg/rosidl_generator_cpp__visibility_control.hpp
[1.392s] -- Up-to-date symlink: /home/theanh/ros2_ws1/install/ethercat_msgs/include/ethercat_msgs/ethercat_msgs/srv/detail/get_sdo__builder.hpp
[1.392s] -- Up-to-date symlink: /home/theanh/ros2_ws1/install/ethercat_msgs/include/ethercat_msgs/ethercat_msgs/srv/detail/get_sdo__struct.hpp
[1.392s] -- Up-to-date symlink: /home/theanh/ros2_ws1/install/ethercat_msgs/include/ethercat_msgs/ethercat_msgs/srv/detail/get_sdo__traits.hpp
[1.393s] -- Up-to-date symlink: /home/theanh/ros2_ws1/install/ethercat_msgs/include/ethercat_msgs/ethercat_msgs/srv/detail/get_sdo__type_support.hpp
[1.393s] -- Up-to-date symlink: /home/theanh/ros2_ws1/install/ethercat_msgs/include/ethercat_msgs/ethercat_msgs/srv/detail/set_sdo__builder.hpp
[1.393s] -- Up-to-date symlink: /home/theanh/ros2_ws1/install/ethercat_msgs/include/ethercat_msgs/ethercat_msgs/srv/detail/set_sdo__struct.hpp
[1.393s] -- Up-to-date symlink: /home/theanh/ros2_ws1/install/ethercat_msgs/include/ethercat_msgs/ethercat_msgs/srv/detail/set_sdo__traits.hpp
[1.393s] -- Up-to-date symlink: /home/theanh/ros2_ws1/install/ethercat_msgs/include/ethercat_msgs/ethercat_msgs/srv/detail/set_sdo__type_support.hpp
[1.393s] -- Up-to-date symlink: /home/theanh/ros2_ws1/install/ethercat_msgs/include/ethercat_msgs/ethercat_msgs/srv/get_sdo.hpp
[1.393s] -- Up-to-date symlink: /home/theanh/ros2_ws1/install/ethercat_msgs/include/ethercat_msgs/ethercat_msgs/srv/set_sdo.hpp
[1.393s] -- Up-to-date symlink: /home/theanh/ros2_ws1/install/ethercat_msgs/include/ethercat_msgs/ethercat_msgs/msg/rosidl_typesupport_fastrtps_cpp__visibility_control.h
[1.393s] -- Up-to-date symlink: /home/theanh/ros2_ws1/install/ethercat_msgs/include/ethercat_msgs/ethercat_msgs/srv/detail/get_sdo__rosidl_typesupport_fastrtps_cpp.hpp
[1.394s] -- Up-to-date symlink: /home/theanh/ros2_ws1/install/ethercat_msgs/include/ethercat_msgs/ethercat_msgs/srv/detail/set_sdo__rosidl_typesupport_fastrtps_cpp.hpp
[1.394s] -- Up-to-date symlink: /home/theanh/ros2_ws1/install/ethercat_msgs/include/ethercat_msgs/ethercat_msgs/srv/detail/get_sdo__rosidl_typesupport_introspection_cpp.hpp
[1.394s] -- Up-to-date symlink: /home/theanh/ros2_ws1/install/ethercat_msgs/include/ethercat_msgs/ethercat_msgs/srv/detail/set_sdo__rosidl_typesupport_introspection_cpp.hpp
[1.394s] -- Up-to-date symlink: /home/theanh/ros2_ws1/install/ethercat_msgs/share/ethercat_msgs/environment/pythonpath.sh
[1.394s] -- Up-to-date symlink: /home/theanh/ros2_ws1/install/ethercat_msgs/share/ethercat_msgs/environment/pythonpath.dsv
[1.394s] -- Up-to-date symlink: /home/theanh/ros2_ws1/install/ethercat_msgs/local/lib/python3.10/dist-packages/ethercat_msgs-1.2.0-py3.10.egg-info/PKG-INFO
[1.394s] -- Up-to-date symlink: /home/theanh/ros2_ws1/install/ethercat_msgs/local/lib/python3.10/dist-packages/ethercat_msgs-1.2.0-py3.10.egg-info/SOURCES.txt
[1.394s] -- Up-to-date symlink: /home/theanh/ros2_ws1/install/ethercat_msgs/local/lib/python3.10/dist-packages/ethercat_msgs-1.2.0-py3.10.egg-info/dependency_links.txt
[1.395s] -- Up-to-date symlink: /home/theanh/ros2_ws1/install/ethercat_msgs/local/lib/python3.10/dist-packages/ethercat_msgs-1.2.0-py3.10.egg-info/top_level.txt
[1.395s] -- Up-to-date symlink: /home/theanh/ros2_ws1/install/ethercat_msgs/local/lib/python3.10/dist-packages/ethercat_msgs/__init__.py
[1.395s] -- Up-to-date symlink: /home/theanh/ros2_ws1/install/ethercat_msgs/local/lib/python3.10/dist-packages/ethercat_msgs/_ethercat_msgs_s.ep.rosidl_typesupport_c.c
[1.395s] -- Up-to-date symlink: /home/theanh/ros2_ws1/install/ethercat_msgs/local/lib/python3.10/dist-packages/ethercat_msgs/_ethercat_msgs_s.ep.rosidl_typesupport_fastrtps_c.c
[1.395s] -- Up-to-date symlink: /home/theanh/ros2_ws1/install/ethercat_msgs/local/lib/python3.10/dist-packages/ethercat_msgs/_ethercat_msgs_s.ep.rosidl_typesupport_introspection_c.c
[1.395s] -- Up-to-date symlink: /home/theanh/ros2_ws1/install/ethercat_msgs/local/lib/python3.10/dist-packages/ethercat_msgs/ethercat_msgs_s__rosidl_typesupport_c.cpython-310-x86_64-linux-gnu.so
[1.395s] -- Up-to-date symlink: /home/theanh/ros2_ws1/install/ethercat_msgs/local/lib/python3.10/dist-packages/ethercat_msgs/ethercat_msgs_s__rosidl_typesupport_fastrtps_c.cpython-310-x86_64-linux-gnu.so
[1.395s] -- Up-to-date symlink: /home/theanh/ros2_ws1/install/ethercat_msgs/local/lib/python3.10/dist-packages/ethercat_msgs/ethercat_msgs_s__rosidl_typesupport_introspection_c.cpython-310-x86_64-linux-gnu.so
[1.396s] -- Up-to-date symlink: /home/theanh/ros2_ws1/install/ethercat_msgs/local/lib/python3.10/dist-packages/ethercat_msgs/libethercat_msgs__rosidl_generator_py.so
[1.396s] -- Up-to-date symlink: /home/theanh/ros2_ws1/install/ethercat_msgs/local/lib/python3.10/dist-packages/ethercat_msgs/srv/__init__.py
[1.396s] -- Up-to-date symlink: /home/theanh/ros2_ws1/install/ethercat_msgs/local/lib/python3.10/dist-packages/ethercat_msgs/srv/_get_sdo.py
[1.396s] -- Up-to-date symlink: /home/theanh/ros2_ws1/install/ethercat_msgs/local/lib/python3.10/dist-packages/ethercat_msgs/srv/_get_sdo_s.c
[1.396s] -- Up-to-date symlink: /home/theanh/ros2_ws1/install/ethercat_msgs/local/lib/python3.10/dist-packages/ethercat_msgs/srv/_set_sdo.py
[1.396s] -- Up-to-date symlink: /home/theanh/ros2_ws1/install/ethercat_msgs/local/lib/python3.10/dist-packages/ethercat_msgs/srv/_set_sdo_s.c
[1.396s] -- Up-to-date symlink: /home/theanh/ros2_ws1/install/ethercat_msgs/local/lib/python3.10/dist-packages/ethercat_msgs/ethercat_msgs_s__rosidl_typesupport_fastrtps_c.cpython-310-x86_64-linux-gnu.so
[1.397s] -- Up-to-date symlink: /home/theanh/ros2_ws1/install/ethercat_msgs/local/lib/python3.10/dist-packages/ethercat_msgs/ethercat_msgs_s__rosidl_typesupport_introspection_c.cpython-310-x86_64-linux-gnu.so
[1.397s] -- Up-to-date symlink: /home/theanh/ros2_ws1/install/ethercat_msgs/local/lib/python3.10/dist-packages/ethercat_msgs/ethercat_msgs_s__rosidl_typesupport_c.cpython-310-x86_64-linux-gnu.so
[1.397s] -- Up-to-date symlink: /home/theanh/ros2_ws1/install/ethercat_msgs/share/ethercat_msgs/srv/SetSdo.idl
[1.397s] -- Up-to-date symlink: /home/theanh/ros2_ws1/install/ethercat_msgs/share/ethercat_msgs/srv/GetSdo.idl
[1.397s] -- Up-to-date symlink: /home/theanh/ros2_ws1/install/ethercat_msgs/share/ethercat_msgs/srv/SetSdo.srv
[1.397s] -- Up-to-date symlink: /home/theanh/ros2_ws1/install/ethercat_msgs/share/ethercat_msgs/srv/SetSdo_Request.msg
[1.397s] -- Up-to-date symlink: /home/theanh/ros2_ws1/install/ethercat_msgs/share/ethercat_msgs/srv/SetSdo_Response.msg
[1.397s] -- Up-to-date symlink: /home/theanh/ros2_ws1/install/ethercat_msgs/share/ethercat_msgs/srv/GetSdo.srv
[1.398s] -- Up-to-date symlink: /home/theanh/ros2_ws1/install/ethercat_msgs/share/ethercat_msgs/srv/GetSdo_Request.msg
[1.398s] -- Up-to-date symlink: /home/theanh/ros2_ws1/install/ethercat_msgs/share/ethercat_msgs/srv/GetSdo_Response.msg
[1.398s] -- Up-to-date symlink: /home/theanh/ros2_ws1/install/ethercat_msgs/share/ament_index/resource_index/package_run_dependencies/ethercat_msgs
[1.398s] -- Up-to-date symlink: /home/theanh/ros2_ws1/install/ethercat_msgs/share/ament_index/resource_index/parent_prefix_path/ethercat_msgs
[1.398s] -- Up-to-date symlink: /home/theanh/ros2_ws1/install/ethercat_msgs/share/ethercat_msgs/environment/ament_prefix_path.sh
[1.398s] -- Up-to-date symlink: /home/theanh/ros2_ws1/install/ethercat_msgs/share/ethercat_msgs/environment/ament_prefix_path.dsv
[1.398s] -- Up-to-date symlink: /home/theanh/ros2_ws1/install/ethercat_msgs/share/ethercat_msgs/environment/path.sh
[1.398s] -- Up-to-date symlink: /home/theanh/ros2_ws1/install/ethercat_msgs/share/ethercat_msgs/environment/path.dsv
[1.398s] -- Up-to-date symlink: /home/theanh/ros2_ws1/install/ethercat_msgs/share/ethercat_msgs/local_setup.bash
[1.398s] -- Up-to-date symlink: /home/theanh/ros2_ws1/install/ethercat_msgs/share/ethercat_msgs/local_setup.sh
[1.399s] -- Up-to-date symlink: /home/theanh/ros2_ws1/install/ethercat_msgs/share/ethercat_msgs/local_setup.zsh
[1.399s] -- Up-to-date symlink: /home/theanh/ros2_ws1/install/ethercat_msgs/share/ethercat_msgs/local_setup.dsv
[1.399s] -- Symlinking: /home/theanh/ros2_ws1/install/ethercat_msgs/share/ethercat_msgs/package.dsv
[1.427s] -- Up-to-date symlink: /home/theanh/ros2_ws1/install/ethercat_msgs/share/ament_index/resource_index/packages/ethercat_msgs
[1.428s] -- Up-to-date symlink: /home/theanh/ros2_ws1/install/ethercat_msgs/share/ethercat_msgs/cmake/rosidl_cmake-extras.cmake
[1.428s] -- Up-to-date symlink: /home/theanh/ros2_ws1/install/ethercat_msgs/share/ethercat_msgs/cmake/ament_cmake_export_include_directories-extras.cmake
[1.428s] -- Up-to-date symlink: /home/theanh/ros2_ws1/install/ethercat_msgs/share/ethercat_msgs/cmake/ament_cmake_export_libraries-extras.cmake
[1.428s] -- Up-to-date symlink: /home/theanh/ros2_ws1/install/ethercat_msgs/share/ethercat_msgs/cmake/ament_cmake_export_targets-extras.cmake
[1.428s] -- Up-to-date symlink: /home/theanh/ros2_ws1/install/ethercat_msgs/share/ethercat_msgs/cmake/rosidl_cmake_export_typesupport_targets-extras.cmake
[1.428s] -- Up-to-date symlink: /home/theanh/ros2_ws1/install/ethercat_msgs/share/ethercat_msgs/cmake/ament_cmake_export_dependencies-extras.cmake
[1.428s] -- Up-to-date symlink: /home/theanh/ros2_ws1/install/ethercat_msgs/share/ethercat_msgs/cmake/rosidl_cmake_export_typesupport_libraries-extras.cmake
[1.428s] -- Up-to-date symlink: /home/theanh/ros2_ws1/install/ethercat_msgs/share/ethercat_msgs/cmake/ethercat_msgsConfig.cmake
[1.428s] -- Up-to-date symlink: /home/theanh/ros2_ws1/install/ethercat_msgs/share/ethercat_msgs/cmake/ethercat_msgsConfig-version.cmake
[1.428s] -- Up-to-date symlink: /home/theanh/ros2_ws1/install/ethercat_msgs/share/ethercat_msgs/package.xml
[1.428s] -- Up-to-date: /home/theanh/ros2_ws1/install/ethercat_msgs/lib/libethercat_msgs__rosidl_generator_c.so
[1.429s] -- Up-to-date: /home/theanh/ros2_ws1/install/ethercat_msgs/lib/libethercat_msgs__rosidl_typesupport_fastrtps_c.so
[1.429s] -- Up-to-date: /home/theanh/ros2_ws1/install/ethercat_msgs/lib/libethercat_msgs__rosidl_typesupport_introspection_c.so
[1.429s] -- Up-to-date: /home/theanh/ros2_ws1/install/ethercat_msgs/lib/libethercat_msgs__rosidl_typesupport_c.so
[1.429s] -- Up-to-date: /home/theanh/ros2_ws1/install/ethercat_msgs/lib/libethercat_msgs__rosidl_typesupport_fastrtps_cpp.so
[1.430s] -- Up-to-date: /home/theanh/ros2_ws1/install/ethercat_msgs/lib/libethercat_msgs__rosidl_typesupport_introspection_cpp.so
[1.431s] -- Up-to-date: /home/theanh/ros2_ws1/install/ethercat_msgs/lib/libethercat_msgs__rosidl_typesupport_cpp.so
[1.513s] Listing '/home/theanh/ros2_ws1/install/ethercat_msgs/local/lib/python3.10/dist-packages/ethercat_msgs'...
[1.513s] Listing '/home/theanh/ros2_ws1/install/ethercat_msgs/local/lib/python3.10/dist-packages/ethercat_msgs/srv'...
[1.519s] -- Up-to-date: /home/theanh/ros2_ws1/install/ethercat_msgs/lib/libethercat_msgs__rosidl_generator_py.so
[1.519s] -- Up-to-date: /home/theanh/ros2_ws1/install/ethercat_msgs/share/ethercat_msgs/cmake/export_ethercat_msgs__rosidl_generator_cExport.cmake
[1.519s] -- Up-to-date: /home/theanh/ros2_ws1/install/ethercat_msgs/share/ethercat_msgs/cmake/export_ethercat_msgs__rosidl_generator_cExport-noconfig.cmake
[1.520s] -- Up-to-date: /home/theanh/ros2_ws1/install/ethercat_msgs/share/ethercat_msgs/cmake/export_ethercat_msgs__rosidl_typesupport_fastrtps_cExport.cmake
[1.520s] -- Up-to-date: /home/theanh/ros2_ws1/install/ethercat_msgs/share/ethercat_msgs/cmake/export_ethercat_msgs__rosidl_typesupport_fastrtps_cExport-noconfig.cmake
[1.520s] -- Up-to-date: /home/theanh/ros2_ws1/install/ethercat_msgs/share/ethercat_msgs/cmake/ethercat_msgs__rosidl_typesupport_introspection_cExport.cmake
[1.520s] -- Up-to-date: /home/theanh/ros2_ws1/install/ethercat_msgs/share/ethercat_msgs/cmake/ethercat_msgs__rosidl_typesupport_introspection_cExport-noconfig.cmake
[1.520s] -- Up-to-date: /home/theanh/ros2_ws1/install/ethercat_msgs/share/ethercat_msgs/cmake/ethercat_msgs__rosidl_typesupport_cExport.cmake
[1.521s] -- Up-to-date: /home/theanh/ros2_ws1/install/ethercat_msgs/share/ethercat_msgs/cmake/ethercat_msgs__rosidl_typesupport_cExport-noconfig.cmake
[1.521s] -- Up-to-date: /home/theanh/ros2_ws1/install/ethercat_msgs/share/ethercat_msgs/cmake/export_ethercat_msgs__rosidl_generator_cppExport.cmake
[1.521s] -- Up-to-date: /home/theanh/ros2_ws1/install/ethercat_msgs/share/ethercat_msgs/cmake/export_ethercat_msgs__rosidl_typesupport_fastrtps_cppExport.cmake
[1.521s] -- Up-to-date: /home/theanh/ros2_ws1/install/ethercat_msgs/share/ethercat_msgs/cmake/export_ethercat_msgs__rosidl_typesupport_fastrtps_cppExport-noconfig.cmake
[1.521s] -- Up-to-date: /home/theanh/ros2_ws1/install/ethercat_msgs/share/ethercat_msgs/cmake/ethercat_msgs__rosidl_typesupport_introspection_cppExport.cmake
[1.521s] -- Up-to-date: /home/theanh/ros2_ws1/install/ethercat_msgs/share/ethercat_msgs/cmake/ethercat_msgs__rosidl_typesupport_introspection_cppExport-noconfig.cmake
[1.522s] -- Up-to-date: /home/theanh/ros2_ws1/install/ethercat_msgs/share/ethercat_msgs/cmake/ethercat_msgs__rosidl_typesupport_cppExport.cmake
[1.522s] -- Up-to-date: /home/theanh/ros2_ws1/install/ethercat_msgs/share/ethercat_msgs/cmake/ethercat_msgs__rosidl_typesupport_cppExport-noconfig.cmake
[1.522s] -- Up-to-date: /home/theanh/ros2_ws1/install/ethercat_msgs/share/ethercat_msgs/cmake/export_ethercat_msgs__rosidl_generator_pyExport.cmake
[1.522s] -- Up-to-date: /home/theanh/ros2_ws1/install/ethercat_msgs/share/ethercat_msgs/cmake/export_ethercat_msgs__rosidl_generator_pyExport-noconfig.cmake
[1.525s] Invoked command in '/home/theanh/ros2_ws1/build/ethercat_msgs' returned '0': CMAKE_PREFIX_PATH=${CMAKE_PREFIX_PATH}:/home/theanh/can_example_ws/install/canopen_utils:/home/theanh/mobile_rb_ws/install/nav2_gps_waypoint_follower_demo:/opt/ros/humble /usr/bin/cmake --install /home/theanh/ros2_ws1/build/ethercat_msgs
