[0.051s] Invoking command in '/home/theanh/ros2_ws1/build/ethercat_generic_cia402_drive': AMENT_PREFIX_PATH=/home/theanh/ros2_ws1/install/ethercat_generic_slave:/home/theanh/ros2_ws1/install/ethercat_interface:${AMENT_PREFIX_PATH} CMAKE_PREFIX_PATH=/home/theanh/ros2_ws1/install/ethercat_generic_slave:/home/theanh/ros2_ws1/install/ethercat_interface:/home/theanh/gui_rviz2_qt5/install/gui_agv:/home/theanh/can_example_ws/install/canopen_tests:/home/theanh/can_example_ws/install/canopen_ros2_controllers:/home/theanh/can_example_ws/install/canopen_ros2_control:/home/theanh/can_example_ws/install/canopen:/home/theanh/can_example_ws/install/canopen_402_driver:/home/theanh/can_example_ws/install/canopen_proxy_driver:/home/theanh/can_example_ws/install/canopen_master_driver:/home/theanh/can_example_ws/install/canopen_fake_slaves:/home/theanh/can_example_ws/install/canopen_base_driver:/home/theanh/can_example_ws/install/canopen_core:/home/theanh/can_example_ws/install/lely_core_libraries:/home/theanh/can_example_ws/install/canopen_interfaces:/home/theanh/agv_test_ws/install/sllidar_ros2:/home/theanh/agv_test_ws/install/agv_test_pkg:/home/theanh/mobile_rb_ws/install/sam_bot_description:/home/theanh/mobile_rb_ws/install/nav2_straightline_planner:/home/theanh/mobile_rb_ws/install/nav2_gradient_costmap_plugin:/home/theanh/mobile_rb_ws/install/nav2_costmap_filters_demo:/home/theanh/mobile_rb_ws/install/custom_nav2_costmap_plugin:/home/theanh/mobile_rb_ws/install/articubot_one:/home/theanh/can_example_ws/install/canopen_utils:/home/theanh/mobile_rb_ws/install/nav2_gps_waypoint_follower_demo:/opt/ros/humble LD_LIBRARY_PATH=/home/theanh/ros2_ws1/install/ethercat_generic_slave/lib:/home/theanh/ros2_ws1/install/ethercat_interface/lib:${LD_LIBRARY_PATH} /usr/bin/cmake --build /home/theanh/ros2_ws1/build/ethercat_generic_cia402_drive -- -j15 -l15
[0.134s] -- Found ament_cmake: 1.3.14 (/opt/ros/humble/share/ament_cmake/cmake)
[0.279s] -- Override CMake install command with custom implementation using symlinks instead of copying resources
[0.290s] -- Found ament_cmake_ros: 0.10.0 (/opt/ros/humble/share/ament_cmake_ros/cmake)
[0.294s] -- Found ethercat_interface: 1.2.0 (/home/theanh/ros2_ws1/install/ethercat_interface/share/ethercat_interface/cmake)
[0.344s] -- Found rosidl_generator_c: 3.1.8 (/opt/ros/humble/share/rosidl_generator_c/cmake)
[0.347s] -- Found rosidl_adapter: 3.1.8 (/opt/ros/humble/share/rosidl_adapter/cmake)
[0.354s] -- Found rosidl_generator_cpp: 3.1.8 (/opt/ros/humble/share/rosidl_generator_cpp/cmake)
[0.366s] -- Using all available rosidl_typesupport_c: rosidl_typesupport_fastrtps_c;rosidl_typesupport_introspection_c
[0.385s] -- Using all available rosidl_typesupport_cpp: rosidl_typesupport_fastrtps_cpp;rosidl_typesupport_introspection_cpp
[0.434s] -- Found rmw_implementation_cmake: 6.1.2 (/opt/ros/humble/share/rmw_implementation_cmake/cmake)
[0.437s] -- Found rmw_fastrtps_cpp: 6.2.10 (/opt/ros/humble/share/rmw_fastrtps_cpp/cmake)
[0.620s] -- Using RMW implementation 'rmw_fastrtps_cpp' as default
[0.674s] -- Found ethercat_generic_slave: 1.2.0 (/home/theanh/ros2_ws1/install/ethercat_generic_slave/share/ethercat_generic_slave/cmake)
[0.676s] -- Found pluginlib: 5.1.3 (/opt/ros/humble/share/pluginlib/cmake)
[0.704s] -- Found yaml_cpp_vendor: 8.0.2 (/opt/ros/humble/share/yaml_cpp_vendor/cmake)
[0.711s] -- Found ament_lint_auto: 0.12.15 (/opt/ros/humble/share/ament_lint_auto/cmake)
[0.791s] -- Found gmock sources under '/opt/ros/humble/src/gmock_vendor': C++ tests using 'Google Mock' will be built
[0.793s] -- Found gtest sources under '/opt/ros/humble/src/gtest_vendor': C++ tests using 'Google Test' will be built
[0.836s] -- Added test 'copyright' to check source files copyright and LICENSE
[0.838s] -- Added test 'cppcheck' to perform static code analysis on C / C++ code
[0.839s] -- Configured cppcheck include dirs: $<BUILD_INTERFACE:/home/theanh/ros2_ws1/src/ethercat_driver_ros2/ethercat_generic_plugins/ethercat_generic_cia402_drive/include>;/home/theanh/ros2_ws1/src/ethercat_driver_ros2/ethercat_generic_plugins/ethercat_generic_cia402_drive/include
[0.839s] -- Configured cppcheck exclude dirs and/or files: 
[0.840s] -- Added test 'cpplint' to check C / C++ code against the Google style
[0.840s] -- Configured cpplint exclude dirs and/or files: 
[0.841s] -- Added test 'lint_cmake' to check CMake code style
[0.843s] -- Added test 'uncrustify' to check C / C++ code style
[0.843s] -- Configured uncrustify additional arguments: 
[0.843s] -- Added test 'xmllint' to check XML markup files
[0.847s] -- Configuring done
[0.910s] -- Generating done
[0.922s] -- Build files have been written to: /home/theanh/ros2_ws1/build/ethercat_generic_cia402_drive
[0.970s] [35m[1mConsolidate compiler generated dependencies of target ethercat_generic_cia402_drive[0m
[0.989s] [35m[1mConsolidate compiler generated dependencies of target gmock_main[0m
[0.989s] [35m[1mConsolidate compiler generated dependencies of target gmock[0m
[0.993s] [  9%] [32m[1mLinking CXX shared library libethercat_generic_cia402_drive.so[0m
[1.012s] [ 27%] Built target gmock_main
[1.016s] [ 54%] Built target gmock
[1.047s] [35m[1mConsolidate compiler generated dependencies of target test_load_generic_plugins[0m
[1.074s] [ 63%] [32m[1mLinking CXX executable test_load_generic_plugins[0m
[1.201s] [ 72%] Built target ethercat_generic_cia402_drive
[1.243s] [35m[1mConsolidate compiler generated dependencies of target test_generic_ec_cia402_drive[0m
[1.268s] [ 81%] [32m[1mLinking CXX executable test_generic_ec_cia402_drive[0m
[1.818s] [ 90%] Built target test_generic_ec_cia402_drive
[1.832s] [100%] Built target test_load_generic_plugins
[1.849s] Invoked command in '/home/theanh/ros2_ws1/build/ethercat_generic_cia402_drive' returned '0': AMENT_PREFIX_PATH=/home/theanh/ros2_ws1/install/ethercat_generic_slave:/home/theanh/ros2_ws1/install/ethercat_interface:${AMENT_PREFIX_PATH} CMAKE_PREFIX_PATH=/home/theanh/ros2_ws1/install/ethercat_generic_slave:/home/theanh/ros2_ws1/install/ethercat_interface:/home/theanh/gui_rviz2_qt5/install/gui_agv:/home/theanh/can_example_ws/install/canopen_tests:/home/theanh/can_example_ws/install/canopen_ros2_controllers:/home/theanh/can_example_ws/install/canopen_ros2_control:/home/theanh/can_example_ws/install/canopen:/home/theanh/can_example_ws/install/canopen_402_driver:/home/theanh/can_example_ws/install/canopen_proxy_driver:/home/theanh/can_example_ws/install/canopen_master_driver:/home/theanh/can_example_ws/install/canopen_fake_slaves:/home/theanh/can_example_ws/install/canopen_base_driver:/home/theanh/can_example_ws/install/canopen_core:/home/theanh/can_example_ws/install/lely_core_libraries:/home/theanh/can_example_ws/install/canopen_interfaces:/home/theanh/agv_test_ws/install/sllidar_ros2:/home/theanh/agv_test_ws/install/agv_test_pkg:/home/theanh/mobile_rb_ws/install/sam_bot_description:/home/theanh/mobile_rb_ws/install/nav2_straightline_planner:/home/theanh/mobile_rb_ws/install/nav2_gradient_costmap_plugin:/home/theanh/mobile_rb_ws/install/nav2_costmap_filters_demo:/home/theanh/mobile_rb_ws/install/custom_nav2_costmap_plugin:/home/theanh/mobile_rb_ws/install/articubot_one:/home/theanh/can_example_ws/install/canopen_utils:/home/theanh/mobile_rb_ws/install/nav2_gps_waypoint_follower_demo:/opt/ros/humble LD_LIBRARY_PATH=/home/theanh/ros2_ws1/install/ethercat_generic_slave/lib:/home/theanh/ros2_ws1/install/ethercat_interface/lib:${LD_LIBRARY_PATH} /usr/bin/cmake --build /home/theanh/ros2_ws1/build/ethercat_generic_cia402_drive -- -j15 -l15
[1.851s] Invoking command in '/home/theanh/ros2_ws1/build/ethercat_generic_cia402_drive': AMENT_PREFIX_PATH=/home/theanh/ros2_ws1/install/ethercat_generic_slave:/home/theanh/ros2_ws1/install/ethercat_interface:${AMENT_PREFIX_PATH} CMAKE_PREFIX_PATH=/home/theanh/ros2_ws1/install/ethercat_generic_slave:/home/theanh/ros2_ws1/install/ethercat_interface:/home/theanh/gui_rviz2_qt5/install/gui_agv:/home/theanh/can_example_ws/install/canopen_tests:/home/theanh/can_example_ws/install/canopen_ros2_controllers:/home/theanh/can_example_ws/install/canopen_ros2_control:/home/theanh/can_example_ws/install/canopen:/home/theanh/can_example_ws/install/canopen_402_driver:/home/theanh/can_example_ws/install/canopen_proxy_driver:/home/theanh/can_example_ws/install/canopen_master_driver:/home/theanh/can_example_ws/install/canopen_fake_slaves:/home/theanh/can_example_ws/install/canopen_base_driver:/home/theanh/can_example_ws/install/canopen_core:/home/theanh/can_example_ws/install/lely_core_libraries:/home/theanh/can_example_ws/install/canopen_interfaces:/home/theanh/agv_test_ws/install/sllidar_ros2:/home/theanh/agv_test_ws/install/agv_test_pkg:/home/theanh/mobile_rb_ws/install/sam_bot_description:/home/theanh/mobile_rb_ws/install/nav2_straightline_planner:/home/theanh/mobile_rb_ws/install/nav2_gradient_costmap_plugin:/home/theanh/mobile_rb_ws/install/nav2_costmap_filters_demo:/home/theanh/mobile_rb_ws/install/custom_nav2_costmap_plugin:/home/theanh/mobile_rb_ws/install/articubot_one:/home/theanh/can_example_ws/install/canopen_utils:/home/theanh/mobile_rb_ws/install/nav2_gps_waypoint_follower_demo:/opt/ros/humble LD_LIBRARY_PATH=/home/theanh/ros2_ws1/install/ethercat_generic_slave/lib:/home/theanh/ros2_ws1/install/ethercat_interface/lib:${LD_LIBRARY_PATH} /usr/bin/cmake --install /home/theanh/ros2_ws1/build/ethercat_generic_cia402_drive
[1.863s] -- Install configuration: ""
[1.864s] -- Execute custom install script
[1.864s] -- Up-to-date symlink: /home/theanh/ros2_ws1/install/ethercat_generic_cia402_drive/share/ethercat_generic_cia402_drive//ethercat_plugins.xml
[1.864s] -- Up-to-date symlink: /home/theanh/ros2_ws1/install/ethercat_generic_cia402_drive/include/ethercat_generic_plugins/cia402_common_defs.hpp
[1.864s] -- Up-to-date symlink: /home/theanh/ros2_ws1/install/ethercat_generic_cia402_drive/include/ethercat_generic_plugins/generic_ec_cia402_drive.hpp
[1.865s] -- Up-to-date symlink: /home/theanh/ros2_ws1/install/ethercat_generic_cia402_drive/share/ethercat_generic_cia402_drive/environment/library_path.sh
[1.865s] -- Up-to-date symlink: /home/theanh/ros2_ws1/install/ethercat_generic_cia402_drive/share/ethercat_generic_cia402_drive/environment/library_path.dsv
[1.865s] -- Up-to-date symlink: /home/theanh/ros2_ws1/install/ethercat_generic_cia402_drive/share/ament_index/resource_index/package_run_dependencies/ethercat_generic_cia402_drive
[1.865s] -- Up-to-date symlink: /home/theanh/ros2_ws1/install/ethercat_generic_cia402_drive/share/ament_index/resource_index/parent_prefix_path/ethercat_generic_cia402_drive
[1.866s] -- Up-to-date symlink: /home/theanh/ros2_ws1/install/ethercat_generic_cia402_drive/share/ethercat_generic_cia402_drive/environment/ament_prefix_path.sh
[1.866s] -- Up-to-date symlink: /home/theanh/ros2_ws1/install/ethercat_generic_cia402_drive/share/ethercat_generic_cia402_drive/environment/ament_prefix_path.dsv
[1.866s] -- Up-to-date symlink: /home/theanh/ros2_ws1/install/ethercat_generic_cia402_drive/share/ethercat_generic_cia402_drive/environment/path.sh
[1.866s] -- Up-to-date symlink: /home/theanh/ros2_ws1/install/ethercat_generic_cia402_drive/share/ethercat_generic_cia402_drive/environment/path.dsv
[1.866s] -- Up-to-date symlink: /home/theanh/ros2_ws1/install/ethercat_generic_cia402_drive/share/ethercat_generic_cia402_drive/local_setup.bash
[1.866s] -- Up-to-date symlink: /home/theanh/ros2_ws1/install/ethercat_generic_cia402_drive/share/ethercat_generic_cia402_drive/local_setup.sh
[1.867s] -- Up-to-date symlink: /home/theanh/ros2_ws1/install/ethercat_generic_cia402_drive/share/ethercat_generic_cia402_drive/local_setup.zsh
[1.867s] -- Up-to-date symlink: /home/theanh/ros2_ws1/install/ethercat_generic_cia402_drive/share/ethercat_generic_cia402_drive/local_setup.dsv
[1.867s] -- Symlinking: /home/theanh/ros2_ws1/install/ethercat_generic_cia402_drive/share/ethercat_generic_cia402_drive/package.dsv
[1.882s] -- Up-to-date symlink: /home/theanh/ros2_ws1/install/ethercat_generic_cia402_drive/share/ament_index/resource_index/packages/ethercat_generic_cia402_drive
[1.883s] -- Up-to-date symlink: /home/theanh/ros2_ws1/install/ethercat_generic_cia402_drive/share/ament_index/resource_index/ethercat_interface__pluginlib__plugin/ethercat_generic_cia402_drive
[1.883s] -- Up-to-date symlink: /home/theanh/ros2_ws1/install/ethercat_generic_cia402_drive/share/ethercat_generic_cia402_drive/cmake/ament_cmake_export_include_directories-extras.cmake
[1.883s] -- Up-to-date symlink: /home/theanh/ros2_ws1/install/ethercat_generic_cia402_drive/share/ethercat_generic_cia402_drive/cmake/ament_cmake_export_libraries-extras.cmake
[1.883s] -- Up-to-date symlink: /home/theanh/ros2_ws1/install/ethercat_generic_cia402_drive/share/ethercat_generic_cia402_drive/cmake/ament_cmake_export_targets-extras.cmake
[1.883s] -- Up-to-date symlink: /home/theanh/ros2_ws1/install/ethercat_generic_cia402_drive/share/ethercat_generic_cia402_drive/cmake/ethercat_generic_cia402_driveConfig.cmake
[1.883s] -- Up-to-date symlink: /home/theanh/ros2_ws1/install/ethercat_generic_cia402_drive/share/ethercat_generic_cia402_drive/cmake/ethercat_generic_cia402_driveConfig-version.cmake
[1.883s] -- Up-to-date symlink: /home/theanh/ros2_ws1/install/ethercat_generic_cia402_drive/share/ethercat_generic_cia402_drive/package.xml
[1.884s] -- Installing: /home/theanh/ros2_ws1/install/ethercat_generic_cia402_drive/lib/libethercat_generic_cia402_drive.so
[1.885s] -- Set runtime path of "/home/theanh/ros2_ws1/install/ethercat_generic_cia402_drive/lib/libethercat_generic_cia402_drive.so" to ""
[1.886s] -- Up-to-date: /home/theanh/ros2_ws1/install/ethercat_generic_cia402_drive/share/ethercat_generic_cia402_drive/cmake/export_ethercat_generic_cia402_driveExport.cmake
[1.886s] -- Up-to-date: /home/theanh/ros2_ws1/install/ethercat_generic_cia402_drive/share/ethercat_generic_cia402_drive/cmake/export_ethercat_generic_cia402_driveExport-noconfig.cmake
[1.889s] Invoked command in '/home/theanh/ros2_ws1/build/ethercat_generic_cia402_drive' returned '0': AMENT_PREFIX_PATH=/home/theanh/ros2_ws1/install/ethercat_generic_slave:/home/theanh/ros2_ws1/install/ethercat_interface:${AMENT_PREFIX_PATH} CMAKE_PREFIX_PATH=/home/theanh/ros2_ws1/install/ethercat_generic_slave:/home/theanh/ros2_ws1/install/ethercat_interface:/home/theanh/gui_rviz2_qt5/install/gui_agv:/home/theanh/can_example_ws/install/canopen_tests:/home/theanh/can_example_ws/install/canopen_ros2_controllers:/home/theanh/can_example_ws/install/canopen_ros2_control:/home/theanh/can_example_ws/install/canopen:/home/theanh/can_example_ws/install/canopen_402_driver:/home/theanh/can_example_ws/install/canopen_proxy_driver:/home/theanh/can_example_ws/install/canopen_master_driver:/home/theanh/can_example_ws/install/canopen_fake_slaves:/home/theanh/can_example_ws/install/canopen_base_driver:/home/theanh/can_example_ws/install/canopen_core:/home/theanh/can_example_ws/install/lely_core_libraries:/home/theanh/can_example_ws/install/canopen_interfaces:/home/theanh/agv_test_ws/install/sllidar_ros2:/home/theanh/agv_test_ws/install/agv_test_pkg:/home/theanh/mobile_rb_ws/install/sam_bot_description:/home/theanh/mobile_rb_ws/install/nav2_straightline_planner:/home/theanh/mobile_rb_ws/install/nav2_gradient_costmap_plugin:/home/theanh/mobile_rb_ws/install/nav2_costmap_filters_demo:/home/theanh/mobile_rb_ws/install/custom_nav2_costmap_plugin:/home/theanh/mobile_rb_ws/install/articubot_one:/home/theanh/can_example_ws/install/canopen_utils:/home/theanh/mobile_rb_ws/install/nav2_gps_waypoint_follower_demo:/opt/ros/humble LD_LIBRARY_PATH=/home/theanh/ros2_ws1/install/ethercat_generic_slave/lib:/home/theanh/ros2_ws1/install/ethercat_interface/lib:${LD_LIBRARY_PATH} /usr/bin/cmake --install /home/theanh/ros2_ws1/build/ethercat_generic_cia402_drive
