[0.049s] Invoking command in '/home/theanh/ros2_ws1/build/ethercat_msgs': CMAKE_PREFIX_PATH=${CMAKE_PREFIX_PATH}:/home/theanh/can_example_ws/install/canopen_utils:/home/theanh/mobile_rb_ws/install/nav2_gps_waypoint_follower_demo:/opt/ros/humble /usr/bin/cmake --build /home/theanh/ros2_ws1/build/ethercat_msgs -- -j15 -l15
[0.302s] [  2%] Built target ethercat_msgs__cpp
[0.312s] [  2%] Built target ament_cmake_python_symlink_ethercat_msgs
[0.326s] [ 12%] Built target ethercat_msgs__rosidl_generator_c
[0.514s] [ 33%] Built target ethercat_msgs__rosidl_typesupport_c
[0.514s] [ 35%] Built target ethercat_msgs__rosidl_typesupport_fastrtps_cpp
[0.514s] [ 43%] Built target ethercat_msgs__rosidl_typesupport_fastrtps_c
[0.514s] [ 53%] Built target ethercat_msgs__rosidl_typesupport_introspection_c
[0.517s] [ 64%] Built target ethercat_msgs__rosidl_typesupport_cpp
[0.519s] [ 74%] Built target ethercat_msgs__rosidl_typesupport_introspection_cpp
[0.543s] [ 74%] Built target ethercat_msgs
[0.567s] [ 76%] Built target ethercat_msgs__py
[0.649s] [ 84%] Built target ethercat_msgs__rosidl_generator_py
[0.709s] running egg_info
[0.710s] writing ethercat_msgs.egg-info/PKG-INFO
[0.710s] writing dependency_links to ethercat_msgs.egg-info/dependency_links.txt
[0.711s] writing top-level names to ethercat_msgs.egg-info/top_level.txt
[0.723s] [100%] Built target ethercat_msgs__rosidl_typesupport_fastrtps_c__pyext
[0.723s] [100%] Built target ethercat_msgs__rosidl_typesupport_introspection_c__pyext
[0.723s] [100%] Built target ethercat_msgs__rosidl_typesupport_c__pyext
[0.731s] reading manifest file 'ethercat_msgs.egg-info/SOURCES.txt'
[0.747s] writing manifest file 'ethercat_msgs.egg-info/SOURCES.txt'
[0.783s] [100%] Built target ament_cmake_python_build_ethercat_msgs_egg
[0.797s] Invoked command in '/home/theanh/ros2_ws1/build/ethercat_msgs' returned '0': CMAKE_PREFIX_PATH=${CMAKE_PREFIX_PATH}:/home/theanh/can_example_ws/install/canopen_utils:/home/theanh/mobile_rb_ws/install/nav2_gps_waypoint_follower_demo:/opt/ros/humble /usr/bin/cmake --build /home/theanh/ros2_ws1/build/ethercat_msgs -- -j15 -l15
[0.825s] Invoking command in '/home/theanh/ros2_ws1/build/ethercat_msgs': CMAKE_PREFIX_PATH=${CMAKE_PREFIX_PATH}:/home/theanh/can_example_ws/install/canopen_utils:/home/theanh/mobile_rb_ws/install/nav2_gps_waypoint_follower_demo:/opt/ros/humble /usr/bin/cmake --install /home/theanh/ros2_ws1/build/ethercat_msgs
[0.844s] -- Install configuration: ""
[0.844s] -- Execute custom install script
[0.844s] -- Up-to-date symlink: /home/theanh/ros2_ws1/install/ethercat_msgs/share/ament_index/resource_index/rosidl_interfaces/ethercat_msgs
[0.844s] -- Up-to-date symlink: /home/theanh/ros2_ws1/install/ethercat_msgs/include/ethercat_msgs/ethercat_msgs/msg/rosidl_generator_c__visibility_control.h
[0.845s] -- Up-to-date symlink: /home/theanh/ros2_ws1/install/ethercat_msgs/include/ethercat_msgs/ethercat_msgs/srv/detail/get_sdo__functions.h
[0.845s] -- Up-to-date symlink: /home/theanh/ros2_ws1/install/ethercat_msgs/include/ethercat_msgs/ethercat_msgs/srv/detail/get_sdo__struct.h
[0.845s] -- Up-to-date symlink: /home/theanh/ros2_ws1/install/ethercat_msgs/include/ethercat_msgs/ethercat_msgs/srv/detail/get_sdo__type_support.h
[0.845s] -- Up-to-date symlink: /home/theanh/ros2_ws1/install/ethercat_msgs/include/ethercat_msgs/ethercat_msgs/srv/detail/set_sdo__functions.h
[0.845s] -- Up-to-date symlink: /home/theanh/ros2_ws1/install/ethercat_msgs/include/ethercat_msgs/ethercat_msgs/srv/detail/set_sdo__struct.h
[0.845s] -- Up-to-date symlink: /home/theanh/ros2_ws1/install/ethercat_msgs/include/ethercat_msgs/ethercat_msgs/srv/detail/set_sdo__type_support.h
[0.845s] -- Up-to-date symlink: /home/theanh/ros2_ws1/install/ethercat_msgs/include/ethercat_msgs/ethercat_msgs/srv/get_sdo.h
[0.845s] -- Up-to-date symlink: /home/theanh/ros2_ws1/install/ethercat_msgs/include/ethercat_msgs/ethercat_msgs/srv/set_sdo.h
[0.845s] -- Up-to-date symlink: /home/theanh/ros2_ws1/install/ethercat_msgs/share/ethercat_msgs/environment/library_path.sh
[0.845s] -- Up-to-date symlink: /home/theanh/ros2_ws1/install/ethercat_msgs/share/ethercat_msgs/environment/library_path.dsv
[0.846s] -- Up-to-date symlink: /home/theanh/ros2_ws1/install/ethercat_msgs/include/ethercat_msgs/ethercat_msgs/msg/rosidl_typesupport_fastrtps_c__visibility_control.h
[0.846s] -- Up-to-date symlink: /home/theanh/ros2_ws1/install/ethercat_msgs/include/ethercat_msgs/ethercat_msgs/srv/detail/get_sdo__rosidl_typesupport_fastrtps_c.h
[0.846s] -- Up-to-date symlink: /home/theanh/ros2_ws1/install/ethercat_msgs/include/ethercat_msgs/ethercat_msgs/srv/detail/set_sdo__rosidl_typesupport_fastrtps_c.h
[0.847s] -- Up-to-date symlink: /home/theanh/ros2_ws1/install/ethercat_msgs/include/ethercat_msgs/ethercat_msgs/msg/rosidl_typesupport_introspection_c__visibility_control.h
[0.847s] -- Up-to-date symlink: /home/theanh/ros2_ws1/install/ethercat_msgs/include/ethercat_msgs/ethercat_msgs/srv/detail/get_sdo__rosidl_typesupport_introspection_c.h
[0.847s] -- Up-to-date symlink: /home/theanh/ros2_ws1/install/ethercat_msgs/include/ethercat_msgs/ethercat_msgs/srv/detail/set_sdo__rosidl_typesupport_introspection_c.h
[0.847s] -- Up-to-date symlink: /home/theanh/ros2_ws1/install/ethercat_msgs/include/ethercat_msgs/ethercat_msgs/msg/rosidl_generator_cpp__visibility_control.hpp
[0.848s] -- Up-to-date symlink: /home/theanh/ros2_ws1/install/ethercat_msgs/include/ethercat_msgs/ethercat_msgs/srv/detail/get_sdo__builder.hpp
[0.848s] -- Up-to-date symlink: /home/theanh/ros2_ws1/install/ethercat_msgs/include/ethercat_msgs/ethercat_msgs/srv/detail/get_sdo__struct.hpp
[0.848s] -- Up-to-date symlink: /home/theanh/ros2_ws1/install/ethercat_msgs/include/ethercat_msgs/ethercat_msgs/srv/detail/get_sdo__traits.hpp
[0.848s] -- Up-to-date symlink: /home/theanh/ros2_ws1/install/ethercat_msgs/include/ethercat_msgs/ethercat_msgs/srv/detail/get_sdo__type_support.hpp
[0.848s] -- Up-to-date symlink: /home/theanh/ros2_ws1/install/ethercat_msgs/include/ethercat_msgs/ethercat_msgs/srv/detail/set_sdo__builder.hpp
[0.848s] -- Up-to-date symlink: /home/theanh/ros2_ws1/install/ethercat_msgs/include/ethercat_msgs/ethercat_msgs/srv/detail/set_sdo__struct.hpp
[0.848s] -- Up-to-date symlink: /home/theanh/ros2_ws1/install/ethercat_msgs/include/ethercat_msgs/ethercat_msgs/srv/detail/set_sdo__traits.hpp
[0.849s] -- Up-to-date symlink: /home/theanh/ros2_ws1/install/ethercat_msgs/include/ethercat_msgs/ethercat_msgs/srv/detail/set_sdo__type_support.hpp
[0.849s] -- Up-to-date symlink: /home/theanh/ros2_ws1/install/ethercat_msgs/include/ethercat_msgs/ethercat_msgs/srv/get_sdo.hpp
[0.849s] -- Up-to-date symlink: /home/theanh/ros2_ws1/install/ethercat_msgs/include/ethercat_msgs/ethercat_msgs/srv/set_sdo.hpp
[0.850s] -- Up-to-date symlink: /home/theanh/ros2_ws1/install/ethercat_msgs/include/ethercat_msgs/ethercat_msgs/msg/rosidl_typesupport_fastrtps_cpp__visibility_control.h
[0.850s] -- Up-to-date symlink: /home/theanh/ros2_ws1/install/ethercat_msgs/include/ethercat_msgs/ethercat_msgs/srv/detail/get_sdo__rosidl_typesupport_fastrtps_cpp.hpp
[0.850s] -- Up-to-date symlink: /home/theanh/ros2_ws1/install/ethercat_msgs/include/ethercat_msgs/ethercat_msgs/srv/detail/set_sdo__rosidl_typesupport_fastrtps_cpp.hpp
[0.850s] -- Up-to-date symlink: /home/theanh/ros2_ws1/install/ethercat_msgs/include/ethercat_msgs/ethercat_msgs/srv/detail/get_sdo__rosidl_typesupport_introspection_cpp.hpp
[0.850s] -- Up-to-date symlink: /home/theanh/ros2_ws1/install/ethercat_msgs/include/ethercat_msgs/ethercat_msgs/srv/detail/set_sdo__rosidl_typesupport_introspection_cpp.hpp
[0.851s] -- Up-to-date symlink: /home/theanh/ros2_ws1/install/ethercat_msgs/share/ethercat_msgs/environment/pythonpath.sh
[0.851s] -- Up-to-date symlink: /home/theanh/ros2_ws1/install/ethercat_msgs/share/ethercat_msgs/environment/pythonpath.dsv
[0.851s] -- Up-to-date symlink: /home/theanh/ros2_ws1/install/ethercat_msgs/local/lib/python3.10/dist-packages/ethercat_msgs-1.2.0-py3.10.egg-info/PKG-INFO
[0.851s] -- Up-to-date symlink: /home/theanh/ros2_ws1/install/ethercat_msgs/local/lib/python3.10/dist-packages/ethercat_msgs-1.2.0-py3.10.egg-info/SOURCES.txt
[0.851s] -- Up-to-date symlink: /home/theanh/ros2_ws1/install/ethercat_msgs/local/lib/python3.10/dist-packages/ethercat_msgs-1.2.0-py3.10.egg-info/dependency_links.txt
[0.852s] -- Up-to-date symlink: /home/theanh/ros2_ws1/install/ethercat_msgs/local/lib/python3.10/dist-packages/ethercat_msgs-1.2.0-py3.10.egg-info/top_level.txt
[0.852s] -- Up-to-date symlink: /home/theanh/ros2_ws1/install/ethercat_msgs/local/lib/python3.10/dist-packages/ethercat_msgs/__init__.py
[0.852s] -- Up-to-date symlink: /home/theanh/ros2_ws1/install/ethercat_msgs/local/lib/python3.10/dist-packages/ethercat_msgs/_ethercat_msgs_s.ep.rosidl_typesupport_c.c
[0.853s] -- Up-to-date symlink: /home/theanh/ros2_ws1/install/ethercat_msgs/local/lib/python3.10/dist-packages/ethercat_msgs/_ethercat_msgs_s.ep.rosidl_typesupport_fastrtps_c.c
[0.853s] -- Up-to-date symlink: /home/theanh/ros2_ws1/install/ethercat_msgs/local/lib/python3.10/dist-packages/ethercat_msgs/_ethercat_msgs_s.ep.rosidl_typesupport_introspection_c.c
[0.853s] -- Up-to-date symlink: /home/theanh/ros2_ws1/install/ethercat_msgs/local/lib/python3.10/dist-packages/ethercat_msgs/ethercat_msgs_s__rosidl_typesupport_c.cpython-310-x86_64-linux-gnu.so
[0.853s] -- Up-to-date symlink: /home/theanh/ros2_ws1/install/ethercat_msgs/local/lib/python3.10/dist-packages/ethercat_msgs/ethercat_msgs_s__rosidl_typesupport_fastrtps_c.cpython-310-x86_64-linux-gnu.so
[0.853s] -- Up-to-date symlink: /home/theanh/ros2_ws1/install/ethercat_msgs/local/lib/python3.10/dist-packages/ethercat_msgs/ethercat_msgs_s__rosidl_typesupport_introspection_c.cpython-310-x86_64-linux-gnu.so
[0.853s] -- Up-to-date symlink: /home/theanh/ros2_ws1/install/ethercat_msgs/local/lib/python3.10/dist-packages/ethercat_msgs/libethercat_msgs__rosidl_generator_py.so
[0.854s] -- Up-to-date symlink: /home/theanh/ros2_ws1/install/ethercat_msgs/local/lib/python3.10/dist-packages/ethercat_msgs/srv/__init__.py
[0.854s] -- Up-to-date symlink: /home/theanh/ros2_ws1/install/ethercat_msgs/local/lib/python3.10/dist-packages/ethercat_msgs/srv/_get_sdo.py
[0.854s] -- Up-to-date symlink: /home/theanh/ros2_ws1/install/ethercat_msgs/local/lib/python3.10/dist-packages/ethercat_msgs/srv/_get_sdo_s.c
[0.854s] -- Up-to-date symlink: /home/theanh/ros2_ws1/install/ethercat_msgs/local/lib/python3.10/dist-packages/ethercat_msgs/srv/_set_sdo.py
[0.854s] -- Up-to-date symlink: /home/theanh/ros2_ws1/install/ethercat_msgs/local/lib/python3.10/dist-packages/ethercat_msgs/srv/_set_sdo_s.c
[0.858s] -- Up-to-date symlink: /home/theanh/ros2_ws1/install/ethercat_msgs/local/lib/python3.10/dist-packages/ethercat_msgs/ethercat_msgs_s__rosidl_typesupport_fastrtps_c.cpython-310-x86_64-linux-gnu.so
[0.859s] -- Up-to-date symlink: /home/theanh/ros2_ws1/install/ethercat_msgs/local/lib/python3.10/dist-packages/ethercat_msgs/ethercat_msgs_s__rosidl_typesupport_introspection_c.cpython-310-x86_64-linux-gnu.so
[0.859s] -- Up-to-date symlink: /home/theanh/ros2_ws1/install/ethercat_msgs/local/lib/python3.10/dist-packages/ethercat_msgs/ethercat_msgs_s__rosidl_typesupport_c.cpython-310-x86_64-linux-gnu.so
[0.859s] -- Up-to-date symlink: /home/theanh/ros2_ws1/install/ethercat_msgs/share/ethercat_msgs/srv/SetSdo.idl
[0.859s] -- Up-to-date symlink: /home/theanh/ros2_ws1/install/ethercat_msgs/share/ethercat_msgs/srv/GetSdo.idl
[0.859s] -- Up-to-date symlink: /home/theanh/ros2_ws1/install/ethercat_msgs/share/ethercat_msgs/srv/SetSdo.srv
[0.859s] -- Up-to-date symlink: /home/theanh/ros2_ws1/install/ethercat_msgs/share/ethercat_msgs/srv/SetSdo_Request.msg
[0.859s] -- Up-to-date symlink: /home/theanh/ros2_ws1/install/ethercat_msgs/share/ethercat_msgs/srv/SetSdo_Response.msg
[0.860s] -- Up-to-date symlink: /home/theanh/ros2_ws1/install/ethercat_msgs/share/ethercat_msgs/srv/GetSdo.srv
[0.860s] -- Up-to-date symlink: /home/theanh/ros2_ws1/install/ethercat_msgs/share/ethercat_msgs/srv/GetSdo_Request.msg
[0.860s] -- Up-to-date symlink: /home/theanh/ros2_ws1/install/ethercat_msgs/share/ethercat_msgs/srv/GetSdo_Response.msg
[0.860s] -- Up-to-date symlink: /home/theanh/ros2_ws1/install/ethercat_msgs/share/ament_index/resource_index/package_run_dependencies/ethercat_msgs
[0.860s] -- Up-to-date symlink: /home/theanh/ros2_ws1/install/ethercat_msgs/share/ament_index/resource_index/parent_prefix_path/ethercat_msgs
[0.860s] -- Up-to-date symlink: /home/theanh/ros2_ws1/install/ethercat_msgs/share/ethercat_msgs/environment/ament_prefix_path.sh
[0.860s] -- Up-to-date symlink: /home/theanh/ros2_ws1/install/ethercat_msgs/share/ethercat_msgs/environment/ament_prefix_path.dsv
[0.861s] -- Up-to-date symlink: /home/theanh/ros2_ws1/install/ethercat_msgs/share/ethercat_msgs/environment/path.sh
[0.861s] -- Up-to-date symlink: /home/theanh/ros2_ws1/install/ethercat_msgs/share/ethercat_msgs/environment/path.dsv
[0.861s] -- Up-to-date symlink: /home/theanh/ros2_ws1/install/ethercat_msgs/share/ethercat_msgs/local_setup.bash
[0.861s] -- Up-to-date symlink: /home/theanh/ros2_ws1/install/ethercat_msgs/share/ethercat_msgs/local_setup.sh
[0.861s] -- Up-to-date symlink: /home/theanh/ros2_ws1/install/ethercat_msgs/share/ethercat_msgs/local_setup.zsh
[0.861s] -- Up-to-date symlink: /home/theanh/ros2_ws1/install/ethercat_msgs/share/ethercat_msgs/local_setup.dsv
[0.862s] -- Symlinking: /home/theanh/ros2_ws1/install/ethercat_msgs/share/ethercat_msgs/package.dsv
[0.874s] -- Up-to-date symlink: /home/theanh/ros2_ws1/install/ethercat_msgs/share/ament_index/resource_index/packages/ethercat_msgs
[0.874s] -- Up-to-date symlink: /home/theanh/ros2_ws1/install/ethercat_msgs/share/ethercat_msgs/cmake/rosidl_cmake-extras.cmake
[0.874s] -- Up-to-date symlink: /home/theanh/ros2_ws1/install/ethercat_msgs/share/ethercat_msgs/cmake/ament_cmake_export_include_directories-extras.cmake
[0.874s] -- Up-to-date symlink: /home/theanh/ros2_ws1/install/ethercat_msgs/share/ethercat_msgs/cmake/ament_cmake_export_libraries-extras.cmake
[0.875s] -- Up-to-date symlink: /home/theanh/ros2_ws1/install/ethercat_msgs/share/ethercat_msgs/cmake/ament_cmake_export_targets-extras.cmake
[0.875s] -- Up-to-date symlink: /home/theanh/ros2_ws1/install/ethercat_msgs/share/ethercat_msgs/cmake/rosidl_cmake_export_typesupport_targets-extras.cmake
[0.875s] -- Up-to-date symlink: /home/theanh/ros2_ws1/install/ethercat_msgs/share/ethercat_msgs/cmake/ament_cmake_export_dependencies-extras.cmake
[0.875s] -- Up-to-date symlink: /home/theanh/ros2_ws1/install/ethercat_msgs/share/ethercat_msgs/cmake/rosidl_cmake_export_typesupport_libraries-extras.cmake
[0.875s] -- Up-to-date symlink: /home/theanh/ros2_ws1/install/ethercat_msgs/share/ethercat_msgs/cmake/ethercat_msgsConfig.cmake
[0.875s] -- Up-to-date symlink: /home/theanh/ros2_ws1/install/ethercat_msgs/share/ethercat_msgs/cmake/ethercat_msgsConfig-version.cmake
[0.876s] -- Up-to-date symlink: /home/theanh/ros2_ws1/install/ethercat_msgs/share/ethercat_msgs/package.xml
[0.876s] -- Up-to-date: /home/theanh/ros2_ws1/install/ethercat_msgs/lib/libethercat_msgs__rosidl_generator_c.so
[0.877s] -- Up-to-date: /home/theanh/ros2_ws1/install/ethercat_msgs/lib/libethercat_msgs__rosidl_typesupport_fastrtps_c.so
[0.877s] -- Up-to-date: /home/theanh/ros2_ws1/install/ethercat_msgs/lib/libethercat_msgs__rosidl_typesupport_introspection_c.so
[0.877s] -- Up-to-date: /home/theanh/ros2_ws1/install/ethercat_msgs/lib/libethercat_msgs__rosidl_typesupport_c.so
[0.878s] -- Up-to-date: /home/theanh/ros2_ws1/install/ethercat_msgs/lib/libethercat_msgs__rosidl_typesupport_fastrtps_cpp.so
[0.878s] -- Up-to-date: /home/theanh/ros2_ws1/install/ethercat_msgs/lib/libethercat_msgs__rosidl_typesupport_introspection_cpp.so
[0.878s] -- Up-to-date: /home/theanh/ros2_ws1/install/ethercat_msgs/lib/libethercat_msgs__rosidl_typesupport_cpp.so
[1.009s] Listing '/home/theanh/ros2_ws1/install/ethercat_msgs/local/lib/python3.10/dist-packages/ethercat_msgs'...
[1.009s] Listing '/home/theanh/ros2_ws1/install/ethercat_msgs/local/lib/python3.10/dist-packages/ethercat_msgs/srv'...
[1.015s] -- Up-to-date: /home/theanh/ros2_ws1/install/ethercat_msgs/lib/libethercat_msgs__rosidl_generator_py.so
[1.031s] -- Up-to-date: /home/theanh/ros2_ws1/install/ethercat_msgs/share/ethercat_msgs/cmake/export_ethercat_msgs__rosidl_generator_cExport.cmake
[1.031s] -- Up-to-date: /home/theanh/ros2_ws1/install/ethercat_msgs/share/ethercat_msgs/cmake/export_ethercat_msgs__rosidl_generator_cExport-noconfig.cmake
[1.031s] -- Up-to-date: /home/theanh/ros2_ws1/install/ethercat_msgs/share/ethercat_msgs/cmake/export_ethercat_msgs__rosidl_typesupport_fastrtps_cExport.cmake
[1.031s] -- Up-to-date: /home/theanh/ros2_ws1/install/ethercat_msgs/share/ethercat_msgs/cmake/export_ethercat_msgs__rosidl_typesupport_fastrtps_cExport-noconfig.cmake
[1.031s] -- Up-to-date: /home/theanh/ros2_ws1/install/ethercat_msgs/share/ethercat_msgs/cmake/ethercat_msgs__rosidl_typesupport_introspection_cExport.cmake
[1.032s] -- Up-to-date: /home/theanh/ros2_ws1/install/ethercat_msgs/share/ethercat_msgs/cmake/ethercat_msgs__rosidl_typesupport_introspection_cExport-noconfig.cmake
[1.032s] -- Up-to-date: /home/theanh/ros2_ws1/install/ethercat_msgs/share/ethercat_msgs/cmake/ethercat_msgs__rosidl_typesupport_cExport.cmake
[1.032s] -- Up-to-date: /home/theanh/ros2_ws1/install/ethercat_msgs/share/ethercat_msgs/cmake/ethercat_msgs__rosidl_typesupport_cExport-noconfig.cmake
[1.032s] -- Up-to-date: /home/theanh/ros2_ws1/install/ethercat_msgs/share/ethercat_msgs/cmake/export_ethercat_msgs__rosidl_generator_cppExport.cmake
[1.033s] -- Up-to-date: /home/theanh/ros2_ws1/install/ethercat_msgs/share/ethercat_msgs/cmake/export_ethercat_msgs__rosidl_typesupport_fastrtps_cppExport.cmake
[1.033s] -- Up-to-date: /home/theanh/ros2_ws1/install/ethercat_msgs/share/ethercat_msgs/cmake/export_ethercat_msgs__rosidl_typesupport_fastrtps_cppExport-noconfig.cmake
[1.033s] -- Up-to-date: /home/theanh/ros2_ws1/install/ethercat_msgs/share/ethercat_msgs/cmake/ethercat_msgs__rosidl_typesupport_introspection_cppExport.cmake
[1.033s] -- Up-to-date: /home/theanh/ros2_ws1/install/ethercat_msgs/share/ethercat_msgs/cmake/ethercat_msgs__rosidl_typesupport_introspection_cppExport-noconfig.cmake
[1.034s] -- Up-to-date: /home/theanh/ros2_ws1/install/ethercat_msgs/share/ethercat_msgs/cmake/ethercat_msgs__rosidl_typesupport_cppExport.cmake
[1.034s] -- Up-to-date: /home/theanh/ros2_ws1/install/ethercat_msgs/share/ethercat_msgs/cmake/ethercat_msgs__rosidl_typesupport_cppExport-noconfig.cmake
[1.034s] -- Up-to-date: /home/theanh/ros2_ws1/install/ethercat_msgs/share/ethercat_msgs/cmake/export_ethercat_msgs__rosidl_generator_pyExport.cmake
[1.034s] -- Up-to-date: /home/theanh/ros2_ws1/install/ethercat_msgs/share/ethercat_msgs/cmake/export_ethercat_msgs__rosidl_generator_pyExport-noconfig.cmake
[1.037s] Invoked command in '/home/theanh/ros2_ws1/build/ethercat_msgs' returned '0': CMAKE_PREFIX_PATH=${CMAKE_PREFIX_PATH}:/home/theanh/can_example_ws/install/canopen_utils:/home/theanh/mobile_rb_ws/install/nav2_gps_waypoint_follower_demo:/opt/ros/humble /usr/bin/cmake --install /home/theanh/ros2_ws1/build/ethercat_msgs
