[0.105s] Invoking command in '/home/theanh/ros2_ws1/build/ethercat_msgs': CMAKE_PREFIX_PATH=${CMAKE_PREFIX_PATH}:/home/theanh/can_example_ws/install/canopen_utils:/home/theanh/mobile_rb_ws/install/nav2_gps_waypoint_follower_demo:/opt/ros/humble /usr/bin/cmake --build /home/theanh/ros2_ws1/build/ethercat_msgs -- -j15 -l15
[0.810s] [  2%] Built target ethercat_msgs__cpp
[0.830s] [ 12%] Built target ethercat_msgs__rosidl_generator_c
[0.839s] [ 12%] Built target ament_cmake_python_symlink_ethercat_msgs
[1.042s] [ 43%] Built target ethercat_msgs__rosidl_typesupport_introspection_c
[1.042s] [ 43%] Built target ethercat_msgs__rosidl_typesupport_fastrtps_cpp
[1.042s] [ 43%] Built target ethercat_msgs__rosidl_typesupport_c
[1.042s] [ 53%] Built target ethercat_msgs__rosidl_typesupport_introspection_cpp
[1.045s] [ 64%] Built target ethercat_msgs__rosidl_typesupport_cpp
[1.045s] [ 74%] Built target ethercat_msgs__rosidl_typesupport_fastrtps_c
[1.087s] [ 74%] Built target ethercat_msgs
[1.119s] [ 76%] Built target ethercat_msgs__py
[1.200s] [ 84%] Built target ethercat_msgs__rosidl_generator_py
[1.273s] [100%] Built target ethercat_msgs__rosidl_typesupport_introspection_c__pyext
[1.274s] [100%] Built target ethercat_msgs__rosidl_typesupport_c__pyext
[1.274s] [100%] Built target ethercat_msgs__rosidl_typesupport_fastrtps_c__pyext
[1.407s] running egg_info
[1.407s] writing ethercat_msgs.egg-info/PKG-INFO
[1.408s] writing dependency_links to ethercat_msgs.egg-info/dependency_links.txt
[1.408s] writing top-level names to ethercat_msgs.egg-info/top_level.txt
[1.443s] reading manifest file 'ethercat_msgs.egg-info/SOURCES.txt'
[1.444s] writing manifest file 'ethercat_msgs.egg-info/SOURCES.txt'
[1.474s] [100%] Built target ament_cmake_python_build_ethercat_msgs_egg
[1.490s] Invoked command in '/home/theanh/ros2_ws1/build/ethercat_msgs' returned '0': CMAKE_PREFIX_PATH=${CMAKE_PREFIX_PATH}:/home/theanh/can_example_ws/install/canopen_utils:/home/theanh/mobile_rb_ws/install/nav2_gps_waypoint_follower_demo:/opt/ros/humble /usr/bin/cmake --build /home/theanh/ros2_ws1/build/ethercat_msgs -- -j15 -l15
[1.543s] Invoking command in '/home/theanh/ros2_ws1/build/ethercat_msgs': CMAKE_PREFIX_PATH=${CMAKE_PREFIX_PATH}:/home/theanh/can_example_ws/install/canopen_utils:/home/theanh/mobile_rb_ws/install/nav2_gps_waypoint_follower_demo:/opt/ros/humble /usr/bin/cmake --install /home/theanh/ros2_ws1/build/ethercat_msgs
[1.554s] -- Install configuration: ""
[1.555s] -- Execute custom install script
[1.555s] -- Up-to-date symlink: /home/theanh/ros2_ws1/install/ethercat_msgs/share/ament_index/resource_index/rosidl_interfaces/ethercat_msgs
[1.556s] -- Up-to-date symlink: /home/theanh/ros2_ws1/install/ethercat_msgs/include/ethercat_msgs/ethercat_msgs/msg/rosidl_generator_c__visibility_control.h
[1.556s] -- Up-to-date symlink: /home/theanh/ros2_ws1/install/ethercat_msgs/include/ethercat_msgs/ethercat_msgs/srv/detail/get_sdo__functions.h
[1.556s] -- Up-to-date symlink: /home/theanh/ros2_ws1/install/ethercat_msgs/include/ethercat_msgs/ethercat_msgs/srv/detail/get_sdo__struct.h
[1.556s] -- Up-to-date symlink: /home/theanh/ros2_ws1/install/ethercat_msgs/include/ethercat_msgs/ethercat_msgs/srv/detail/get_sdo__type_support.h
[1.556s] -- Up-to-date symlink: /home/theanh/ros2_ws1/install/ethercat_msgs/include/ethercat_msgs/ethercat_msgs/srv/detail/set_sdo__functions.h
[1.556s] -- Up-to-date symlink: /home/theanh/ros2_ws1/install/ethercat_msgs/include/ethercat_msgs/ethercat_msgs/srv/detail/set_sdo__struct.h
[1.557s] -- Up-to-date symlink: /home/theanh/ros2_ws1/install/ethercat_msgs/include/ethercat_msgs/ethercat_msgs/srv/detail/set_sdo__type_support.h
[1.557s] -- Up-to-date symlink: /home/theanh/ros2_ws1/install/ethercat_msgs/include/ethercat_msgs/ethercat_msgs/srv/get_sdo.h
[1.557s] -- Up-to-date symlink: /home/theanh/ros2_ws1/install/ethercat_msgs/include/ethercat_msgs/ethercat_msgs/srv/set_sdo.h
[1.557s] -- Up-to-date symlink: /home/theanh/ros2_ws1/install/ethercat_msgs/share/ethercat_msgs/environment/library_path.sh
[1.557s] -- Up-to-date symlink: /home/theanh/ros2_ws1/install/ethercat_msgs/share/ethercat_msgs/environment/library_path.dsv
[1.558s] -- Up-to-date symlink: /home/theanh/ros2_ws1/install/ethercat_msgs/include/ethercat_msgs/ethercat_msgs/msg/rosidl_typesupport_fastrtps_c__visibility_control.h
[1.558s] -- Up-to-date symlink: /home/theanh/ros2_ws1/install/ethercat_msgs/include/ethercat_msgs/ethercat_msgs/srv/detail/get_sdo__rosidl_typesupport_fastrtps_c.h
[1.558s] -- Up-to-date symlink: /home/theanh/ros2_ws1/install/ethercat_msgs/include/ethercat_msgs/ethercat_msgs/srv/detail/set_sdo__rosidl_typesupport_fastrtps_c.h
[1.558s] -- Up-to-date symlink: /home/theanh/ros2_ws1/install/ethercat_msgs/include/ethercat_msgs/ethercat_msgs/msg/rosidl_typesupport_introspection_c__visibility_control.h
[1.559s] -- Up-to-date symlink: /home/theanh/ros2_ws1/install/ethercat_msgs/include/ethercat_msgs/ethercat_msgs/srv/detail/get_sdo__rosidl_typesupport_introspection_c.h
[1.559s] -- Up-to-date symlink: /home/theanh/ros2_ws1/install/ethercat_msgs/include/ethercat_msgs/ethercat_msgs/srv/detail/set_sdo__rosidl_typesupport_introspection_c.h
[1.559s] -- Up-to-date symlink: /home/theanh/ros2_ws1/install/ethercat_msgs/include/ethercat_msgs/ethercat_msgs/msg/rosidl_generator_cpp__visibility_control.hpp
[1.559s] -- Up-to-date symlink: /home/theanh/ros2_ws1/install/ethercat_msgs/include/ethercat_msgs/ethercat_msgs/srv/detail/get_sdo__builder.hpp
[1.559s] -- Up-to-date symlink: /home/theanh/ros2_ws1/install/ethercat_msgs/include/ethercat_msgs/ethercat_msgs/srv/detail/get_sdo__struct.hpp
[1.559s] -- Up-to-date symlink: /home/theanh/ros2_ws1/install/ethercat_msgs/include/ethercat_msgs/ethercat_msgs/srv/detail/get_sdo__traits.hpp
[1.560s] -- Up-to-date symlink: /home/theanh/ros2_ws1/install/ethercat_msgs/include/ethercat_msgs/ethercat_msgs/srv/detail/get_sdo__type_support.hpp
[1.560s] -- Up-to-date symlink: /home/theanh/ros2_ws1/install/ethercat_msgs/include/ethercat_msgs/ethercat_msgs/srv/detail/set_sdo__builder.hpp
[1.560s] -- Up-to-date symlink: /home/theanh/ros2_ws1/install/ethercat_msgs/include/ethercat_msgs/ethercat_msgs/srv/detail/set_sdo__struct.hpp
[1.560s] -- Up-to-date symlink: /home/theanh/ros2_ws1/install/ethercat_msgs/include/ethercat_msgs/ethercat_msgs/srv/detail/set_sdo__traits.hpp
[1.560s] -- Up-to-date symlink: /home/theanh/ros2_ws1/install/ethercat_msgs/include/ethercat_msgs/ethercat_msgs/srv/detail/set_sdo__type_support.hpp
[1.560s] -- Up-to-date symlink: /home/theanh/ros2_ws1/install/ethercat_msgs/include/ethercat_msgs/ethercat_msgs/srv/get_sdo.hpp
[1.560s] -- Up-to-date symlink: /home/theanh/ros2_ws1/install/ethercat_msgs/include/ethercat_msgs/ethercat_msgs/srv/set_sdo.hpp
[1.561s] -- Up-to-date symlink: /home/theanh/ros2_ws1/install/ethercat_msgs/include/ethercat_msgs/ethercat_msgs/msg/rosidl_typesupport_fastrtps_cpp__visibility_control.h
[1.561s] -- Up-to-date symlink: /home/theanh/ros2_ws1/install/ethercat_msgs/include/ethercat_msgs/ethercat_msgs/srv/detail/get_sdo__rosidl_typesupport_fastrtps_cpp.hpp
[1.561s] -- Up-to-date symlink: /home/theanh/ros2_ws1/install/ethercat_msgs/include/ethercat_msgs/ethercat_msgs/srv/detail/set_sdo__rosidl_typesupport_fastrtps_cpp.hpp
[1.562s] -- Up-to-date symlink: /home/theanh/ros2_ws1/install/ethercat_msgs/include/ethercat_msgs/ethercat_msgs/srv/detail/get_sdo__rosidl_typesupport_introspection_cpp.hpp
[1.562s] -- Up-to-date symlink: /home/theanh/ros2_ws1/install/ethercat_msgs/include/ethercat_msgs/ethercat_msgs/srv/detail/set_sdo__rosidl_typesupport_introspection_cpp.hpp
[1.562s] -- Up-to-date symlink: /home/theanh/ros2_ws1/install/ethercat_msgs/share/ethercat_msgs/environment/pythonpath.sh
[1.562s] -- Up-to-date symlink: /home/theanh/ros2_ws1/install/ethercat_msgs/share/ethercat_msgs/environment/pythonpath.dsv
[1.562s] -- Up-to-date symlink: /home/theanh/ros2_ws1/install/ethercat_msgs/local/lib/python3.10/dist-packages/ethercat_msgs-1.2.0-py3.10.egg-info/PKG-INFO
[1.562s] -- Up-to-date symlink: /home/theanh/ros2_ws1/install/ethercat_msgs/local/lib/python3.10/dist-packages/ethercat_msgs-1.2.0-py3.10.egg-info/SOURCES.txt
[1.563s] -- Up-to-date symlink: /home/theanh/ros2_ws1/install/ethercat_msgs/local/lib/python3.10/dist-packages/ethercat_msgs-1.2.0-py3.10.egg-info/dependency_links.txt
[1.563s] -- Up-to-date symlink: /home/theanh/ros2_ws1/install/ethercat_msgs/local/lib/python3.10/dist-packages/ethercat_msgs-1.2.0-py3.10.egg-info/top_level.txt
[1.563s] -- Up-to-date symlink: /home/theanh/ros2_ws1/install/ethercat_msgs/local/lib/python3.10/dist-packages/ethercat_msgs/__init__.py
[1.564s] -- Up-to-date symlink: /home/theanh/ros2_ws1/install/ethercat_msgs/local/lib/python3.10/dist-packages/ethercat_msgs/_ethercat_msgs_s.ep.rosidl_typesupport_c.c
[1.564s] -- Up-to-date symlink: /home/theanh/ros2_ws1/install/ethercat_msgs/local/lib/python3.10/dist-packages/ethercat_msgs/_ethercat_msgs_s.ep.rosidl_typesupport_fastrtps_c.c
[1.564s] -- Up-to-date symlink: /home/theanh/ros2_ws1/install/ethercat_msgs/local/lib/python3.10/dist-packages/ethercat_msgs/_ethercat_msgs_s.ep.rosidl_typesupport_introspection_c.c
[1.564s] -- Up-to-date symlink: /home/theanh/ros2_ws1/install/ethercat_msgs/local/lib/python3.10/dist-packages/ethercat_msgs/ethercat_msgs_s__rosidl_typesupport_c.cpython-310-x86_64-linux-gnu.so
[1.564s] -- Up-to-date symlink: /home/theanh/ros2_ws1/install/ethercat_msgs/local/lib/python3.10/dist-packages/ethercat_msgs/ethercat_msgs_s__rosidl_typesupport_fastrtps_c.cpython-310-x86_64-linux-gnu.so
[1.564s] -- Up-to-date symlink: /home/theanh/ros2_ws1/install/ethercat_msgs/local/lib/python3.10/dist-packages/ethercat_msgs/ethercat_msgs_s__rosidl_typesupport_introspection_c.cpython-310-x86_64-linux-gnu.so
[1.564s] -- Up-to-date symlink: /home/theanh/ros2_ws1/install/ethercat_msgs/local/lib/python3.10/dist-packages/ethercat_msgs/libethercat_msgs__rosidl_generator_py.so
[1.564s] -- Up-to-date symlink: /home/theanh/ros2_ws1/install/ethercat_msgs/local/lib/python3.10/dist-packages/ethercat_msgs/srv/__init__.py
[1.565s] -- Up-to-date symlink: /home/theanh/ros2_ws1/install/ethercat_msgs/local/lib/python3.10/dist-packages/ethercat_msgs/srv/_get_sdo.py
[1.565s] -- Up-to-date symlink: /home/theanh/ros2_ws1/install/ethercat_msgs/local/lib/python3.10/dist-packages/ethercat_msgs/srv/_get_sdo_s.c
[1.565s] -- Up-to-date symlink: /home/theanh/ros2_ws1/install/ethercat_msgs/local/lib/python3.10/dist-packages/ethercat_msgs/srv/_set_sdo.py
[1.565s] -- Up-to-date symlink: /home/theanh/ros2_ws1/install/ethercat_msgs/local/lib/python3.10/dist-packages/ethercat_msgs/srv/_set_sdo_s.c
[1.581s] -- Up-to-date symlink: /home/theanh/ros2_ws1/install/ethercat_msgs/local/lib/python3.10/dist-packages/ethercat_msgs/ethercat_msgs_s__rosidl_typesupport_fastrtps_c.cpython-310-x86_64-linux-gnu.so
[1.581s] -- Up-to-date symlink: /home/theanh/ros2_ws1/install/ethercat_msgs/local/lib/python3.10/dist-packages/ethercat_msgs/ethercat_msgs_s__rosidl_typesupport_introspection_c.cpython-310-x86_64-linux-gnu.so
[1.582s] -- Up-to-date symlink: /home/theanh/ros2_ws1/install/ethercat_msgs/local/lib/python3.10/dist-packages/ethercat_msgs/ethercat_msgs_s__rosidl_typesupport_c.cpython-310-x86_64-linux-gnu.so
[1.582s] -- Up-to-date symlink: /home/theanh/ros2_ws1/install/ethercat_msgs/share/ethercat_msgs/srv/SetSdo.idl
[1.582s] -- Up-to-date symlink: /home/theanh/ros2_ws1/install/ethercat_msgs/share/ethercat_msgs/srv/GetSdo.idl
[1.582s] -- Up-to-date symlink: /home/theanh/ros2_ws1/install/ethercat_msgs/share/ethercat_msgs/srv/SetSdo.srv
[1.582s] -- Up-to-date symlink: /home/theanh/ros2_ws1/install/ethercat_msgs/share/ethercat_msgs/srv/SetSdo_Request.msg
[1.582s] -- Up-to-date symlink: /home/theanh/ros2_ws1/install/ethercat_msgs/share/ethercat_msgs/srv/SetSdo_Response.msg
[1.583s] -- Up-to-date symlink: /home/theanh/ros2_ws1/install/ethercat_msgs/share/ethercat_msgs/srv/GetSdo.srv
[1.583s] -- Up-to-date symlink: /home/theanh/ros2_ws1/install/ethercat_msgs/share/ethercat_msgs/srv/GetSdo_Request.msg
[1.583s] -- Up-to-date symlink: /home/theanh/ros2_ws1/install/ethercat_msgs/share/ethercat_msgs/srv/GetSdo_Response.msg
[1.583s] -- Up-to-date symlink: /home/theanh/ros2_ws1/install/ethercat_msgs/share/ament_index/resource_index/package_run_dependencies/ethercat_msgs
[1.583s] -- Up-to-date symlink: /home/theanh/ros2_ws1/install/ethercat_msgs/share/ament_index/resource_index/parent_prefix_path/ethercat_msgs
[1.583s] -- Up-to-date symlink: /home/theanh/ros2_ws1/install/ethercat_msgs/share/ethercat_msgs/environment/ament_prefix_path.sh
[1.584s] -- Up-to-date symlink: /home/theanh/ros2_ws1/install/ethercat_msgs/share/ethercat_msgs/environment/ament_prefix_path.dsv
[1.584s] -- Up-to-date symlink: /home/theanh/ros2_ws1/install/ethercat_msgs/share/ethercat_msgs/environment/path.sh
[1.584s] -- Up-to-date symlink: /home/theanh/ros2_ws1/install/ethercat_msgs/share/ethercat_msgs/environment/path.dsv
[1.584s] -- Up-to-date symlink: /home/theanh/ros2_ws1/install/ethercat_msgs/share/ethercat_msgs/local_setup.bash
[1.584s] -- Up-to-date symlink: /home/theanh/ros2_ws1/install/ethercat_msgs/share/ethercat_msgs/local_setup.sh
[1.584s] -- Up-to-date symlink: /home/theanh/ros2_ws1/install/ethercat_msgs/share/ethercat_msgs/local_setup.zsh
[1.585s] -- Up-to-date symlink: /home/theanh/ros2_ws1/install/ethercat_msgs/share/ethercat_msgs/local_setup.dsv
[1.585s] -- Symlinking: /home/theanh/ros2_ws1/install/ethercat_msgs/share/ethercat_msgs/package.dsv
[1.599s] -- Up-to-date symlink: /home/theanh/ros2_ws1/install/ethercat_msgs/share/ament_index/resource_index/packages/ethercat_msgs
[1.599s] -- Up-to-date symlink: /home/theanh/ros2_ws1/install/ethercat_msgs/share/ethercat_msgs/cmake/rosidl_cmake-extras.cmake
[1.599s] -- Up-to-date symlink: /home/theanh/ros2_ws1/install/ethercat_msgs/share/ethercat_msgs/cmake/ament_cmake_export_include_directories-extras.cmake
[1.600s] -- Up-to-date symlink: /home/theanh/ros2_ws1/install/ethercat_msgs/share/ethercat_msgs/cmake/ament_cmake_export_libraries-extras.cmake
[1.600s] -- Up-to-date symlink: /home/theanh/ros2_ws1/install/ethercat_msgs/share/ethercat_msgs/cmake/ament_cmake_export_targets-extras.cmake
[1.600s] -- Up-to-date symlink: /home/theanh/ros2_ws1/install/ethercat_msgs/share/ethercat_msgs/cmake/rosidl_cmake_export_typesupport_targets-extras.cmake
[1.600s] -- Up-to-date symlink: /home/theanh/ros2_ws1/install/ethercat_msgs/share/ethercat_msgs/cmake/ament_cmake_export_dependencies-extras.cmake
[1.600s] -- Up-to-date symlink: /home/theanh/ros2_ws1/install/ethercat_msgs/share/ethercat_msgs/cmake/rosidl_cmake_export_typesupport_libraries-extras.cmake
[1.601s] -- Up-to-date symlink: /home/theanh/ros2_ws1/install/ethercat_msgs/share/ethercat_msgs/cmake/ethercat_msgsConfig.cmake
[1.601s] -- Up-to-date symlink: /home/theanh/ros2_ws1/install/ethercat_msgs/share/ethercat_msgs/cmake/ethercat_msgsConfig-version.cmake
[1.601s] -- Up-to-date symlink: /home/theanh/ros2_ws1/install/ethercat_msgs/share/ethercat_msgs/package.xml
[1.601s] -- Up-to-date: /home/theanh/ros2_ws1/install/ethercat_msgs/lib/libethercat_msgs__rosidl_generator_c.so
[1.602s] -- Up-to-date: /home/theanh/ros2_ws1/install/ethercat_msgs/lib/libethercat_msgs__rosidl_typesupport_fastrtps_c.so
[1.602s] -- Up-to-date: /home/theanh/ros2_ws1/install/ethercat_msgs/lib/libethercat_msgs__rosidl_typesupport_introspection_c.so
[1.602s] -- Up-to-date: /home/theanh/ros2_ws1/install/ethercat_msgs/lib/libethercat_msgs__rosidl_typesupport_c.so
[1.603s] -- Up-to-date: /home/theanh/ros2_ws1/install/ethercat_msgs/lib/libethercat_msgs__rosidl_typesupport_fastrtps_cpp.so
[1.603s] -- Up-to-date: /home/theanh/ros2_ws1/install/ethercat_msgs/lib/libethercat_msgs__rosidl_typesupport_introspection_cpp.so
[1.603s] -- Up-to-date: /home/theanh/ros2_ws1/install/ethercat_msgs/lib/libethercat_msgs__rosidl_typesupport_cpp.so
[1.780s] Listing '/home/theanh/ros2_ws1/install/ethercat_msgs/local/lib/python3.10/dist-packages/ethercat_msgs'...
[1.780s] Listing '/home/theanh/ros2_ws1/install/ethercat_msgs/local/lib/python3.10/dist-packages/ethercat_msgs/srv'...
[1.786s] -- Up-to-date: /home/theanh/ros2_ws1/install/ethercat_msgs/lib/libethercat_msgs__rosidl_generator_py.so
[1.811s] -- Up-to-date: /home/theanh/ros2_ws1/install/ethercat_msgs/share/ethercat_msgs/cmake/export_ethercat_msgs__rosidl_generator_cExport.cmake
[1.811s] -- Up-to-date: /home/theanh/ros2_ws1/install/ethercat_msgs/share/ethercat_msgs/cmake/export_ethercat_msgs__rosidl_generator_cExport-noconfig.cmake
[1.815s] -- Up-to-date: /home/theanh/ros2_ws1/install/ethercat_msgs/share/ethercat_msgs/cmake/export_ethercat_msgs__rosidl_typesupport_fastrtps_cExport.cmake
[1.815s] -- Up-to-date: /home/theanh/ros2_ws1/install/ethercat_msgs/share/ethercat_msgs/cmake/export_ethercat_msgs__rosidl_typesupport_fastrtps_cExport-noconfig.cmake
[1.816s] -- Up-to-date: /home/theanh/ros2_ws1/install/ethercat_msgs/share/ethercat_msgs/cmake/ethercat_msgs__rosidl_typesupport_introspection_cExport.cmake
[1.816s] -- Up-to-date: /home/theanh/ros2_ws1/install/ethercat_msgs/share/ethercat_msgs/cmake/ethercat_msgs__rosidl_typesupport_introspection_cExport-noconfig.cmake
[1.816s] -- Up-to-date: /home/theanh/ros2_ws1/install/ethercat_msgs/share/ethercat_msgs/cmake/ethercat_msgs__rosidl_typesupport_cExport.cmake
[1.816s] -- Up-to-date: /home/theanh/ros2_ws1/install/ethercat_msgs/share/ethercat_msgs/cmake/ethercat_msgs__rosidl_typesupport_cExport-noconfig.cmake
[1.816s] -- Up-to-date: /home/theanh/ros2_ws1/install/ethercat_msgs/share/ethercat_msgs/cmake/export_ethercat_msgs__rosidl_generator_cppExport.cmake
[1.817s] -- Up-to-date: /home/theanh/ros2_ws1/install/ethercat_msgs/share/ethercat_msgs/cmake/export_ethercat_msgs__rosidl_typesupport_fastrtps_cppExport.cmake
[1.817s] -- Up-to-date: /home/theanh/ros2_ws1/install/ethercat_msgs/share/ethercat_msgs/cmake/export_ethercat_msgs__rosidl_typesupport_fastrtps_cppExport-noconfig.cmake
[1.817s] -- Up-to-date: /home/theanh/ros2_ws1/install/ethercat_msgs/share/ethercat_msgs/cmake/ethercat_msgs__rosidl_typesupport_introspection_cppExport.cmake
[1.817s] -- Up-to-date: /home/theanh/ros2_ws1/install/ethercat_msgs/share/ethercat_msgs/cmake/ethercat_msgs__rosidl_typesupport_introspection_cppExport-noconfig.cmake
[1.818s] -- Up-to-date: /home/theanh/ros2_ws1/install/ethercat_msgs/share/ethercat_msgs/cmake/ethercat_msgs__rosidl_typesupport_cppExport.cmake
[1.818s] -- Up-to-date: /home/theanh/ros2_ws1/install/ethercat_msgs/share/ethercat_msgs/cmake/ethercat_msgs__rosidl_typesupport_cppExport-noconfig.cmake
[1.818s] -- Up-to-date: /home/theanh/ros2_ws1/install/ethercat_msgs/share/ethercat_msgs/cmake/export_ethercat_msgs__rosidl_generator_pyExport.cmake
[1.818s] -- Up-to-date: /home/theanh/ros2_ws1/install/ethercat_msgs/share/ethercat_msgs/cmake/export_ethercat_msgs__rosidl_generator_pyExport-noconfig.cmake
[1.821s] Invoked command in '/home/theanh/ros2_ws1/build/ethercat_msgs' returned '0': CMAKE_PREFIX_PATH=${CMAKE_PREFIX_PATH}:/home/theanh/can_example_ws/install/canopen_utils:/home/theanh/mobile_rb_ws/install/nav2_gps_waypoint_follower_demo:/opt/ros/humble /usr/bin/cmake --install /home/theanh/ros2_ws1/build/ethercat_msgs
