[0.179s] Invoking command in '/home/theanh/ros2_ws1/build/ethercat_msgs': CMAKE_PREFIX_PATH=${CMAKE_PREFIX_PATH}:/home/theanh/can_example_ws/install/canopen_utils:/home/theanh/mobile_rb_ws/install/nav2_gps_waypoint_follower_demo:/opt/ros/humble /usr/bin/cmake --build /home/theanh/ros2_ws1/build/ethercat_msgs -- -j15 -l15
[1.141s] [  0%] Built target ament_cmake_python_symlink_ethercat_msgs
[1.155s] [  2%] Built target ethercat_msgs__cpp
[1.737s] running egg_info
[1.738s] writing ethercat_msgs.egg-info/PKG-INFO
[1.738s] writing dependency_links to ethercat_msgs.egg-info/dependency_links.txt
[1.738s] writing top-level names to ethercat_msgs.egg-info/top_level.txt
[1.751s] reading manifest file 'ethercat_msgs.egg-info/SOURCES.txt'
[1.753s] writing manifest file 'ethercat_msgs.egg-info/SOURCES.txt'
[1.778s] [  2%] Built target ament_cmake_python_build_ethercat_msgs_egg
[1.803s] [ 12%] Built target ethercat_msgs__rosidl_generator_c
[1.935s] [ 33%] Built target ethercat_msgs__rosidl_typesupport_introspection_cpp
[1.935s] [ 33%] Built target ethercat_msgs__rosidl_typesupport_cpp
[1.941s] [ 43%] Built target ethercat_msgs__rosidl_typesupport_fastrtps_cpp
[1.942s] [ 53%] Built target ethercat_msgs__rosidl_typesupport_introspection_c
[1.949s] [ 64%] Built target ethercat_msgs__rosidl_typesupport_c
[1.978s] [ 74%] Built target ethercat_msgs__rosidl_typesupport_fastrtps_c
[2.000s] [ 74%] Built target ethercat_msgs
[2.120s] [ 76%] Built target ethercat_msgs__py
[2.251s] [ 84%] Built target ethercat_msgs__rosidl_generator_py
[2.363s] [ 89%] Built target ethercat_msgs__rosidl_typesupport_fastrtps_c__pyext
[2.364s] [ 94%] Built target ethercat_msgs__rosidl_typesupport_introspection_c__pyext
[2.390s] [100%] Built target ethercat_msgs__rosidl_typesupport_c__pyext
[2.647s] Invoked command in '/home/theanh/ros2_ws1/build/ethercat_msgs' returned '0': CMAKE_PREFIX_PATH=${CMAKE_PREFIX_PATH}:/home/theanh/can_example_ws/install/canopen_utils:/home/theanh/mobile_rb_ws/install/nav2_gps_waypoint_follower_demo:/opt/ros/humble /usr/bin/cmake --build /home/theanh/ros2_ws1/build/ethercat_msgs -- -j15 -l15
[2.682s] Invoking command in '/home/theanh/ros2_ws1/build/ethercat_msgs': CMAKE_PREFIX_PATH=${CMAKE_PREFIX_PATH}:/home/theanh/can_example_ws/install/canopen_utils:/home/theanh/mobile_rb_ws/install/nav2_gps_waypoint_follower_demo:/opt/ros/humble /usr/bin/cmake --install /home/theanh/ros2_ws1/build/ethercat_msgs
[2.717s] -- Install configuration: ""
[2.744s] -- Execute custom install script
[2.786s] -- Up-to-date symlink: /home/theanh/ros2_ws1/install/ethercat_msgs/share/ament_index/resource_index/rosidl_interfaces/ethercat_msgs
[2.830s] -- Up-to-date symlink: /home/theanh/ros2_ws1/install/ethercat_msgs/include/ethercat_msgs/ethercat_msgs/msg/rosidl_generator_c__visibility_control.h
[2.837s] -- Up-to-date symlink: /home/theanh/ros2_ws1/install/ethercat_msgs/include/ethercat_msgs/ethercat_msgs/srv/detail/get_sdo__functions.h
[2.838s] -- Up-to-date symlink: /home/theanh/ros2_ws1/install/ethercat_msgs/include/ethercat_msgs/ethercat_msgs/srv/detail/get_sdo__struct.h
[2.840s] -- Up-to-date symlink: /home/theanh/ros2_ws1/install/ethercat_msgs/include/ethercat_msgs/ethercat_msgs/srv/detail/get_sdo__type_support.h
[2.841s] -- Up-to-date symlink: /home/theanh/ros2_ws1/install/ethercat_msgs/include/ethercat_msgs/ethercat_msgs/srv/detail/set_sdo__functions.h
[2.841s] -- Up-to-date symlink: /home/theanh/ros2_ws1/install/ethercat_msgs/include/ethercat_msgs/ethercat_msgs/srv/detail/set_sdo__struct.h
[2.842s] -- Up-to-date symlink: /home/theanh/ros2_ws1/install/ethercat_msgs/include/ethercat_msgs/ethercat_msgs/srv/detail/set_sdo__type_support.h
[2.843s] -- Up-to-date symlink: /home/theanh/ros2_ws1/install/ethercat_msgs/include/ethercat_msgs/ethercat_msgs/srv/get_sdo.h
[2.844s] -- Up-to-date symlink: /home/theanh/ros2_ws1/install/ethercat_msgs/include/ethercat_msgs/ethercat_msgs/srv/set_sdo.h
[2.855s] -- Up-to-date symlink: /home/theanh/ros2_ws1/install/ethercat_msgs/share/ethercat_msgs/environment/library_path.sh
[2.855s] -- Up-to-date symlink: /home/theanh/ros2_ws1/install/ethercat_msgs/share/ethercat_msgs/environment/library_path.dsv
[2.856s] -- Up-to-date symlink: /home/theanh/ros2_ws1/install/ethercat_msgs/include/ethercat_msgs/ethercat_msgs/msg/rosidl_typesupport_fastrtps_c__visibility_control.h
[2.878s] -- Up-to-date symlink: /home/theanh/ros2_ws1/install/ethercat_msgs/include/ethercat_msgs/ethercat_msgs/srv/detail/get_sdo__rosidl_typesupport_fastrtps_c.h
[2.890s] -- Up-to-date symlink: /home/theanh/ros2_ws1/install/ethercat_msgs/include/ethercat_msgs/ethercat_msgs/srv/detail/set_sdo__rosidl_typesupport_fastrtps_c.h
[2.891s] -- Up-to-date symlink: /home/theanh/ros2_ws1/install/ethercat_msgs/include/ethercat_msgs/ethercat_msgs/msg/rosidl_typesupport_introspection_c__visibility_control.h
[2.897s] -- Up-to-date symlink: /home/theanh/ros2_ws1/install/ethercat_msgs/include/ethercat_msgs/ethercat_msgs/srv/detail/get_sdo__rosidl_typesupport_introspection_c.h
[2.898s] -- Up-to-date symlink: /home/theanh/ros2_ws1/install/ethercat_msgs/include/ethercat_msgs/ethercat_msgs/srv/detail/set_sdo__rosidl_typesupport_introspection_c.h
[2.906s] -- Up-to-date symlink: /home/theanh/ros2_ws1/install/ethercat_msgs/include/ethercat_msgs/ethercat_msgs/msg/rosidl_generator_cpp__visibility_control.hpp
[2.908s] -- Up-to-date symlink: /home/theanh/ros2_ws1/install/ethercat_msgs/include/ethercat_msgs/ethercat_msgs/srv/detail/get_sdo__builder.hpp
[2.963s] -- Up-to-date symlink: /home/theanh/ros2_ws1/install/ethercat_msgs/include/ethercat_msgs/ethercat_msgs/srv/detail/get_sdo__struct.hpp
[2.963s] -- Up-to-date symlink: /home/theanh/ros2_ws1/install/ethercat_msgs/include/ethercat_msgs/ethercat_msgs/srv/detail/get_sdo__traits.hpp
[2.964s] -- Up-to-date symlink: /home/theanh/ros2_ws1/install/ethercat_msgs/include/ethercat_msgs/ethercat_msgs/srv/detail/get_sdo__type_support.hpp
[2.976s] -- Up-to-date symlink: /home/theanh/ros2_ws1/install/ethercat_msgs/include/ethercat_msgs/ethercat_msgs/srv/detail/set_sdo__builder.hpp
[2.977s] -- Up-to-date symlink: /home/theanh/ros2_ws1/install/ethercat_msgs/include/ethercat_msgs/ethercat_msgs/srv/detail/set_sdo__struct.hpp
[2.977s] -- Up-to-date symlink: /home/theanh/ros2_ws1/install/ethercat_msgs/include/ethercat_msgs/ethercat_msgs/srv/detail/set_sdo__traits.hpp
[3.000s] -- Up-to-date symlink: /home/theanh/ros2_ws1/install/ethercat_msgs/include/ethercat_msgs/ethercat_msgs/srv/detail/set_sdo__type_support.hpp
[3.000s] -- Up-to-date symlink: /home/theanh/ros2_ws1/install/ethercat_msgs/include/ethercat_msgs/ethercat_msgs/srv/get_sdo.hpp
[3.001s] -- Up-to-date symlink: /home/theanh/ros2_ws1/install/ethercat_msgs/include/ethercat_msgs/ethercat_msgs/srv/set_sdo.hpp
[3.001s] -- Up-to-date symlink: /home/theanh/ros2_ws1/install/ethercat_msgs/include/ethercat_msgs/ethercat_msgs/msg/rosidl_typesupport_fastrtps_cpp__visibility_control.h
[3.002s] -- Up-to-date symlink: /home/theanh/ros2_ws1/install/ethercat_msgs/include/ethercat_msgs/ethercat_msgs/srv/detail/get_sdo__rosidl_typesupport_fastrtps_cpp.hpp
[3.002s] -- Up-to-date symlink: /home/theanh/ros2_ws1/install/ethercat_msgs/include/ethercat_msgs/ethercat_msgs/srv/detail/set_sdo__rosidl_typesupport_fastrtps_cpp.hpp
[3.003s] -- Up-to-date symlink: /home/theanh/ros2_ws1/install/ethercat_msgs/include/ethercat_msgs/ethercat_msgs/srv/detail/get_sdo__rosidl_typesupport_introspection_cpp.hpp
[3.004s] -- Up-to-date symlink: /home/theanh/ros2_ws1/install/ethercat_msgs/include/ethercat_msgs/ethercat_msgs/srv/detail/set_sdo__rosidl_typesupport_introspection_cpp.hpp
[3.004s] -- Up-to-date symlink: /home/theanh/ros2_ws1/install/ethercat_msgs/share/ethercat_msgs/environment/pythonpath.sh
[3.004s] -- Up-to-date symlink: /home/theanh/ros2_ws1/install/ethercat_msgs/share/ethercat_msgs/environment/pythonpath.dsv
[3.067s] -- Up-to-date symlink: /home/theanh/ros2_ws1/install/ethercat_msgs/local/lib/python3.10/dist-packages/ethercat_msgs-1.2.0-py3.10.egg-info/PKG-INFO
[3.069s] -- Up-to-date symlink: /home/theanh/ros2_ws1/install/ethercat_msgs/local/lib/python3.10/dist-packages/ethercat_msgs-1.2.0-py3.10.egg-info/SOURCES.txt
[3.069s] -- Up-to-date symlink: /home/theanh/ros2_ws1/install/ethercat_msgs/local/lib/python3.10/dist-packages/ethercat_msgs-1.2.0-py3.10.egg-info/dependency_links.txt
[3.069s] -- Up-to-date symlink: /home/theanh/ros2_ws1/install/ethercat_msgs/local/lib/python3.10/dist-packages/ethercat_msgs-1.2.0-py3.10.egg-info/top_level.txt
[3.070s] -- Up-to-date symlink: /home/theanh/ros2_ws1/install/ethercat_msgs/local/lib/python3.10/dist-packages/ethercat_msgs/__init__.py
[3.071s] -- Up-to-date symlink: /home/theanh/ros2_ws1/install/ethercat_msgs/local/lib/python3.10/dist-packages/ethercat_msgs/_ethercat_msgs_s.ep.rosidl_typesupport_c.c
[3.071s] -- Up-to-date symlink: /home/theanh/ros2_ws1/install/ethercat_msgs/local/lib/python3.10/dist-packages/ethercat_msgs/_ethercat_msgs_s.ep.rosidl_typesupport_fastrtps_c.c
[3.071s] -- Up-to-date symlink: /home/theanh/ros2_ws1/install/ethercat_msgs/local/lib/python3.10/dist-packages/ethercat_msgs/_ethercat_msgs_s.ep.rosidl_typesupport_introspection_c.c
[3.071s] -- Up-to-date symlink: /home/theanh/ros2_ws1/install/ethercat_msgs/local/lib/python3.10/dist-packages/ethercat_msgs/ethercat_msgs_s__rosidl_typesupport_c.cpython-310-x86_64-linux-gnu.so
[3.072s] -- Up-to-date symlink: /home/theanh/ros2_ws1/install/ethercat_msgs/local/lib/python3.10/dist-packages/ethercat_msgs/ethercat_msgs_s__rosidl_typesupport_fastrtps_c.cpython-310-x86_64-linux-gnu.so
[3.072s] -- Up-to-date symlink: /home/theanh/ros2_ws1/install/ethercat_msgs/local/lib/python3.10/dist-packages/ethercat_msgs/ethercat_msgs_s__rosidl_typesupport_introspection_c.cpython-310-x86_64-linux-gnu.so
[3.072s] -- Up-to-date symlink: /home/theanh/ros2_ws1/install/ethercat_msgs/local/lib/python3.10/dist-packages/ethercat_msgs/libethercat_msgs__rosidl_generator_py.so
[3.073s] -- Up-to-date symlink: /home/theanh/ros2_ws1/install/ethercat_msgs/local/lib/python3.10/dist-packages/ethercat_msgs/srv/__init__.py
[3.073s] -- Up-to-date symlink: /home/theanh/ros2_ws1/install/ethercat_msgs/local/lib/python3.10/dist-packages/ethercat_msgs/srv/_get_sdo.py
[3.073s] -- Up-to-date symlink: /home/theanh/ros2_ws1/install/ethercat_msgs/local/lib/python3.10/dist-packages/ethercat_msgs/srv/_get_sdo_s.c
[3.074s] -- Up-to-date symlink: /home/theanh/ros2_ws1/install/ethercat_msgs/local/lib/python3.10/dist-packages/ethercat_msgs/srv/_set_sdo.py
[3.074s] -- Up-to-date symlink: /home/theanh/ros2_ws1/install/ethercat_msgs/local/lib/python3.10/dist-packages/ethercat_msgs/srv/_set_sdo_s.c
[3.074s] -- Up-to-date symlink: /home/theanh/ros2_ws1/install/ethercat_msgs/local/lib/python3.10/dist-packages/ethercat_msgs/ethercat_msgs_s__rosidl_typesupport_fastrtps_c.cpython-310-x86_64-linux-gnu.so
[3.075s] -- Up-to-date symlink: /home/theanh/ros2_ws1/install/ethercat_msgs/local/lib/python3.10/dist-packages/ethercat_msgs/ethercat_msgs_s__rosidl_typesupport_introspection_c.cpython-310-x86_64-linux-gnu.so
[3.075s] -- Up-to-date symlink: /home/theanh/ros2_ws1/install/ethercat_msgs/local/lib/python3.10/dist-packages/ethercat_msgs/ethercat_msgs_s__rosidl_typesupport_c.cpython-310-x86_64-linux-gnu.so
[3.076s] -- Up-to-date symlink: /home/theanh/ros2_ws1/install/ethercat_msgs/share/ethercat_msgs/srv/SetSdo.idl
[3.076s] -- Up-to-date symlink: /home/theanh/ros2_ws1/install/ethercat_msgs/share/ethercat_msgs/srv/GetSdo.idl
[3.077s] -- Up-to-date symlink: /home/theanh/ros2_ws1/install/ethercat_msgs/share/ethercat_msgs/srv/SetSdo.srv
[3.077s] -- Up-to-date symlink: /home/theanh/ros2_ws1/install/ethercat_msgs/share/ethercat_msgs/srv/SetSdo_Request.msg
[3.077s] -- Up-to-date symlink: /home/theanh/ros2_ws1/install/ethercat_msgs/share/ethercat_msgs/srv/SetSdo_Response.msg
[3.078s] -- Up-to-date symlink: /home/theanh/ros2_ws1/install/ethercat_msgs/share/ethercat_msgs/srv/GetSdo.srv
[3.078s] -- Up-to-date symlink: /home/theanh/ros2_ws1/install/ethercat_msgs/share/ethercat_msgs/srv/GetSdo_Request.msg
[3.127s] -- Up-to-date symlink: /home/theanh/ros2_ws1/install/ethercat_msgs/share/ethercat_msgs/srv/GetSdo_Response.msg
[3.129s] -- Up-to-date symlink: /home/theanh/ros2_ws1/install/ethercat_msgs/share/ament_index/resource_index/package_run_dependencies/ethercat_msgs
[3.131s] -- Up-to-date symlink: /home/theanh/ros2_ws1/install/ethercat_msgs/share/ament_index/resource_index/parent_prefix_path/ethercat_msgs
[3.139s] -- Up-to-date symlink: /home/theanh/ros2_ws1/install/ethercat_msgs/share/ethercat_msgs/environment/ament_prefix_path.sh
[3.140s] -- Up-to-date symlink: /home/theanh/ros2_ws1/install/ethercat_msgs/share/ethercat_msgs/environment/ament_prefix_path.dsv
[3.153s] -- Up-to-date symlink: /home/theanh/ros2_ws1/install/ethercat_msgs/share/ethercat_msgs/environment/path.sh
[3.154s] -- Up-to-date symlink: /home/theanh/ros2_ws1/install/ethercat_msgs/share/ethercat_msgs/environment/path.dsv
[3.163s] -- Up-to-date symlink: /home/theanh/ros2_ws1/install/ethercat_msgs/share/ethercat_msgs/local_setup.bash
[3.164s] -- Up-to-date symlink: /home/theanh/ros2_ws1/install/ethercat_msgs/share/ethercat_msgs/local_setup.sh
[3.165s] -- Up-to-date symlink: /home/theanh/ros2_ws1/install/ethercat_msgs/share/ethercat_msgs/local_setup.zsh
[3.165s] -- Up-to-date symlink: /home/theanh/ros2_ws1/install/ethercat_msgs/share/ethercat_msgs/local_setup.dsv
[3.165s] -- Symlinking: /home/theanh/ros2_ws1/install/ethercat_msgs/share/ethercat_msgs/package.dsv
[3.178s] -- Up-to-date symlink: /home/theanh/ros2_ws1/install/ethercat_msgs/share/ament_index/resource_index/packages/ethercat_msgs
[3.189s] -- Up-to-date symlink: /home/theanh/ros2_ws1/install/ethercat_msgs/share/ethercat_msgs/cmake/rosidl_cmake-extras.cmake
[3.190s] -- Up-to-date symlink: /home/theanh/ros2_ws1/install/ethercat_msgs/share/ethercat_msgs/cmake/ament_cmake_export_include_directories-extras.cmake
[3.197s] -- Up-to-date symlink: /home/theanh/ros2_ws1/install/ethercat_msgs/share/ethercat_msgs/cmake/ament_cmake_export_libraries-extras.cmake
[3.213s] -- Up-to-date symlink: /home/theanh/ros2_ws1/install/ethercat_msgs/share/ethercat_msgs/cmake/ament_cmake_export_targets-extras.cmake
[3.213s] -- Up-to-date symlink: /home/theanh/ros2_ws1/install/ethercat_msgs/share/ethercat_msgs/cmake/rosidl_cmake_export_typesupport_targets-extras.cmake
[3.214s] -- Up-to-date symlink: /home/theanh/ros2_ws1/install/ethercat_msgs/share/ethercat_msgs/cmake/ament_cmake_export_dependencies-extras.cmake
[3.228s] -- Up-to-date symlink: /home/theanh/ros2_ws1/install/ethercat_msgs/share/ethercat_msgs/cmake/rosidl_cmake_export_typesupport_libraries-extras.cmake
[3.230s] -- Up-to-date symlink: /home/theanh/ros2_ws1/install/ethercat_msgs/share/ethercat_msgs/cmake/ethercat_msgsConfig.cmake
[3.230s] -- Up-to-date symlink: /home/theanh/ros2_ws1/install/ethercat_msgs/share/ethercat_msgs/cmake/ethercat_msgsConfig-version.cmake
[3.231s] -- Up-to-date symlink: /home/theanh/ros2_ws1/install/ethercat_msgs/share/ethercat_msgs/package.xml
[3.246s] -- Up-to-date: /home/theanh/ros2_ws1/install/ethercat_msgs/lib/libethercat_msgs__rosidl_generator_c.so
[3.261s] -- Up-to-date: /home/theanh/ros2_ws1/install/ethercat_msgs/lib/libethercat_msgs__rosidl_typesupport_fastrtps_c.so
[3.262s] -- Up-to-date: /home/theanh/ros2_ws1/install/ethercat_msgs/lib/libethercat_msgs__rosidl_typesupport_introspection_c.so
[3.262s] -- Up-to-date: /home/theanh/ros2_ws1/install/ethercat_msgs/lib/libethercat_msgs__rosidl_typesupport_c.so
[3.263s] -- Up-to-date: /home/theanh/ros2_ws1/install/ethercat_msgs/lib/libethercat_msgs__rosidl_typesupport_fastrtps_cpp.so
[3.264s] -- Up-to-date: /home/theanh/ros2_ws1/install/ethercat_msgs/lib/libethercat_msgs__rosidl_typesupport_introspection_cpp.so
[3.265s] -- Up-to-date: /home/theanh/ros2_ws1/install/ethercat_msgs/lib/libethercat_msgs__rosidl_typesupport_cpp.so
[3.404s] Listing '/home/theanh/ros2_ws1/install/ethercat_msgs/local/lib/python3.10/dist-packages/ethercat_msgs'...
[3.404s] Listing '/home/theanh/ros2_ws1/install/ethercat_msgs/local/lib/python3.10/dist-packages/ethercat_msgs/srv'...
[3.437s] -- Up-to-date: /home/theanh/ros2_ws1/install/ethercat_msgs/lib/libethercat_msgs__rosidl_generator_py.so
[3.440s] -- Up-to-date: /home/theanh/ros2_ws1/install/ethercat_msgs/share/ethercat_msgs/cmake/export_ethercat_msgs__rosidl_generator_cExport.cmake
[3.440s] -- Up-to-date: /home/theanh/ros2_ws1/install/ethercat_msgs/share/ethercat_msgs/cmake/export_ethercat_msgs__rosidl_generator_cExport-noconfig.cmake
[3.441s] -- Up-to-date: /home/theanh/ros2_ws1/install/ethercat_msgs/share/ethercat_msgs/cmake/export_ethercat_msgs__rosidl_typesupport_fastrtps_cExport.cmake
[3.441s] -- Up-to-date: /home/theanh/ros2_ws1/install/ethercat_msgs/share/ethercat_msgs/cmake/export_ethercat_msgs__rosidl_typesupport_fastrtps_cExport-noconfig.cmake
[3.442s] -- Up-to-date: /home/theanh/ros2_ws1/install/ethercat_msgs/share/ethercat_msgs/cmake/ethercat_msgs__rosidl_typesupport_introspection_cExport.cmake
[3.442s] -- Up-to-date: /home/theanh/ros2_ws1/install/ethercat_msgs/share/ethercat_msgs/cmake/ethercat_msgs__rosidl_typesupport_introspection_cExport-noconfig.cmake
[3.443s] -- Up-to-date: /home/theanh/ros2_ws1/install/ethercat_msgs/share/ethercat_msgs/cmake/ethercat_msgs__rosidl_typesupport_cExport.cmake
[3.443s] -- Up-to-date: /home/theanh/ros2_ws1/install/ethercat_msgs/share/ethercat_msgs/cmake/ethercat_msgs__rosidl_typesupport_cExport-noconfig.cmake
[3.458s] -- Up-to-date: /home/theanh/ros2_ws1/install/ethercat_msgs/share/ethercat_msgs/cmake/export_ethercat_msgs__rosidl_generator_cppExport.cmake
[3.459s] -- Up-to-date: /home/theanh/ros2_ws1/install/ethercat_msgs/share/ethercat_msgs/cmake/export_ethercat_msgs__rosidl_typesupport_fastrtps_cppExport.cmake
[3.459s] -- Up-to-date: /home/theanh/ros2_ws1/install/ethercat_msgs/share/ethercat_msgs/cmake/export_ethercat_msgs__rosidl_typesupport_fastrtps_cppExport-noconfig.cmake
[3.459s] -- Up-to-date: /home/theanh/ros2_ws1/install/ethercat_msgs/share/ethercat_msgs/cmake/ethercat_msgs__rosidl_typesupport_introspection_cppExport.cmake
[3.460s] -- Up-to-date: /home/theanh/ros2_ws1/install/ethercat_msgs/share/ethercat_msgs/cmake/ethercat_msgs__rosidl_typesupport_introspection_cppExport-noconfig.cmake
[3.460s] -- Up-to-date: /home/theanh/ros2_ws1/install/ethercat_msgs/share/ethercat_msgs/cmake/ethercat_msgs__rosidl_typesupport_cppExport.cmake
[3.460s] -- Up-to-date: /home/theanh/ros2_ws1/install/ethercat_msgs/share/ethercat_msgs/cmake/ethercat_msgs__rosidl_typesupport_cppExport-noconfig.cmake
[3.461s] -- Up-to-date: /home/theanh/ros2_ws1/install/ethercat_msgs/share/ethercat_msgs/cmake/export_ethercat_msgs__rosidl_generator_pyExport.cmake
[3.461s] -- Up-to-date: /home/theanh/ros2_ws1/install/ethercat_msgs/share/ethercat_msgs/cmake/export_ethercat_msgs__rosidl_generator_pyExport-noconfig.cmake
[3.464s] Invoked command in '/home/theanh/ros2_ws1/build/ethercat_msgs' returned '0': CMAKE_PREFIX_PATH=${CMAKE_PREFIX_PATH}:/home/theanh/can_example_ws/install/canopen_utils:/home/theanh/mobile_rb_ws/install/nav2_gps_waypoint_follower_demo:/opt/ros/humble /usr/bin/cmake --install /home/theanh/ros2_ws1/build/ethercat_msgs
