[0.019s] Invoking command in '/home/theanh/ros2_ws1/build/ethercat_msgs': CMAKE_PREFIX_PATH=${CMAKE_PREFIX_PATH}:/home/theanh/can_example_ws/install/canopen_utils:/home/theanh/mobile_rb_ws/install/nav2_gps_waypoint_follower_demo:/opt/ros/humble /usr/bin/cmake /home/theanh/ros2_ws1/src/ethercat_driver_ros2/ethercat_msgs -DAMENT_CMAKE_SYMLINK_INSTALL=1 -DCMAKE_INSTALL_PREFIX=/home/theanh/ros2_ws1/install/ethercat_msgs
[1.140s] -- The C compiler identification is GNU 11.4.0
[1.939s] -- The CXX compiler identification is GNU 11.4.0
[1.948s] -- Detecting C compiler ABI info
[2.088s] -- Detecting C compiler ABI info - done
[2.094s] -- Check for working C compiler: /usr/bin/cc - skipped
[2.095s] -- Detecting C compile features
[2.119s] -- Detecting C compile features - done
[2.137s] -- Detecting CXX compiler ABI info
[2.260s] -- Detecting CXX compiler ABI info - done
[2.266s] -- Check for working CXX compiler: /usr/bin/c++ - skipped
[2.267s] -- Detecting CXX compile features
[2.267s] -- Detecting CXX compile features - done
[2.366s] -- Found ament_cmake: 1.3.13 (/opt/ros/humble/share/ament_cmake/cmake)
[2.619s] -- Found Python3: /usr/bin/python3 (found version "3.10.12") found components: Interpreter 
[2.741s] -- Override CMake install command with custom implementation using symlinks instead of copying resources
[2.964s] -- Found rosidl_default_generators: 1.2.0 (/opt/ros/humble/share/rosidl_default_generators/cmake)
[3.245s] -- Using all available rosidl_typesupport_c: rosidl_typesupport_fastrtps_c;rosidl_typesupport_introspection_c
[3.372s] -- Found rosidl_adapter: 3.1.8 (/opt/ros/humble/share/rosidl_adapter/cmake)
[3.590s] -- Using all available rosidl_typesupport_cpp: rosidl_typesupport_fastrtps_cpp;rosidl_typesupport_introspection_cpp
[3.878s] -- Found ament_cmake_ros: 0.10.0 (/opt/ros/humble/share/ament_cmake_ros/cmake)
[4.033s] -- Using all available rosidl_typesupport_c: rosidl_typesupport_fastrtps_c;rosidl_typesupport_introspection_c
[4.246s] -- Using all available rosidl_typesupport_cpp: rosidl_typesupport_fastrtps_cpp;rosidl_typesupport_introspection_cpp
[4.267s] -- Found PythonInterp: /usr/bin/python3 (found suitable version "3.10.12", minimum required is "3.6") 
[4.271s] -- Found python_cmake_module: 0.10.0 (/opt/ros/humble/share/python_cmake_module/cmake)
[4.334s] -- Found PythonLibs: /usr/lib/x86_64-linux-gnu/libpython3.10.so (found suitable version "3.10.12", minimum required is "3.5") 
[4.334s] -- Using PYTHON_EXECUTABLE: /usr/bin/python3
[4.334s] -- Using PYTHON_INCLUDE_DIRS: /usr/include/python3.10
[4.334s] -- Using PYTHON_LIBRARIES: /usr/lib/x86_64-linux-gnu/libpython3.10.so
[4.353s] -- Found PythonExtra: .so  
[4.393s] -- Found ament_lint_auto: 0.12.15 (/opt/ros/humble/share/ament_lint_auto/cmake)
[4.402s] -- Configuring done
[4.426s] -- Generating done
[4.433s] -- Build files have been written to: /home/theanh/ros2_ws1/build/ethercat_msgs
[4.442s] Invoked command in '/home/theanh/ros2_ws1/build/ethercat_msgs' returned '0': CMAKE_PREFIX_PATH=${CMAKE_PREFIX_PATH}:/home/theanh/can_example_ws/install/canopen_utils:/home/theanh/mobile_rb_ws/install/nav2_gps_waypoint_follower_demo:/opt/ros/humble /usr/bin/cmake /home/theanh/ros2_ws1/src/ethercat_driver_ros2/ethercat_msgs -DAMENT_CMAKE_SYMLINK_INSTALL=1 -DCMAKE_INSTALL_PREFIX=/home/theanh/ros2_ws1/install/ethercat_msgs
[4.443s] Invoking command in '/home/theanh/ros2_ws1/build/ethercat_msgs': CMAKE_PREFIX_PATH=${CMAKE_PREFIX_PATH}:/home/theanh/can_example_ws/install/canopen_utils:/home/theanh/mobile_rb_ws/install/nav2_gps_waypoint_follower_demo:/opt/ros/humble /usr/bin/cmake --build /home/theanh/ros2_ws1/build/ethercat_msgs -- -j16 -l16
[4.484s] [  2%] [34m[1mGenerating C code for ROS interfaces[0m
[4.494s] [  5%] [34m[1mGenerating C++ code for ROS interfaces[0m
[4.502s] [  5%] Built target ament_cmake_python_symlink_ethercat_msgs
[4.753s] running egg_info
[4.753s] creating ethercat_msgs.egg-info
[4.754s] writing ethercat_msgs.egg-info/PKG-INFO
[4.754s] writing dependency_links to ethercat_msgs.egg-info/dependency_links.txt
[4.754s] writing top-level names to ethercat_msgs.egg-info/top_level.txt
[4.754s] writing manifest file 'ethercat_msgs.egg-info/SOURCES.txt'
[4.756s] reading manifest file 'ethercat_msgs.egg-info/SOURCES.txt'
[4.756s] writing manifest file 'ethercat_msgs.egg-info/SOURCES.txt'
[4.783s] [  5%] Built target ament_cmake_python_build_ethercat_msgs_egg
[4.823s] [  5%] Built target ethercat_msgs__cpp
[4.827s] [  7%] [32mBuilding C object CMakeFiles/ethercat_msgs__rosidl_generator_c.dir/rosidl_generator_c/ethercat_msgs/srv/detail/set_sdo__functions.c.o[0m
[4.827s] [ 10%] [32mBuilding C object CMakeFiles/ethercat_msgs__rosidl_generator_c.dir/rosidl_generator_c/ethercat_msgs/srv/detail/get_sdo__functions.c.o[0m
[4.835s] [ 17%] [34m[1mGenerating C++ type support for eProsima Fast-RTPS[0m
[4.835s] [ 17%] [34m[1mGenerating C++ introspection for ROS interfaces[0m
[4.835s] [ 17%] [34m[1mGenerating C++ type support dispatch for ROS interfaces[0m
[5.092s] [ 23%] [32mBuilding CXX object CMakeFiles/ethercat_msgs__rosidl_typesupport_cpp.dir/rosidl_typesupport_cpp/ethercat_msgs/srv/set_sdo__type_support.cpp.o[0m
[5.092s] [ 23%] [32mBuilding CXX object CMakeFiles/ethercat_msgs__rosidl_typesupport_cpp.dir/rosidl_typesupport_cpp/ethercat_msgs/srv/get_sdo__type_support.cpp.o[0m
[5.109s] [ 25%] [32m[1mLinking C shared library libethercat_msgs__rosidl_generator_c.so[0m
[5.118s] [ 28%] [32mBuilding CXX object CMakeFiles/ethercat_msgs__rosidl_typesupport_introspection_cpp.dir/rosidl_typesupport_introspection_cpp/ethercat_msgs/srv/detail/set_sdo__type_support.cpp.o[0m
[5.118s] [ 30%] [32mBuilding CXX object CMakeFiles/ethercat_msgs__rosidl_typesupport_introspection_cpp.dir/rosidl_typesupport_introspection_cpp/ethercat_msgs/srv/detail/get_sdo__type_support.cpp.o[0m
[5.147s] [ 35%] [32mBuilding CXX object CMakeFiles/ethercat_msgs__rosidl_typesupport_fastrtps_cpp.dir/rosidl_typesupport_fastrtps_cpp/ethercat_msgs/srv/detail/dds_fastrtps/get_sdo__type_support.cpp.o[0m
[5.147s] [ 35%] [32mBuilding CXX object CMakeFiles/ethercat_msgs__rosidl_typesupport_fastrtps_cpp.dir/rosidl_typesupport_fastrtps_cpp/ethercat_msgs/srv/detail/dds_fastrtps/set_sdo__type_support.cpp.o[0m
[5.147s] [ 35%] Built target ethercat_msgs__rosidl_generator_c
[5.159s] [ 43%] [34m[1mGenerating C type support for eProsima Fast-RTPS[0m
[5.159s] [ 43%] [34m[1mGenerating C introspection for ROS interfaces[0m
[5.159s] [ 43%] [34m[1mGenerating C type support dispatch for ROS interfaces[0m
[5.398s] [ 48%] [32mBuilding CXX object CMakeFiles/ethercat_msgs__rosidl_typesupport_c.dir/rosidl_typesupport_c/ethercat_msgs/srv/get_sdo__type_support.cpp.o[0m
[5.398s] [ 48%] [32mBuilding CXX object CMakeFiles/ethercat_msgs__rosidl_typesupport_c.dir/rosidl_typesupport_c/ethercat_msgs/srv/set_sdo__type_support.cpp.o[0m
[5.436s] [ 53%] [32mBuilding C object CMakeFiles/ethercat_msgs__rosidl_typesupport_introspection_c.dir/rosidl_typesupport_introspection_c/ethercat_msgs/srv/detail/set_sdo__type_support.c.o[0m
[5.437s] [ 53%] [32mBuilding C object CMakeFiles/ethercat_msgs__rosidl_typesupport_introspection_c.dir/rosidl_typesupport_introspection_c/ethercat_msgs/srv/detail/get_sdo__type_support.c.o[0m
[5.447s] [ 58%] [32mBuilding CXX object CMakeFiles/ethercat_msgs__rosidl_typesupport_fastrtps_c.dir/rosidl_typesupport_fastrtps_c/ethercat_msgs/srv/detail/set_sdo__type_support_c.cpp.o[0m
[5.447s] [ 58%] [32mBuilding CXX object CMakeFiles/ethercat_msgs__rosidl_typesupport_fastrtps_c.dir/rosidl_typesupport_fastrtps_c/ethercat_msgs/srv/detail/get_sdo__type_support_c.cpp.o[0m
[5.857s] [ 61%] [32m[1mLinking C shared library libethercat_msgs__rosidl_typesupport_introspection_c.so[0m
[5.888s] [ 61%] Built target ethercat_msgs__rosidl_typesupport_introspection_c
[5.905s] [ 64%] [32m[1mLinking CXX shared library libethercat_msgs__rosidl_typesupport_c.so[0m
[5.945s] [ 64%] Built target ethercat_msgs__rosidl_typesupport_c
[6.273s] [ 66%] [32m[1mLinking CXX shared library libethercat_msgs__rosidl_typesupport_cpp.so[0m
[6.327s] [ 66%] Built target ethercat_msgs__rosidl_typesupport_cpp
[6.564s] [ 69%] [32m[1mLinking CXX shared library libethercat_msgs__rosidl_typesupport_introspection_cpp.so[0m
[6.570s] [ 71%] [32m[1mLinking CXX shared library libethercat_msgs__rosidl_typesupport_fastrtps_cpp.so[0m
[6.571s] [ 74%] [32m[1mLinking CXX shared library libethercat_msgs__rosidl_typesupport_fastrtps_c.so[0m
[6.628s] [ 74%] Built target ethercat_msgs__rosidl_typesupport_introspection_cpp
[6.647s] [ 74%] Built target ethercat_msgs__rosidl_typesupport_fastrtps_cpp
[6.647s] [ 74%] Built target ethercat_msgs__rosidl_typesupport_fastrtps_c
[6.668s] [ 74%] Built target ethercat_msgs
[6.692s] [ 76%] [34m[1mGenerating Python code for ROS interfaces[0m
[7.159s] [ 76%] Built target ethercat_msgs__py
[7.186s] [ 79%] [32mBuilding C object CMakeFiles/ethercat_msgs__rosidl_generator_py.dir/rosidl_generator_py/ethercat_msgs/srv/_set_sdo_s.c.o[0m
[7.187s] [ 82%] [32mBuilding C object CMakeFiles/ethercat_msgs__rosidl_generator_py.dir/rosidl_generator_py/ethercat_msgs/srv/_get_sdo_s.c.o[0m
[7.528s] [ 84%] [32m[1mLinking C shared library rosidl_generator_py/ethercat_msgs/libethercat_msgs__rosidl_generator_py.so[0m
[7.574s] [ 84%] Built target ethercat_msgs__rosidl_generator_py
[7.602s] [ 92%] [32mBuilding C object CMakeFiles/ethercat_msgs__rosidl_typesupport_fastrtps_c__pyext.dir/rosidl_generator_py/ethercat_msgs/_ethercat_msgs_s.ep.rosidl_typesupport_fastrtps_c.c.o[0m
[7.602s] [ 92%] [32mBuilding C object CMakeFiles/ethercat_msgs__rosidl_typesupport_c__pyext.dir/rosidl_generator_py/ethercat_msgs/_ethercat_msgs_s.ep.rosidl_typesupport_c.c.o[0m
[7.602s] [ 92%] [32mBuilding C object CMakeFiles/ethercat_msgs__rosidl_typesupport_introspection_c__pyext.dir/rosidl_generator_py/ethercat_msgs/_ethercat_msgs_s.ep.rosidl_typesupport_introspection_c.c.o[0m
[7.705s] [ 94%] [32m[1mLinking C shared library rosidl_generator_py/ethercat_msgs/ethercat_msgs_s__rosidl_typesupport_c.cpython-310-x86_64-linux-gnu.so[0m
[7.707s] [100%] [32m[1mLinking C shared library rosidl_generator_py/ethercat_msgs/ethercat_msgs_s__rosidl_typesupport_fastrtps_c.cpython-310-x86_64-linux-gnu.so[0m
[7.707s] [100%] [32m[1mLinking C shared library rosidl_generator_py/ethercat_msgs/ethercat_msgs_s__rosidl_typesupport_introspection_c.cpython-310-x86_64-linux-gnu.so[0m
[7.748s] [100%] Built target ethercat_msgs__rosidl_typesupport_c__pyext
[7.748s] [100%] Built target ethercat_msgs__rosidl_typesupport_introspection_c__pyext
[7.748s] [100%] Built target ethercat_msgs__rosidl_typesupport_fastrtps_c__pyext
[7.764s] Invoked command in '/home/theanh/ros2_ws1/build/ethercat_msgs' returned '0': CMAKE_PREFIX_PATH=${CMAKE_PREFIX_PATH}:/home/theanh/can_example_ws/install/canopen_utils:/home/theanh/mobile_rb_ws/install/nav2_gps_waypoint_follower_demo:/opt/ros/humble /usr/bin/cmake --build /home/theanh/ros2_ws1/build/ethercat_msgs -- -j16 -l16
[7.766s] Invoking command in '/home/theanh/ros2_ws1/build/ethercat_msgs': CMAKE_PREFIX_PATH=${CMAKE_PREFIX_PATH}:/home/theanh/can_example_ws/install/canopen_utils:/home/theanh/mobile_rb_ws/install/nav2_gps_waypoint_follower_demo:/opt/ros/humble /usr/bin/cmake --install /home/theanh/ros2_ws1/build/ethercat_msgs
[7.775s] -- Install configuration: ""
[7.775s] -- Execute custom install script
[7.776s] -- Symlinking: /home/theanh/ros2_ws1/install/ethercat_msgs/share/ament_index/resource_index/rosidl_interfaces/ethercat_msgs
[7.788s] -- Symlinking: /home/theanh/ros2_ws1/install/ethercat_msgs/include/ethercat_msgs/ethercat_msgs/msg/rosidl_generator_c__visibility_control.h
[7.799s] -- Symlinking: /home/theanh/ros2_ws1/install/ethercat_msgs/include/ethercat_msgs/ethercat_msgs/srv/detail/get_sdo__functions.h
[7.810s] -- Symlinking: /home/theanh/ros2_ws1/install/ethercat_msgs/include/ethercat_msgs/ethercat_msgs/srv/detail/get_sdo__struct.h
[7.820s] -- Symlinking: /home/theanh/ros2_ws1/install/ethercat_msgs/include/ethercat_msgs/ethercat_msgs/srv/detail/get_sdo__type_support.h
[7.832s] -- Symlinking: /home/theanh/ros2_ws1/install/ethercat_msgs/include/ethercat_msgs/ethercat_msgs/srv/detail/set_sdo__functions.h
[7.843s] -- Symlinking: /home/theanh/ros2_ws1/install/ethercat_msgs/include/ethercat_msgs/ethercat_msgs/srv/detail/set_sdo__struct.h
[7.854s] -- Symlinking: /home/theanh/ros2_ws1/install/ethercat_msgs/include/ethercat_msgs/ethercat_msgs/srv/detail/set_sdo__type_support.h
[7.864s] -- Symlinking: /home/theanh/ros2_ws1/install/ethercat_msgs/include/ethercat_msgs/ethercat_msgs/srv/get_sdo.h
[7.875s] -- Symlinking: /home/theanh/ros2_ws1/install/ethercat_msgs/include/ethercat_msgs/ethercat_msgs/srv/set_sdo.h
[7.886s] -- Symlinking: /home/theanh/ros2_ws1/install/ethercat_msgs/share/ethercat_msgs/environment/library_path.sh
[7.897s] -- Symlinking: /home/theanh/ros2_ws1/install/ethercat_msgs/share/ethercat_msgs/environment/library_path.dsv
[7.908s] -- Symlinking: /home/theanh/ros2_ws1/install/ethercat_msgs/include/ethercat_msgs/ethercat_msgs/msg/rosidl_typesupport_fastrtps_c__visibility_control.h
[7.918s] -- Symlinking: /home/theanh/ros2_ws1/install/ethercat_msgs/include/ethercat_msgs/ethercat_msgs/srv/detail/get_sdo__rosidl_typesupport_fastrtps_c.h
[7.930s] -- Symlinking: /home/theanh/ros2_ws1/install/ethercat_msgs/include/ethercat_msgs/ethercat_msgs/srv/detail/set_sdo__rosidl_typesupport_fastrtps_c.h
[7.941s] -- Symlinking: /home/theanh/ros2_ws1/install/ethercat_msgs/include/ethercat_msgs/ethercat_msgs/msg/rosidl_typesupport_introspection_c__visibility_control.h
[7.951s] -- Symlinking: /home/theanh/ros2_ws1/install/ethercat_msgs/include/ethercat_msgs/ethercat_msgs/srv/detail/get_sdo__rosidl_typesupport_introspection_c.h
[7.961s] -- Symlinking: /home/theanh/ros2_ws1/install/ethercat_msgs/include/ethercat_msgs/ethercat_msgs/srv/detail/set_sdo__rosidl_typesupport_introspection_c.h
[7.971s] -- Symlinking: /home/theanh/ros2_ws1/install/ethercat_msgs/include/ethercat_msgs/ethercat_msgs/msg/rosidl_generator_cpp__visibility_control.hpp
[7.981s] -- Symlinking: /home/theanh/ros2_ws1/install/ethercat_msgs/include/ethercat_msgs/ethercat_msgs/srv/detail/get_sdo__builder.hpp
[7.990s] -- Symlinking: /home/theanh/ros2_ws1/install/ethercat_msgs/include/ethercat_msgs/ethercat_msgs/srv/detail/get_sdo__struct.hpp
[7.999s] -- Symlinking: /home/theanh/ros2_ws1/install/ethercat_msgs/include/ethercat_msgs/ethercat_msgs/srv/detail/get_sdo__traits.hpp
[8.008s] -- Symlinking: /home/theanh/ros2_ws1/install/ethercat_msgs/include/ethercat_msgs/ethercat_msgs/srv/detail/get_sdo__type_support.hpp
[8.018s] -- Symlinking: /home/theanh/ros2_ws1/install/ethercat_msgs/include/ethercat_msgs/ethercat_msgs/srv/detail/set_sdo__builder.hpp
[8.028s] -- Symlinking: /home/theanh/ros2_ws1/install/ethercat_msgs/include/ethercat_msgs/ethercat_msgs/srv/detail/set_sdo__struct.hpp
[8.037s] -- Symlinking: /home/theanh/ros2_ws1/install/ethercat_msgs/include/ethercat_msgs/ethercat_msgs/srv/detail/set_sdo__traits.hpp
[8.047s] -- Symlinking: /home/theanh/ros2_ws1/install/ethercat_msgs/include/ethercat_msgs/ethercat_msgs/srv/detail/set_sdo__type_support.hpp
[8.056s] -- Symlinking: /home/theanh/ros2_ws1/install/ethercat_msgs/include/ethercat_msgs/ethercat_msgs/srv/get_sdo.hpp
[8.066s] -- Symlinking: /home/theanh/ros2_ws1/install/ethercat_msgs/include/ethercat_msgs/ethercat_msgs/srv/set_sdo.hpp
[8.080s] -- Symlinking: /home/theanh/ros2_ws1/install/ethercat_msgs/include/ethercat_msgs/ethercat_msgs/msg/rosidl_typesupport_fastrtps_cpp__visibility_control.h
[8.090s] -- Symlinking: /home/theanh/ros2_ws1/install/ethercat_msgs/include/ethercat_msgs/ethercat_msgs/srv/detail/get_sdo__rosidl_typesupport_fastrtps_cpp.hpp
[8.100s] -- Symlinking: /home/theanh/ros2_ws1/install/ethercat_msgs/include/ethercat_msgs/ethercat_msgs/srv/detail/set_sdo__rosidl_typesupport_fastrtps_cpp.hpp
[8.109s] -- Symlinking: /home/theanh/ros2_ws1/install/ethercat_msgs/include/ethercat_msgs/ethercat_msgs/srv/detail/get_sdo__rosidl_typesupport_introspection_cpp.hpp
[8.118s] -- Symlinking: /home/theanh/ros2_ws1/install/ethercat_msgs/include/ethercat_msgs/ethercat_msgs/srv/detail/set_sdo__rosidl_typesupport_introspection_cpp.hpp
[8.127s] -- Symlinking: /home/theanh/ros2_ws1/install/ethercat_msgs/share/ethercat_msgs/environment/pythonpath.sh
[8.136s] -- Symlinking: /home/theanh/ros2_ws1/install/ethercat_msgs/share/ethercat_msgs/environment/pythonpath.dsv
[8.145s] -- Symlinking: /home/theanh/ros2_ws1/install/ethercat_msgs/local/lib/python3.10/dist-packages/ethercat_msgs-1.2.0-py3.10.egg-info/PKG-INFO
[8.154s] -- Symlinking: /home/theanh/ros2_ws1/install/ethercat_msgs/local/lib/python3.10/dist-packages/ethercat_msgs-1.2.0-py3.10.egg-info/SOURCES.txt
[8.163s] -- Symlinking: /home/theanh/ros2_ws1/install/ethercat_msgs/local/lib/python3.10/dist-packages/ethercat_msgs-1.2.0-py3.10.egg-info/dependency_links.txt
[8.172s] -- Symlinking: /home/theanh/ros2_ws1/install/ethercat_msgs/local/lib/python3.10/dist-packages/ethercat_msgs-1.2.0-py3.10.egg-info/top_level.txt
[8.181s] -- Symlinking: /home/theanh/ros2_ws1/install/ethercat_msgs/local/lib/python3.10/dist-packages/ethercat_msgs/__init__.py
[8.189s] -- Symlinking: /home/theanh/ros2_ws1/install/ethercat_msgs/local/lib/python3.10/dist-packages/ethercat_msgs/_ethercat_msgs_s.ep.rosidl_typesupport_c.c
[8.199s] -- Symlinking: /home/theanh/ros2_ws1/install/ethercat_msgs/local/lib/python3.10/dist-packages/ethercat_msgs/_ethercat_msgs_s.ep.rosidl_typesupport_fastrtps_c.c
[8.208s] -- Symlinking: /home/theanh/ros2_ws1/install/ethercat_msgs/local/lib/python3.10/dist-packages/ethercat_msgs/_ethercat_msgs_s.ep.rosidl_typesupport_introspection_c.c
[8.217s] -- Symlinking: /home/theanh/ros2_ws1/install/ethercat_msgs/local/lib/python3.10/dist-packages/ethercat_msgs/ethercat_msgs_s__rosidl_typesupport_c.cpython-310-x86_64-linux-gnu.so
[8.227s] -- Symlinking: /home/theanh/ros2_ws1/install/ethercat_msgs/local/lib/python3.10/dist-packages/ethercat_msgs/ethercat_msgs_s__rosidl_typesupport_fastrtps_c.cpython-310-x86_64-linux-gnu.so
[8.236s] -- Symlinking: /home/theanh/ros2_ws1/install/ethercat_msgs/local/lib/python3.10/dist-packages/ethercat_msgs/ethercat_msgs_s__rosidl_typesupport_introspection_c.cpython-310-x86_64-linux-gnu.so
[8.246s] -- Symlinking: /home/theanh/ros2_ws1/install/ethercat_msgs/local/lib/python3.10/dist-packages/ethercat_msgs/libethercat_msgs__rosidl_generator_py.so
[8.256s] -- Symlinking: /home/theanh/ros2_ws1/install/ethercat_msgs/local/lib/python3.10/dist-packages/ethercat_msgs/srv/__init__.py
[8.265s] -- Symlinking: /home/theanh/ros2_ws1/install/ethercat_msgs/local/lib/python3.10/dist-packages/ethercat_msgs/srv/_get_sdo.py
[8.274s] -- Symlinking: /home/theanh/ros2_ws1/install/ethercat_msgs/local/lib/python3.10/dist-packages/ethercat_msgs/srv/_get_sdo_s.c
[8.283s] -- Symlinking: /home/theanh/ros2_ws1/install/ethercat_msgs/local/lib/python3.10/dist-packages/ethercat_msgs/srv/_set_sdo.py
[8.292s] -- Symlinking: /home/theanh/ros2_ws1/install/ethercat_msgs/local/lib/python3.10/dist-packages/ethercat_msgs/srv/_set_sdo_s.c
[8.301s] -- Up-to-date symlink: /home/theanh/ros2_ws1/install/ethercat_msgs/local/lib/python3.10/dist-packages/ethercat_msgs/ethercat_msgs_s__rosidl_typesupport_fastrtps_c.cpython-310-x86_64-linux-gnu.so
[8.301s] -- Up-to-date symlink: /home/theanh/ros2_ws1/install/ethercat_msgs/local/lib/python3.10/dist-packages/ethercat_msgs/ethercat_msgs_s__rosidl_typesupport_introspection_c.cpython-310-x86_64-linux-gnu.so
[8.302s] -- Up-to-date symlink: /home/theanh/ros2_ws1/install/ethercat_msgs/local/lib/python3.10/dist-packages/ethercat_msgs/ethercat_msgs_s__rosidl_typesupport_c.cpython-310-x86_64-linux-gnu.so
[8.302s] -- Symlinking: /home/theanh/ros2_ws1/install/ethercat_msgs/share/ethercat_msgs/srv/SetSdo.idl
[8.312s] -- Symlinking: /home/theanh/ros2_ws1/install/ethercat_msgs/share/ethercat_msgs/srv/GetSdo.idl
[8.321s] -- Symlinking: /home/theanh/ros2_ws1/install/ethercat_msgs/share/ethercat_msgs/srv/SetSdo.srv
[8.330s] -- Symlinking: /home/theanh/ros2_ws1/install/ethercat_msgs/share/ethercat_msgs/srv/SetSdo_Request.msg
[8.339s] -- Symlinking: /home/theanh/ros2_ws1/install/ethercat_msgs/share/ethercat_msgs/srv/SetSdo_Response.msg
[8.348s] -- Symlinking: /home/theanh/ros2_ws1/install/ethercat_msgs/share/ethercat_msgs/srv/GetSdo.srv
[8.358s] -- Symlinking: /home/theanh/ros2_ws1/install/ethercat_msgs/share/ethercat_msgs/srv/GetSdo_Request.msg
[8.366s] -- Symlinking: /home/theanh/ros2_ws1/install/ethercat_msgs/share/ethercat_msgs/srv/GetSdo_Response.msg
[8.375s] -- Symlinking: /home/theanh/ros2_ws1/install/ethercat_msgs/share/ament_index/resource_index/package_run_dependencies/ethercat_msgs
[8.384s] -- Symlinking: /home/theanh/ros2_ws1/install/ethercat_msgs/share/ament_index/resource_index/parent_prefix_path/ethercat_msgs
[8.392s] -- Symlinking: /home/theanh/ros2_ws1/install/ethercat_msgs/share/ethercat_msgs/environment/ament_prefix_path.sh
[8.402s] -- Symlinking: /home/theanh/ros2_ws1/install/ethercat_msgs/share/ethercat_msgs/environment/ament_prefix_path.dsv
[8.411s] -- Symlinking: /home/theanh/ros2_ws1/install/ethercat_msgs/share/ethercat_msgs/environment/path.sh
[8.420s] -- Symlinking: /home/theanh/ros2_ws1/install/ethercat_msgs/share/ethercat_msgs/environment/path.dsv
[8.429s] -- Symlinking: /home/theanh/ros2_ws1/install/ethercat_msgs/share/ethercat_msgs/local_setup.bash
[8.438s] -- Symlinking: /home/theanh/ros2_ws1/install/ethercat_msgs/share/ethercat_msgs/local_setup.sh
[8.447s] -- Symlinking: /home/theanh/ros2_ws1/install/ethercat_msgs/share/ethercat_msgs/local_setup.zsh
[8.456s] -- Symlinking: /home/theanh/ros2_ws1/install/ethercat_msgs/share/ethercat_msgs/local_setup.dsv
[8.465s] -- Symlinking: /home/theanh/ros2_ws1/install/ethercat_msgs/share/ethercat_msgs/package.dsv
[8.474s] -- Symlinking: /home/theanh/ros2_ws1/install/ethercat_msgs/share/ament_index/resource_index/packages/ethercat_msgs
[8.483s] -- Symlinking: /home/theanh/ros2_ws1/install/ethercat_msgs/share/ethercat_msgs/cmake/rosidl_cmake-extras.cmake
[8.492s] -- Symlinking: /home/theanh/ros2_ws1/install/ethercat_msgs/share/ethercat_msgs/cmake/ament_cmake_export_include_directories-extras.cmake
[8.500s] -- Symlinking: /home/theanh/ros2_ws1/install/ethercat_msgs/share/ethercat_msgs/cmake/ament_cmake_export_libraries-extras.cmake
[8.520s] -- Symlinking: /home/theanh/ros2_ws1/install/ethercat_msgs/share/ethercat_msgs/cmake/ament_cmake_export_targets-extras.cmake
[8.532s] -- Symlinking: /home/theanh/ros2_ws1/install/ethercat_msgs/share/ethercat_msgs/cmake/rosidl_cmake_export_typesupport_targets-extras.cmake
[8.543s] -- Symlinking: /home/theanh/ros2_ws1/install/ethercat_msgs/share/ethercat_msgs/cmake/ament_cmake_export_dependencies-extras.cmake
[8.554s] -- Symlinking: /home/theanh/ros2_ws1/install/ethercat_msgs/share/ethercat_msgs/cmake/rosidl_cmake_export_typesupport_libraries-extras.cmake
[8.564s] -- Symlinking: /home/theanh/ros2_ws1/install/ethercat_msgs/share/ethercat_msgs/cmake/ethercat_msgsConfig.cmake
[8.575s] -- Symlinking: /home/theanh/ros2_ws1/install/ethercat_msgs/share/ethercat_msgs/cmake/ethercat_msgsConfig-version.cmake
[8.584s] -- Symlinking: /home/theanh/ros2_ws1/install/ethercat_msgs/share/ethercat_msgs/package.xml
[8.596s] -- Installing: /home/theanh/ros2_ws1/install/ethercat_msgs/lib/libethercat_msgs__rosidl_generator_c.so
[8.597s] -- Set runtime path of "/home/theanh/ros2_ws1/install/ethercat_msgs/lib/libethercat_msgs__rosidl_generator_c.so" to ""
[8.597s] -- Installing: /home/theanh/ros2_ws1/install/ethercat_msgs/lib/libethercat_msgs__rosidl_typesupport_fastrtps_c.so
[8.598s] -- Set runtime path of "/home/theanh/ros2_ws1/install/ethercat_msgs/lib/libethercat_msgs__rosidl_typesupport_fastrtps_c.so" to ""
[8.598s] -- Installing: /home/theanh/ros2_ws1/install/ethercat_msgs/lib/libethercat_msgs__rosidl_typesupport_introspection_c.so
[8.598s] -- Set runtime path of "/home/theanh/ros2_ws1/install/ethercat_msgs/lib/libethercat_msgs__rosidl_typesupport_introspection_c.so" to ""
[8.598s] -- Installing: /home/theanh/ros2_ws1/install/ethercat_msgs/lib/libethercat_msgs__rosidl_typesupport_c.so
[8.599s] -- Set runtime path of "/home/theanh/ros2_ws1/install/ethercat_msgs/lib/libethercat_msgs__rosidl_typesupport_c.so" to ""
[8.599s] -- Installing: /home/theanh/ros2_ws1/install/ethercat_msgs/lib/libethercat_msgs__rosidl_typesupport_fastrtps_cpp.so
[8.599s] -- Set runtime path of "/home/theanh/ros2_ws1/install/ethercat_msgs/lib/libethercat_msgs__rosidl_typesupport_fastrtps_cpp.so" to ""
[8.599s] -- Installing: /home/theanh/ros2_ws1/install/ethercat_msgs/lib/libethercat_msgs__rosidl_typesupport_introspection_cpp.so
[8.600s] -- Set runtime path of "/home/theanh/ros2_ws1/install/ethercat_msgs/lib/libethercat_msgs__rosidl_typesupport_introspection_cpp.so" to ""
[8.600s] -- Installing: /home/theanh/ros2_ws1/install/ethercat_msgs/lib/libethercat_msgs__rosidl_typesupport_cpp.so
[8.600s] -- Set runtime path of "/home/theanh/ros2_ws1/install/ethercat_msgs/lib/libethercat_msgs__rosidl_typesupport_cpp.so" to ""
[8.640s] Listing '/home/theanh/ros2_ws1/install/ethercat_msgs/local/lib/python3.10/dist-packages/ethercat_msgs'...
[8.640s] Compiling '/home/theanh/ros2_ws1/install/ethercat_msgs/local/lib/python3.10/dist-packages/ethercat_msgs/__init__.py'...
[8.641s] Listing '/home/theanh/ros2_ws1/install/ethercat_msgs/local/lib/python3.10/dist-packages/ethercat_msgs/srv'...
[8.641s] Compiling '/home/theanh/ros2_ws1/install/ethercat_msgs/local/lib/python3.10/dist-packages/ethercat_msgs/srv/__init__.py'...
[8.641s] Compiling '/home/theanh/ros2_ws1/install/ethercat_msgs/local/lib/python3.10/dist-packages/ethercat_msgs/srv/_get_sdo.py'...
[8.641s] Compiling '/home/theanh/ros2_ws1/install/ethercat_msgs/local/lib/python3.10/dist-packages/ethercat_msgs/srv/_set_sdo.py'...
[8.645s] -- Installing: /home/theanh/ros2_ws1/install/ethercat_msgs/lib/libethercat_msgs__rosidl_generator_py.so
[8.646s] -- Set runtime path of "/home/theanh/ros2_ws1/install/ethercat_msgs/lib/libethercat_msgs__rosidl_generator_py.so" to ""
[8.646s] -- Installing: /home/theanh/ros2_ws1/install/ethercat_msgs/share/ethercat_msgs/cmake/export_ethercat_msgs__rosidl_generator_cExport.cmake
[8.646s] -- Installing: /home/theanh/ros2_ws1/install/ethercat_msgs/share/ethercat_msgs/cmake/export_ethercat_msgs__rosidl_generator_cExport-noconfig.cmake
[8.646s] -- Installing: /home/theanh/ros2_ws1/install/ethercat_msgs/share/ethercat_msgs/cmake/export_ethercat_msgs__rosidl_typesupport_fastrtps_cExport.cmake
[8.647s] -- Installing: /home/theanh/ros2_ws1/install/ethercat_msgs/share/ethercat_msgs/cmake/export_ethercat_msgs__rosidl_typesupport_fastrtps_cExport-noconfig.cmake
[8.647s] -- Installing: /home/theanh/ros2_ws1/install/ethercat_msgs/share/ethercat_msgs/cmake/ethercat_msgs__rosidl_typesupport_introspection_cExport.cmake
[8.647s] -- Installing: /home/theanh/ros2_ws1/install/ethercat_msgs/share/ethercat_msgs/cmake/ethercat_msgs__rosidl_typesupport_introspection_cExport-noconfig.cmake
[8.647s] -- Installing: /home/theanh/ros2_ws1/install/ethercat_msgs/share/ethercat_msgs/cmake/ethercat_msgs__rosidl_typesupport_cExport.cmake
[8.647s] -- Installing: /home/theanh/ros2_ws1/install/ethercat_msgs/share/ethercat_msgs/cmake/ethercat_msgs__rosidl_typesupport_cExport-noconfig.cmake
[8.648s] -- Installing: /home/theanh/ros2_ws1/install/ethercat_msgs/share/ethercat_msgs/cmake/export_ethercat_msgs__rosidl_generator_cppExport.cmake
[8.648s] -- Installing: /home/theanh/ros2_ws1/install/ethercat_msgs/share/ethercat_msgs/cmake/export_ethercat_msgs__rosidl_typesupport_fastrtps_cppExport.cmake
[8.648s] -- Installing: /home/theanh/ros2_ws1/install/ethercat_msgs/share/ethercat_msgs/cmake/export_ethercat_msgs__rosidl_typesupport_fastrtps_cppExport-noconfig.cmake
[8.648s] -- Installing: /home/theanh/ros2_ws1/install/ethercat_msgs/share/ethercat_msgs/cmake/ethercat_msgs__rosidl_typesupport_introspection_cppExport.cmake
[8.648s] -- Installing: /home/theanh/ros2_ws1/install/ethercat_msgs/share/ethercat_msgs/cmake/ethercat_msgs__rosidl_typesupport_introspection_cppExport-noconfig.cmake
[8.649s] -- Installing: /home/theanh/ros2_ws1/install/ethercat_msgs/share/ethercat_msgs/cmake/ethercat_msgs__rosidl_typesupport_cppExport.cmake
[8.649s] -- Installing: /home/theanh/ros2_ws1/install/ethercat_msgs/share/ethercat_msgs/cmake/ethercat_msgs__rosidl_typesupport_cppExport-noconfig.cmake
[8.649s] -- Installing: /home/theanh/ros2_ws1/install/ethercat_msgs/share/ethercat_msgs/cmake/export_ethercat_msgs__rosidl_generator_pyExport.cmake
[8.649s] -- Installing: /home/theanh/ros2_ws1/install/ethercat_msgs/share/ethercat_msgs/cmake/export_ethercat_msgs__rosidl_generator_pyExport-noconfig.cmake
[8.652s] Invoked command in '/home/theanh/ros2_ws1/build/ethercat_msgs' returned '0': CMAKE_PREFIX_PATH=${CMAKE_PREFIX_PATH}:/home/theanh/can_example_ws/install/canopen_utils:/home/theanh/mobile_rb_ws/install/nav2_gps_waypoint_follower_demo:/opt/ros/humble /usr/bin/cmake --install /home/theanh/ros2_ws1/build/ethercat_msgs
