[0.016s] Invoking command in '/home/theanh/ros2_ws1/build/ethercat_generic_cia402_drive': CMAKE_PREFIX_PATH=/home/theanh/ros2_ws1/install/ethercat_generic_slave:/home/theanh/ros2_ws1/install/ethercat_interface:/home/theanh/ros2_ws1/install/ros2_qt1_demo:/home/theanh/ros2_ws1/install/ethercat_manager:/home/theanh/ros2_ws1/install/control_one_motor_pkg_ex:/home/theanh/ros2_ws1/install/ethercat_msgs:/home/theanh/ros2_ws1/install/ethercat_generic_cia402_drive:/home/theanh/ros2_ws1/install/ethercat_driver_ros2:/home/theanh/ros2_ws1/install/ethercat_driver:/home/theanh/gui_rviz2_qt5/install/gui_agv:/home/theanh/can_example_ws/install/canopen_tests:/home/theanh/can_example_ws/install/canopen_ros2_controllers:/home/theanh/can_example_ws/install/canopen_ros2_control:/home/theanh/can_example_ws/install/canopen:/home/theanh/can_example_ws/install/canopen_402_driver:/home/theanh/can_example_ws/install/canopen_proxy_driver:/home/theanh/can_example_ws/install/canopen_master_driver:/home/theanh/can_example_ws/install/canopen_fake_slaves:/home/theanh/can_example_ws/install/canopen_base_driver:/home/theanh/can_example_ws/install/canopen_core:/home/theanh/can_example_ws/install/lely_core_libraries:/home/theanh/can_example_ws/install/canopen_interfaces:/home/theanh/agv_test_ws/install/sllidar_ros2:/home/theanh/agv_test_ws/install/agv_test_pkg:/home/theanh/mobile_rb_ws/install/sam_bot_description:/home/theanh/mobile_rb_ws/install/nav2_straightline_planner:/home/theanh/mobile_rb_ws/install/nav2_gradient_costmap_plugin:/home/theanh/mobile_rb_ws/install/nav2_costmap_filters_demo:/home/theanh/mobile_rb_ws/install/custom_nav2_costmap_plugin:/home/theanh/mobile_rb_ws/install/articubot_one:/home/theanh/can_example_ws/install/canopen_utils:/home/theanh/mobile_rb_ws/install/nav2_gps_waypoint_follower_demo:/opt/ros/humble LD_LIBRARY_PATH=/home/theanh/ros2_ws1/install/ethercat_generic_slave/lib:/home/theanh/ros2_ws1/install/ethercat_interface/lib:/home/theanh/ros2_ws1/install/ethercat_manager/lib:/home/theanh/ros2_ws1/install/ethercat_msgs/lib:/home/theanh/ros2_ws1/install/ethercat_generic_cia402_drive/lib:/home/theanh/ros2_ws1/install/ethercat_driver/lib:/home/theanh/can_example_ws/install/canopen_ros2_controllers/lib:/home/theanh/can_example_ws/install/canopen_ros2_control/lib:/home/theanh/can_example_ws/install/canopen_402_driver/lib:/home/theanh/can_example_ws/install/canopen_proxy_driver/lib:/home/theanh/can_example_ws/install/canopen_master_driver/lib:/home/theanh/can_example_ws/install/canopen_base_driver/lib:/home/theanh/can_example_ws/install/canopen_core/lib:/home/theanh/can_example_ws/install/lely_core_libraries/lib:/home/theanh/can_example_ws/install/canopen_interfaces/lib:/home/theanh/mobile_rb_ws/install/nav2_straightline_planner/lib:/home/theanh/mobile_rb_ws/install/nav2_gradient_costmap_plugin/lib:/home/theanh/mobile_rb_ws/install/custom_nav2_costmap_plugin/lib:/usr/lib/x86_64-linux-gnu/gazebo-11/plugins:/opt/ros/humble/opt/rviz_ogre_vendor/lib:/opt/ros/humble/lib/x86_64-linux-gnu:/opt/ros/humble/lib /usr/bin/cmake /home/theanh/ros2_ws1/src/ethercat_driver_ros2/ethercat_generic_plugins/ethercat_generic_cia402_drive -DAMENT_CMAKE_SYMLINK_INSTALL=1 -DCMAKE_INSTALL_PREFIX=/home/theanh/ros2_ws1/install/ethercat_generic_cia402_drive
[0.075s] -- The C compiler identification is GNU 11.4.0
[0.130s] -- The CXX compiler identification is GNU 11.4.0
[0.137s] -- Detecting C compiler ABI info
[0.214s] -- Detecting C compiler ABI info - done
[0.221s] -- Check for working C compiler: /usr/bin/cc - skipped
[0.221s] -- Detecting C compile features
[0.222s] -- Detecting C compile features - done
[0.225s] -- Detecting CXX compiler ABI info
[0.311s] -- Detecting CXX compiler ABI info - done
[0.319s] -- Check for working CXX compiler: /usr/bin/c++ - skipped
[0.319s] -- Detecting CXX compile features
[0.319s] -- Detecting CXX compile features - done
[0.326s] -- Found ament_cmake: 1.3.13 (/opt/ros/humble/share/ament_cmake/cmake)
[0.487s] -- Found Python3: /usr/bin/python3 (found version "3.10.12") found components: Interpreter 
[0.548s] -- Override CMake install command with custom implementation using symlinks instead of copying resources
[0.638s] -- Found ament_cmake_ros: 0.10.0 (/opt/ros/humble/share/ament_cmake_ros/cmake)
[0.660s] -- Found ethercat_interface: 1.2.0 (/home/theanh/ros2_ws1/install/ethercat_interface/share/ethercat_interface/cmake)
[0.759s] -- Found rosidl_generator_c: 3.1.8 (/opt/ros/humble/share/rosidl_generator_c/cmake)
[0.772s] -- Found rosidl_adapter: 3.1.8 (/opt/ros/humble/share/rosidl_adapter/cmake)
[0.789s] -- Found rosidl_generator_cpp: 3.1.8 (/opt/ros/humble/share/rosidl_generator_cpp/cmake)
[0.811s] -- Using all available rosidl_typesupport_c: rosidl_typesupport_fastrtps_c;rosidl_typesupport_introspection_c
[0.841s] -- Using all available rosidl_typesupport_cpp: rosidl_typesupport_fastrtps_cpp;rosidl_typesupport_introspection_cpp
[0.927s] -- Found rmw_implementation_cmake: 6.1.2 (/opt/ros/humble/share/rmw_implementation_cmake/cmake)
[0.935s] -- Found rmw_fastrtps_cpp: 6.2.10 (/opt/ros/humble/share/rmw_fastrtps_cpp/cmake)
[1.063s] -- Found OpenSSL: /usr/lib/x86_64-linux-gnu/libcrypto.so (found version "3.0.2")  
[1.100s] -- Found FastRTPS: /opt/ros/humble/include  
[1.157s] -- Using RMW implementation 'rmw_fastrtps_cpp' as default
[1.178s] -- Looking for pthread.h
[1.258s] -- Looking for pthread.h - found
[1.258s] -- Performing Test CMAKE_HAVE_LIBC_PTHREAD
[1.340s] -- Performing Test CMAKE_HAVE_LIBC_PTHREAD - Success
[1.341s] -- Found Threads: TRUE  
[1.407s] -- Found ethercat_generic_slave: 1.2.0 (/home/theanh/ros2_ws1/install/ethercat_generic_slave/share/ethercat_generic_slave/cmake)
[1.414s] -- Found pluginlib: 5.1.3 (/opt/ros/humble/share/pluginlib/cmake)
[1.466s] -- Found yaml_cpp_vendor: 8.0.2 (/opt/ros/humble/share/yaml_cpp_vendor/cmake)
[1.485s] -- Found ament_lint_auto: 0.12.15 (/opt/ros/humble/share/ament_lint_auto/cmake)
[1.603s] -- Found gmock sources under '/opt/ros/humble/src/gmock_vendor': C++ tests using 'Google Mock' will be built
[1.611s] -- Found gtest sources under '/opt/ros/humble/src/gtest_vendor': C++ tests using 'Google Test' will be built
[1.628s] -- Added test 'copyright' to check source files copyright and LICENSE
[1.629s] -- Added test 'cppcheck' to perform static code analysis on C / C++ code
[1.630s] -- Configured cppcheck include dirs: $<BUILD_INTERFACE:/home/theanh/ros2_ws1/src/ethercat_driver_ros2/ethercat_generic_plugins/ethercat_generic_cia402_drive/include>;/home/theanh/ros2_ws1/src/ethercat_driver_ros2/ethercat_generic_plugins/ethercat_generic_cia402_drive/include
[1.630s] -- Configured cppcheck exclude dirs and/or files: 
[1.632s] -- Added test 'cpplint' to check C / C++ code against the Google style
[1.632s] -- Configured cpplint exclude dirs and/or files: 
[1.633s] -- Added test 'lint_cmake' to check CMake code style
[1.635s] -- Added test 'uncrustify' to check C / C++ code style
[1.635s] -- Configured uncrustify additional arguments: 
[1.636s] -- Added test 'xmllint' to check XML markup files
[1.640s] -- Configuring done
[1.682s] -- Generating done
[1.690s] -- Build files have been written to: /home/theanh/ros2_ws1/build/ethercat_generic_cia402_drive
[1.702s] Invoked command in '/home/theanh/ros2_ws1/build/ethercat_generic_cia402_drive' returned '0': CMAKE_PREFIX_PATH=/home/theanh/ros2_ws1/install/ethercat_generic_slave:/home/theanh/ros2_ws1/install/ethercat_interface:/home/theanh/ros2_ws1/install/ros2_qt1_demo:/home/theanh/ros2_ws1/install/ethercat_manager:/home/theanh/ros2_ws1/install/control_one_motor_pkg_ex:/home/theanh/ros2_ws1/install/ethercat_msgs:/home/theanh/ros2_ws1/install/ethercat_generic_cia402_drive:/home/theanh/ros2_ws1/install/ethercat_driver_ros2:/home/theanh/ros2_ws1/install/ethercat_driver:/home/theanh/gui_rviz2_qt5/install/gui_agv:/home/theanh/can_example_ws/install/canopen_tests:/home/theanh/can_example_ws/install/canopen_ros2_controllers:/home/theanh/can_example_ws/install/canopen_ros2_control:/home/theanh/can_example_ws/install/canopen:/home/theanh/can_example_ws/install/canopen_402_driver:/home/theanh/can_example_ws/install/canopen_proxy_driver:/home/theanh/can_example_ws/install/canopen_master_driver:/home/theanh/can_example_ws/install/canopen_fake_slaves:/home/theanh/can_example_ws/install/canopen_base_driver:/home/theanh/can_example_ws/install/canopen_core:/home/theanh/can_example_ws/install/lely_core_libraries:/home/theanh/can_example_ws/install/canopen_interfaces:/home/theanh/agv_test_ws/install/sllidar_ros2:/home/theanh/agv_test_ws/install/agv_test_pkg:/home/theanh/mobile_rb_ws/install/sam_bot_description:/home/theanh/mobile_rb_ws/install/nav2_straightline_planner:/home/theanh/mobile_rb_ws/install/nav2_gradient_costmap_plugin:/home/theanh/mobile_rb_ws/install/nav2_costmap_filters_demo:/home/theanh/mobile_rb_ws/install/custom_nav2_costmap_plugin:/home/theanh/mobile_rb_ws/install/articubot_one:/home/theanh/can_example_ws/install/canopen_utils:/home/theanh/mobile_rb_ws/install/nav2_gps_waypoint_follower_demo:/opt/ros/humble LD_LIBRARY_PATH=/home/theanh/ros2_ws1/install/ethercat_generic_slave/lib:/home/theanh/ros2_ws1/install/ethercat_interface/lib:/home/theanh/ros2_ws1/install/ethercat_manager/lib:/home/theanh/ros2_ws1/install/ethercat_msgs/lib:/home/theanh/ros2_ws1/install/ethercat_generic_cia402_drive/lib:/home/theanh/ros2_ws1/install/ethercat_driver/lib:/home/theanh/can_example_ws/install/canopen_ros2_controllers/lib:/home/theanh/can_example_ws/install/canopen_ros2_control/lib:/home/theanh/can_example_ws/install/canopen_402_driver/lib:/home/theanh/can_example_ws/install/canopen_proxy_driver/lib:/home/theanh/can_example_ws/install/canopen_master_driver/lib:/home/theanh/can_example_ws/install/canopen_base_driver/lib:/home/theanh/can_example_ws/install/canopen_core/lib:/home/theanh/can_example_ws/install/lely_core_libraries/lib:/home/theanh/can_example_ws/install/canopen_interfaces/lib:/home/theanh/mobile_rb_ws/install/nav2_straightline_planner/lib:/home/theanh/mobile_rb_ws/install/nav2_gradient_costmap_plugin/lib:/home/theanh/mobile_rb_ws/install/custom_nav2_costmap_plugin/lib:/usr/lib/x86_64-linux-gnu/gazebo-11/plugins:/opt/ros/humble/opt/rviz_ogre_vendor/lib:/opt/ros/humble/lib/x86_64-linux-gnu:/opt/ros/humble/lib /usr/bin/cmake /home/theanh/ros2_ws1/src/ethercat_driver_ros2/ethercat_generic_plugins/ethercat_generic_cia402_drive -DAMENT_CMAKE_SYMLINK_INSTALL=1 -DCMAKE_INSTALL_PREFIX=/home/theanh/ros2_ws1/install/ethercat_generic_cia402_drive
[1.703s] Invoking command in '/home/theanh/ros2_ws1/build/ethercat_generic_cia402_drive': CMAKE_PREFIX_PATH=/home/theanh/ros2_ws1/install/ethercat_generic_slave:/home/theanh/ros2_ws1/install/ethercat_interface:/home/theanh/ros2_ws1/install/ros2_qt1_demo:/home/theanh/ros2_ws1/install/ethercat_manager:/home/theanh/ros2_ws1/install/control_one_motor_pkg_ex:/home/theanh/ros2_ws1/install/ethercat_msgs:/home/theanh/ros2_ws1/install/ethercat_generic_cia402_drive:/home/theanh/ros2_ws1/install/ethercat_driver_ros2:/home/theanh/ros2_ws1/install/ethercat_driver:/home/theanh/gui_rviz2_qt5/install/gui_agv:/home/theanh/can_example_ws/install/canopen_tests:/home/theanh/can_example_ws/install/canopen_ros2_controllers:/home/theanh/can_example_ws/install/canopen_ros2_control:/home/theanh/can_example_ws/install/canopen:/home/theanh/can_example_ws/install/canopen_402_driver:/home/theanh/can_example_ws/install/canopen_proxy_driver:/home/theanh/can_example_ws/install/canopen_master_driver:/home/theanh/can_example_ws/install/canopen_fake_slaves:/home/theanh/can_example_ws/install/canopen_base_driver:/home/theanh/can_example_ws/install/canopen_core:/home/theanh/can_example_ws/install/lely_core_libraries:/home/theanh/can_example_ws/install/canopen_interfaces:/home/theanh/agv_test_ws/install/sllidar_ros2:/home/theanh/agv_test_ws/install/agv_test_pkg:/home/theanh/mobile_rb_ws/install/sam_bot_description:/home/theanh/mobile_rb_ws/install/nav2_straightline_planner:/home/theanh/mobile_rb_ws/install/nav2_gradient_costmap_plugin:/home/theanh/mobile_rb_ws/install/nav2_costmap_filters_demo:/home/theanh/mobile_rb_ws/install/custom_nav2_costmap_plugin:/home/theanh/mobile_rb_ws/install/articubot_one:/home/theanh/can_example_ws/install/canopen_utils:/home/theanh/mobile_rb_ws/install/nav2_gps_waypoint_follower_demo:/opt/ros/humble LD_LIBRARY_PATH=/home/theanh/ros2_ws1/install/ethercat_generic_slave/lib:/home/theanh/ros2_ws1/install/ethercat_interface/lib:/home/theanh/ros2_ws1/install/ethercat_manager/lib:/home/theanh/ros2_ws1/install/ethercat_msgs/lib:/home/theanh/ros2_ws1/install/ethercat_generic_cia402_drive/lib:/home/theanh/ros2_ws1/install/ethercat_driver/lib:/home/theanh/can_example_ws/install/canopen_ros2_controllers/lib:/home/theanh/can_example_ws/install/canopen_ros2_control/lib:/home/theanh/can_example_ws/install/canopen_402_driver/lib:/home/theanh/can_example_ws/install/canopen_proxy_driver/lib:/home/theanh/can_example_ws/install/canopen_master_driver/lib:/home/theanh/can_example_ws/install/canopen_base_driver/lib:/home/theanh/can_example_ws/install/canopen_core/lib:/home/theanh/can_example_ws/install/lely_core_libraries/lib:/home/theanh/can_example_ws/install/canopen_interfaces/lib:/home/theanh/mobile_rb_ws/install/nav2_straightline_planner/lib:/home/theanh/mobile_rb_ws/install/nav2_gradient_costmap_plugin/lib:/home/theanh/mobile_rb_ws/install/custom_nav2_costmap_plugin/lib:/usr/lib/x86_64-linux-gnu/gazebo-11/plugins:/opt/ros/humble/opt/rviz_ogre_vendor/lib:/opt/ros/humble/lib/x86_64-linux-gnu:/opt/ros/humble/lib /usr/bin/cmake --build /home/theanh/ros2_ws1/build/ethercat_generic_cia402_drive -- -j15 -l15
[1.765s] [ 36%] [32mBuilding CXX object CMakeFiles/ethercat_generic_cia402_drive.dir/src/generic_ec_cia402_drive.cpp.o[0m
[1.765s] [ 36%] [32mBuilding CXX object gmock/CMakeFiles/gmock.dir/src/gmock-all.cc.o[0m
[1.765s] [ 36%] [32mBuilding CXX object gmock/CMakeFiles/gmock.dir/opt/ros/humble/src/gtest_vendor/src/gtest-all.cc.o[0m
[1.765s] [ 36%] [32mBuilding CXX object gmock/CMakeFiles/gmock_main.dir/src/gmock_main.cc.o[0m
[2.870s] [ 45%] [32m[1mLinking CXX static library libgmock_main.a[0m
[3.002s] [ 45%] Built target gmock_main
[3.069s] [ 54%] [32m[1mLinking CXX shared library libethercat_generic_cia402_drive.so[0m
[3.215s] [ 54%] Built target ethercat_generic_cia402_drive
[5.732s] [ 63%] [32m[1mLinking CXX static library libgmock.a[0m
[5.928s] [ 63%] Built target gmock
[5.954s] [ 81%] [32mBuilding CXX object CMakeFiles/test_generic_ec_cia402_drive.dir/test/test_generic_ec_cia402_drive.cpp.o[0m
[5.954s] [ 81%] [32mBuilding CXX object CMakeFiles/test_load_generic_plugins.dir/test/test_load_ec_modules.cpp.o[0m
[8.588s] [ 90%] [32m[1mLinking CXX executable test_generic_ec_cia402_drive[0m
[8.809s] [ 90%] Built target test_generic_ec_cia402_drive
[9.434s] [100%] [32m[1mLinking CXX executable test_load_generic_plugins[0m
[9.688s] [100%] Built target test_load_generic_plugins
[9.701s] Invoked command in '/home/theanh/ros2_ws1/build/ethercat_generic_cia402_drive' returned '0': CMAKE_PREFIX_PATH=/home/theanh/ros2_ws1/install/ethercat_generic_slave:/home/theanh/ros2_ws1/install/ethercat_interface:/home/theanh/ros2_ws1/install/ros2_qt1_demo:/home/theanh/ros2_ws1/install/ethercat_manager:/home/theanh/ros2_ws1/install/control_one_motor_pkg_ex:/home/theanh/ros2_ws1/install/ethercat_msgs:/home/theanh/ros2_ws1/install/ethercat_generic_cia402_drive:/home/theanh/ros2_ws1/install/ethercat_driver_ros2:/home/theanh/ros2_ws1/install/ethercat_driver:/home/theanh/gui_rviz2_qt5/install/gui_agv:/home/theanh/can_example_ws/install/canopen_tests:/home/theanh/can_example_ws/install/canopen_ros2_controllers:/home/theanh/can_example_ws/install/canopen_ros2_control:/home/theanh/can_example_ws/install/canopen:/home/theanh/can_example_ws/install/canopen_402_driver:/home/theanh/can_example_ws/install/canopen_proxy_driver:/home/theanh/can_example_ws/install/canopen_master_driver:/home/theanh/can_example_ws/install/canopen_fake_slaves:/home/theanh/can_example_ws/install/canopen_base_driver:/home/theanh/can_example_ws/install/canopen_core:/home/theanh/can_example_ws/install/lely_core_libraries:/home/theanh/can_example_ws/install/canopen_interfaces:/home/theanh/agv_test_ws/install/sllidar_ros2:/home/theanh/agv_test_ws/install/agv_test_pkg:/home/theanh/mobile_rb_ws/install/sam_bot_description:/home/theanh/mobile_rb_ws/install/nav2_straightline_planner:/home/theanh/mobile_rb_ws/install/nav2_gradient_costmap_plugin:/home/theanh/mobile_rb_ws/install/nav2_costmap_filters_demo:/home/theanh/mobile_rb_ws/install/custom_nav2_costmap_plugin:/home/theanh/mobile_rb_ws/install/articubot_one:/home/theanh/can_example_ws/install/canopen_utils:/home/theanh/mobile_rb_ws/install/nav2_gps_waypoint_follower_demo:/opt/ros/humble LD_LIBRARY_PATH=/home/theanh/ros2_ws1/install/ethercat_generic_slave/lib:/home/theanh/ros2_ws1/install/ethercat_interface/lib:/home/theanh/ros2_ws1/install/ethercat_manager/lib:/home/theanh/ros2_ws1/install/ethercat_msgs/lib:/home/theanh/ros2_ws1/install/ethercat_generic_cia402_drive/lib:/home/theanh/ros2_ws1/install/ethercat_driver/lib:/home/theanh/can_example_ws/install/canopen_ros2_controllers/lib:/home/theanh/can_example_ws/install/canopen_ros2_control/lib:/home/theanh/can_example_ws/install/canopen_402_driver/lib:/home/theanh/can_example_ws/install/canopen_proxy_driver/lib:/home/theanh/can_example_ws/install/canopen_master_driver/lib:/home/theanh/can_example_ws/install/canopen_base_driver/lib:/home/theanh/can_example_ws/install/canopen_core/lib:/home/theanh/can_example_ws/install/lely_core_libraries/lib:/home/theanh/can_example_ws/install/canopen_interfaces/lib:/home/theanh/mobile_rb_ws/install/nav2_straightline_planner/lib:/home/theanh/mobile_rb_ws/install/nav2_gradient_costmap_plugin/lib:/home/theanh/mobile_rb_ws/install/custom_nav2_costmap_plugin/lib:/usr/lib/x86_64-linux-gnu/gazebo-11/plugins:/opt/ros/humble/opt/rviz_ogre_vendor/lib:/opt/ros/humble/lib/x86_64-linux-gnu:/opt/ros/humble/lib /usr/bin/cmake --build /home/theanh/ros2_ws1/build/ethercat_generic_cia402_drive -- -j15 -l15
[9.702s] Invoking command in '/home/theanh/ros2_ws1/build/ethercat_generic_cia402_drive': CMAKE_PREFIX_PATH=/home/theanh/ros2_ws1/install/ethercat_generic_slave:/home/theanh/ros2_ws1/install/ethercat_interface:/home/theanh/ros2_ws1/install/ros2_qt1_demo:/home/theanh/ros2_ws1/install/ethercat_manager:/home/theanh/ros2_ws1/install/control_one_motor_pkg_ex:/home/theanh/ros2_ws1/install/ethercat_msgs:/home/theanh/ros2_ws1/install/ethercat_generic_cia402_drive:/home/theanh/ros2_ws1/install/ethercat_driver_ros2:/home/theanh/ros2_ws1/install/ethercat_driver:/home/theanh/gui_rviz2_qt5/install/gui_agv:/home/theanh/can_example_ws/install/canopen_tests:/home/theanh/can_example_ws/install/canopen_ros2_controllers:/home/theanh/can_example_ws/install/canopen_ros2_control:/home/theanh/can_example_ws/install/canopen:/home/theanh/can_example_ws/install/canopen_402_driver:/home/theanh/can_example_ws/install/canopen_proxy_driver:/home/theanh/can_example_ws/install/canopen_master_driver:/home/theanh/can_example_ws/install/canopen_fake_slaves:/home/theanh/can_example_ws/install/canopen_base_driver:/home/theanh/can_example_ws/install/canopen_core:/home/theanh/can_example_ws/install/lely_core_libraries:/home/theanh/can_example_ws/install/canopen_interfaces:/home/theanh/agv_test_ws/install/sllidar_ros2:/home/theanh/agv_test_ws/install/agv_test_pkg:/home/theanh/mobile_rb_ws/install/sam_bot_description:/home/theanh/mobile_rb_ws/install/nav2_straightline_planner:/home/theanh/mobile_rb_ws/install/nav2_gradient_costmap_plugin:/home/theanh/mobile_rb_ws/install/nav2_costmap_filters_demo:/home/theanh/mobile_rb_ws/install/custom_nav2_costmap_plugin:/home/theanh/mobile_rb_ws/install/articubot_one:/home/theanh/can_example_ws/install/canopen_utils:/home/theanh/mobile_rb_ws/install/nav2_gps_waypoint_follower_demo:/opt/ros/humble LD_LIBRARY_PATH=/home/theanh/ros2_ws1/install/ethercat_generic_slave/lib:/home/theanh/ros2_ws1/install/ethercat_interface/lib:/home/theanh/ros2_ws1/install/ethercat_manager/lib:/home/theanh/ros2_ws1/install/ethercat_msgs/lib:/home/theanh/ros2_ws1/install/ethercat_generic_cia402_drive/lib:/home/theanh/ros2_ws1/install/ethercat_driver/lib:/home/theanh/can_example_ws/install/canopen_ros2_controllers/lib:/home/theanh/can_example_ws/install/canopen_ros2_control/lib:/home/theanh/can_example_ws/install/canopen_402_driver/lib:/home/theanh/can_example_ws/install/canopen_proxy_driver/lib:/home/theanh/can_example_ws/install/canopen_master_driver/lib:/home/theanh/can_example_ws/install/canopen_base_driver/lib:/home/theanh/can_example_ws/install/canopen_core/lib:/home/theanh/can_example_ws/install/lely_core_libraries/lib:/home/theanh/can_example_ws/install/canopen_interfaces/lib:/home/theanh/mobile_rb_ws/install/nav2_straightline_planner/lib:/home/theanh/mobile_rb_ws/install/nav2_gradient_costmap_plugin/lib:/home/theanh/mobile_rb_ws/install/custom_nav2_costmap_plugin/lib:/usr/lib/x86_64-linux-gnu/gazebo-11/plugins:/opt/ros/humble/opt/rviz_ogre_vendor/lib:/opt/ros/humble/lib/x86_64-linux-gnu:/opt/ros/humble/lib /usr/bin/cmake --install /home/theanh/ros2_ws1/build/ethercat_generic_cia402_drive
[9.711s] -- Install configuration: ""
[9.711s] -- Execute custom install script
[9.712s] -- Symlinking: /home/theanh/ros2_ws1/install/ethercat_generic_cia402_drive/share/ethercat_generic_cia402_drive//ethercat_plugins.xml
[9.722s] -- Symlinking: /home/theanh/ros2_ws1/install/ethercat_generic_cia402_drive/include/ethercat_generic_plugins/cia402_common_defs.hpp
[9.731s] -- Symlinking: /home/theanh/ros2_ws1/install/ethercat_generic_cia402_drive/include/ethercat_generic_plugins/generic_ec_cia402_drive.hpp
[9.741s] -- Symlinking: /home/theanh/ros2_ws1/install/ethercat_generic_cia402_drive/share/ethercat_generic_cia402_drive/environment/library_path.sh
[9.750s] -- Symlinking: /home/theanh/ros2_ws1/install/ethercat_generic_cia402_drive/share/ethercat_generic_cia402_drive/environment/library_path.dsv
[9.760s] -- Symlinking: /home/theanh/ros2_ws1/install/ethercat_generic_cia402_drive/share/ament_index/resource_index/package_run_dependencies/ethercat_generic_cia402_drive
[9.770s] -- Symlinking: /home/theanh/ros2_ws1/install/ethercat_generic_cia402_drive/share/ament_index/resource_index/parent_prefix_path/ethercat_generic_cia402_drive
[9.779s] -- Symlinking: /home/theanh/ros2_ws1/install/ethercat_generic_cia402_drive/share/ethercat_generic_cia402_drive/environment/ament_prefix_path.sh
[9.789s] -- Symlinking: /home/theanh/ros2_ws1/install/ethercat_generic_cia402_drive/share/ethercat_generic_cia402_drive/environment/ament_prefix_path.dsv
[9.798s] -- Symlinking: /home/theanh/ros2_ws1/install/ethercat_generic_cia402_drive/share/ethercat_generic_cia402_drive/environment/path.sh
[9.807s] -- Symlinking: /home/theanh/ros2_ws1/install/ethercat_generic_cia402_drive/share/ethercat_generic_cia402_drive/environment/path.dsv
[9.816s] -- Symlinking: /home/theanh/ros2_ws1/install/ethercat_generic_cia402_drive/share/ethercat_generic_cia402_drive/local_setup.bash
[9.826s] -- Symlinking: /home/theanh/ros2_ws1/install/ethercat_generic_cia402_drive/share/ethercat_generic_cia402_drive/local_setup.sh
[9.835s] -- Symlinking: /home/theanh/ros2_ws1/install/ethercat_generic_cia402_drive/share/ethercat_generic_cia402_drive/local_setup.zsh
[9.845s] -- Symlinking: /home/theanh/ros2_ws1/install/ethercat_generic_cia402_drive/share/ethercat_generic_cia402_drive/local_setup.dsv
[9.854s] -- Symlinking: /home/theanh/ros2_ws1/install/ethercat_generic_cia402_drive/share/ethercat_generic_cia402_drive/package.dsv
[9.864s] -- Symlinking: /home/theanh/ros2_ws1/install/ethercat_generic_cia402_drive/share/ament_index/resource_index/packages/ethercat_generic_cia402_drive
[9.873s] -- Symlinking: /home/theanh/ros2_ws1/install/ethercat_generic_cia402_drive/share/ament_index/resource_index/ethercat_interface__pluginlib__plugin/ethercat_generic_cia402_drive
[9.883s] -- Symlinking: /home/theanh/ros2_ws1/install/ethercat_generic_cia402_drive/share/ethercat_generic_cia402_drive/cmake/ament_cmake_export_include_directories-extras.cmake
[9.892s] -- Symlinking: /home/theanh/ros2_ws1/install/ethercat_generic_cia402_drive/share/ethercat_generic_cia402_drive/cmake/ament_cmake_export_libraries-extras.cmake
[9.902s] -- Symlinking: /home/theanh/ros2_ws1/install/ethercat_generic_cia402_drive/share/ethercat_generic_cia402_drive/cmake/ament_cmake_export_targets-extras.cmake
[9.911s] -- Symlinking: /home/theanh/ros2_ws1/install/ethercat_generic_cia402_drive/share/ethercat_generic_cia402_drive/cmake/ethercat_generic_cia402_driveConfig.cmake
[9.921s] -- Symlinking: /home/theanh/ros2_ws1/install/ethercat_generic_cia402_drive/share/ethercat_generic_cia402_drive/cmake/ethercat_generic_cia402_driveConfig-version.cmake
[9.930s] -- Symlinking: /home/theanh/ros2_ws1/install/ethercat_generic_cia402_drive/share/ethercat_generic_cia402_drive/package.xml
[9.940s] -- Installing: /home/theanh/ros2_ws1/install/ethercat_generic_cia402_drive/lib/libethercat_generic_cia402_drive.so
[9.941s] -- Set runtime path of "/home/theanh/ros2_ws1/install/ethercat_generic_cia402_drive/lib/libethercat_generic_cia402_drive.so" to ""
[9.941s] -- Installing: /home/theanh/ros2_ws1/install/ethercat_generic_cia402_drive/share/ethercat_generic_cia402_drive/cmake/export_ethercat_generic_cia402_driveExport.cmake
[9.941s] -- Installing: /home/theanh/ros2_ws1/install/ethercat_generic_cia402_drive/share/ethercat_generic_cia402_drive/cmake/export_ethercat_generic_cia402_driveExport-noconfig.cmake
[9.944s] Invoked command in '/home/theanh/ros2_ws1/build/ethercat_generic_cia402_drive' returned '0': CMAKE_PREFIX_PATH=/home/theanh/ros2_ws1/install/ethercat_generic_slave:/home/theanh/ros2_ws1/install/ethercat_interface:/home/theanh/ros2_ws1/install/ros2_qt1_demo:/home/theanh/ros2_ws1/install/ethercat_manager:/home/theanh/ros2_ws1/install/control_one_motor_pkg_ex:/home/theanh/ros2_ws1/install/ethercat_msgs:/home/theanh/ros2_ws1/install/ethercat_generic_cia402_drive:/home/theanh/ros2_ws1/install/ethercat_driver_ros2:/home/theanh/ros2_ws1/install/ethercat_driver:/home/theanh/gui_rviz2_qt5/install/gui_agv:/home/theanh/can_example_ws/install/canopen_tests:/home/theanh/can_example_ws/install/canopen_ros2_controllers:/home/theanh/can_example_ws/install/canopen_ros2_control:/home/theanh/can_example_ws/install/canopen:/home/theanh/can_example_ws/install/canopen_402_driver:/home/theanh/can_example_ws/install/canopen_proxy_driver:/home/theanh/can_example_ws/install/canopen_master_driver:/home/theanh/can_example_ws/install/canopen_fake_slaves:/home/theanh/can_example_ws/install/canopen_base_driver:/home/theanh/can_example_ws/install/canopen_core:/home/theanh/can_example_ws/install/lely_core_libraries:/home/theanh/can_example_ws/install/canopen_interfaces:/home/theanh/agv_test_ws/install/sllidar_ros2:/home/theanh/agv_test_ws/install/agv_test_pkg:/home/theanh/mobile_rb_ws/install/sam_bot_description:/home/theanh/mobile_rb_ws/install/nav2_straightline_planner:/home/theanh/mobile_rb_ws/install/nav2_gradient_costmap_plugin:/home/theanh/mobile_rb_ws/install/nav2_costmap_filters_demo:/home/theanh/mobile_rb_ws/install/custom_nav2_costmap_plugin:/home/theanh/mobile_rb_ws/install/articubot_one:/home/theanh/can_example_ws/install/canopen_utils:/home/theanh/mobile_rb_ws/install/nav2_gps_waypoint_follower_demo:/opt/ros/humble LD_LIBRARY_PATH=/home/theanh/ros2_ws1/install/ethercat_generic_slave/lib:/home/theanh/ros2_ws1/install/ethercat_interface/lib:/home/theanh/ros2_ws1/install/ethercat_manager/lib:/home/theanh/ros2_ws1/install/ethercat_msgs/lib:/home/theanh/ros2_ws1/install/ethercat_generic_cia402_drive/lib:/home/theanh/ros2_ws1/install/ethercat_driver/lib:/home/theanh/can_example_ws/install/canopen_ros2_controllers/lib:/home/theanh/can_example_ws/install/canopen_ros2_control/lib:/home/theanh/can_example_ws/install/canopen_402_driver/lib:/home/theanh/can_example_ws/install/canopen_proxy_driver/lib:/home/theanh/can_example_ws/install/canopen_master_driver/lib:/home/theanh/can_example_ws/install/canopen_base_driver/lib:/home/theanh/can_example_ws/install/canopen_core/lib:/home/theanh/can_example_ws/install/lely_core_libraries/lib:/home/theanh/can_example_ws/install/canopen_interfaces/lib:/home/theanh/mobile_rb_ws/install/nav2_straightline_planner/lib:/home/theanh/mobile_rb_ws/install/nav2_gradient_costmap_plugin/lib:/home/theanh/mobile_rb_ws/install/custom_nav2_costmap_plugin/lib:/usr/lib/x86_64-linux-gnu/gazebo-11/plugins:/opt/ros/humble/opt/rviz_ogre_vendor/lib:/opt/ros/humble/lib/x86_64-linux-gnu:/opt/ros/humble/lib /usr/bin/cmake --install /home/theanh/ros2_ws1/build/ethercat_generic_cia402_drive
