-- Found ament_cmake: 1.3.13 (/opt/ros/humble/share/ament_cmake/cmake)
-- Override CMake install command with custom implementation using symlinks instead of copying resources
-- Configuring done
-- Generating done
-- Build files have been written to: /home/theanh/ros2_ws1/build/ethercat_driver_ros2
-- Install configuration: ""
-- Execute custom install script
-- Up-to-date symlink: /home/theanh/ros2_ws1/install/ethercat_driver_ros2/share/ament_index/resource_index/package_run_dependencies/ethercat_driver_ros2
-- Up-to-date symlink: /home/theanh/ros2_ws1/install/ethercat_driver_ros2/share/ament_index/resource_index/parent_prefix_path/ethercat_driver_ros2
-- Up-to-date symlink: /home/theanh/ros2_ws1/install/ethercat_driver_ros2/share/ethercat_driver_ros2/environment/ament_prefix_path.sh
-- Up-to-date symlink: /home/theanh/ros2_ws1/install/ethercat_driver_ros2/share/ethercat_driver_ros2/environment/ament_prefix_path.dsv
-- Up-to-date symlink: /home/theanh/ros2_ws1/install/ethercat_driver_ros2/share/ethercat_driver_ros2/environment/path.sh
-- Up-to-date symlink: /home/theanh/ros2_ws1/install/ethercat_driver_ros2/share/ethercat_driver_ros2/environment/path.dsv
-- Up-to-date symlink: /home/theanh/ros2_ws1/install/ethercat_driver_ros2/share/ethercat_driver_ros2/local_setup.bash
-- Up-to-date symlink: /home/theanh/ros2_ws1/install/ethercat_driver_ros2/share/ethercat_driver_ros2/local_setup.sh
-- Up-to-date symlink: /home/theanh/ros2_ws1/install/ethercat_driver_ros2/share/ethercat_driver_ros2/local_setup.zsh
-- Up-to-date symlink: /home/theanh/ros2_ws1/install/ethercat_driver_ros2/share/ethercat_driver_ros2/local_setup.dsv
-- Symlinking: /home/theanh/ros2_ws1/install/ethercat_driver_ros2/share/ethercat_driver_ros2/package.dsv
-- Up-to-date symlink: /home/theanh/ros2_ws1/install/ethercat_driver_ros2/share/ament_index/resource_index/packages/ethercat_driver_ros2
-- Up-to-date symlink: /home/theanh/ros2_ws1/install/ethercat_driver_ros2/share/ethercat_driver_ros2/cmake/ethercat_driver_ros2Config.cmake
-- Up-to-date symlink: /home/theanh/ros2_ws1/install/ethercat_driver_ros2/share/ethercat_driver_ros2/cmake/ethercat_driver_ros2Config-version.cmake
-- Up-to-date symlink: /home/theanh/ros2_ws1/install/ethercat_driver_ros2/share/ethercat_driver_ros2/package.xml
