[0.927s] Invoking command in '/home/theanh/ros2_ws1/build/ethercat_generic_slave': AMENT_PREFIX_PATH=/home/theanh/ros2_ws1/install/ethercat_interface:${AMENT_PREFIX_PATH} CMAKE_PREFIX_PATH=/home/theanh/ros2_ws1/install/ethercat_interface:/home/theanh/gui_rviz2_qt5/install/gui_agv:/home/theanh/can_example_ws/install/canopen_tests:/home/theanh/can_example_ws/install/canopen_ros2_controllers:/home/theanh/can_example_ws/install/canopen_ros2_control:/home/theanh/can_example_ws/install/canopen:/home/theanh/can_example_ws/install/canopen_402_driver:/home/theanh/can_example_ws/install/canopen_proxy_driver:/home/theanh/can_example_ws/install/canopen_master_driver:/home/theanh/can_example_ws/install/canopen_fake_slaves:/home/theanh/can_example_ws/install/canopen_base_driver:/home/theanh/can_example_ws/install/canopen_core:/home/theanh/can_example_ws/install/lely_core_libraries:/home/theanh/can_example_ws/install/canopen_interfaces:/home/theanh/agv_test_ws/install/sllidar_ros2:/home/theanh/agv_test_ws/install/agv_test_pkg:/home/theanh/mobile_rb_ws/install/sam_bot_description:/home/theanh/mobile_rb_ws/install/nav2_straightline_planner:/home/theanh/mobile_rb_ws/install/nav2_gradient_costmap_plugin:/home/theanh/mobile_rb_ws/install/nav2_costmap_filters_demo:/home/theanh/mobile_rb_ws/install/custom_nav2_costmap_plugin:/home/theanh/mobile_rb_ws/install/articubot_one:/home/theanh/can_example_ws/install/canopen_utils:/home/theanh/mobile_rb_ws/install/nav2_gps_waypoint_follower_demo:/opt/ros/humble LD_LIBRARY_PATH=/home/theanh/ros2_ws1/install/ethercat_interface/lib:${LD_LIBRARY_PATH} /usr/bin/cmake --build /home/theanh/ros2_ws1/build/ethercat_generic_slave -- -j15 -l15
[1.465s] [ 18%] Built target ethercat_generic_slave
[1.499s] [ 45%] Built target gmock
[1.699s] [ 63%] Built target gmock_main
[1.839s] [ 81%] Built target test_load_generic_plugins
[2.347s] [100%] Built target test_generic_ec_slave
[2.654s] Invoked command in '/home/theanh/ros2_ws1/build/ethercat_generic_slave' returned '0': AMENT_PREFIX_PATH=/home/theanh/ros2_ws1/install/ethercat_interface:${AMENT_PREFIX_PATH} CMAKE_PREFIX_PATH=/home/theanh/ros2_ws1/install/ethercat_interface:/home/theanh/gui_rviz2_qt5/install/gui_agv:/home/theanh/can_example_ws/install/canopen_tests:/home/theanh/can_example_ws/install/canopen_ros2_controllers:/home/theanh/can_example_ws/install/canopen_ros2_control:/home/theanh/can_example_ws/install/canopen:/home/theanh/can_example_ws/install/canopen_402_driver:/home/theanh/can_example_ws/install/canopen_proxy_driver:/home/theanh/can_example_ws/install/canopen_master_driver:/home/theanh/can_example_ws/install/canopen_fake_slaves:/home/theanh/can_example_ws/install/canopen_base_driver:/home/theanh/can_example_ws/install/canopen_core:/home/theanh/can_example_ws/install/lely_core_libraries:/home/theanh/can_example_ws/install/canopen_interfaces:/home/theanh/agv_test_ws/install/sllidar_ros2:/home/theanh/agv_test_ws/install/agv_test_pkg:/home/theanh/mobile_rb_ws/install/sam_bot_description:/home/theanh/mobile_rb_ws/install/nav2_straightline_planner:/home/theanh/mobile_rb_ws/install/nav2_gradient_costmap_plugin:/home/theanh/mobile_rb_ws/install/nav2_costmap_filters_demo:/home/theanh/mobile_rb_ws/install/custom_nav2_costmap_plugin:/home/theanh/mobile_rb_ws/install/articubot_one:/home/theanh/can_example_ws/install/canopen_utils:/home/theanh/mobile_rb_ws/install/nav2_gps_waypoint_follower_demo:/opt/ros/humble LD_LIBRARY_PATH=/home/theanh/ros2_ws1/install/ethercat_interface/lib:${LD_LIBRARY_PATH} /usr/bin/cmake --build /home/theanh/ros2_ws1/build/ethercat_generic_slave -- -j15 -l15
[2.666s] Invoking command in '/home/theanh/ros2_ws1/build/ethercat_generic_slave': AMENT_PREFIX_PATH=/home/theanh/ros2_ws1/install/ethercat_interface:${AMENT_PREFIX_PATH} CMAKE_PREFIX_PATH=/home/theanh/ros2_ws1/install/ethercat_interface:/home/theanh/gui_rviz2_qt5/install/gui_agv:/home/theanh/can_example_ws/install/canopen_tests:/home/theanh/can_example_ws/install/canopen_ros2_controllers:/home/theanh/can_example_ws/install/canopen_ros2_control:/home/theanh/can_example_ws/install/canopen:/home/theanh/can_example_ws/install/canopen_402_driver:/home/theanh/can_example_ws/install/canopen_proxy_driver:/home/theanh/can_example_ws/install/canopen_master_driver:/home/theanh/can_example_ws/install/canopen_fake_slaves:/home/theanh/can_example_ws/install/canopen_base_driver:/home/theanh/can_example_ws/install/canopen_core:/home/theanh/can_example_ws/install/lely_core_libraries:/home/theanh/can_example_ws/install/canopen_interfaces:/home/theanh/agv_test_ws/install/sllidar_ros2:/home/theanh/agv_test_ws/install/agv_test_pkg:/home/theanh/mobile_rb_ws/install/sam_bot_description:/home/theanh/mobile_rb_ws/install/nav2_straightline_planner:/home/theanh/mobile_rb_ws/install/nav2_gradient_costmap_plugin:/home/theanh/mobile_rb_ws/install/nav2_costmap_filters_demo:/home/theanh/mobile_rb_ws/install/custom_nav2_costmap_plugin:/home/theanh/mobile_rb_ws/install/articubot_one:/home/theanh/can_example_ws/install/canopen_utils:/home/theanh/mobile_rb_ws/install/nav2_gps_waypoint_follower_demo:/opt/ros/humble LD_LIBRARY_PATH=/home/theanh/ros2_ws1/install/ethercat_interface/lib:${LD_LIBRARY_PATH} /usr/bin/cmake --install /home/theanh/ros2_ws1/build/ethercat_generic_slave
[2.684s] -- Install configuration: ""
[2.687s] -- Execute custom install script
[2.687s] -- Up-to-date symlink: /home/theanh/ros2_ws1/install/ethercat_generic_slave/share/ethercat_generic_slave//ethercat_plugins.xml
[2.687s] -- Up-to-date symlink: /home/theanh/ros2_ws1/install/ethercat_generic_slave/include/ethercat_generic_plugins/generic_ec_slave.hpp
[2.687s] -- Up-to-date symlink: /home/theanh/ros2_ws1/install/ethercat_generic_slave/share/ethercat_generic_slave/environment/library_path.sh
[2.687s] -- Up-to-date symlink: /home/theanh/ros2_ws1/install/ethercat_generic_slave/share/ethercat_generic_slave/environment/library_path.dsv
[2.688s] -- Up-to-date symlink: /home/theanh/ros2_ws1/install/ethercat_generic_slave/share/ament_index/resource_index/package_run_dependencies/ethercat_generic_slave
[2.688s] -- Up-to-date symlink: /home/theanh/ros2_ws1/install/ethercat_generic_slave/share/ament_index/resource_index/parent_prefix_path/ethercat_generic_slave
[2.688s] -- Up-to-date symlink: /home/theanh/ros2_ws1/install/ethercat_generic_slave/share/ethercat_generic_slave/environment/ament_prefix_path.sh
[2.688s] -- Up-to-date symlink: /home/theanh/ros2_ws1/install/ethercat_generic_slave/share/ethercat_generic_slave/environment/ament_prefix_path.dsv
[2.688s] -- Up-to-date symlink: /home/theanh/ros2_ws1/install/ethercat_generic_slave/share/ethercat_generic_slave/environment/path.sh
[2.688s] -- Up-to-date symlink: /home/theanh/ros2_ws1/install/ethercat_generic_slave/share/ethercat_generic_slave/environment/path.dsv
[2.689s] -- Up-to-date symlink: /home/theanh/ros2_ws1/install/ethercat_generic_slave/share/ethercat_generic_slave/local_setup.bash
[2.689s] -- Up-to-date symlink: /home/theanh/ros2_ws1/install/ethercat_generic_slave/share/ethercat_generic_slave/local_setup.sh
[2.689s] -- Up-to-date symlink: /home/theanh/ros2_ws1/install/ethercat_generic_slave/share/ethercat_generic_slave/local_setup.zsh
[2.689s] -- Up-to-date symlink: /home/theanh/ros2_ws1/install/ethercat_generic_slave/share/ethercat_generic_slave/local_setup.dsv
[2.689s] -- Symlinking: /home/theanh/ros2_ws1/install/ethercat_generic_slave/share/ethercat_generic_slave/package.dsv
[2.701s] -- Up-to-date symlink: /home/theanh/ros2_ws1/install/ethercat_generic_slave/share/ament_index/resource_index/packages/ethercat_generic_slave
[2.701s] -- Up-to-date symlink: /home/theanh/ros2_ws1/install/ethercat_generic_slave/share/ament_index/resource_index/ethercat_interface__pluginlib__plugin/ethercat_generic_slave
[2.701s] -- Up-to-date symlink: /home/theanh/ros2_ws1/install/ethercat_generic_slave/share/ethercat_generic_slave/cmake/ament_cmake_export_include_directories-extras.cmake
[2.701s] -- Up-to-date symlink: /home/theanh/ros2_ws1/install/ethercat_generic_slave/share/ethercat_generic_slave/cmake/ament_cmake_export_libraries-extras.cmake
[2.702s] -- Up-to-date symlink: /home/theanh/ros2_ws1/install/ethercat_generic_slave/share/ethercat_generic_slave/cmake/ament_cmake_export_targets-extras.cmake
[2.702s] -- Up-to-date symlink: /home/theanh/ros2_ws1/install/ethercat_generic_slave/share/ethercat_generic_slave/cmake/ethercat_generic_slaveConfig.cmake
[2.702s] -- Up-to-date symlink: /home/theanh/ros2_ws1/install/ethercat_generic_slave/share/ethercat_generic_slave/cmake/ethercat_generic_slaveConfig-version.cmake
[2.702s] -- Up-to-date symlink: /home/theanh/ros2_ws1/install/ethercat_generic_slave/share/ethercat_generic_slave/package.xml
[2.866s] -- Up-to-date: /home/theanh/ros2_ws1/install/ethercat_generic_slave/lib/libethercat_generic_slave.so
[2.887s] -- Up-to-date: /home/theanh/ros2_ws1/install/ethercat_generic_slave/share/ethercat_generic_slave/cmake/export_ethercat_generic_slaveExport.cmake
[2.887s] -- Up-to-date: /home/theanh/ros2_ws1/install/ethercat_generic_slave/share/ethercat_generic_slave/cmake/export_ethercat_generic_slaveExport-noconfig.cmake
[5.126s] Invoked command in '/home/theanh/ros2_ws1/build/ethercat_generic_slave' returned '0': AMENT_PREFIX_PATH=/home/theanh/ros2_ws1/install/ethercat_interface:${AMENT_PREFIX_PATH} CMAKE_PREFIX_PATH=/home/theanh/ros2_ws1/install/ethercat_interface:/home/theanh/gui_rviz2_qt5/install/gui_agv:/home/theanh/can_example_ws/install/canopen_tests:/home/theanh/can_example_ws/install/canopen_ros2_controllers:/home/theanh/can_example_ws/install/canopen_ros2_control:/home/theanh/can_example_ws/install/canopen:/home/theanh/can_example_ws/install/canopen_402_driver:/home/theanh/can_example_ws/install/canopen_proxy_driver:/home/theanh/can_example_ws/install/canopen_master_driver:/home/theanh/can_example_ws/install/canopen_fake_slaves:/home/theanh/can_example_ws/install/canopen_base_driver:/home/theanh/can_example_ws/install/canopen_core:/home/theanh/can_example_ws/install/lely_core_libraries:/home/theanh/can_example_ws/install/canopen_interfaces:/home/theanh/agv_test_ws/install/sllidar_ros2:/home/theanh/agv_test_ws/install/agv_test_pkg:/home/theanh/mobile_rb_ws/install/sam_bot_description:/home/theanh/mobile_rb_ws/install/nav2_straightline_planner:/home/theanh/mobile_rb_ws/install/nav2_gradient_costmap_plugin:/home/theanh/mobile_rb_ws/install/nav2_costmap_filters_demo:/home/theanh/mobile_rb_ws/install/custom_nav2_costmap_plugin:/home/theanh/mobile_rb_ws/install/articubot_one:/home/theanh/can_example_ws/install/canopen_utils:/home/theanh/mobile_rb_ws/install/nav2_gps_waypoint_follower_demo:/opt/ros/humble LD_LIBRARY_PATH=/home/theanh/ros2_ws1/install/ethercat_interface/lib:${LD_LIBRARY_PATH} /usr/bin/cmake --install /home/theanh/ros2_ws1/build/ethercat_generic_slave
