[0.702s] Invoking command in '/home/theanh/ros2_ws1/build/ethercat_driver': AMENT_PREFIX_PATH=/home/theanh/ros2_ws1/install/ethercat_interface:${AMENT_PREFIX_PATH} CMAKE_PREFIX_PATH=/home/theanh/ros2_ws1/install/ethercat_interface:/home/theanh/gui_rviz2_qt5/install/gui_agv:/home/theanh/can_example_ws/install/canopen_tests:/home/theanh/can_example_ws/install/canopen_ros2_controllers:/home/theanh/can_example_ws/install/canopen_ros2_control:/home/theanh/can_example_ws/install/canopen:/home/theanh/can_example_ws/install/canopen_402_driver:/home/theanh/can_example_ws/install/canopen_proxy_driver:/home/theanh/can_example_ws/install/canopen_master_driver:/home/theanh/can_example_ws/install/canopen_fake_slaves:/home/theanh/can_example_ws/install/canopen_base_driver:/home/theanh/can_example_ws/install/canopen_core:/home/theanh/can_example_ws/install/lely_core_libraries:/home/theanh/can_example_ws/install/canopen_interfaces:/home/theanh/agv_test_ws/install/sllidar_ros2:/home/theanh/agv_test_ws/install/agv_test_pkg:/home/theanh/mobile_rb_ws/install/sam_bot_description:/home/theanh/mobile_rb_ws/install/nav2_straightline_planner:/home/theanh/mobile_rb_ws/install/nav2_gradient_costmap_plugin:/home/theanh/mobile_rb_ws/install/nav2_costmap_filters_demo:/home/theanh/mobile_rb_ws/install/custom_nav2_costmap_plugin:/home/theanh/mobile_rb_ws/install/articubot_one:/home/theanh/can_example_ws/install/canopen_utils:/home/theanh/mobile_rb_ws/install/nav2_gps_waypoint_follower_demo:/opt/ros/humble LD_LIBRARY_PATH=/home/theanh/ros2_ws1/install/ethercat_interface/lib:${LD_LIBRARY_PATH} /usr/bin/cmake --build /home/theanh/ros2_ws1/build/ethercat_driver -- -j15 -l15
[1.080s] -- Found ament_cmake: 1.3.13 (/opt/ros/humble/share/ament_cmake/cmake)
[1.242s] -- Override CMake install command with custom implementation using symlinks instead of copying resources
[1.301s] -- Found hardware_interface: 2.53.1 (/opt/ros/humble/share/hardware_interface/cmake)
[1.341s] -- Found rosidl_generator_c: 3.1.8 (/opt/ros/humble/share/rosidl_generator_c/cmake)
[1.343s] -- Found rosidl_adapter: 3.1.8 (/opt/ros/humble/share/rosidl_adapter/cmake)
[1.349s] -- Found rosidl_generator_cpp: 3.1.8 (/opt/ros/humble/share/rosidl_generator_cpp/cmake)
[1.358s] -- Using all available rosidl_typesupport_c: rosidl_typesupport_fastrtps_c;rosidl_typesupport_introspection_c
[1.371s] -- Using all available rosidl_typesupport_cpp: rosidl_typesupport_fastrtps_cpp;rosidl_typesupport_introspection_cpp
[3.007s] -- Found rmw_implementation_cmake: 6.1.2 (/opt/ros/humble/share/rmw_implementation_cmake/cmake)
[3.009s] -- Found rmw_fastrtps_cpp: 6.2.10 (/opt/ros/humble/share/rmw_fastrtps_cpp/cmake)
[3.026s] -- Found TinyXML2 via Config file: TinyXML2_DIR-NOTFOUND
[3.036s] -- Found TinyXML2 via Config file: TinyXML2_DIR-NOTFOUND
[3.053s] -- Found TinyXML2 via Config file: TinyXML2_DIR-NOTFOUND
[3.062s] -- Found TinyXML2 via Config file: TinyXML2_DIR-NOTFOUND
[3.075s] -- Using RMW implementation 'rmw_fastrtps_cpp' as default
[3.357s] -- Found ethercat_interface: 1.2.0 (/home/theanh/ros2_ws1/install/ethercat_interface/share/ethercat_interface/cmake)
[3.363s] -- Found ament_cmake_gtest: 1.3.13 (/opt/ros/humble/share/ament_cmake_gtest/cmake)
[4.177s] -- Configuring done
[6.501s] -- Generating done
[7.160s] -- Build files have been written to: /home/theanh/ros2_ws1/build/ethercat_driver
[7.241s] [35m[1mConsolidate compiler generated dependencies of target ethercat_driver[0m
[7.851s] [100%] Built target ethercat_driver
[7.863s] Invoked command in '/home/theanh/ros2_ws1/build/ethercat_driver' returned '0': AMENT_PREFIX_PATH=/home/theanh/ros2_ws1/install/ethercat_interface:${AMENT_PREFIX_PATH} CMAKE_PREFIX_PATH=/home/theanh/ros2_ws1/install/ethercat_interface:/home/theanh/gui_rviz2_qt5/install/gui_agv:/home/theanh/can_example_ws/install/canopen_tests:/home/theanh/can_example_ws/install/canopen_ros2_controllers:/home/theanh/can_example_ws/install/canopen_ros2_control:/home/theanh/can_example_ws/install/canopen:/home/theanh/can_example_ws/install/canopen_402_driver:/home/theanh/can_example_ws/install/canopen_proxy_driver:/home/theanh/can_example_ws/install/canopen_master_driver:/home/theanh/can_example_ws/install/canopen_fake_slaves:/home/theanh/can_example_ws/install/canopen_base_driver:/home/theanh/can_example_ws/install/canopen_core:/home/theanh/can_example_ws/install/lely_core_libraries:/home/theanh/can_example_ws/install/canopen_interfaces:/home/theanh/agv_test_ws/install/sllidar_ros2:/home/theanh/agv_test_ws/install/agv_test_pkg:/home/theanh/mobile_rb_ws/install/sam_bot_description:/home/theanh/mobile_rb_ws/install/nav2_straightline_planner:/home/theanh/mobile_rb_ws/install/nav2_gradient_costmap_plugin:/home/theanh/mobile_rb_ws/install/nav2_costmap_filters_demo:/home/theanh/mobile_rb_ws/install/custom_nav2_costmap_plugin:/home/theanh/mobile_rb_ws/install/articubot_one:/home/theanh/can_example_ws/install/canopen_utils:/home/theanh/mobile_rb_ws/install/nav2_gps_waypoint_follower_demo:/opt/ros/humble LD_LIBRARY_PATH=/home/theanh/ros2_ws1/install/ethercat_interface/lib:${LD_LIBRARY_PATH} /usr/bin/cmake --build /home/theanh/ros2_ws1/build/ethercat_driver -- -j15 -l15
[7.868s] Invoking command in '/home/theanh/ros2_ws1/build/ethercat_driver': AMENT_PREFIX_PATH=/home/theanh/ros2_ws1/install/ethercat_interface:${AMENT_PREFIX_PATH} CMAKE_PREFIX_PATH=/home/theanh/ros2_ws1/install/ethercat_interface:/home/theanh/gui_rviz2_qt5/install/gui_agv:/home/theanh/can_example_ws/install/canopen_tests:/home/theanh/can_example_ws/install/canopen_ros2_controllers:/home/theanh/can_example_ws/install/canopen_ros2_control:/home/theanh/can_example_ws/install/canopen:/home/theanh/can_example_ws/install/canopen_402_driver:/home/theanh/can_example_ws/install/canopen_proxy_driver:/home/theanh/can_example_ws/install/canopen_master_driver:/home/theanh/can_example_ws/install/canopen_fake_slaves:/home/theanh/can_example_ws/install/canopen_base_driver:/home/theanh/can_example_ws/install/canopen_core:/home/theanh/can_example_ws/install/lely_core_libraries:/home/theanh/can_example_ws/install/canopen_interfaces:/home/theanh/agv_test_ws/install/sllidar_ros2:/home/theanh/agv_test_ws/install/agv_test_pkg:/home/theanh/mobile_rb_ws/install/sam_bot_description:/home/theanh/mobile_rb_ws/install/nav2_straightline_planner:/home/theanh/mobile_rb_ws/install/nav2_gradient_costmap_plugin:/home/theanh/mobile_rb_ws/install/nav2_costmap_filters_demo:/home/theanh/mobile_rb_ws/install/custom_nav2_costmap_plugin:/home/theanh/mobile_rb_ws/install/articubot_one:/home/theanh/can_example_ws/install/canopen_utils:/home/theanh/mobile_rb_ws/install/nav2_gps_waypoint_follower_demo:/opt/ros/humble LD_LIBRARY_PATH=/home/theanh/ros2_ws1/install/ethercat_interface/lib:${LD_LIBRARY_PATH} /usr/bin/cmake --install /home/theanh/ros2_ws1/build/ethercat_driver
[7.876s] -- Install configuration: ""
[7.877s] -- Execute custom install script
[7.877s] -- Up-to-date symlink: /home/theanh/ros2_ws1/install/ethercat_driver/share/ethercat_driver//ethercat_driver_plugin.xml
[7.877s] -- Up-to-date symlink: /home/theanh/ros2_ws1/install/ethercat_driver/lib/libethercat_driver.so
[7.878s] -- Up-to-date symlink: /home/theanh/ros2_ws1/install/ethercat_driver/include/ethercat_driver/ethercat_driver.hpp
[7.878s] -- Up-to-date symlink: /home/theanh/ros2_ws1/install/ethercat_driver/include/ethercat_driver/visibility_control.h
[7.878s] -- Up-to-date symlink: /home/theanh/ros2_ws1/install/ethercat_driver/share/ethercat_driver/environment/library_path.sh
[7.878s] -- Up-to-date symlink: /home/theanh/ros2_ws1/install/ethercat_driver/share/ethercat_driver/environment/library_path.dsv
[7.878s] -- Up-to-date symlink: /home/theanh/ros2_ws1/install/ethercat_driver/share/ament_index/resource_index/package_run_dependencies/ethercat_driver
[7.878s] -- Up-to-date symlink: /home/theanh/ros2_ws1/install/ethercat_driver/share/ament_index/resource_index/parent_prefix_path/ethercat_driver
[7.878s] -- Up-to-date symlink: /home/theanh/ros2_ws1/install/ethercat_driver/share/ethercat_driver/environment/ament_prefix_path.sh
[7.879s] -- Up-to-date symlink: /home/theanh/ros2_ws1/install/ethercat_driver/share/ethercat_driver/environment/ament_prefix_path.dsv
[7.879s] -- Up-to-date symlink: /home/theanh/ros2_ws1/install/ethercat_driver/share/ethercat_driver/environment/path.sh
[7.879s] -- Up-to-date symlink: /home/theanh/ros2_ws1/install/ethercat_driver/share/ethercat_driver/environment/path.dsv
[7.879s] -- Up-to-date symlink: /home/theanh/ros2_ws1/install/ethercat_driver/share/ethercat_driver/local_setup.bash
[7.879s] -- Up-to-date symlink: /home/theanh/ros2_ws1/install/ethercat_driver/share/ethercat_driver/local_setup.sh
[7.879s] -- Up-to-date symlink: /home/theanh/ros2_ws1/install/ethercat_driver/share/ethercat_driver/local_setup.zsh
[7.879s] -- Up-to-date symlink: /home/theanh/ros2_ws1/install/ethercat_driver/share/ethercat_driver/local_setup.dsv
[7.880s] -- Symlinking: /home/theanh/ros2_ws1/install/ethercat_driver/share/ethercat_driver/package.dsv
[7.889s] -- Up-to-date symlink: /home/theanh/ros2_ws1/install/ethercat_driver/share/ament_index/resource_index/packages/ethercat_driver
[7.889s] -- Up-to-date symlink: /home/theanh/ros2_ws1/install/ethercat_driver/share/ament_index/resource_index/hardware_interface__pluginlib__plugin/ethercat_driver
[7.890s] -- Up-to-date symlink: /home/theanh/ros2_ws1/install/ethercat_driver/share/ethercat_driver/cmake/ament_cmake_export_include_directories-extras.cmake
[7.890s] -- Up-to-date symlink: /home/theanh/ros2_ws1/install/ethercat_driver/share/ethercat_driver/cmake/ament_cmake_export_libraries-extras.cmake
[7.890s] -- Up-to-date symlink: /home/theanh/ros2_ws1/install/ethercat_driver/share/ethercat_driver/cmake/ament_cmake_export_dependencies-extras.cmake
[7.890s] -- Up-to-date symlink: /home/theanh/ros2_ws1/install/ethercat_driver/share/ethercat_driver/cmake/ethercat_driverConfig.cmake
[7.890s] -- Up-to-date symlink: /home/theanh/ros2_ws1/install/ethercat_driver/share/ethercat_driver/cmake/ethercat_driverConfig-version.cmake
[7.890s] -- Up-to-date symlink: /home/theanh/ros2_ws1/install/ethercat_driver/share/ethercat_driver/package.xml
[7.903s] Invoked command in '/home/theanh/ros2_ws1/build/ethercat_driver' returned '0': AMENT_PREFIX_PATH=/home/theanh/ros2_ws1/install/ethercat_interface:${AMENT_PREFIX_PATH} CMAKE_PREFIX_PATH=/home/theanh/ros2_ws1/install/ethercat_interface:/home/theanh/gui_rviz2_qt5/install/gui_agv:/home/theanh/can_example_ws/install/canopen_tests:/home/theanh/can_example_ws/install/canopen_ros2_controllers:/home/theanh/can_example_ws/install/canopen_ros2_control:/home/theanh/can_example_ws/install/canopen:/home/theanh/can_example_ws/install/canopen_402_driver:/home/theanh/can_example_ws/install/canopen_proxy_driver:/home/theanh/can_example_ws/install/canopen_master_driver:/home/theanh/can_example_ws/install/canopen_fake_slaves:/home/theanh/can_example_ws/install/canopen_base_driver:/home/theanh/can_example_ws/install/canopen_core:/home/theanh/can_example_ws/install/lely_core_libraries:/home/theanh/can_example_ws/install/canopen_interfaces:/home/theanh/agv_test_ws/install/sllidar_ros2:/home/theanh/agv_test_ws/install/agv_test_pkg:/home/theanh/mobile_rb_ws/install/sam_bot_description:/home/theanh/mobile_rb_ws/install/nav2_straightline_planner:/home/theanh/mobile_rb_ws/install/nav2_gradient_costmap_plugin:/home/theanh/mobile_rb_ws/install/nav2_costmap_filters_demo:/home/theanh/mobile_rb_ws/install/custom_nav2_costmap_plugin:/home/theanh/mobile_rb_ws/install/articubot_one:/home/theanh/can_example_ws/install/canopen_utils:/home/theanh/mobile_rb_ws/install/nav2_gps_waypoint_follower_demo:/opt/ros/humble LD_LIBRARY_PATH=/home/theanh/ros2_ws1/install/ethercat_interface/lib:${LD_LIBRARY_PATH} /usr/bin/cmake --install /home/theanh/ros2_ws1/build/ethercat_driver
