[0.093s] Invoking command in '/home/theanh/ros2_ws1/build/ethercat_interface': CMAKE_PREFIX_PATH=${CMAKE_PREFIX_PATH}:/home/theanh/can_example_ws/install/canopen_utils:/home/theanh/mobile_rb_ws/install/nav2_gps_waypoint_follower_demo:/opt/ros/humble /usr/bin/cmake --build /home/theanh/ros2_ws1/build/ethercat_interface -- -j15 -l15
[1.766s] [ 77%] Built target gmock_main
[1.766s] [ 77%] Built target ethercat_interface
[1.766s] [ 77%] Built target gmock
[1.822s] [100%] Built target test_ec_pdo_channel_manager
[1.833s] Invoked command in '/home/theanh/ros2_ws1/build/ethercat_interface' returned '0': CMAKE_PREFIX_PATH=${CMAKE_PREFIX_PATH}:/home/theanh/can_example_ws/install/canopen_utils:/home/theanh/mobile_rb_ws/install/nav2_gps_waypoint_follower_demo:/opt/ros/humble /usr/bin/cmake --build /home/theanh/ros2_ws1/build/ethercat_interface -- -j15 -l15
[1.879s] Invoking command in '/home/theanh/ros2_ws1/build/ethercat_interface': CMAKE_PREFIX_PATH=${CMAKE_PREFIX_PATH}:/home/theanh/can_example_ws/install/canopen_utils:/home/theanh/mobile_rb_ws/install/nav2_gps_waypoint_follower_demo:/opt/ros/humble /usr/bin/cmake --install /home/theanh/ros2_ws1/build/ethercat_interface
[1.886s] -- Install configuration: ""
[1.915s] -- Execute custom install script
[1.929s] -- Up-to-date symlink: /home/theanh/ros2_ws1/install/ethercat_interface/lib/libethercat_interface.so
[1.932s] -- Up-to-date symlink: /home/theanh/ros2_ws1/install/ethercat_interface/include/ethercat_interface/ec_master.hpp
[1.932s] -- Up-to-date symlink: /home/theanh/ros2_ws1/install/ethercat_interface/include/ethercat_interface/ec_pdo_channel_manager.hpp
[1.932s] -- Up-to-date symlink: /home/theanh/ros2_ws1/install/ethercat_interface/include/ethercat_interface/ec_sdo_manager.hpp
[1.932s] -- Up-to-date symlink: /home/theanh/ros2_ws1/install/ethercat_interface/include/ethercat_interface/ec_slave.hpp
[1.932s] -- Up-to-date symlink: /home/theanh/ros2_ws1/install/ethercat_interface/include/ethercat_interface/ec_sync_manager.hpp
[1.933s] -- Up-to-date symlink: /home/theanh/ros2_ws1/install/ethercat_interface/share/ethercat_interface/environment/library_path.sh
[1.933s] -- Up-to-date symlink: /home/theanh/ros2_ws1/install/ethercat_interface/share/ethercat_interface/environment/library_path.dsv
[1.933s] -- Up-to-date symlink: /home/theanh/ros2_ws1/install/ethercat_interface/share/ament_index/resource_index/package_run_dependencies/ethercat_interface
[1.933s] -- Up-to-date symlink: /home/theanh/ros2_ws1/install/ethercat_interface/share/ament_index/resource_index/parent_prefix_path/ethercat_interface
[1.933s] -- Up-to-date symlink: /home/theanh/ros2_ws1/install/ethercat_interface/share/ethercat_interface/environment/ament_prefix_path.sh
[1.933s] -- Up-to-date symlink: /home/theanh/ros2_ws1/install/ethercat_interface/share/ethercat_interface/environment/ament_prefix_path.dsv
[1.933s] -- Up-to-date symlink: /home/theanh/ros2_ws1/install/ethercat_interface/share/ethercat_interface/environment/path.sh
[1.934s] -- Up-to-date symlink: /home/theanh/ros2_ws1/install/ethercat_interface/share/ethercat_interface/environment/path.dsv
[1.934s] -- Up-to-date symlink: /home/theanh/ros2_ws1/install/ethercat_interface/share/ethercat_interface/local_setup.bash
[1.934s] -- Up-to-date symlink: /home/theanh/ros2_ws1/install/ethercat_interface/share/ethercat_interface/local_setup.sh
[1.934s] -- Up-to-date symlink: /home/theanh/ros2_ws1/install/ethercat_interface/share/ethercat_interface/local_setup.zsh
[1.934s] -- Up-to-date symlink: /home/theanh/ros2_ws1/install/ethercat_interface/share/ethercat_interface/local_setup.dsv
[1.934s] -- Symlinking: /home/theanh/ros2_ws1/install/ethercat_interface/share/ethercat_interface/package.dsv
[1.944s] -- Up-to-date symlink: /home/theanh/ros2_ws1/install/ethercat_interface/share/ament_index/resource_index/packages/ethercat_interface
[1.944s] -- Up-to-date symlink: /home/theanh/ros2_ws1/install/ethercat_interface/share/ethercat_interface/cmake/ament_cmake_export_include_directories-extras.cmake
[1.944s] -- Up-to-date symlink: /home/theanh/ros2_ws1/install/ethercat_interface/share/ethercat_interface/cmake/ament_cmake_export_libraries-extras.cmake
[1.945s] -- Up-to-date symlink: /home/theanh/ros2_ws1/install/ethercat_interface/share/ethercat_interface/cmake/ament_cmake_export_dependencies-extras.cmake
[1.945s] -- Up-to-date symlink: /home/theanh/ros2_ws1/install/ethercat_interface/share/ethercat_interface/cmake/ethercat_interfaceConfig.cmake
[1.945s] -- Up-to-date symlink: /home/theanh/ros2_ws1/install/ethercat_interface/share/ethercat_interface/cmake/ethercat_interfaceConfig-version.cmake
[1.945s] -- Up-to-date symlink: /home/theanh/ros2_ws1/install/ethercat_interface/share/ethercat_interface/package.xml
[1.996s] Invoked command in '/home/theanh/ros2_ws1/build/ethercat_interface' returned '0': CMAKE_PREFIX_PATH=${CMAKE_PREFIX_PATH}:/home/theanh/can_example_ws/install/canopen_utils:/home/theanh/mobile_rb_ws/install/nav2_gps_waypoint_follower_demo:/opt/ros/humble /usr/bin/cmake --install /home/theanh/ros2_ws1/build/ethercat_interface
